# 
# Steps log generated by v++
# This log file contains a collection of steps that describe the kernel compilation flow
# Note: Some steps are tagged as internal, these steps are for debugging purposes and 
#       are not expected to be able to run independently.
# 

# The following environment variables are set when running v++
Environment variables :
------------------------------------------
DCV_GL_DISPLAY=:0.0
LIBOVERLAY_SCROLLBAR=0
_RDI_DONT_SET_XILINX_AS_PATH=True
XDG_SESSION_ID=c4
SSH_AGENT_PID=2436
HOSTNAME=ip-172-31-58-45.ec2.internal
TERMINATOR_UUID=urn:uuid:6275bacc-f216-4c59-8f0e-f08518dbc331
IMSETTINGS_INTEGRATE_DESKTOP=yes
GIO_LAUNCHED_DESKTOP_FILE_PID=3404
TERM=xterm-256color
MPDDIR=/opt/Xilinx/Vitis/2020.1/cardano/tps/lnx64/target/chessdir/mpddir
XILINX_DSP=
XDG_MENU_PREFIX=gnome-
VTE_VERSION=5202
SHELL=/bin/bash
HISTSIZE=1000
MAKEFLAGS= --jobserver-fds=3,4 -j
XILINX_RS_SESSION=b1bef8b7-e077-4e8a-a5e0-3b16dbbea35e
CARDANO_ROOT=/opt/Xilinx/Vitis/2020.1/cardano
CHECKERSDIR=/opt/Xilinx/Vitis/2020.1/cardano/tps/lnx64/target/chessdir/checkersdir
LIBRARY_PATH=/usr/lib/x86_64-linux-gnu
MYVIVADO=
LM_PROJECT=ASIP_REGRESSION
HDK_SHELL_DIR=/home/centos/src/project_data/aws-fpga/hdk/common/shell_v04261818
RDI_TPS_ROOT=/opt/Xilinx/Vivado/2020.1/tps/lnx64
HDI_PROCESSOR=x86_64
CHESSDIR=/opt/Xilinx/Vitis/2020.1/cardano/tps/lnx64/target/chessdir
HDK_SHELL_DESIGN_DIR=/home/centos/src/project_data/aws-fpga/hdk/common/shell_v04261818/design
SYNTH_COMMON=/opt/Xilinx/Vitis/2020.1/scripts/rt/data
LC_ALL=C
RDI_JAVA_VERSION=9.0.4
RT_TCL_PATH=/opt/Xilinx/Vitis/2020.1/scripts/rt/base_tcl/tcl
IMSETTINGS_MODULE=none
RDI_PREPEND_PATH=/opt/Xilinx/Vitis/2020.1/bin:/opt/Xilinx/Vitis/2020.1/bin
USER=centos
RDI_OPT_EXT=.o
DESKTOP_AUTOSTART_ID=105c8a6bcc94e0e2fa161061149146139100000020920019
TERMINATOR_DBUS_PATH=/net/tenshu/Terminator2
LD_LIBRARY_PATH=/opt/Xilinx/Vitis/2020.1/lib/lnx64.o/Default:/opt/Xilinx/Vitis/2020.1/lib/lnx64.o:/opt/Xilinx/Vitis/2020.1/tps/lnx64/jre9.0.4/lib/:/opt/Xilinx/Vitis/2020.1/tps/lnx64/jre9.0.4/lib//server:/opt/Xilinx/Vitis/2020.1/lib/lnx64.o/Default:/opt/Xilinx/Vitis/2020.1/lib/lnx64.o:/opt/Xilinx/Vitis/2020.1/lib/lnx64.o/Default:/opt/Xilinx/Vitis/2020.1/lib/lnx64.o:/opt/Xilinx/Vitis/2020.1/tps/lnx64/jre9.0.4/lib/:/opt/Xilinx/Vitis/2020.1/tps/lnx64/jre9.0.4/lib//server:/opt/Xilinx/Vitis/2020.1/lib/lnx64.o:/opt/Xilinx/Vitis/2020.1/lib/lnx64.o/Default:/opt/Xilinx/Vitis/2020.1/lib/lnx64.o:/opt/xilinx/xrt/lib:/opt/xilinx/xrt/lib:/opt/xilinx/xrt/lib:/opt/Xilinx/Vitis/2020.1/lib/lnx64.o/Default:/opt/Xilinx/Vitis/2020.1/lib/lnx64.o:/opt/Xilinx/Vitis/2020.1/bin/../lnx64/tools/dot/lib:/opt/Xilinx/Vitis/2020.1/bin/../lnx64/tools/dot/lib
LS_COLORS=rs=0:di=38;5;27:ln=38;5;51:mh=44;38;5;15:pi=40;38;5;11:so=38;5;13:do=38;5;5:bd=48;5;232;38;5;11:cd=48;5;232;38;5;3:or=48;5;232;38;5;9:mi=05;48;5;232;38;5;15:su=48;5;196;38;5;15:sg=48;5;11;38;5;16:ca=48;5;196;38;5;226:tw=48;5;10;38;5;16:ow=48;5;10;38;5;21:st=48;5;21;38;5;15:ex=38;5;34:*.tar=38;5;9:*.tgz=38;5;9:*.arc=38;5;9:*.arj=38;5;9:*.taz=38;5;9:*.lha=38;5;9:*.lz4=38;5;9:*.lzh=38;5;9:*.lzma=38;5;9:*.tlz=38;5;9:*.txz=38;5;9:*.tzo=38;5;9:*.t7z=38;5;9:*.zip=38;5;9:*.z=38;5;9:*.Z=38;5;9:*.dz=38;5;9:*.gz=38;5;9:*.lrz=38;5;9:*.lz=38;5;9:*.lzo=38;5;9:*.xz=38;5;9:*.bz2=38;5;9:*.bz=38;5;9:*.tbz=38;5;9:*.tbz2=38;5;9:*.tz=38;5;9:*.deb=38;5;9:*.rpm=38;5;9:*.jar=38;5;9:*.war=38;5;9:*.ear=38;5;9:*.sar=38;5;9:*.rar=38;5;9:*.alz=38;5;9:*.ace=38;5;9:*.zoo=38;5;9:*.cpio=38;5;9:*.7z=38;5;9:*.rz=38;5;9:*.cab=38;5;9:*.jpg=38;5;13:*.jpeg=38;5;13:*.gif=38;5;13:*.bmp=38;5;13:*.pbm=38;5;13:*.pgm=38;5;13:*.ppm=38;5;13:*.tga=38;5;13:*.xbm=38;5;13:*.xpm=38;5;13:*.tif=38;5;13:*.tiff=38;5;13:*.png=38;5;13:*.svg=38;5;13:*.svgz=38;5;13:*.mng=38;5;13:*.pcx=38;5;13:*.mov=38;5;13:*.mpg=38;5;13:*.mpeg=38;5;13:*.m2v=38;5;13:*.mkv=38;5;13:*.webm=38;5;13:*.ogm=38;5;13:*.mp4=38;5;13:*.m4v=38;5;13:*.mp4v=38;5;13:*.vob=38;5;13:*.qt=38;5;13:*.nuv=38;5;13:*.wmv=38;5;13:*.asf=38;5;13:*.rm=38;5;13:*.rmvb=38;5;13:*.flc=38;5;13:*.avi=38;5;13:*.fli=38;5;13:*.flv=38;5;13:*.gl=38;5;13:*.dl=38;5;13:*.xcf=38;5;13:*.xwd=38;5;13:*.yuv=38;5;13:*.cgm=38;5;13:*.emf=38;5;13:*.axv=38;5;13:*.anx=38;5;13:*.ogv=38;5;13:*.ogx=38;5;13:*.aac=38;5;45:*.au=38;5;45:*.flac=38;5;45:*.mid=38;5;45:*.midi=38;5;45:*.mka=38;5;45:*.mp3=38;5;45:*.mpc=38;5;45:*.ogg=38;5;45:*.ra=38;5;45:*.wav=38;5;45:*.axa=38;5;45:*.oga=38;5;45:*.spx=38;5;45:*.xspf=38;5;45
XILINX_ENABLE_AWS_WHITELIST=095707098027
RDI_PATCHROOT=
TCL_LIBRARY=/opt/Xilinx/Vitis/2020.1/tps/tcl/tcl8.5
OXYGEN_DISABLE_INNER_SHADOWS_HACK=1
SSH_AUTH_SOCK=/run/user/1000/keyring/ssh
AWS_PLATFORM=/home/centos/src/project_data/aws-fpga/Vitis/aws_platform/xilinx_aws-vu9p-f1_shell-v04261818_201920_2/xilinx_aws-vu9p-f1_shell-v04261818_201920_2.xpfm
RDI_PLATFORM=lnx64
MAKELEVEL=1
SESSION_MANAGER=local/unix:@/tmp/.ICE-unix/2092,unix/unix:/tmp/.ICE-unix/2092
GIO_LAUNCHED_DESKTOP_FILE=/home/centos/.config/autostart/terminator.desktop
MFLAGS=- --jobserver-fds=3,4 -j
RDI_BUILD=yes
DCV_SESSION_ID=centos
RT_LIBPATH=/opt/Xilinx/Vitis/2020.1/scripts/rt/data
RDI_LIBDIR=/opt/Xilinx/Vitis/2020.1/lib/lnx64.o/Default:/opt/Xilinx/Vitis/2020.1/lib/lnx64.o
GNOME_SHELL_SESSION_MODE=classic
MAIL=/var/spool/mail/centos
PATH=/opt/Xilinx/Vivado/2020.1/tps/lnx64/binutils-2.26/bin:/opt/Xilinx/Vitis/2020.1/bin/../gnu/aarch64/lin/aarch64-linux/bin:/opt/Xilinx/Vitis/2020.1/bin/../gnu/ppc64le/4.9.3/lnx64/bin:/opt/Xilinx/Vitis/2020.1/bin/../gnu/aarch32/lin/gcc-arm-linux-gnueabi/bin:/opt/Xilinx/Vivado/2020.1/tps/lnx64/gcc-6.2.0/bin:/opt/Xilinx/Vivado/2020.1/gnu/microblaze/lin/bin:/opt/Xilinx/Vitis/2020.1/bin:/opt/Xilinx/Vitis/2020.1/tps/lnx64/jre9.0.4/bin:/opt/Xilinx/Vitis/2020.1/gnu/microblaze/lin/bin:/opt/Xilinx/Vitis/2020.1/gnu/microblaze/linux_toolchain/lin64_le/bin:/opt/Xilinx/Vitis/2020.1/gnu/microblaze/linux_toolchain/lin64_be/bin:/opt/Xilinx/Vitis/2020.1/gnu/arm/lin/bin:/opt/Xilinx/Vitis/2020.1/gnu/aarch64/lin/aarch64-none/bin:/opt/Xilinx/Vitis/2020.1/gnu/aarch64/lin/aarch64-linux/bin:/opt/Xilinx/Vitis/2020.1/gnu/armr5/lin/gcc-arm-none-eabi/bin:/opt/Xilinx/Vitis/2020.1/gnu/aarch32/lin/gcc-arm-none-eabi/bin:/opt/Xilinx/Vitis/2020.1/gnu/aarch32/lin/gcc-arm-linux-gnueabi/bin:/opt/Xilinx/Vitis/2020.1/tps/lnx64/cmake-3.3.2/bin::/opt/Xilinx/Vitis/2020.1/cardano/bin:/opt/Xilinx/Vitis/2020.1/cardano/tps/lnx64/target/bin/LNa64bin:/opt/Xilinx/Vitis/2020.1/cardano/tps/lnx64/target/bin:/opt/Xilinx/Vivado/2020.1/bin:/opt/xilinx/xrt/bin:/home/centos/src/project_data/aws-fpga/shared/bin/scripts:/usr/local/bin:/bin:/usr/bin:/usr/local/sbin:/usr/sbin:/srv/git/centos-git-common:/home/centos/.local/bin:/home/centos/bin
RELEASE_VER=2020.1
XILINX_VITIS=/opt/Xilinx/Vitis/2020.1
HDK_DIR=/home/centos/src/project_data/aws-fpga/hdk
QT_IM_MODULE=ibus
SDK_DIR=/home/centos/src/project_data/aws-fpga/sdk
XILINX_XRT=/opt/xilinx/xrt
PWD=/home/centos/workspace/vector_add_lab_xilinx/Emulation-SW
XDG_SESSION_TYPE=x11
TERMINATOR_DBUS_NAME=net.tenshu.Terminator20x1a6021154d881e
_LMFILES_=/usr/share/Modules/modulefiles/vitis
XMODIFIERS=@im=ibus
XIL_CHECK_TCL_DEBUG=False
SDACCEL_DIR=/home/centos/src/project_data/aws-fpga/SDAccel
LANG=en_US.UTF-8
XILINX_VIVADO_HLS=/opt/Xilinx/Vivado/2020.1
HDI_APPROOT=/opt/Xilinx/Vitis/2020.1
MODULEPATH=/usr/share/Modules/modulefiles:/etc/modulefiles
HDK_COMMON_DIR=/home/centos/src/project_data/aws-fpga/hdk/common
LOADEDMODULES=vitis
PYTHONHOME=/opt/Xilinx/Vitis/2020.1/tps/lnx64/python-2.7.16/
AWS_PLATFORM_201920_2=/home/centos/src/project_data/aws-fpga/Vitis/aws_platform/xilinx_aws-vu9p-f1_shell-v04261818_201920_2/xilinx_aws-vu9p-f1_shell-v04261818_201920_2.xpfm
XILINX_HLS=/opt/Xilinx/Vitis/2020.1
CHESSROOT=/opt/Xilinx/Vitis/2020.1/cardano/tps/lnx64/target
VITIS_DIR=/home/centos/src/project_data/aws-fpga/Vitis
XILINX_VIVADO=/opt/Xilinx/Vivado/2020.1
XILINX_SDK=/opt/Xilinx/Vitis/2020.1
HISTCONTROL=ignoredups
ISL_IOSTREAMS_RSA=/opt/Xilinx/Vitis/2020.1/tps/isl
SHLVL=11
HOME=/home/centos
VIVADO_TOOL_VERSION=2020.1
RDI_BASEROOT=/opt/Xilinx/Vitis
GDK_CORE_DEVICE_EVENTS=1
CWD=/home/centos/workspace/vector_add_lab_xilinx/Emulation-SW
RDI_APPROOT=/opt/Xilinx/Vitis/2020.1
PYTHONPATH=/opt/Xilinx/Vitis/2020.1/tps/lnx64/python-2.7.16/lib/python2.7/lib-dynload/:/opt/Xilinx/Vitis/2020.1/tps/lnx64/python-2.7.16/lib/python2.7/
LOGNAME=centos
RDI_JAVA_PLATFORM=
DBUS_SESSION_BUS_ADDRESS=unix:abstract=/tmp/dbus-RUtjcYwmLk,guid=ae9a47e4a19d90c7d1de3f0e5ffffb22
PLATFORM_REPO_PATHS=/home/centos/src/project_data/aws-fpga/Vitis/aws_platform/xilinx_aws-vu9p-f1_shell-v04261818_201920_2/
RDI_BINROOT=/opt/Xilinx/Vitis/2020.1/bin
XDG_DATA_DIRS=/home/centos/.local/share/flatpak/exports/share:/var/lib/flatpak/exports/share:/usr/local/share:/usr/share
MODULESHOME=/usr/share/Modules
VIVADO_TOOL_VER=2020.1
LESSOPEN=||/usr/bin/lesspipe.sh %s
RDI_PROG=/opt/Xilinx/Vitis/2020.1/bin/unwrapped/lnx64.o/v++
XIL_NO_OVERRIDE=0
DISPLAY=:2
XDG_RUNTIME_DIR=/run/user/1000
XIL_SUPPRESS_OVERRIDE_WARNINGS=1
DCV_VIRTUAL_SESSION=1
AWS_FPGA_REPO_DIR=/home/centos/src/project_data/aws-fpga
XILINX_PLANAHEAD=/opt/Xilinx/Vitis/2020.1
XDG_CURRENT_DESKTOP=GNOME
HDIPRELDPATH=/opt/Xilinx/Vitis/2020.1/lib/lnx64.o/Default:/opt/Xilinx/Vitis/2020.1/lib/lnx64.o:/opt/Xilinx/Vitis/2020.1/lib/lnx64.o/Default:/opt/Xilinx/Vitis/2020.1/lib/lnx64.o:/opt/Xilinx/Vitis/2020.1/tps/lnx64/jre9.0.4/lib/:/opt/Xilinx/Vitis/2020.1/tps/lnx64/jre9.0.4/lib//server:/opt/Xilinx/Vitis/2020.1/lib/lnx64.o:/opt/Xilinx/Vitis/2020.1/lib/lnx64.o/Default:/opt/Xilinx/Vitis/2020.1/lib/lnx64.o:/opt/xilinx/xrt/lib:/opt/xilinx/xrt/lib:/opt/xilinx/xrt/lib:/opt/Xilinx/Vitis/2020.1/lib/lnx64.o/Default:/opt/Xilinx/Vitis/2020.1/lib/lnx64.o:/opt/Xilinx/Vitis/2020.1/bin/../lnx64/tools/dot/lib:/opt/Xilinx/Vitis/2020.1/bin/../lnx64/tools/dot/lib
RDI_INSTALLVER=2020.1
XILINX_RS_PORT=43268
RDI_INSTALLROOT=/opt/Xilinx
COLORTERM=truecolor
RDI_DATADIR=/opt/Xilinx/Vitis/2020.1/data
XAUTHORITY=/run/user/1000/dcv/centos.xauth
BASH_FUNC_allow_non_root()=() {  [ ! -z ${AWS_FPGA_ALLOW_NON_ROOT} ]
}
BASH_FUNC_module()=() {  eval `/usr/bin/modulecmd bash $*`
}
_=/opt/Xilinx/Vitis/2020.1/bin/unwrapped/lnx64.o/v++
XILINX_CD_CONNECT_ID=37259
XILINX_CD_SESSION=de5b7460-9df9-4e7f-80ca-366d02076c09


V++ command line:
------------------------------------------
/opt/Xilinx/Vitis/2020.1/bin/unwrapped/lnx64.o/v++ --target sw_emu --compile -I../src --config common-config.cfg --config binary_container_1-krnl_vadd-compile.cfg -obinary_container_1.build/krnl_vadd.xo ../src/krnl_vadd.cpp 

FINAL PROGRAM OPTIONS
--advanced.misc solution_name=krnl_vadd
--compile
--config common-config.cfg
--config binary_container_1-krnl_vadd-compile.cfg
--debug
--include ../src
--input_files ../src/krnl_vadd.cpp
--kernel krnl_vadd
--log_dir binary_container_1.build/logs
--messageDb binary_container_1.build/krnl_vadd.mdb
--optimize 0
--output binary_container_1.build/krnl_vadd.xo
--platform /home/centos/src/project_data/aws-fpga/Vitis/aws_platform/xilinx_aws-vu9p-f1_shell-v04261818_201920_2/xilinx_aws-vu9p-f1_shell-v04261818_201920_2.xpfm
--report_dir binary_container_1.build/reports
--report_level 0
--save-temps
--target sw_emu
--temp_dir binary_container_1.build

PARSED COMMAND LINE OPTIONS
--target sw_emu 
--compile 
-I../src 
--config common-config.cfg 
--config binary_container_1-krnl_vadd-compile.cfg 
-obinary_container_1.build/krnl_vadd.xo 
../src/krnl_vadd.cpp 

PARSED CONFIG FILE (1) OPTIONS
file: common-config.cfg
platform /home/centos/src/project_data/aws-fpga/Vitis/aws_platform/xilinx_aws-vu9p-f1_shell-v04261818_201920_2/xilinx_aws-vu9p-f1_shell-v04261818_201920_2.xpfm 
save-temps 1 

PARSED CONFIG FILE (2) OPTIONS
file: binary_container_1-krnl_vadd-compile.cfg
kernel krnl_vadd 
debug 1 
messageDb binary_container_1.build/krnl_vadd.mdb 
temp_dir binary_container_1.build 
report_dir binary_container_1.build/reports 
log_dir binary_container_1.build/logs 
advanced.misc solution_name=krnl_vadd 

EXPANDED PARAMETERS
From application of optMap.xml: 
 --xp "vivado_prop:run.__KERNEL__.{STEPS.SYNTH_DESIGN.ARGS.MORE OPTIONS}={-directive sdx_optimization_effort_high}" --xp "misc:report=type report_timing_summary name impl_report_timing_summary_route_design_summary steps {route_design} runs {impl_1} options {-max_paths 10}" --xp "misc:report=type report_timing_summary name impl_report_timing_summary_post_route_phys_opt_design_summary steps {post_route_phys_opt_design} runs {impl_1} options {-max_paths 10}"


FINAL PLATFORM PATH
/home/centos/src/project_data/aws-fpga/Vitis/aws_platform/xilinx_aws-vu9p-f1_shell-v04261818_201920_2/xilinx_aws-vu9p-f1_shell-v04261818_201920_2.xpfm

==========================================
new:  steps log generated by v++ for new launch 
timestamp: 14 Jan 2021 19:42:36
------------------------------------------
step: performing high-level synthesis for kernel:krnl_vadd
timestamp: 14 Jan 2021 19:42:46
launch dir: /home/centos/workspace/vector_add_lab_xilinx/Emulation-SW/binary_container_1.build/krnl_vadd/krnl_vadd
cmd: vitis_hls -f /home/centos/workspace/vector_add_lab_xilinx/Emulation-SW/binary_container_1.build/krnl_vadd/krnl_vadd/krnl_vadd.tcl -messageDb vitis_hls.pb
V++ internal step status: success
------------------------------------------
V++ internal step: generating system estimate report file
timestamp: 14 Jan 2021 19:42:46
output: /home/centos/workspace/vector_add_lab_xilinx/Emulation-SW/binary_container_1.build/reports/krnl_vadd/system_estimate_krnl_vadd.xtxt
V++ internal step status: success
------------------------------------------
system estimate report task completed
timestamp: 14 Jan 2021 19:42:46
