==============================================================
Vitis HLS - High-Level Synthesis from C, C++ and OpenCL v2020.1 (64-bit)
Copyright 1986-2020 Xilinx, Inc. All Rights Reserved.
==============================================================
INFO: [HLS 200-1505] Using flow_target 'vitis'
INFO: [HLS 200-435] Setting 'config_flow -target' configuration: config_interface -m_axi_latency=64
INFO: [HLS 200-435] Setting 'config_flow -target' configuration: config_interface -m_axi_alignment_byte_size=64
INFO: [HLS 200-435] Setting 'config_flow -target' configuration: config_interface -m_axi_max_widen_bitwidth=512
INFO: [HLS 200-435] Setting 'config_flow -target' configuration: config_interface -default_slave_interface=s_axilite
INFO: [HLS 200-435] Setting 'config_flow -target' configuration: config_rtl -register_reset_num=3
INFO: [HLS 200-10] Setting target device to 'xcvu9p-flgb2104-2-i'
INFO: [SYN 201-201] Setting up clock 'default' with a period of 4ns.
INFO: [SYN 201-201] Setting up clock 'default' with an uncertainty of 1.08ns.
INFO: [HLS 200-10] Analyzing design file '/home/centos/workspace/canny_vision/src/xf_canny_accel.cpp' ... 
WARNING: [HLS 207-5324] unused parameter 'index': /home/centos/workspace/canny_vision/libs/xf_opencv/L1/include/common/xf_structs.hpp:655:87
WARNING: [HLS 207-5324] unused parameter 'index': /home/centos/workspace/canny_vision/libs/xf_opencv/L1/include/common/xf_structs.hpp:675:60
WARNING: [HLS 207-5324] unused parameter 'index': /home/centos/workspace/canny_vision/libs/xf_opencv/L1/include/common/xf_structs.hpp:1183:102
WARNING: [HLS 207-5324] unused parameter 'index': /home/centos/workspace/canny_vision/libs/xf_opencv/L1/include/common/xf_structs.hpp:1386:34
WARNING: [HLS 207-5324] unused parameter 'win_size': /home/centos/workspace/canny_vision/libs/xf_opencv/L1/include/imgproc/xf_canny_sobel.hpp:23:33
WARNING: [HLS 207-5324] unused parameter 'win_size': /home/centos/workspace/canny_vision/libs/xf_opencv/L1/include/imgproc/xf_canny_sobel.hpp:56:33
WARNING: [HLS 207-5324] unused parameter 'win_size': /home/centos/workspace/canny_vision/libs/xf_opencv/L1/include/imgproc/xf_canny_sobel.hpp:90:30
WARNING: [HLS 207-5324] unused parameter 'win_size': /home/centos/workspace/canny_vision/libs/xf_opencv/L1/include/imgproc/xf_canny_sobel.hpp:116:30
WARNING: [HLS 207-1017] unknown pragma ignored: /home/centos/workspace/canny_vision/libs/xf_opencv/L1/include/imgproc/xf_canny_sobel.hpp:437:9
WARNING: [HLS 207-1535] 'Resource' is deprecated, and it will be removed in future release: /home/centos/workspace/canny_vision/libs/xf_opencv/L1/include/imgproc/xf_canny_sobel.hpp:438:9
WARNING: [HLS 207-1535] 'Resource' is deprecated, and it will be removed in future release: /home/centos/workspace/canny_vision/libs/xf_opencv/L1/include/imgproc/xf_canny_sobel.hpp:442:9
WARNING: [HLS 207-5324] unused parameter '_border_type': /home/centos/workspace/canny_vision/libs/xf_opencv/L1/include/imgproc/xf_canny_sobel.hpp:524:18
WARNING: [HLS 207-1535] 'Resource' is deprecated, and it will be removed in future release: /home/centos/workspace/canny_vision/libs/xf_opencv/L1/include/imgproc/xf_averagegaussianmask.hpp:191:9
WARNING: [HLS 207-1535] 'Resource' is deprecated, and it will be removed in future release: /home/centos/workspace/canny_vision/libs/xf_opencv/L1/include/imgproc/xf_canny_utils.hpp:487:9
WARNING: [HLS 207-1536] 'false' in '#pragma HLS dependence' is deprecated, and it will be removed in future release: /home/centos/workspace/canny_vision/libs/xf_opencv/L1/include/imgproc/xf_edge_tracing.hpp:195:44
WARNING: [HLS 207-1536] 'false' in '#pragma HLS dependence' is deprecated, and it will be removed in future release: /home/centos/workspace/canny_vision/libs/xf_opencv/L1/include/imgproc/xf_edge_tracing.hpp:196:44
WARNING: [HLS 207-5324] unused parameter 'width': /home/centos/workspace/canny_vision/libs/xf_opencv/L1/include/imgproc/xf_edge_tracing.hpp:154:23
WARNING: [HLS 207-5324] unused parameter 'height': /home/centos/workspace/canny_vision/libs/xf_opencv/L1/include/imgproc/xf_edge_tracing.hpp:155:23
WARNING: [HLS 207-5324] unused parameter 'bramsetsval': /home/centos/workspace/canny_vision/libs/xf_opencv/L1/include/imgproc/xf_edge_tracing.hpp:156:18
WARNING: [HLS 207-1535] 'Resource' is deprecated, and it will be removed in future release: /home/centos/workspace/canny_vision/libs/xf_opencv/L1/include/imgproc/xf_edge_tracing.hpp:287:9
WARNING: [HLS 207-1535] 'Resource' is deprecated, and it will be removed in future release: /home/centos/workspace/canny_vision/libs/xf_opencv/L1/include/imgproc/xf_edge_tracing.hpp:292:9
WARNING: [HLS 207-1536] 'false' in '#pragma HLS dependence' is deprecated, and it will be removed in future release: /home/centos/workspace/canny_vision/libs/xf_opencv/L1/include/imgproc/xf_edge_tracing.hpp:335:45
WARNING: [HLS 207-1536] 'false' in '#pragma HLS dependence' is deprecated, and it will be removed in future release: /home/centos/workspace/canny_vision/libs/xf_opencv/L1/include/imgproc/xf_edge_tracing.hpp:336:45
WARNING: [HLS 207-4628] array index 4 is past the end of the array (which contains 3 elements): /home/centos/workspace/canny_vision/libs/xf_opencv/L1/include/imgproc/xf_canny_sobel.hpp:30:85
INFO: [HLS 207-4252] in instantiation of function template specialization 'xFSobelProcx5x5<1, 0, 3, 3, 9>' requested here: /home/centos/workspace/canny_vision/libs/xf_opencv/L1/include/imgproc/xf_canny_sobel.hpp:289:21
INFO: [HLS 207-4252] in instantiation of function template specialization 'ProcessSobelfunc<0, 2, 512, 512, 0, 3, 1, 1, 26, 513, 3, 9>' requested here: /home/centos/workspace/canny_vision/libs/xf_opencv/L1/include/imgproc/xf_canny_sobel.hpp:492:9
INFO: [HLS 207-4252] in instantiation of function template specialization 'xFSobel3x3<0, 2, 512, 512, 0, 3, 1, 1, 26, 513, 3, 9, false>' requested here: /home/centos/workspace/canny_vision/libs/xf_opencv/L1/include/imgproc/xf_canny_sobel.hpp:530:5
INFO: [HLS 207-4252] in instantiation of function template specialization 'xFSobel<0, 2, 512, 512, 0, 3, 1, 1, 26, 3, false>' requested here: /home/centos/workspace/canny_vision/libs/xf_opencv/L1/include/imgproc/xf_canny.hpp:183:9
INFO: [HLS 207-4252] in instantiation of function template specialization 'xf::cv::xFCannyKernel<0, 8, 0, 512, 512, 0, 12, 1, 32, 1, 20, 512, 1536, 2, 3, false>' requested here: /home/centos/workspace/canny_vision/libs/xf_opencv/L1/include/imgproc/xf_canny.hpp:292:9
INFO: [HLS 207-4252] in instantiation of function template specialization 'xf::cv::Canny<3, 0, 0, 8, 512, 512, 1, 32, false>' requested here: /home/centos/workspace/canny_vision/src/xf_canny_accel.cpp:55:13
INFO: [HLS 207-4127] array 'src_buf' declared here: /home/centos/workspace/canny_vision/libs/xf_opencv/L1/include/imgproc/xf_canny_sobel.hpp:22:22
WARNING: [HLS 207-4628] array index 4 is past the end of the array (which contains 3 elements): /home/centos/workspace/canny_vision/libs/xf_opencv/L1/include/imgproc/xf_canny_sobel.hpp:30:101
INFO: [HLS 207-4127] array 'src_buf' declared here: /home/centos/workspace/canny_vision/libs/xf_opencv/L1/include/imgproc/xf_canny_sobel.hpp:22:22
WARNING: [HLS 207-4628] array index 3 is past the end of the array (which contains 3 elements): /home/centos/workspace/canny_vision/libs/xf_opencv/L1/include/imgproc/xf_canny_sobel.hpp:31:85
INFO: [HLS 207-4127] array 'src_buf' declared here: /home/centos/workspace/canny_vision/libs/xf_opencv/L1/include/imgproc/xf_canny_sobel.hpp:22:22
WARNING: [HLS 207-4628] array index 3 is past the end of the array (which contains 3 elements): /home/centos/workspace/canny_vision/libs/xf_opencv/L1/include/imgproc/xf_canny_sobel.hpp:31:101
INFO: [HLS 207-4127] array 'src_buf' declared here: /home/centos/workspace/canny_vision/libs/xf_opencv/L1/include/imgproc/xf_canny_sobel.hpp:22:22
WARNING: [HLS 207-4628] array index 3 is past the end of the array (which contains 3 elements): /home/centos/workspace/canny_vision/libs/xf_opencv/L1/include/imgproc/xf_canny_sobel.hpp:34:85
INFO: [HLS 207-4127] array 'src_buf' declared here: /home/centos/workspace/canny_vision/libs/xf_opencv/L1/include/imgproc/xf_canny_sobel.hpp:22:22
WARNING: [HLS 207-4628] array index 3 is past the end of the array (which contains 3 elements): /home/centos/workspace/canny_vision/libs/xf_opencv/L1/include/imgproc/xf_canny_sobel.hpp:34:101
INFO: [HLS 207-4127] array 'src_buf' declared here: /home/centos/workspace/canny_vision/libs/xf_opencv/L1/include/imgproc/xf_canny_sobel.hpp:22:22
WARNING: [HLS 207-4628] array index 4 is past the end of the array (which contains 3 elements): /home/centos/workspace/canny_vision/libs/xf_opencv/L1/include/imgproc/xf_canny_sobel.hpp:35:85
INFO: [HLS 207-4127] array 'src_buf' declared here: /home/centos/workspace/canny_vision/libs/xf_opencv/L1/include/imgproc/xf_canny_sobel.hpp:22:22
WARNING: [HLS 207-4628] array index 4 is past the end of the array (which contains 3 elements): /home/centos/workspace/canny_vision/libs/xf_opencv/L1/include/imgproc/xf_canny_sobel.hpp:35:101
INFO: [HLS 207-4127] array 'src_buf' declared here: /home/centos/workspace/canny_vision/libs/xf_opencv/L1/include/imgproc/xf_canny_sobel.hpp:22:22
WARNING: [HLS 207-4628] array index 3 is past the end of the array (which contains 3 elements): /home/centos/workspace/canny_vision/libs/xf_opencv/L1/include/imgproc/xf_canny_sobel.hpp:38:47
INFO: [HLS 207-4127] array 'src_buf' declared here: /home/centos/workspace/canny_vision/libs/xf_opencv/L1/include/imgproc/xf_canny_sobel.hpp:22:22
WARNING: [HLS 207-4628] array index 4 is past the end of the array (which contains 3 elements): /home/centos/workspace/canny_vision/libs/xf_opencv/L1/include/imgproc/xf_canny_sobel.hpp:39:47
INFO: [HLS 207-4127] array 'src_buf' declared here: /home/centos/workspace/canny_vision/libs/xf_opencv/L1/include/imgproc/xf_canny_sobel.hpp:22:22
WARNING: [HLS 207-4628] array index 4 is past the end of the array (which contains 3 elements): /home/centos/workspace/canny_vision/libs/xf_opencv/L1/include/imgproc/xf_canny_sobel.hpp:62:64
INFO: [HLS 207-4252] in instantiation of function template specialization 'xFSobelProcy5x5<1, 0, 3, 3, 9>' requested here: /home/centos/workspace/canny_vision/libs/xf_opencv/L1/include/imgproc/xf_canny_sobel.hpp:291:21
INFO: [HLS 207-4252] in instantiation of function template specialization 'ProcessSobelfunc<0, 2, 512, 512, 0, 3, 1, 1, 26, 513, 3, 9>' requested here: /home/centos/workspace/canny_vision/libs/xf_opencv/L1/include/imgproc/xf_canny_sobel.hpp:492:9
INFO: [HLS 207-4252] in instantiation of function template specialization 'xFSobel3x3<0, 2, 512, 512, 0, 3, 1, 1, 26, 513, 3, 9, false>' requested here: /home/centos/workspace/canny_vision/libs/xf_opencv/L1/include/imgproc/xf_canny_sobel.hpp:530:5
INFO: [HLS 207-4252] in instantiation of function template specialization 'xFSobel<0, 2, 512, 512, 0, 3, 1, 1, 26, 3, false>' requested here: /home/centos/workspace/canny_vision/libs/xf_opencv/L1/include/imgproc/xf_canny.hpp:183:9
INFO: [HLS 207-4252] in instantiation of function template specialization 'xf::cv::xFCannyKernel<0, 8, 0, 512, 512, 0, 12, 1, 32, 1, 20, 512, 1536, 2, 3, false>' requested here: /home/centos/workspace/canny_vision/libs/xf_opencv/L1/include/imgproc/xf_canny.hpp:292:9
INFO: [HLS 207-4252] in instantiation of function template specialization 'xf::cv::Canny<3, 0, 0, 8, 512, 512, 1, 32, false>' requested here: /home/centos/workspace/canny_vision/src/xf_canny_accel.cpp:55:13
INFO: [HLS 207-4127] array 'src_buf' declared here: /home/centos/workspace/canny_vision/libs/xf_opencv/L1/include/imgproc/xf_canny_sobel.hpp:55:22
WARNING: [HLS 207-4628] array index 4 is past the end of the array (which contains 3 elements): /home/centos/workspace/canny_vision/libs/xf_opencv/L1/include/imgproc/xf_canny_sobel.hpp:62:98
INFO: [HLS 207-4127] array 'src_buf' declared here: /home/centos/workspace/canny_vision/libs/xf_opencv/L1/include/imgproc/xf_canny_sobel.hpp:55:22
WARNING: [HLS 207-4628] array index 3 is past the end of the array (which contains 3 elements): /home/centos/workspace/canny_vision/libs/xf_opencv/L1/include/imgproc/xf_canny_sobel.hpp:63:101
INFO: [HLS 207-4127] array 'src_buf' declared here: /home/centos/workspace/canny_vision/libs/xf_opencv/L1/include/imgproc/xf_canny_sobel.hpp:55:22
WARNING: [HLS 207-4628] array index 3 is past the end of the array (which contains 3 elements): /home/centos/workspace/canny_vision/libs/xf_opencv/L1/include/imgproc/xf_canny_sobel.hpp:64:101
INFO: [HLS 207-4127] array 'src_buf' declared here: /home/centos/workspace/canny_vision/libs/xf_opencv/L1/include/imgproc/xf_canny_sobel.hpp:55:22
WARNING: [HLS 207-4628] array index 4 is past the end of the array (which contains 3 elements): /home/centos/workspace/canny_vision/libs/xf_opencv/L1/include/imgproc/xf_canny_sobel.hpp:65:101
INFO: [HLS 207-4127] array 'src_buf' declared here: /home/centos/workspace/canny_vision/libs/xf_opencv/L1/include/imgproc/xf_canny_sobel.hpp:55:22
WARNING: [HLS 207-4628] array index 4 is past the end of the array (which contains 3 elements): /home/centos/workspace/canny_vision/libs/xf_opencv/L1/include/imgproc/xf_canny_sobel.hpp:66:101
INFO: [HLS 207-4127] array 'src_buf' declared here: /home/centos/workspace/canny_vision/libs/xf_opencv/L1/include/imgproc/xf_canny_sobel.hpp:55:22
WARNING: [HLS 207-4628] array index 3 is past the end of the array (which contains 3 elements): /home/centos/workspace/canny_vision/libs/xf_opencv/L1/include/imgproc/xf_canny_sobel.hpp:67:101
INFO: [HLS 207-4127] array 'src_buf' declared here: /home/centos/workspace/canny_vision/libs/xf_opencv/L1/include/imgproc/xf_canny_sobel.hpp:55:22
WARNING: [HLS 207-4628] array index 3 is past the end of the array (which contains 3 elements): /home/centos/workspace/canny_vision/libs/xf_opencv/L1/include/imgproc/xf_canny_sobel.hpp:68:101
INFO: [HLS 207-4127] array 'src_buf' declared here: /home/centos/workspace/canny_vision/libs/xf_opencv/L1/include/imgproc/xf_canny_sobel.hpp:55:22
INFO: [HLS 200-777] Using interface defaults for 'Vitis' target.
INFO: [HLS 214-131] Inlining function 'hls::stream<ap_uint<8>, 0>::stream()' into 'hls::stream<ap_uint<8>, 2>::stream()' (/opt/Xilinx/Vitis/2020.1/common/technology/autopilot/hls_stream_39.h:188:43)
INFO: [HLS 214-131] Inlining function 'hls::stream<ap_uint<8>, 2>::stream()' into 'xf::cv::Mat<0, 512, 512, 1, 2>::Mat(int, int)' (/home/centos/workspace/canny_vision/libs/xf_opencv/L1/include/common/xf_structs.hpp:443:5)
INFO: [HLS 214-131] Inlining function 'xf::cv::Mat<0, 512, 512, 1, 2>::init(int, int, bool)' into 'xf::cv::Mat<0, 512, 512, 1, 2>::Mat(int, int)' (/home/centos/workspace/canny_vision/libs/xf_opencv/L1/include/common/xf_structs.hpp:642:2)
INFO: [HLS 214-131] Inlining function 'hls::stream<ap_uint<64>, 0>::stream()' into 'hls::stream<ap_uint<64>, 2>::stream()' (/opt/Xilinx/Vitis/2020.1/common/technology/autopilot/hls_stream_39.h:188:43)
INFO: [HLS 214-131] Inlining function 'hls::stream<ap_uint<64>, 2>::stream()' into 'xf::cv::Mat<8, 512, 512, 32, 2>::Mat(int, int)' (/home/centos/workspace/canny_vision/libs/xf_opencv/L1/include/common/xf_structs.hpp:443:5)
INFO: [HLS 214-131] Inlining function 'xf::cv::Mat<8, 512, 512, 32, 2>::init(int, int, bool)' into 'xf::cv::Mat<8, 512, 512, 32, 2>::Mat(int, int)' (/home/centos/workspace/canny_vision/libs/xf_opencv/L1/include/common/xf_structs.hpp:642:2)
INFO: [HLS 214-131] Inlining function 'hls::stream<ap_uint<64>, 0>::write(ap_uint<64> const&)' into 'xf::cv::MMIterIn<64, 0, 512, 512, 1, 2>::Axi2AxiStream(ap_uint<64>*, hls::stream<ap_uint<64>, 0>&, ap_uint<16>&)' (/home/centos/workspace/canny_vision/libs/xf_opencv/L1/include/common/xf_structs.hpp:1008:7)
INFO: [HLS 214-131] Inlining function 'hls::stream<ap_uint<64>, 0>::read(ap_uint<64>&)' into 'hls::stream<ap_uint<64>, 0>::read()' (/opt/Xilinx/Vitis/2020.1/common/technology/autopilot/hls_stream_39.h:156:9)
INFO: [HLS 214-131] Inlining function 'hls::stream<ap_uint<8>, 0>::write(ap_uint<8> const&)' into 'xf::cv::MMIterIn<64, 0, 512, 512, 1, 2>::AxiStream2MatStream(hls::stream<ap_uint<64>, 0>&, hls::stream<ap_uint<8>, 2>&, int, int, int)' (/home/centos/workspace/canny_vision/libs/xf_opencv/L1/include/common/xf_structs.hpp:1060:18)
INFO: [HLS 214-131] Inlining function 'hls::stream<ap_uint<64>, 0>::read()' into 'xf::cv::MMIterIn<64, 0, 512, 512, 1, 2>::AxiStream2MatStream(hls::stream<ap_uint<64>, 0>&, hls::stream<ap_uint<8>, 2>&, int, int, int)' (/home/centos/workspace/canny_vision/libs/xf_opencv/L1/include/common/xf_structs.hpp:1053:27)
INFO: [HLS 214-131] Inlining function 'hls::stream<ap_uint<64>, 0>::stream()' into 'xf::cv::MMIterIn<64, 0, 512, 512, 1, 2>::Axi2Mat(ap_uint<64>*, hls::stream<ap_uint<8>, 2>&, int, int)' (/home/centos/workspace/canny_vision/libs/xf_opencv/L1/include/common/xf_structs.hpp:1114:35)
INFO: [HLS 214-131] Inlining function 'hls::stream<ap_uint<16>, 0>::stream()' into 'hls::stream<ap_uint<16>, 2>::stream()' (/opt/Xilinx/Vitis/2020.1/common/technology/autopilot/hls_stream_39.h:188:43)
INFO: [HLS 214-131] Inlining function 'hls::stream<ap_uint<16>, 2>::stream()' into 'xf::cv::Mat<2, 512, 512, 1, 2>::Mat(int, int)' (/home/centos/workspace/canny_vision/libs/xf_opencv/L1/include/common/xf_structs.hpp:443:5)
INFO: [HLS 214-131] Inlining function 'xf::cv::Mat<2, 512, 512, 1, 2>::init(int, int, bool)' into 'xf::cv::Mat<2, 512, 512, 1, 2>::Mat(int, int)' (/home/centos/workspace/canny_vision/libs/xf_opencv/L1/include/common/xf_structs.hpp:642:2)
INFO: [HLS 214-131] Inlining function 'hls::stream<ap_uint<8>, 0>::stream()' into 'hls::stream<ap_uint<8>, 1536>::stream()' (/opt/Xilinx/Vitis/2020.1/common/technology/autopilot/hls_stream_39.h:188:43)
INFO: [HLS 214-131] Inlining function 'hls::stream<ap_uint<8>, 1536>::stream()' into 'xf::cv::Mat<0, 512, 512, 1, 1536>::Mat(int, int)' (/home/centos/workspace/canny_vision/libs/xf_opencv/L1/include/common/xf_structs.hpp:443:5)
INFO: [HLS 214-131] Inlining function 'xf::cv::Mat<0, 512, 512, 1, 1536>::init(int, int, bool)' into 'xf::cv::Mat<0, 512, 512, 1, 1536>::Mat(int, int)' (/home/centos/workspace/canny_vision/libs/xf_opencv/L1/include/common/xf_structs.hpp:642:2)
INFO: [HLS 214-131] Inlining function 'hls::stream<ap_uint<2>, 0>::stream()' into 'hls::stream<ap_uint<2>, 2>::stream()' (/opt/Xilinx/Vitis/2020.1/common/technology/autopilot/hls_stream_39.h:188:43)
INFO: [HLS 214-131] Inlining function 'hls::stream<ap_uint<2>, 2>::stream()' into 'xf::cv::Mat<8, 512, 512, 1, 2>::Mat(int, int)' (/home/centos/workspace/canny_vision/libs/xf_opencv/L1/include/common/xf_structs.hpp:443:5)
INFO: [HLS 214-131] Inlining function 'xf::cv::Mat<8, 512, 512, 1, 2>::init(int, int, bool)' into 'xf::cv::Mat<8, 512, 512, 1, 2>::Mat(int, int)' (/home/centos/workspace/canny_vision/libs/xf_opencv/L1/include/common/xf_structs.hpp:642:2)
INFO: [HLS 214-131] Inlining function 'hls::stream<ap_uint<8>, 0>::read(ap_uint<8>&)' into 'hls::stream<ap_uint<8>, 0>::read()' (/opt/Xilinx/Vitis/2020.1/common/technology/autopilot/hls_stream_39.h:156:9)
INFO: [HLS 214-131] Inlining function 'hls::stream<ap_uint<8>, 0>::read()' into 'xf::cv::Mat<0, 512, 512, 1, 2>::read(int)' (/home/centos/workspace/canny_vision/libs/xf_opencv/L1/include/common/xf_structs.hpp:657:17)
INFO: [HLS 214-131] Inlining function 'PixelType<0>::name xFGaussianFixed3x3<0>(PixelType<0>::name, PixelType<0>::name, PixelType<0>::name, PixelType<0>::name, PixelType<0>::name, PixelType<0>::name, PixelType<0>::name, PixelType<0>::name, PixelType<0>::name)' into 'void xFAverageGaussian3x3<1, 0>(PixelType<0>::name*, PixelType<0>::name*, PixelType<0>::name*, PixelType<0>::name*)' (/home/centos/workspace/canny_vision/libs/xf_opencv/L1/include/imgproc/xf_averagegaussianmask.hpp:75:13)
INFO: [HLS 214-131] Inlining function 'hls::stream<ap_uint<8>, 0>::write(ap_uint<8> const&)' into 'xf::cv::Mat<0, 512, 512, 1, 2>::write(int, ap_uint<8>)' (/home/centos/workspace/canny_vision/libs/xf_opencv/L1/include/common/xf_structs.hpp:677:10)
INFO: [HLS 214-131] Inlining function 'void xf::cv::xfPackPixels<1, 1, 0>(PixelType<0>::name*, StreamType<1>::name&, unsigned short, short, unsigned short&)' into 'void ProcessAverageGaussian3x3<0, 0, 512, 512, 0, 1, 1, 512>(xf::cv::Mat<0, 512, 512, 1, 2>&, xf::cv::Mat<0, 512, 512, 1, 2>&, StreamType<1>::name (*) [(512) >> (xfNPixelsPerCycle<1>::datashift)], PixelType<0>::name*, PixelType<0>::name*, PixelType<0>::name*, PixelType<0>::name*, StreamType<1>::name&, unsigned short, unsigned short, unsigned short&, ap_uint<2>, ap_uint<2>, ap_uint<2>, ap_uint<13>, int&, int&)' (/home/centos/workspace/canny_vision/libs/xf_opencv/L1/include/imgproc/xf_averagegaussianmask.hpp:141:13)
INFO: [HLS 214-131] Inlining function 'void xf::cv::xfPackPixels<1, 1, 0>(PixelType<0>::name*, StreamType<1>::name&, unsigned short, short, unsigned short&)' into 'void ProcessAverageGaussian3x3<0, 0, 512, 512, 0, 1, 1, 512>(xf::cv::Mat<0, 512, 512, 1, 2>&, xf::cv::Mat<0, 512, 512, 1, 2>&, StreamType<1>::name (*) [(512) >> (xfNPixelsPerCycle<1>::datashift)], PixelType<0>::name*, PixelType<0>::name*, PixelType<0>::name*, PixelType<0>::name*, StreamType<1>::name&, unsigned short, unsigned short, unsigned short&, ap_uint<2>, ap_uint<2>, ap_uint<2>, ap_uint<13>, int&, int&)' (/home/centos/workspace/canny_vision/libs/xf_opencv/L1/include/imgproc/xf_averagegaussianmask.hpp:134:13)
INFO: [HLS 214-131] Inlining function 'void xf::cv::xfPackPixels<1, 1, 0>(PixelType<0>::name*, StreamType<1>::name&, unsigned short, short, unsigned short&)' into 'void ProcessAverageGaussian3x3<0, 0, 512, 512, 0, 1, 1, 512>(xf::cv::Mat<0, 512, 512, 1, 2>&, xf::cv::Mat<0, 512, 512, 1, 2>&, StreamType<1>::name (*) [(512) >> (xfNPixelsPerCycle<1>::datashift)], PixelType<0>::name*, PixelType<0>::name*, PixelType<0>::name*, PixelType<0>::name*, StreamType<1>::name&, unsigned short, unsigned short, unsigned short&, ap_uint<2>, ap_uint<2>, ap_uint<2>, ap_uint<13>, int&, int&)' (/home/centos/workspace/canny_vision/libs/xf_opencv/L1/include/imgproc/xf_averagegaussianmask.hpp:131:13)
INFO: [HLS 214-131] Inlining function 'void xFAverageGaussian3x3<1, 0>(PixelType<0>::name*, PixelType<0>::name*, PixelType<0>::name*, PixelType<0>::name*)' into 'void ProcessAverageGaussian3x3<0, 0, 512, 512, 0, 1, 1, 512>(xf::cv::Mat<0, 512, 512, 1, 2>&, xf::cv::Mat<0, 512, 512, 1, 2>&, StreamType<1>::name (*) [(512) >> (xfNPixelsPerCycle<1>::datashift)], PixelType<0>::name*, PixelType<0>::name*, PixelType<0>::name*, PixelType<0>::name*, StreamType<1>::name&, unsigned short, unsigned short, unsigned short&, ap_uint<2>, ap_uint<2>, ap_uint<2>, ap_uint<13>, int&, int&)' (/home/centos/workspace/canny_vision/libs/xf_opencv/L1/include/imgproc/xf_averagegaussianmask.hpp:125:9)
INFO: [HLS 214-131] Inlining function 'void xf::cv::xfPackPixels<1, 1, 0>(PixelType<0>::name*, StreamType<1>::name&, unsigned short, short, unsigned short&)' into 'void xFAverageGaussianMask3x3<0, 0, 512, 512, 0, 1, 1, 512>(xf::cv::Mat<0, 512, 512, 1, 2>&, xf::cv::Mat<0, 512, 512, 1, 2>&, unsigned short, unsigned short)' (/home/centos/workspace/canny_vision/libs/xf_opencv/L1/include/imgproc/xf_averagegaussianmask.hpp:247:9)
INFO: [HLS 214-131] Inlining function 'PixelType<0>::name xFGaussianFixed3x3<0>(PixelType<0>::name, PixelType<0>::name, PixelType<0>::name, PixelType<0>::name, PixelType<0>::name, PixelType<0>::name, PixelType<0>::name, PixelType<0>::name, PixelType<0>::name)' into 'void xFAverageGaussianMask3x3<0, 0, 512, 512, 0, 1, 1, 512>(xf::cv::Mat<0, 512, 512, 1, 2>&, xf::cv::Mat<0, 512, 512, 1, 2>&, unsigned short, unsigned short)' (/home/centos/workspace/canny_vision/libs/xf_opencv/L1/include/imgproc/xf_averagegaussianmask.hpp:242:31)
INFO: [HLS 214-131] Inlining function 'void ProcessAverageGaussian3x3<0, 0, 512, 512, 0, 1, 1, 512>(xf::cv::Mat<0, 512, 512, 1, 2>&, xf::cv::Mat<0, 512, 512, 1, 2>&, StreamType<1>::name (*) [(512) >> (xfNPixelsPerCycle<1>::datashift)], PixelType<0>::name*, PixelType<0>::name*, PixelType<0>::name*, PixelType<0>::name*, StreamType<1>::name&, unsigned short, unsigned short, unsigned short&, ap_uint<2>, ap_uint<2>, ap_uint<2>, ap_uint<13>, int&, int&)' into 'void xFAverageGaussianMask3x3<0, 0, 512, 512, 0, 1, 1, 512>(xf::cv::Mat<0, 512, 512, 1, 2>&, xf::cv::Mat<0, 512, 512, 1, 2>&, unsigned short, unsigned short)' (/home/centos/workspace/canny_vision/libs/xf_opencv/L1/include/imgproc/xf_averagegaussianmask.hpp:232:9)
INFO: [HLS 214-131] Inlining function 'hls::stream<ap_uint<16>, 0>::write(ap_uint<16> const&)' into 'xf::cv::Mat<2, 512, 512, 1, 2>::write(int, ap_uint<16>)' (/home/centos/workspace/canny_vision/libs/xf_opencv/L1/include/common/xf_structs.hpp:677:10)
INFO: [HLS 214-131] Inlining function 'void xFSobelProcy<1, 0, 3, 3, 9>(PixelType<3>::name*, PixelType<0>::name (*) [(xfNPixelsPerCycle<1>::nppc) + ((3) - (1))], ap_uint<8>)' into 'void ProcessSobelfunc<0, 2, 512, 512, 0, 3, 1, 1, 5, 513, 3, 9>(xf::cv::Mat<0, 512, 512, 1, 2>&, xf::cv::Mat<2, 512, 512, 1, 2>&, xf::cv::Mat<2, 512, 512, 1, 2>&, StreamType<1>::name (*) [(512) >> (xfNPixelsPerCycle<1>::datashift)], PixelType<0>::name (*) [(xfNPixelsPerCycle<1>::nppc) + ((3) - (1))], PixelType<3>::name*, PixelType<3>::name*, StreamType<5>::name&, StreamType<5>::name&, unsigned short, unsigned short, unsigned short&, ap_uint<13>*, ap_uint<13>, ap_uint<8>, int&, int&, int&)' (/home/centos/workspace/canny_vision/libs/xf_opencv/L1/include/imgproc/xf_canny_sobel.hpp:359:17)
INFO: [HLS 214-131] Inlining function 'void xFSobelProcx<1, 0, 3, 3, 9>(PixelType<3>::name*, PixelType<0>::name (*) [(xfNPixelsPerCycle<1>::nppc) + ((3) - (1))], ap_uint<8>)' into 'void ProcessSobelfunc<0, 2, 512, 512, 0, 3, 1, 1, 5, 513, 3, 9>(xf::cv::Mat<0, 512, 512, 1, 2>&, xf::cv::Mat<2, 512, 512, 1, 2>&, xf::cv::Mat<2, 512, 512, 1, 2>&, StreamType<1>::name (*) [(512) >> (xfNPixelsPerCycle<1>::datashift)], PixelType<0>::name (*) [(xfNPixelsPerCycle<1>::nppc) + ((3) - (1))], PixelType<3>::name*, PixelType<3>::name*, StreamType<5>::name&, StreamType<5>::name&, unsigned short, unsigned short, unsigned short&, ap_uint<13>*, ap_uint<13>, ap_uint<8>, int&, int&, int&)' (/home/centos/workspace/canny_vision/libs/xf_opencv/L1/include/imgproc/xf_canny_sobel.hpp:358:17)
INFO: [HLS 214-131] Inlining function 'void ProcessSobelfunc<0, 2, 512, 512, 0, 3, 1, 1, 5, 513, 3, 9>(xf::cv::Mat<0, 512, 512, 1, 2>&, xf::cv::Mat<2, 512, 512, 1, 2>&, xf::cv::Mat<2, 512, 512, 1, 2>&, StreamType<1>::name (*) [(512) >> (xfNPixelsPerCycle<1>::datashift)], PixelType<0>::name (*) [(xfNPixelsPerCycle<1>::nppc) + ((3) - (1))], PixelType<3>::name*, PixelType<3>::name*, StreamType<5>::name&, StreamType<5>::name&, unsigned short, unsigned short, unsigned short&, ap_uint<13>*, ap_uint<13>, ap_uint<8>, int&, int&, int&)' into 'void xFSobel3x3<0, 2, 512, 512, 0, 3, 1, 1, 5, 513, 3, 9, false>(xf::cv::Mat<0, 512, 512, 1, 2>&, xf::cv::Mat<2, 512, 512, 1, 2>&, xf::cv::Mat<2, 512, 512, 1, 2>&, ap_uint<8>, unsigned short, unsigned short)' (/home/centos/workspace/canny_vision/libs/xf_opencv/L1/include/imgproc/xf_canny_sobel.hpp:492:9)
INFO: [HLS 214-131] Inlining function 'hls::stream<ap_uint<16>, 0>::read(ap_uint<16>&)' into 'hls::stream<ap_uint<16>, 0>::read()' (/opt/Xilinx/Vitis/2020.1/common/technology/autopilot/hls_stream_39.h:156:9)
INFO: [HLS 214-131] Inlining function 'hls::stream<ap_uint<16>, 0>::read()' into 'xf::cv::Mat<2, 512, 512, 1, 2>::read(int)' (/home/centos/workspace/canny_vision/libs/xf_opencv/L1/include/common/xf_structs.hpp:657:17)
INFO: [HLS 214-131] Inlining function 'hls::stream<ap_uint<8>, 0>::write(ap_uint<8> const&)' into 'xf::cv::Mat<0, 512, 512, 1, 1536>::write(int, ap_uint<8>)' (/home/centos/workspace/canny_vision/libs/xf_opencv/L1/include/common/xf_structs.hpp:677:10)
INFO: [HLS 214-131] Inlining function 'hls::stream<ap_uint<8>, 0>::read()' into 'xf::cv::Mat<0, 512, 512, 1, 1536>::read(int)' (/home/centos/workspace/canny_vision/libs/xf_opencv/L1/include/common/xf_structs.hpp:657:17)
INFO: [HLS 214-131] Inlining function 'hls::stream<ap_uint<2>, 0>::write(ap_uint<2> const&)' into 'xf::cv::Mat<8, 512, 512, 1, 2>::write(int, ap_uint<2>)' (/home/centos/workspace/canny_vision/libs/xf_opencv/L1/include/common/xf_structs.hpp:677:10)
INFO: [HLS 214-131] Inlining function 'void xFNMS3x3<1, 3, 0, 12>(PixelType<12>::name*, PixelType<3>::name*, PixelType<3>::name*, PixelType<3>::name*, PixelType<0>::name*, unsigned char, unsigned char)' into 'void ProcessNms3x3canny<2, 0, 8, 512, 512, 3, 0, 12, 1, 5, 1, 0, 512, 1536, 2>(xf::cv::Mat<2, 512, 512, 1, 2>&, xf::cv::Mat<0, 512, 512, 1, 1536>&, xf::cv::Mat<8, 512, 512, 1, 2>&, StreamType<5>::name (*) [(512) >> (xfNPixelsPerCycle<1>::datashift)], StreamType<1>::name (*) [(512) >> (xfNPixelsPerCycle<1>::datashift)], PixelType<3>::name*, PixelType<3>::name*, PixelType<3>::name*, PixelType<0>::name*, PixelType<12>::name*, StreamType<0>::name&, unsigned short, unsigned short, ap_uint<2>, ap_uint<2>, ap_uint<2>, ap_uint<13>, ap_uint<13>, ap_uint<13>, ap_uint<13>, unsigned char, unsigned char, int&, int&, int&)' (/home/centos/workspace/canny_vision/libs/xf_opencv/L1/include/imgproc/xf_canny_utils.hpp:232:9)
INFO: [HLS 214-131] Inlining function 'void ProcessNms3x3canny<2, 0, 8, 512, 512, 3, 0, 12, 1, 5, 1, 0, 512, 1536, 2>(xf::cv::Mat<2, 512, 512, 1, 2>&, xf::cv::Mat<0, 512, 512, 1, 1536>&, xf::cv::Mat<8, 512, 512, 1, 2>&, StreamType<5>::name (*) [(512) >> (xfNPixelsPerCycle<1>::datashift)], StreamType<1>::name (*) [(512) >> (xfNPixelsPerCycle<1>::datashift)], PixelType<3>::name*, PixelType<3>::name*, PixelType<3>::name*, PixelType<0>::name*, PixelType<12>::name*, StreamType<0>::name&, unsigned short, unsigned short, ap_uint<2>, ap_uint<2>, ap_uint<2>, ap_uint<13>, ap_uint<13>, ap_uint<13>, ap_uint<13>, unsigned char, unsigned char, int&, int&, int&)' into 'void xFSuppression3x3<2, 0, 8, 512, 512, 3, 0, 12, 1, 5, 1, 0, 512, 1536, 2>(xf::cv::Mat<2, 512, 512, 1, 2>&, xf::cv::Mat<0, 512, 512, 1, 1536>&, xf::cv::Mat<8, 512, 512, 1, 2>&, unsigned char, unsigned char, unsigned short, unsigned short)' (/home/centos/workspace/canny_vision/libs/xf_opencv/L1/include/imgproc/xf_canny_utils.hpp:386:9)
INFO: [HLS 214-131] Inlining function 'hls::stream<ap_uint<2>, 0>::read(ap_uint<2>&)' into 'hls::stream<ap_uint<2>, 0>::read()' (/opt/Xilinx/Vitis/2020.1/common/technology/autopilot/hls_stream_39.h:156:9)
INFO: [HLS 214-131] Inlining function 'hls::stream<ap_uint<2>, 0>::read()' into 'xf::cv::Mat<8, 512, 512, 1, 2>::read(int)' (/home/centos/workspace/canny_vision/libs/xf_opencv/L1/include/common/xf_structs.hpp:657:17)
INFO: [HLS 214-131] Inlining function 'hls::stream<ap_uint<64>, 0>::write(ap_uint<64> const&)' into 'xf::cv::Mat<8, 512, 512, 32, 2>::write(int, ap_uint<64>)' (/home/centos/workspace/canny_vision/libs/xf_opencv/L1/include/common/xf_structs.hpp:677:10)
INFO: [HLS 214-131] Inlining function 'xf::cv::Mat<0, 512, 512, 1, 2>::Mat(int, int)' into 'void xf::cv::xFCannyKernel<0, 8, 0, 512, 512, 0, 12, 1, 32, 1, 20, 512, 2, 1536, 3, false>(xf::cv::Mat<0, 512, 512, 1, 2>&, xf::cv::Mat<8, 512, 512, 32, 2>&, unsigned char, unsigned char, unsigned short, unsigned short)' (/home/centos/workspace/canny_vision/libs/xf_opencv/L1/include/imgproc/xf_canny.hpp:198:47)
INFO: [HLS 214-131] Inlining function 'xf::cv::Mat<2, 512, 512, 1, 2>::Mat(int, int)' into 'void xf::cv::xFCannyKernel<0, 8, 0, 512, 512, 0, 12, 1, 32, 1, 20, 512, 2, 1536, 3, false>(xf::cv::Mat<0, 512, 512, 1, 2>&, xf::cv::Mat<8, 512, 512, 32, 2>&, unsigned char, unsigned char, unsigned short, unsigned short)' (/home/centos/workspace/canny_vision/libs/xf_opencv/L1/include/imgproc/xf_canny.hpp:199:48)
INFO: [HLS 214-131] Inlining function 'xf::cv::Mat<2, 512, 512, 1, 2>::Mat(int, int)' into 'void xf::cv::xFCannyKernel<0, 8, 0, 512, 512, 0, 12, 1, 32, 1, 20, 512, 2, 1536, 3, false>(xf::cv::Mat<0, 512, 512, 1, 2>&, xf::cv::Mat<8, 512, 512, 32, 2>&, unsigned char, unsigned char, unsigned short, unsigned short)' (/home/centos/workspace/canny_vision/libs/xf_opencv/L1/include/imgproc/xf_canny.hpp:200:48)
INFO: [HLS 214-131] Inlining function 'void xFAngle<2, 0, 512, 512, 3, 0, 1, 5, 1, 1536>(xf::cv::Mat<2, 512, 512, 1, 2>&, xf::cv::Mat<2, 512, 512, 1, 2>&, xf::cv::Mat<0, 512, 512, 1, 1536>&, unsigned short, unsigned short)' into 'void xf::cv::xFCannyKernel<0, 8, 0, 512, 512, 0, 12, 1, 32, 1, 20, 512, 2, 1536, 3, false>(xf::cv::Mat<0, 512, 512, 1, 2>&, xf::cv::Mat<8, 512, 512, 32, 2>&, unsigned char, unsigned char, unsigned short, unsigned short)' (/home/centos/workspace/canny_vision/libs/xf_opencv/L1/include/imgproc/xf_canny.hpp:232:9)
INFO: [HLS 214-131] Inlining function 'xf::cv::Mat<2, 512, 512, 1, 2>::Mat(int, int)' into 'void xf::cv::xFCannyKernel<0, 8, 0, 512, 512, 0, 12, 1, 32, 1, 20, 512, 2, 1536, 3, false>(xf::cv::Mat<0, 512, 512, 1, 2>&, xf::cv::Mat<8, 512, 512, 32, 2>&, unsigned char, unsigned char, unsigned short, unsigned short)' (/home/centos/workspace/canny_vision/libs/xf_opencv/L1/include/imgproc/xf_canny.hpp:201:48)
INFO: [HLS 214-131] Inlining function 'void xf::cv::magnitude<0, 2, 2, 512, 512, 1, 2>(xf::cv::Mat<2, 512, 512, 1, 2>&, xf::cv::Mat<2, 512, 512, 1, 2>&, xf::cv::Mat<2, 512, 512, 1, 2>&)' into 'void xf::cv::xFCannyKernel<0, 8, 0, 512, 512, 0, 12, 1, 32, 1, 20, 512, 2, 1536, 3, false>(xf::cv::Mat<0, 512, 512, 1, 2>&, xf::cv::Mat<8, 512, 512, 32, 2>&, unsigned char, unsigned char, unsigned short, unsigned short)' (/home/centos/workspace/canny_vision/libs/xf_opencv/L1/include/imgproc/xf_canny.hpp:231:9)
INFO: [HLS 214-131] Inlining function 'xf::cv::Mat<2, 512, 512, 1, 2>::Mat(int, int)' into 'void xf::cv::xFCannyKernel<0, 8, 0, 512, 512, 0, 12, 1, 32, 1, 20, 512, 2, 1536, 3, false>(xf::cv::Mat<0, 512, 512, 1, 2>&, xf::cv::Mat<8, 512, 512, 32, 2>&, unsigned char, unsigned char, unsigned short, unsigned short)' (/home/centos/workspace/canny_vision/libs/xf_opencv/L1/include/imgproc/xf_canny.hpp:202:48)
INFO: [HLS 214-131] Inlining function 'xf::cv::Mat<2, 512, 512, 1, 2>::Mat(int, int)' into 'void xf::cv::xFCannyKernel<0, 8, 0, 512, 512, 0, 12, 1, 32, 1, 20, 512, 2, 1536, 3, false>(xf::cv::Mat<0, 512, 512, 1, 2>&, xf::cv::Mat<8, 512, 512, 32, 2>&, unsigned char, unsigned char, unsigned short, unsigned short)' (/home/centos/workspace/canny_vision/libs/xf_opencv/L1/include/imgproc/xf_canny.hpp:203:48)
INFO: [HLS 214-131] Inlining function 'xf::cv::Mat<2, 512, 512, 1, 2>::Mat(int, int)' into 'void xf::cv::xFCannyKernel<0, 8, 0, 512, 512, 0, 12, 1, 32, 1, 20, 512, 2, 1536, 3, false>(xf::cv::Mat<0, 512, 512, 1, 2>&, xf::cv::Mat<8, 512, 512, 32, 2>&, unsigned char, unsigned char, unsigned short, unsigned short)' (/home/centos/workspace/canny_vision/libs/xf_opencv/L1/include/imgproc/xf_canny.hpp:204:48)
INFO: [HLS 214-131] Inlining function 'xf::cv::Mat<2, 512, 512, 1, 2>::Mat(int, int)' into 'void xf::cv::xFCannyKernel<0, 8, 0, 512, 512, 0, 12, 1, 32, 1, 20, 512, 2, 1536, 3, false>(xf::cv::Mat<0, 512, 512, 1, 2>&, xf::cv::Mat<8, 512, 512, 32, 2>&, unsigned char, unsigned char, unsigned short, unsigned short)' (/home/centos/workspace/canny_vision/libs/xf_opencv/L1/include/imgproc/xf_canny.hpp:205:53)
INFO: [HLS 214-131] Inlining function 'xf::cv::Mat<8, 512, 512, 1, 2>::Mat(int, int)' into 'void xf::cv::xFCannyKernel<0, 8, 0, 512, 512, 0, 12, 1, 32, 1, 20, 512, 2, 1536, 3, false>(xf::cv::Mat<0, 512, 512, 1, 2>&, xf::cv::Mat<8, 512, 512, 32, 2>&, unsigned char, unsigned char, unsigned short, unsigned short)' (/home/centos/workspace/canny_vision/libs/xf_opencv/L1/include/imgproc/xf_canny.hpp:207:47)
INFO: [HLS 214-131] Inlining function 'xf::cv::Mat<0, 512, 512, 1, 1536>::Mat(int, int)' into 'void xf::cv::xFCannyKernel<0, 8, 0, 512, 512, 0, 12, 1, 32, 1, 20, 512, 2, 1536, 3, false>(xf::cv::Mat<0, 512, 512, 1, 2>&, xf::cv::Mat<8, 512, 512, 32, 2>&, unsigned char, unsigned char, unsigned short, unsigned short)' (/home/centos/workspace/canny_vision/libs/xf_opencv/L1/include/imgproc/xf_canny.hpp:206:52)
INFO: [HLS 214-131] Inlining function 'hls::stream<ap_uint<64>, 0>::write(ap_uint<64> const&)' into 'xf::cv::MMIterOut<64, 8, 512, 512, 32, 2>::MatStream2AxiStream(hls::stream<ap_uint<64>, 2>&, hls::stream<ap_uint<64>, 0>&, int, int, int)' (/home/centos/workspace/canny_vision/libs/xf_opencv/L1/include/common/xf_structs.hpp:1270:18)
INFO: [HLS 214-131] Inlining function 'hls::stream<ap_uint<64>, 0>::write(ap_uint<64> const&)' into 'xf::cv::MMIterOut<64, 8, 512, 512, 32, 2>::MatStream2AxiStream(hls::stream<ap_uint<64>, 2>&, hls::stream<ap_uint<64>, 0>&, int, int, int)' (/home/centos/workspace/canny_vision/libs/xf_opencv/L1/include/common/xf_structs.hpp:1261:26)
INFO: [HLS 214-131] Inlining function 'hls::stream<ap_uint<64>, 0>::read()' into 'xf::cv::MMIterOut<64, 8, 512, 512, 32, 2>::MatStream2AxiStream(hls::stream<ap_uint<64>, 2>&, hls::stream<ap_uint<64>, 0>&, int, int, int)' (/home/centos/workspace/canny_vision/libs/xf_opencv/L1/include/common/xf_structs.hpp:1254:46)
INFO: [HLS 214-131] Inlining function 'hls::stream<ap_uint<64>, 0>::read()' into 'xf::cv::MMIterOut<64, 8, 512, 512, 32, 2>::AxiStream2Axi(hls::stream<ap_uint<64>, 0>&, ap_uint<64>*, ap_uint<14>&)' (/home/centos/workspace/canny_vision/libs/xf_opencv/L1/include/common/xf_structs.hpp:1310:16)
INFO: [HLS 214-131] Inlining function 'hls::stream<ap_uint<64>, 0>::stream()' into 'xf::cv::MMIterOut<64, 8, 512, 512, 32, 2>::Mat2Axi(hls::stream<ap_uint<64>, 2>&, ap_uint<64>*, int, int)' (/home/centos/workspace/canny_vision/libs/xf_opencv/L1/include/common/xf_structs.hpp:1337:35)
INFO: [HLS 214-131] Inlining function 'xf::cv::Mat<0, 512, 512, 1, 2>::Mat(int, int)' into 'canny_accel' (/home/centos/workspace/canny_vision/src/xf_canny_accel.cpp:40:43)
INFO: [HLS 214-131] Inlining function 'xf::cv::Mat<8, 512, 512, 32, 2>::Mat(int, int)' into 'canny_accel' (/home/centos/workspace/canny_vision/src/xf_canny_accel.cpp:45:44)
INFO: [HLS 214-186] Unrolling loop 'Compute_Grad_Loop' (/home/centos/workspace/canny_vision/libs/xf_opencv/L1/include/imgproc/xf_averagegaussianmask.hpp:70:5) in function 'xFAverageGaussianMask3x3<0, 0, 512, 512, 0, 1, 1, 512>' completely with a factor of 1 (/home/centos/workspace/canny_vision/libs/xf_opencv/L1/include/imgproc/xf_averagegaussianmask.hpp:70:5)
INFO: [HLS 214-186] Unrolling loop 'anonymous' (/home/centos/workspace/canny_vision/libs/xf_opencv/L1/include/common/xf_utility.hpp:41:5) in function 'xFAverageGaussianMask3x3<0, 0, 512, 512, 0, 1, 1, 512>' completely with a factor of 1 (/home/centos/workspace/canny_vision/libs/xf_opencv/L1/include/common/xf_utility.hpp:41:5)
INFO: [HLS 214-186] Unrolling loop 'anonymous' (/home/centos/workspace/canny_vision/libs/xf_opencv/L1/include/common/xf_utility.hpp:41:5) in function 'xFAverageGaussianMask3x3<0, 0, 512, 512, 0, 1, 1, 512>' completely with a factor of 1 (/home/centos/workspace/canny_vision/libs/xf_opencv/L1/include/common/xf_utility.hpp:41:5)
INFO: [HLS 214-186] Unrolling loop 'anonymous' (/home/centos/workspace/canny_vision/libs/xf_opencv/L1/include/common/xf_utility.hpp:41:5) in function 'xFAverageGaussianMask3x3<0, 0, 512, 512, 0, 1, 1, 512>' completely with a factor of 1 (/home/centos/workspace/canny_vision/libs/xf_opencv/L1/include/common/xf_utility.hpp:41:5)
INFO: [HLS 214-186] Unrolling loop 'anonymous' (/home/centos/workspace/canny_vision/libs/xf_opencv/L1/include/common/xf_utility.hpp:41:5) in function 'xFAverageGaussianMask3x3<0, 0, 512, 512, 0, 1, 1, 512>' completely with a factor of 1 (/home/centos/workspace/canny_vision/libs/xf_opencv/L1/include/common/xf_utility.hpp:41:5)
INFO: [HLS 214-186] Unrolling loop 'ComputeMaxLoop' (/home/centos/workspace/canny_vision/libs/xf_opencv/L1/include/imgproc/xf_canny_utils.hpp:147:5) in function 'xFSuppression3x3<2, 0, 8, 512, 512, 3, 0, 12, 1, 5, 1, 0, 512, 1536, 2>' completely with a factor of 1 (/home/centos/workspace/canny_vision/libs/xf_opencv/L1/include/imgproc/xf_canny_utils.hpp:147:5)
INFO: [HLS 214-186] Unrolling loop 'anonymous' (/home/centos/workspace/canny_vision/libs/xf_opencv/L1/include/imgproc/xf_canny.hpp:110:2) in function 'xf::cv::xFPackNMS<8, 8, 512, 512, 12, 12, 1, 32, 0, 20>' completely with a factor of 32 (/home/centos/workspace/canny_vision/libs/xf_opencv/L1/include/imgproc/xf_canny.hpp:110:2)
INFO: [HLS 214-186] Unrolling loop 'procLoop' (/home/centos/workspace/canny_vision/libs/xf_opencv/L1/include/imgproc/xf_magnitude.hpp:91:13) in function 'xf::cv::xFMagnitudeKernel<2, 2, 512, 512, 3, 3, 1, 5, 5, 512, 2>' completely with a factor of 1 (/home/centos/workspace/canny_vision/libs/xf_opencv/L1/include/imgproc/xf_magnitude.hpp:91:13)
INFO: [HLS 214-186] Unrolling loop 'anonymous' (/home/centos/workspace/canny_vision/libs/xf_opencv/L1/include/imgproc/xf_canny_sobel.hpp:183:5) in function 'xFSobel3x3<0, 2, 512, 512, 0, 3, 1, 1, 5, 513, 3, 9, false>' completely with a factor of 3 (/home/centos/workspace/canny_vision/libs/xf_opencv/L1/include/imgproc/xf_canny_sobel.hpp:183:5)
INFO: [HLS 214-186] Unrolling loop 'anonymous' (/home/centos/workspace/canny_vision/libs/xf_opencv/L1/include/imgproc/xf_canny_sobel.hpp:188:2) in function 'xFSobel3x3<0, 2, 512, 512, 0, 3, 1, 1, 5, 513, 3, 9, false>' completely with a factor of 3 (/home/centos/workspace/canny_vision/libs/xf_opencv/L1/include/imgproc/xf_canny_sobel.hpp:188:2)
INFO: [HLS 214-186] Unrolling loop 'anonymous' (/home/centos/workspace/canny_vision/libs/xf_opencv/L1/include/imgproc/xf_canny_sobel.hpp:188:2) in function 'xFSobel3x3<0, 2, 512, 512, 0, 3, 1, 1, 5, 513, 3, 9, false>' completely with a factor of 3 (/home/centos/workspace/canny_vision/libs/xf_opencv/L1/include/imgproc/xf_canny_sobel.hpp:188:2)
INFO: [HLS 214-186] Unrolling loop 'anonymous' (/home/centos/workspace/canny_vision/libs/xf_opencv/L1/include/imgproc/xf_canny_sobel.hpp:188:2) in function 'xFSobel3x3<0, 2, 512, 512, 0, 3, 1, 1, 5, 513, 3, 9, false>' completely with a factor of 3 (/home/centos/workspace/canny_vision/libs/xf_opencv/L1/include/imgproc/xf_canny_sobel.hpp:188:2)
INFO: [HLS 214-186] Unrolling loop 'anonymous' (/home/centos/workspace/canny_vision/libs/xf_opencv/L1/include/imgproc/xf_canny_sobel.hpp:335:13) in function 'xFSobel3x3<0, 2, 512, 512, 0, 3, 1, 1, 5, 513, 3, 9, false>' completely with a factor of 3 (/home/centos/workspace/canny_vision/libs/xf_opencv/L1/include/imgproc/xf_canny_sobel.hpp:335:13)
INFO: [HLS 214-186] Unrolling loop 'anonymous' (/home/centos/workspace/canny_vision/libs/xf_opencv/L1/include/imgproc/xf_canny_sobel.hpp:346:13) in function 'xFSobel3x3<0, 2, 512, 512, 0, 3, 1, 1, 5, 513, 3, 9, false>' completely with a factor of 3 (/home/centos/workspace/canny_vision/libs/xf_opencv/L1/include/imgproc/xf_canny_sobel.hpp:346:13)
INFO: [HLS 214-186] Unrolling loop 'anonymous' (/home/centos/workspace/canny_vision/libs/xf_opencv/L1/include/imgproc/xf_canny_sobel.hpp:369:13) in function 'xFSobel3x3<0, 2, 512, 512, 0, 3, 1, 1, 5, 513, 3, 9, false>' completely with a factor of 3 (/home/centos/workspace/canny_vision/libs/xf_opencv/L1/include/imgproc/xf_canny_sobel.hpp:369:13)
INFO: [HLS 214-186] Unrolling loop 'anonymous' (/home/centos/workspace/canny_vision/libs/xf_opencv/L1/include/imgproc/xf_canny_sobel.hpp:374:2) in function 'xFSobel3x3<0, 2, 512, 512, 0, 3, 1, 1, 5, 513, 3, 9, false>' completely with a factor of 2 (/home/centos/workspace/canny_vision/libs/xf_opencv/L1/include/imgproc/xf_canny_sobel.hpp:374:2)
INFO: [HLS 214-186] Unrolling loop 'anonymous' (/home/centos/workspace/canny_vision/libs/xf_opencv/L1/include/imgproc/xf_canny_sobel.hpp:374:2) in function 'xFSobel3x3<0, 2, 512, 512, 0, 3, 1, 1, 5, 513, 3, 9, false>' completely with a factor of 2 (/home/centos/workspace/canny_vision/libs/xf_opencv/L1/include/imgproc/xf_canny_sobel.hpp:374:2)
INFO: [HLS 214-186] Unrolling loop 'anonymous' (/home/centos/workspace/canny_vision/libs/xf_opencv/L1/include/imgproc/xf_canny_sobel.hpp:374:2) in function 'xFSobel3x3<0, 2, 512, 512, 0, 3, 1, 1, 5, 513, 3, 9, false>' completely with a factor of 2 (/home/centos/workspace/canny_vision/libs/xf_opencv/L1/include/imgproc/xf_canny_sobel.hpp:374:2)
INFO: [HLS 214-186] Unrolling loop 'anonymous' (/home/centos/workspace/canny_vision/libs/xf_opencv/L1/include/imgproc/xf_canny_sobel.hpp:499:9) in function 'xFSobel3x3<0, 2, 512, 512, 0, 3, 1, 1, 5, 513, 3, 9, false>' completely with a factor of 2 (/home/centos/workspace/canny_vision/libs/xf_opencv/L1/include/imgproc/xf_canny_sobel.hpp:499:9)
INFO: [HLS 214-186] Unrolling loop 'anonymous' (/home/centos/workspace/canny_vision/libs/xf_opencv/L1/include/imgproc/xf_canny_sobel.hpp:475:2) in function 'xFSobel3x3<0, 2, 512, 512, 0, 3, 1, 1, 5, 513, 3, 9, false>' completely with a factor of 1 (/home/centos/workspace/canny_vision/libs/xf_opencv/L1/include/imgproc/xf_canny_sobel.hpp:475:2)
INFO: [HLS 214-186] Unrolling loop 'Extract_pixels_loop' (/home/centos/workspace/canny_vision/libs/xf_opencv/L1/include/common/xf_utility.hpp:62:5) in function 'xf::cv::xfExtractPixels<1, 1, 0>' completely with a factor of 1 (/home/centos/workspace/canny_vision/libs/xf_opencv/L1/include/common/xf_utility.hpp:62:5)
INFO: [HLS 214-186] Unrolling loop 'Extract_pixels_loop' (/home/centos/workspace/canny_vision/libs/xf_opencv/L1/include/common/xf_utility.hpp:62:5) in function 'xf::cv::xfExtractPixels<1, 5, 3>' completely with a factor of 1 (/home/centos/workspace/canny_vision/libs/xf_opencv/L1/include/common/xf_utility.hpp:62:5)
INFO: [HLS 214-178] Inlining function 'xf::cv::MMIterIn<64, 0, 512, 512, 1, 2>::Array2xfMat(ap_uint<64>*, xf::cv::Mat<0, 512, 512, 1, 2>&)' into 'void xf::cv::Array2xfMat<64, 0, 512, 512, 1>(ap_uint<64>*, xf::cv::Mat<0, 512, 512, 1, 2>&)' (/home/centos/workspace/canny_vision/libs/xf_opencv/L1/include/common/xf_utility.hpp:518:0)
INFO: [HLS 214-178] Inlining function 'xf::cv::Mat<0, 512, 512, 1, 2>::read(int)' into 'void xFAverageGaussianMask3x3<0, 0, 512, 512, 0, 1, 1, 512>(xf::cv::Mat<0, 512, 512, 1, 2>&, xf::cv::Mat<0, 512, 512, 1, 2>&, unsigned short, unsigned short)' (/home/centos/workspace/canny_vision/libs/xf_opencv/L1/include/imgproc/xf_averagegaussianmask.hpp:162:0)
INFO: [HLS 214-178] Inlining function 'xf::cv::Mat<0, 512, 512, 1, 2>::read(int)' into 'void xFAverageGaussianMask3x3<0, 0, 512, 512, 0, 1, 1, 512>(xf::cv::Mat<0, 512, 512, 1, 2>&, xf::cv::Mat<0, 512, 512, 1, 2>&, unsigned short, unsigned short)' (/home/centos/workspace/canny_vision/libs/xf_opencv/L1/include/imgproc/xf_averagegaussianmask.hpp:162:0)
INFO: [HLS 214-178] Inlining function 'xf::cv::Mat<0, 512, 512, 1, 2>::write(int, ap_uint<8>)' into 'void xFAverageGaussianMask3x3<0, 0, 512, 512, 0, 1, 1, 512>(xf::cv::Mat<0, 512, 512, 1, 2>&, xf::cv::Mat<0, 512, 512, 1, 2>&, unsigned short, unsigned short)' (/home/centos/workspace/canny_vision/libs/xf_opencv/L1/include/imgproc/xf_averagegaussianmask.hpp:162:0)
INFO: [HLS 214-178] Inlining function 'xf::cv::Mat<0, 512, 512, 1, 2>::write(int, ap_uint<8>)' into 'void xFAverageGaussianMask3x3<0, 0, 512, 512, 0, 1, 1, 512>(xf::cv::Mat<0, 512, 512, 1, 2>&, xf::cv::Mat<0, 512, 512, 1, 2>&, unsigned short, unsigned short)' (/home/centos/workspace/canny_vision/libs/xf_opencv/L1/include/imgproc/xf_averagegaussianmask.hpp:162:0)
INFO: [HLS 214-178] Inlining function 'xf::cv::Mat<0, 512, 512, 1, 2>::read(int)' into 'void xFSobel3x3<0, 2, 512, 512, 0, 3, 1, 1, 5, 513, 3, 9, false>(xf::cv::Mat<0, 512, 512, 1, 2>&, xf::cv::Mat<2, 512, 512, 1, 2>&, xf::cv::Mat<2, 512, 512, 1, 2>&, ap_uint<8>, unsigned short, unsigned short)' (/home/centos/workspace/canny_vision/libs/xf_opencv/L1/include/imgproc/xf_canny_sobel.hpp:408:0)
INFO: [HLS 214-178] Inlining function 'xf::cv::Mat<0, 512, 512, 1, 2>::read(int)' into 'void xFSobel3x3<0, 2, 512, 512, 0, 3, 1, 1, 5, 513, 3, 9, false>(xf::cv::Mat<0, 512, 512, 1, 2>&, xf::cv::Mat<2, 512, 512, 1, 2>&, xf::cv::Mat<2, 512, 512, 1, 2>&, ap_uint<8>, unsigned short, unsigned short)' (/home/centos/workspace/canny_vision/libs/xf_opencv/L1/include/imgproc/xf_canny_sobel.hpp:408:0)
INFO: [HLS 214-178] Inlining function 'xf::cv::Mat<2, 512, 512, 1, 2>::write(int, ap_uint<16>)' into 'void xFSobel3x3<0, 2, 512, 512, 0, 3, 1, 1, 5, 513, 3, 9, false>(xf::cv::Mat<0, 512, 512, 1, 2>&, xf::cv::Mat<2, 512, 512, 1, 2>&, xf::cv::Mat<2, 512, 512, 1, 2>&, ap_uint<8>, unsigned short, unsigned short)' (/home/centos/workspace/canny_vision/libs/xf_opencv/L1/include/imgproc/xf_canny_sobel.hpp:408:0)
INFO: [HLS 214-178] Inlining function 'xf::cv::Mat<2, 512, 512, 1, 2>::write(int, ap_uint<16>)' into 'void xFSobel3x3<0, 2, 512, 512, 0, 3, 1, 1, 5, 513, 3, 9, false>(xf::cv::Mat<0, 512, 512, 1, 2>&, xf::cv::Mat<2, 512, 512, 1, 2>&, xf::cv::Mat<2, 512, 512, 1, 2>&, ap_uint<8>, unsigned short, unsigned short)' (/home/centos/workspace/canny_vision/libs/xf_opencv/L1/include/imgproc/xf_canny_sobel.hpp:408:0)
INFO: [HLS 214-178] Inlining function 'xf::cv::Mat<2, 512, 512, 1, 2>::read(int)' into 'void xf::cv::xFDuplicate_rows<2, 512, 512, 3, 1, 5, 512>(xf::cv::Mat<2, 512, 512, 1, 2>&, xf::cv::Mat<2, 512, 512, 1, 2>&, xf::cv::Mat<2, 512, 512, 1, 2>&, xf::cv::Mat<2, 512, 512, 1, 2>&, xf::cv::Mat<2, 512, 512, 1, 2>&, xf::cv::Mat<2, 512, 512, 1, 2>&, unsigned short, unsigned short)' (/home/centos/workspace/canny_vision/libs/xf_opencv/L1/include/imgproc/xf_canny.hpp:51:0)
INFO: [HLS 214-178] Inlining function 'xf::cv::Mat<2, 512, 512, 1, 2>::read(int)' into 'void xf::cv::xFDuplicate_rows<2, 512, 512, 3, 1, 5, 512>(xf::cv::Mat<2, 512, 512, 1, 2>&, xf::cv::Mat<2, 512, 512, 1, 2>&, xf::cv::Mat<2, 512, 512, 1, 2>&, xf::cv::Mat<2, 512, 512, 1, 2>&, xf::cv::Mat<2, 512, 512, 1, 2>&, xf::cv::Mat<2, 512, 512, 1, 2>&, unsigned short, unsigned short)' (/home/centos/workspace/canny_vision/libs/xf_opencv/L1/include/imgproc/xf_canny.hpp:51:0)
INFO: [HLS 214-178] Inlining function 'xf::cv::Mat<2, 512, 512, 1, 2>::write(int, ap_uint<16>)' into 'void xf::cv::xFDuplicate_rows<2, 512, 512, 3, 1, 5, 512>(xf::cv::Mat<2, 512, 512, 1, 2>&, xf::cv::Mat<2, 512, 512, 1, 2>&, xf::cv::Mat<2, 512, 512, 1, 2>&, xf::cv::Mat<2, 512, 512, 1, 2>&, xf::cv::Mat<2, 512, 512, 1, 2>&, xf::cv::Mat<2, 512, 512, 1, 2>&, unsigned short, unsigned short)' (/home/centos/workspace/canny_vision/libs/xf_opencv/L1/include/imgproc/xf_canny.hpp:51:0)
INFO: [HLS 214-178] Inlining function 'xf::cv::Mat<2, 512, 512, 1, 2>::write(int, ap_uint<16>)' into 'void xf::cv::xFDuplicate_rows<2, 512, 512, 3, 1, 5, 512>(xf::cv::Mat<2, 512, 512, 1, 2>&, xf::cv::Mat<2, 512, 512, 1, 2>&, xf::cv::Mat<2, 512, 512, 1, 2>&, xf::cv::Mat<2, 512, 512, 1, 2>&, xf::cv::Mat<2, 512, 512, 1, 2>&, xf::cv::Mat<2, 512, 512, 1, 2>&, unsigned short, unsigned short)' (/home/centos/workspace/canny_vision/libs/xf_opencv/L1/include/imgproc/xf_canny.hpp:51:0)
