A:
   0    1    8    5    5    2    0    7    7   10 ???
  10    5    2    0   10    0    5    4    3   10 ???
   1    3    9    7    1    7    4    4    5    1 ???
   6    8    8    5   10    6    4    9    7    7 ???
   7    7    2    9    7    9    1    0    8    6 ???
   8    6    8    3    1    5    3    6    5    4 ???
   1    0    5    0    1    9    8    8    4    0 ???
   3    6    6    1    6   10    3    9   10    2 ???
   5    6   10    0    6    7    5    0    4    5 ???
   2    8    5    0    2    7    4    2   10    1 ???
   ???    ???    ???    ???    ???    ???    ???    ???    ???    ??? ???

B:
   4    3    4    9   10    7    0    3    0    6 ???
   2    8    9    2    4    2    0    5    0   10 ???
   0    0    5   10    6    8    0   10   10    4 ???
   8    0    6    8    5    6    7    1    9    6 ???
   4    6    1    9    0    2    3    7    9    4 ???
   2    5    2    6    7    5   10    7    1    6 ???
   9    4    2    8    9    4    1    4    1    3 ???
   4    6   10    2    7    8    7    1    7   10 ???
   5    5    5    9    8   10   10    5    6    0 ???
   8    8    8    2    6    1    9   10    0    2 ???
   ???    ???    ???    ???    ???    ???    ???    ???    ???    ??? ???

Gold:
1570 1373 1776 1494 1690 1617 1703 1875 1790 1768 ???
1647 1536 1801 1505 1788 1549 1430 1855 1631 1885 ???
1413 1552 1463 1572 1541 1733 1545 1560 1661 1612 ???
1697 1854 1916 1886 2068 1967 1895 1926 1882 2049 ???
1565 1299 1589 1620 1666 1556 1475 1610 1415 1587 ???
1536 1558 1665 1764 1887 1739 1715 1710 1792 1922 ???
1234 1249 1397 1314 1477 1545 1263 1302 1338 1526 ???
1390 1486 1654 1544 1493 1552 1457 1687 1569 1573 ???
1327 1372 1465 1620 1663 1600 1407 1644 1487 1697 ???
1399 1379 1491 1680 1661 1607 1471 1384 1516 1619 ???
   ???    ???    ???    ???    ???    ???    ???    ???    ???    ??? ???

Found Platform
Platform Name: Xilinx
INFO: Reading ../matmul.xclbin
Loading: '../matmul.xclbin'
Trying to program device[0]: xilinx_aws-vu9p-f1_shell-v04261818_201920_2
Device[0]: program successful!
|-------------------------+-------------------------|
| Kernel(  2 iterations)  |    Wall-Clock Time (ns) |
|-------------------------+-------------------------|
| matmul: naive           |                 1875168 |
| matmul: partition       |                 1624365 |
|-------------------------+-------------------------|
Note: Wall Clock Time is meaningful for real hardware execution only, not for emulation.
Please refer to profile summary for kernel execution time for hardware emulation.
TEST PASSED

