==============================================================
Vitis HLS - High-Level Synthesis from C, C++ and OpenCL v2020.1 (64-bit)
Copyright 1986-2020 Xilinx, Inc. All Rights Reserved.
==============================================================
INFO: [HLS 200-1505] Using flow_target 'vitis'
INFO: [HLS 200-435] Setting 'config_flow -target' configuration: config_interface -m_axi_latency=64
INFO: [HLS 200-435] Setting 'config_flow -target' configuration: config_interface -m_axi_alignment_byte_size=64
INFO: [HLS 200-435] Setting 'config_flow -target' configuration: config_interface -m_axi_max_widen_bitwidth=512
INFO: [HLS 200-435] Setting 'config_flow -target' configuration: config_interface -default_slave_interface=s_axilite
INFO: [HLS 200-435] Setting 'config_flow -target' configuration: config_rtl -register_reset_num=3
INFO: [HLS 200-10] Setting target device to 'xcvu9p-flgb2104-2-i'
INFO: [SYN 201-201] Setting up clock 'default' with a period of 4ns.
INFO: [SYN 201-201] Setting up clock 'default' with an uncertainty of 1.08ns.
INFO: [HLS 200-10] Analyzing design file '/home/centos/workspace/canny_vision/src/xf_edgetracing_accel.cpp' ... 
WARNING: [HLS 207-5324] unused parameter 'index': /home/centos/workspace/canny_vision/libs/xf_opencv/L1/include/common/xf_structs.hpp:1183:102
WARNING: [HLS 207-5324] unused parameter 'index': /home/centos/workspace/canny_vision/libs/xf_opencv/L1/include/common/xf_structs.hpp:1386:34
WARNING: [HLS 207-5324] unused parameter 'win_size': /home/centos/workspace/canny_vision/libs/xf_opencv/L1/include/imgproc/xf_canny_sobel.hpp:23:33
WARNING: [HLS 207-5324] unused parameter 'win_size': /home/centos/workspace/canny_vision/libs/xf_opencv/L1/include/imgproc/xf_canny_sobel.hpp:56:33
WARNING: [HLS 207-5324] unused parameter 'win_size': /home/centos/workspace/canny_vision/libs/xf_opencv/L1/include/imgproc/xf_canny_sobel.hpp:90:30
WARNING: [HLS 207-5324] unused parameter 'win_size': /home/centos/workspace/canny_vision/libs/xf_opencv/L1/include/imgproc/xf_canny_sobel.hpp:116:30
WARNING: [HLS 207-1017] unknown pragma ignored: /home/centos/workspace/canny_vision/libs/xf_opencv/L1/include/imgproc/xf_canny_sobel.hpp:437:9
WARNING: [HLS 207-1535] 'Resource' is deprecated, and it will be removed in future release: /home/centos/workspace/canny_vision/libs/xf_opencv/L1/include/imgproc/xf_canny_sobel.hpp:438:9
WARNING: [HLS 207-1535] 'Resource' is deprecated, and it will be removed in future release: /home/centos/workspace/canny_vision/libs/xf_opencv/L1/include/imgproc/xf_canny_sobel.hpp:442:9
WARNING: [HLS 207-5324] unused parameter '_border_type': /home/centos/workspace/canny_vision/libs/xf_opencv/L1/include/imgproc/xf_canny_sobel.hpp:524:18
WARNING: [HLS 207-1535] 'Resource' is deprecated, and it will be removed in future release: /home/centos/workspace/canny_vision/libs/xf_opencv/L1/include/imgproc/xf_averagegaussianmask.hpp:191:9
WARNING: [HLS 207-1535] 'Resource' is deprecated, and it will be removed in future release: /home/centos/workspace/canny_vision/libs/xf_opencv/L1/include/imgproc/xf_canny_utils.hpp:487:9
WARNING: [HLS 207-1536] 'false' in '#pragma HLS dependence' is deprecated, and it will be removed in future release: /home/centos/workspace/canny_vision/libs/xf_opencv/L1/include/imgproc/xf_edge_tracing.hpp:195:44
WARNING: [HLS 207-1536] 'false' in '#pragma HLS dependence' is deprecated, and it will be removed in future release: /home/centos/workspace/canny_vision/libs/xf_opencv/L1/include/imgproc/xf_edge_tracing.hpp:196:44
WARNING: [HLS 207-5324] unused parameter 'width': /home/centos/workspace/canny_vision/libs/xf_opencv/L1/include/imgproc/xf_edge_tracing.hpp:154:23
WARNING: [HLS 207-5324] unused parameter 'height': /home/centos/workspace/canny_vision/libs/xf_opencv/L1/include/imgproc/xf_edge_tracing.hpp:155:23
WARNING: [HLS 207-5324] unused parameter 'bramsetsval': /home/centos/workspace/canny_vision/libs/xf_opencv/L1/include/imgproc/xf_edge_tracing.hpp:156:18
WARNING: [HLS 207-1535] 'Resource' is deprecated, and it will be removed in future release: /home/centos/workspace/canny_vision/libs/xf_opencv/L1/include/imgproc/xf_edge_tracing.hpp:287:9
WARNING: [HLS 207-1535] 'Resource' is deprecated, and it will be removed in future release: /home/centos/workspace/canny_vision/libs/xf_opencv/L1/include/imgproc/xf_edge_tracing.hpp:292:9
WARNING: [HLS 207-1536] 'false' in '#pragma HLS dependence' is deprecated, and it will be removed in future release: /home/centos/workspace/canny_vision/libs/xf_opencv/L1/include/imgproc/xf_edge_tracing.hpp:335:45
WARNING: [HLS 207-1536] 'false' in '#pragma HLS dependence' is deprecated, and it will be removed in future release: /home/centos/workspace/canny_vision/libs/xf_opencv/L1/include/imgproc/xf_edge_tracing.hpp:336:45
INFO: [HLS 200-777] Using interface defaults for 'Vitis' target.
INFO: [HLS 214-131] Inlining function 'xf::cv::Mat<8, 512, 512, 32, 2>::init(int, int, bool)' into 'xf::cv::Mat<8, 512, 512, 32, 2>::Mat(int, int, void*)' (/home/centos/workspace/canny_vision/libs/xf_opencv/L1/include/common/xf_structs.hpp:628:2)
INFO: [HLS 214-131] Inlining function 'xf::cv::Mat<0, 512, 512, 8, 2>::init(int, int, bool)' into 'xf::cv::Mat<0, 512, 512, 8, 2>::Mat(int, int, void*)' (/home/centos/workspace/canny_vision/libs/xf_opencv/L1/include/common/xf_structs.hpp:628:2)
INFO: [HLS 214-131] Inlining function 'xf::cv::applyEqn(ap_uint<2>&, ap_uint<2>&, ap_uint<2>&, ap_uint<2>&, ap_uint<2>&, ap_uint<2>&, ap_uint<2>&, ap_uint<2>&, ap_uint<2>&)' into 'void xf::cv::PixelProcessNew<1>(ap_uint<68>, ap_uint<68>, ap_uint<68>, ap_uint<68>&, ap_uint<68>&, ap_uint<68>&)' (/home/centos/workspace/canny_vision/libs/xf_opencv/L1/include/imgproc/xf_edge_tracing.hpp:142:2)
INFO: [HLS 214-131] Inlining function 'xf::cv::applyEqn(ap_uint<2>&, ap_uint<2>&, ap_uint<2>&, ap_uint<2>&, ap_uint<2>&, ap_uint<2>&, ap_uint<2>&, ap_uint<2>&, ap_uint<2>&)' into 'void xf::cv::PixelProcessNew<1>(ap_uint<68>, ap_uint<68>, ap_uint<68>, ap_uint<68>&, ap_uint<68>&, ap_uint<68>&)' (/home/centos/workspace/canny_vision/libs/xf_opencv/L1/include/imgproc/xf_edge_tracing.hpp:125:2)
INFO: [HLS 214-131] Inlining function 'xf::cv::applyEqn(ap_uint<2>&, ap_uint<2>&, ap_uint<2>&, ap_uint<2>&, ap_uint<2>&, ap_uint<2>&, ap_uint<2>&, ap_uint<2>&, ap_uint<2>&)' into 'void xf::cv::PixelProcessNew<1>(ap_uint<68>, ap_uint<68>, ap_uint<68>, ap_uint<68>&, ap_uint<68>&, ap_uint<68>&)' (/home/centos/workspace/canny_vision/libs/xf_opencv/L1/include/imgproc/xf_edge_tracing.hpp:108:2)
INFO: [HLS 214-131] Inlining function 'void xf::cv::xfEdgeTracing<8, 0, 32, 8, 512, 512, false>(xf::cv::Mat<0, 512, 512, 8, 2>&, xf::cv::Mat<8, 512, 512, 32, 2>&, unsigned short, unsigned short)' into 'void xf::cv::EdgeTracing<8, 0, 512, 512, 32, 8, false>(xf::cv::Mat<8, 512, 512, 32, 2>&, xf::cv::Mat<0, 512, 512, 8, 2>&)' (/home/centos/workspace/canny_vision/libs/xf_opencv/L1/include/imgproc/xf_edge_tracing.hpp:456:2)
INFO: [HLS 214-131] Inlining function 'xf::cv::Mat<8, 512, 512, 32, 2>::Mat(int, int, void*)' into 'edgetracing_accel' (/home/centos/workspace/canny_vision/src/xf_edgetracing_accel.cpp:35:47)
INFO: [HLS 214-131] Inlining function 'void xf::cv::EdgeTracing<8, 0, 512, 512, 32, 8, false>(xf::cv::Mat<8, 512, 512, 32, 2>&, xf::cv::Mat<0, 512, 512, 8, 2>&)' into 'edgetracing_accel' (/home/centos/workspace/canny_vision/src/xf_edgetracing_accel.cpp:38:5)
INFO: [HLS 214-131] Inlining function 'xf::cv::Mat<0, 512, 512, 8, 2>::Mat(int, int, void*)' into 'edgetracing_accel' (/home/centos/workspace/canny_vision/src/xf_edgetracing_accel.cpp:36:46)
INFO: [HLS 214-186] Unrolling loop 'RD_INIT' (/home/centos/workspace/canny_vision/libs/xf_opencv/L1/include/imgproc/xf_edge_tracing.hpp:177:9) in function 'xf::cv::TopDown<5, 1, 1024>' completely with a factor of 5 (/home/centos/workspace/canny_vision/libs/xf_opencv/L1/include/imgproc/xf_edge_tracing.hpp:177:9)
INFO: [HLS 214-186] Unrolling loop 'RD' (/home/centos/workspace/canny_vision/libs/xf_opencv/L1/include/imgproc/xf_edge_tracing.hpp:200:13) in function 'xf::cv::TopDown<5, 1, 1024>' completely with a factor of 5 (/home/centos/workspace/canny_vision/libs/xf_opencv/L1/include/imgproc/xf_edge_tracing.hpp:200:13)
INFO: [HLS 214-186] Unrolling loop 'RD1' (/home/centos/workspace/canny_vision/libs/xf_opencv/L1/include/imgproc/xf_edge_tracing.hpp:214:13) in function 'xf::cv::TopDown<5, 1, 1024>' completely with a factor of 1 (/home/centos/workspace/canny_vision/libs/xf_opencv/L1/include/imgproc/xf_edge_tracing.hpp:214:13)
