

================================================================
== Vitis HLS Report for 'krnl_idct'
================================================================
* Date:           Thu Jan 14 21:10:58 2021

* Version:        2020.1 (Build 2902540 on Wed May 27 20:16:15 MDT 2020)
* Project:        krnl_idct
* Solution:       solution (Vitis Kernel Flow Target)
* Product family: virtexuplus
* Target device:  xcvu9p-flgb2104-2-i


================================================================
== Performance Estimates
================================================================
+ Timing: 
    * Summary: 
    +--------+---------+----------+------------+
    |  Clock |  Target | Estimated| Uncertainty|
    +--------+---------+----------+------------+
    |ap_clk  | 4.00 ns | 3.392 ns |   1.08 ns  |
    +--------+---------+----------+------------+

+ Latency: 
    * Summary: 
    +---------+---------+----------+----------+------+------+---------+
    |  Latency (cycles) |  Latency (absolute) |   Interval  | Pipeline|
    |   min   |   max   |    min   |    max   |  min |  max |   Type  |
    +---------+---------+----------+----------+------+------+---------+
    |     2145|     2215| 8.580 us | 8.860 us |  2146|  2216|   none  |
    +---------+---------+----------+----------+------+------+---------+

    + Detail: 
        * Instance: 
        +------------------------------+--------------------+---------+---------+----------+----------+------+------+----------+
        |                              |                    |  Latency (cycles) |  Latency (absolute) |   Interval  | Pipeline |
        |           Instance           |       Module       |   min   |   max   |    min   |    max   |  min |  max |   Type   |
        +------------------------------+--------------------+---------+---------+----------+----------+------+------+----------+
        |grp_krnl_idct_dataflow_fu_92  |krnl_idct_dataflow  |     2144|     2214| 8.576 us | 8.856 us |  2072|  2122| dataflow |
        +------------------------------+--------------------+---------+---------+----------+----------+------+------+----------+

        * Loop: 
        N/A



================================================================
== Utilization Estimates
================================================================
* Summary: 
+---------------------+---------+------+---------+---------+-----+
|         Name        | BRAM_18K|  DSP |    FF   |   LUT   | URAM|
+---------------------+---------+------+---------+---------+-----+
|DSP                  |        -|     -|        -|        -|    -|
|Expression           |        -|     -|        0|       12|    -|
|FIFO                 |        -|     -|        -|        -|    -|
|Instance             |      120|   338|    42289|    33751|    -|
|Memory               |        -|     -|        -|        -|    -|
|Multiplexer          |        -|     -|        -|       87|    -|
|Register             |        -|     -|      204|        -|    -|
+---------------------+---------+------+---------+---------+-----+
|Total                |      120|   338|    42493|    33850|    0|
+---------------------+---------+------+---------+---------+-----+
|Available SLR        |     1440|  2280|   788160|   394080|  320|
+---------------------+---------+------+---------+---------+-----+
|Utilization SLR (%)  |        8|    14|        5|        8|    0|
+---------------------+---------+------+---------+---------+-----+
|Available            |     4320|  6840|  2364480|  1182240|  960|
+---------------------+---------+------+---------+---------+-----+
|Utilization (%)      |        2|     4|        1|        2|    0|
+---------------------+---------+------+---------+---------+-----+

+ Detail: 
    * Instance: 
    +------------------------------+--------------------+---------+-----+-------+-------+-----+
    |           Instance           |       Module       | BRAM_18K| DSP |   FF  |  LUT  | URAM|
    +------------------------------+--------------------+---------+-----+-------+-------+-----+
    |control_s_axi_U               |control_s_axi       |        0|    0|    322|    552|    0|
    |gmem0_m_axi_U                 |gmem0_m_axi         |       30|    0|   1415|   1585|    0|
    |gmem1_m_axi_U                 |gmem1_m_axi         |       30|    0|   1415|   1585|    0|
    |gmem2_m_axi_U                 |gmem2_m_axi         |       30|    0|   1415|   1585|    0|
    |grp_krnl_idct_dataflow_fu_92  |krnl_idct_dataflow  |       30|  338|  37722|  28444|    0|
    +------------------------------+--------------------+---------+-----+-------+-------+-----+
    |Total                         |                    |      120|  338|  42289|  33751|    0|
    +------------------------------+--------------------+---------+-----+-------+-------+-----+

    * DSP: 
    N/A

    * Memory: 
    N/A

    * FIFO: 
    N/A

    * Expression: 
    +-----------------------------------------------+----------+----+---+----+------------+------------+
    |                 Variable Name                 | Operation| DSP| FF| LUT| Bitwidth P0| Bitwidth P1|
    +-----------------------------------------------+----------+----+---+----+------------+------------+
    |ap_ext_blocking_n                              |    and   |   0|  0|   2|           1|           2|
    |ap_int_blocking_n                              |    and   |   0|  0|   2|           1|           2|
    |ap_str_blocking_n                              |    and   |   0|  0|   2|           1|           2|
    |ap_block_state1                                |    or    |   0|  0|   2|           1|           1|
    |ap_sync_grp_krnl_idct_dataflow_fu_92_ap_done   |    or    |   0|  0|   2|           1|           1|
    |ap_sync_grp_krnl_idct_dataflow_fu_92_ap_ready  |    or    |   0|  0|   2|           1|           1|
    +-----------------------------------------------+----------+----+---+----+------------+------------+
    |Total                                          |          |   0|  0|  12|           6|           9|
    +-----------------------------------------------+----------+----+---+----+------------+------------+

    * Multiplexer: 
    +---------------+----+-----------+-----+-----------+
    |      Name     | LUT| Input Size| Bits| Total Bits|
    +---------------+----+-----------+-----+-----------+
    |ap_NS_fsm      |  15|          3|    1|          3|
    |ap_done        |   9|          2|    1|          2|
    |gmem0_ARVALID  |   9|          2|    1|          2|
    |gmem0_RREADY   |   9|          2|    1|          2|
    |gmem1_ARVALID  |   9|          2|    1|          2|
    |gmem1_RREADY   |   9|          2|    1|          2|
    |gmem2_AWVALID  |   9|          2|    1|          2|
    |gmem2_BREADY   |   9|          2|    1|          2|
    |gmem2_WVALID   |   9|          2|    1|          2|
    +---------------+----+-----------+-----+-----------+
    |Total          |  87|         19|    9|         19|
    +---------------+----+-----------+-----+-----------+

    * Register: 
    +---------------------------------------------------+----+----+-----+-----------+
    |                        Name                       | FF | LUT| Bits| Const Bits|
    +---------------------------------------------------+----+----+-----+-----------+
    |ap_CS_fsm                                          |   2|   0|    2|          0|
    |ap_done_reg                                        |   1|   0|    1|          0|
    |ap_ext_blocking_n_reg                              |   1|   0|    1|          0|
    |ap_int_blocking_n_reg                              |   1|   0|    1|          0|
    |ap_rst_n_inv                                       |   1|   0|    1|          0|
    |ap_rst_reg_1                                       |   1|   0|    1|          0|
    |ap_rst_reg_2                                       |   1|   0|    1|          0|
    |ap_str_blocking_n_reg                              |   1|   0|    1|          0|
    |ap_sync_reg_grp_krnl_idct_dataflow_fu_92_ap_done   |   1|   0|    1|          0|
    |ap_sync_reg_grp_krnl_idct_dataflow_fu_92_ap_ready  |   1|   0|    1|          0|
    |block_read_reg_132                                 |  64|   0|   64|          0|
    |grp_krnl_idct_dataflow_fu_92_ap_start_reg          |   1|   0|    1|          0|
    |q_read_reg_127                                     |  64|   0|   64|          0|
    |voutp_read_reg_122                                 |  64|   0|   64|          0|
    +---------------------------------------------------+----+----+-----+-----------+
    |Total                                              | 204|   0|  204|          0|
    +---------------------------------------------------+----+----+-----+-----------+



================================================================
== Interface
================================================================
* Summary: 
+-----------------------+-----+-----+---------------+--------------+--------------+
|       RTL Ports       | Dir | Bits|    Protocol   | Source Object|    C Type    |
+-----------------------+-----+-----+---------------+--------------+--------------+
|s_axi_control_AWVALID  |  in |    1|     s_axi     |    control   |  return void |
|s_axi_control_AWREADY  | out |    1|     s_axi     |    control   |  return void |
|s_axi_control_AWADDR   |  in |    7|     s_axi     |    control   |  return void |
|s_axi_control_WVALID   |  in |    1|     s_axi     |    control   |  return void |
|s_axi_control_WREADY   | out |    1|     s_axi     |    control   |  return void |
|s_axi_control_WDATA    |  in |   32|     s_axi     |    control   |  return void |
|s_axi_control_WSTRB    |  in |    4|     s_axi     |    control   |  return void |
|s_axi_control_ARVALID  |  in |    1|     s_axi     |    control   |  return void |
|s_axi_control_ARREADY  | out |    1|     s_axi     |    control   |  return void |
|s_axi_control_ARADDR   |  in |    7|     s_axi     |    control   |  return void |
|s_axi_control_RVALID   | out |    1|     s_axi     |    control   |  return void |
|s_axi_control_RREADY   |  in |    1|     s_axi     |    control   |  return void |
|s_axi_control_RDATA    | out |   32|     s_axi     |    control   |  return void |
|s_axi_control_RRESP    | out |    2|     s_axi     |    control   |  return void |
|s_axi_control_BVALID   | out |    1|     s_axi     |    control   |  return void |
|s_axi_control_BREADY   |  in |    1|     s_axi     |    control   |  return void |
|s_axi_control_BRESP    | out |    2|     s_axi     |    control   |  return void |
|ap_clk                 |  in |    1| ap_ctrl_chain |   krnl_idct  | return value |
|ap_rst_n               |  in |    1| ap_ctrl_chain |   krnl_idct  | return value |
|event_done             | out |    1| ap_ctrl_chain |   krnl_idct  | return value |
|interrupt              | out |    1| ap_ctrl_chain |   krnl_idct  | return value |
|event_start            | out |    1| ap_ctrl_chain |   krnl_idct  | return value |
|stall_start_ext        | out |    1| ap_ctrl_chain |   krnl_idct  | return value |
|stall_done_ext         | out |    1| ap_ctrl_chain |   krnl_idct  | return value |
|stall_start_str        | out |    1| ap_ctrl_chain |   krnl_idct  | return value |
|stall_done_str         | out |    1| ap_ctrl_chain |   krnl_idct  | return value |
|stall_start_int        | out |    1| ap_ctrl_chain |   krnl_idct  | return value |
|stall_done_int         | out |    1| ap_ctrl_chain |   krnl_idct  | return value |
|m_axi_gmem0_AWVALID    | out |    1|     m_axi     |     gmem0    |    pointer   |
|m_axi_gmem0_AWREADY    |  in |    1|     m_axi     |     gmem0    |    pointer   |
|m_axi_gmem0_AWADDR     | out |   64|     m_axi     |     gmem0    |    pointer   |
|m_axi_gmem0_AWID       | out |    1|     m_axi     |     gmem0    |    pointer   |
|m_axi_gmem0_AWLEN      | out |    8|     m_axi     |     gmem0    |    pointer   |
|m_axi_gmem0_AWSIZE     | out |    3|     m_axi     |     gmem0    |    pointer   |
|m_axi_gmem0_AWBURST    | out |    2|     m_axi     |     gmem0    |    pointer   |
|m_axi_gmem0_AWLOCK     | out |    2|     m_axi     |     gmem0    |    pointer   |
|m_axi_gmem0_AWCACHE    | out |    4|     m_axi     |     gmem0    |    pointer   |
|m_axi_gmem0_AWPROT     | out |    3|     m_axi     |     gmem0    |    pointer   |
|m_axi_gmem0_AWQOS      | out |    4|     m_axi     |     gmem0    |    pointer   |
|m_axi_gmem0_AWREGION   | out |    4|     m_axi     |     gmem0    |    pointer   |
|m_axi_gmem0_AWUSER     | out |    1|     m_axi     |     gmem0    |    pointer   |
|m_axi_gmem0_WVALID     | out |    1|     m_axi     |     gmem0    |    pointer   |
|m_axi_gmem0_WREADY     |  in |    1|     m_axi     |     gmem0    |    pointer   |
|m_axi_gmem0_WDATA      | out |  512|     m_axi     |     gmem0    |    pointer   |
|m_axi_gmem0_WSTRB      | out |   64|     m_axi     |     gmem0    |    pointer   |
|m_axi_gmem0_WLAST      | out |    1|     m_axi     |     gmem0    |    pointer   |
|m_axi_gmem0_WID        | out |    1|     m_axi     |     gmem0    |    pointer   |
|m_axi_gmem0_WUSER      | out |    1|     m_axi     |     gmem0    |    pointer   |
|m_axi_gmem0_ARVALID    | out |    1|     m_axi     |     gmem0    |    pointer   |
|m_axi_gmem0_ARREADY    |  in |    1|     m_axi     |     gmem0    |    pointer   |
|m_axi_gmem0_ARADDR     | out |   64|     m_axi     |     gmem0    |    pointer   |
|m_axi_gmem0_ARID       | out |    1|     m_axi     |     gmem0    |    pointer   |
|m_axi_gmem0_ARLEN      | out |    8|     m_axi     |     gmem0    |    pointer   |
|m_axi_gmem0_ARSIZE     | out |    3|     m_axi     |     gmem0    |    pointer   |
|m_axi_gmem0_ARBURST    | out |    2|     m_axi     |     gmem0    |    pointer   |
|m_axi_gmem0_ARLOCK     | out |    2|     m_axi     |     gmem0    |    pointer   |
|m_axi_gmem0_ARCACHE    | out |    4|     m_axi     |     gmem0    |    pointer   |
|m_axi_gmem0_ARPROT     | out |    3|     m_axi     |     gmem0    |    pointer   |
|m_axi_gmem0_ARQOS      | out |    4|     m_axi     |     gmem0    |    pointer   |
|m_axi_gmem0_ARREGION   | out |    4|     m_axi     |     gmem0    |    pointer   |
|m_axi_gmem0_ARUSER     | out |    1|     m_axi     |     gmem0    |    pointer   |
|m_axi_gmem0_RVALID     |  in |    1|     m_axi     |     gmem0    |    pointer   |
|m_axi_gmem0_RREADY     | out |    1|     m_axi     |     gmem0    |    pointer   |
|m_axi_gmem0_RDATA      |  in |  512|     m_axi     |     gmem0    |    pointer   |
|m_axi_gmem0_RLAST      |  in |    1|     m_axi     |     gmem0    |    pointer   |
|m_axi_gmem0_RID        |  in |    1|     m_axi     |     gmem0    |    pointer   |
|m_axi_gmem0_RUSER      |  in |    1|     m_axi     |     gmem0    |    pointer   |
|m_axi_gmem0_RRESP      |  in |    2|     m_axi     |     gmem0    |    pointer   |
|m_axi_gmem0_BVALID     |  in |    1|     m_axi     |     gmem0    |    pointer   |
|m_axi_gmem0_BREADY     | out |    1|     m_axi     |     gmem0    |    pointer   |
|m_axi_gmem0_BRESP      |  in |    2|     m_axi     |     gmem0    |    pointer   |
|m_axi_gmem0_BID        |  in |    1|     m_axi     |     gmem0    |    pointer   |
|m_axi_gmem0_BUSER      |  in |    1|     m_axi     |     gmem0    |    pointer   |
|m_axi_gmem1_AWVALID    | out |    1|     m_axi     |     gmem1    |    pointer   |
|m_axi_gmem1_AWREADY    |  in |    1|     m_axi     |     gmem1    |    pointer   |
|m_axi_gmem1_AWADDR     | out |   64|     m_axi     |     gmem1    |    pointer   |
|m_axi_gmem1_AWID       | out |    1|     m_axi     |     gmem1    |    pointer   |
|m_axi_gmem1_AWLEN      | out |    8|     m_axi     |     gmem1    |    pointer   |
|m_axi_gmem1_AWSIZE     | out |    3|     m_axi     |     gmem1    |    pointer   |
|m_axi_gmem1_AWBURST    | out |    2|     m_axi     |     gmem1    |    pointer   |
|m_axi_gmem1_AWLOCK     | out |    2|     m_axi     |     gmem1    |    pointer   |
|m_axi_gmem1_AWCACHE    | out |    4|     m_axi     |     gmem1    |    pointer   |
|m_axi_gmem1_AWPROT     | out |    3|     m_axi     |     gmem1    |    pointer   |
|m_axi_gmem1_AWQOS      | out |    4|     m_axi     |     gmem1    |    pointer   |
|m_axi_gmem1_AWREGION   | out |    4|     m_axi     |     gmem1    |    pointer   |
|m_axi_gmem1_AWUSER     | out |    1|     m_axi     |     gmem1    |    pointer   |
|m_axi_gmem1_WVALID     | out |    1|     m_axi     |     gmem1    |    pointer   |
|m_axi_gmem1_WREADY     |  in |    1|     m_axi     |     gmem1    |    pointer   |
|m_axi_gmem1_WDATA      | out |  512|     m_axi     |     gmem1    |    pointer   |
|m_axi_gmem1_WSTRB      | out |   64|     m_axi     |     gmem1    |    pointer   |
|m_axi_gmem1_WLAST      | out |    1|     m_axi     |     gmem1    |    pointer   |
|m_axi_gmem1_WID        | out |    1|     m_axi     |     gmem1    |    pointer   |
|m_axi_gmem1_WUSER      | out |    1|     m_axi     |     gmem1    |    pointer   |
|m_axi_gmem1_ARVALID    | out |    1|     m_axi     |     gmem1    |    pointer   |
|m_axi_gmem1_ARREADY    |  in |    1|     m_axi     |     gmem1    |    pointer   |
|m_axi_gmem1_ARADDR     | out |   64|     m_axi     |     gmem1    |    pointer   |
|m_axi_gmem1_ARID       | out |    1|     m_axi     |     gmem1    |    pointer   |
|m_axi_gmem1_ARLEN      | out |    8|     m_axi     |     gmem1    |    pointer   |
|m_axi_gmem1_ARSIZE     | out |    3|     m_axi     |     gmem1    |    pointer   |
|m_axi_gmem1_ARBURST    | out |    2|     m_axi     |     gmem1    |    pointer   |
|m_axi_gmem1_ARLOCK     | out |    2|     m_axi     |     gmem1    |    pointer   |
|m_axi_gmem1_ARCACHE    | out |    4|     m_axi     |     gmem1    |    pointer   |
|m_axi_gmem1_ARPROT     | out |    3|     m_axi     |     gmem1    |    pointer   |
|m_axi_gmem1_ARQOS      | out |    4|     m_axi     |     gmem1    |    pointer   |
|m_axi_gmem1_ARREGION   | out |    4|     m_axi     |     gmem1    |    pointer   |
|m_axi_gmem1_ARUSER     | out |    1|     m_axi     |     gmem1    |    pointer   |
|m_axi_gmem1_RVALID     |  in |    1|     m_axi     |     gmem1    |    pointer   |
|m_axi_gmem1_RREADY     | out |    1|     m_axi     |     gmem1    |    pointer   |
|m_axi_gmem1_RDATA      |  in |  512|     m_axi     |     gmem1    |    pointer   |
|m_axi_gmem1_RLAST      |  in |    1|     m_axi     |     gmem1    |    pointer   |
|m_axi_gmem1_RID        |  in |    1|     m_axi     |     gmem1    |    pointer   |
|m_axi_gmem1_RUSER      |  in |    1|     m_axi     |     gmem1    |    pointer   |
|m_axi_gmem1_RRESP      |  in |    2|     m_axi     |     gmem1    |    pointer   |
|m_axi_gmem1_BVALID     |  in |    1|     m_axi     |     gmem1    |    pointer   |
|m_axi_gmem1_BREADY     | out |    1|     m_axi     |     gmem1    |    pointer   |
|m_axi_gmem1_BRESP      |  in |    2|     m_axi     |     gmem1    |    pointer   |
|m_axi_gmem1_BID        |  in |    1|     m_axi     |     gmem1    |    pointer   |
|m_axi_gmem1_BUSER      |  in |    1|     m_axi     |     gmem1    |    pointer   |
|m_axi_gmem2_AWVALID    | out |    1|     m_axi     |     gmem2    |    pointer   |
|m_axi_gmem2_AWREADY    |  in |    1|     m_axi     |     gmem2    |    pointer   |
|m_axi_gmem2_AWADDR     | out |   64|     m_axi     |     gmem2    |    pointer   |
|m_axi_gmem2_AWID       | out |    1|     m_axi     |     gmem2    |    pointer   |
|m_axi_gmem2_AWLEN      | out |    8|     m_axi     |     gmem2    |    pointer   |
|m_axi_gmem2_AWSIZE     | out |    3|     m_axi     |     gmem2    |    pointer   |
|m_axi_gmem2_AWBURST    | out |    2|     m_axi     |     gmem2    |    pointer   |
|m_axi_gmem2_AWLOCK     | out |    2|     m_axi     |     gmem2    |    pointer   |
|m_axi_gmem2_AWCACHE    | out |    4|     m_axi     |     gmem2    |    pointer   |
|m_axi_gmem2_AWPROT     | out |    3|     m_axi     |     gmem2    |    pointer   |
|m_axi_gmem2_AWQOS      | out |    4|     m_axi     |     gmem2    |    pointer   |
|m_axi_gmem2_AWREGION   | out |    4|     m_axi     |     gmem2    |    pointer   |
|m_axi_gmem2_AWUSER     | out |    1|     m_axi     |     gmem2    |    pointer   |
|m_axi_gmem2_WVALID     | out |    1|     m_axi     |     gmem2    |    pointer   |
|m_axi_gmem2_WREADY     |  in |    1|     m_axi     |     gmem2    |    pointer   |
|m_axi_gmem2_WDATA      | out |  512|     m_axi     |     gmem2    |    pointer   |
|m_axi_gmem2_WSTRB      | out |   64|     m_axi     |     gmem2    |    pointer   |
|m_axi_gmem2_WLAST      | out |    1|     m_axi     |     gmem2    |    pointer   |
|m_axi_gmem2_WID        | out |    1|     m_axi     |     gmem2    |    pointer   |
|m_axi_gmem2_WUSER      | out |    1|     m_axi     |     gmem2    |    pointer   |
|m_axi_gmem2_ARVALID    | out |    1|     m_axi     |     gmem2    |    pointer   |
|m_axi_gmem2_ARREADY    |  in |    1|     m_axi     |     gmem2    |    pointer   |
|m_axi_gmem2_ARADDR     | out |   64|     m_axi     |     gmem2    |    pointer   |
|m_axi_gmem2_ARID       | out |    1|     m_axi     |     gmem2    |    pointer   |
|m_axi_gmem2_ARLEN      | out |    8|     m_axi     |     gmem2    |    pointer   |
|m_axi_gmem2_ARSIZE     | out |    3|     m_axi     |     gmem2    |    pointer   |
|m_axi_gmem2_ARBURST    | out |    2|     m_axi     |     gmem2    |    pointer   |
|m_axi_gmem2_ARLOCK     | out |    2|     m_axi     |     gmem2    |    pointer   |
|m_axi_gmem2_ARCACHE    | out |    4|     m_axi     |     gmem2    |    pointer   |
|m_axi_gmem2_ARPROT     | out |    3|     m_axi     |     gmem2    |    pointer   |
|m_axi_gmem2_ARQOS      | out |    4|     m_axi     |     gmem2    |    pointer   |
|m_axi_gmem2_ARREGION   | out |    4|     m_axi     |     gmem2    |    pointer   |
|m_axi_gmem2_ARUSER     | out |    1|     m_axi     |     gmem2    |    pointer   |
|m_axi_gmem2_RVALID     |  in |    1|     m_axi     |     gmem2    |    pointer   |
|m_axi_gmem2_RREADY     | out |    1|     m_axi     |     gmem2    |    pointer   |
|m_axi_gmem2_RDATA      |  in |  512|     m_axi     |     gmem2    |    pointer   |
|m_axi_gmem2_RLAST      |  in |    1|     m_axi     |     gmem2    |    pointer   |
|m_axi_gmem2_RID        |  in |    1|     m_axi     |     gmem2    |    pointer   |
|m_axi_gmem2_RUSER      |  in |    1|     m_axi     |     gmem2    |    pointer   |
|m_axi_gmem2_RRESP      |  in |    2|     m_axi     |     gmem2    |    pointer   |
|m_axi_gmem2_BVALID     |  in |    1|     m_axi     |     gmem2    |    pointer   |
|m_axi_gmem2_BREADY     | out |    1|     m_axi     |     gmem2    |    pointer   |
|m_axi_gmem2_BRESP      |  in |    2|     m_axi     |     gmem2    |    pointer   |
|m_axi_gmem2_BID        |  in |    1|     m_axi     |     gmem2    |    pointer   |
|m_axi_gmem2_BUSER      |  in |    1|     m_axi     |     gmem2    |    pointer   |
+-----------------------+-----+-----+---------------+--------------+--------------+

