

================================================================
== Vitis HLS Report for 'krnl_idct'
================================================================
* Date:           Thu Jan 14 21:10:45 2021

* Version:        2020.1 (Build 2902540 on Wed May 27 20:16:15 MDT 2020)
* Project:        krnl_idct
* Solution:       solution (Vitis Kernel Flow Target)
* Product family: virtexuplus
* Target device:  xcvu9p-flgb2104-2-i


================================================================
== Performance Estimates
================================================================
+ Timing: 
    * Summary: 
    +--------+---------+----------+------------+
    |  Clock |  Target | Estimated| Uncertainty|
    +--------+---------+----------+------------+
    |ap_clk  | 4.00 ns | 3.392 ns |   1.08 ns  |
    +--------+---------+----------+------------+

+ Latency: 
    * Summary: 
    +---------+---------+----------+----------+------+------+---------+
    |  Latency (cycles) |  Latency (absolute) |   Interval  | Pipeline|
    |   min   |   max   |    min   |    max   |  min |  max |   Type  |
    +---------+---------+----------+----------+------+------+---------+
    |     2145|     2215| 8.580 us | 8.860 us |  2146|  2216|   none  |
    +---------+---------+----------+----------+------+------+---------+

    + Detail: 
        * Instance: 
        +------------------------------+--------------------+---------+---------+----------+----------+------+------+----------+
        |                              |                    |  Latency (cycles) |  Latency (absolute) |   Interval  | Pipeline |
        |           Instance           |       Module       |   min   |   max   |    min   |    max   |  min |  max |   Type   |
        +------------------------------+--------------------+---------+---------+----------+----------+------+------+----------+
        |grp_krnl_idct_dataflow_fu_92  |krnl_idct_dataflow  |     2144|     2214| 8.576 us | 8.856 us |  2072|  2122| dataflow |
        +------------------------------+--------------------+---------+---------+----------+----------+------+------+----------+

        * Loop: 
        N/A

============================================================
+ Verbose Summary: Synthesis Manager
============================================================
InlineROM: 1
ExposeGlobal: 0
============================================================
+ Verbose Summary: CDFG Model
============================================================
IsTopModel: 1
ResetActiveHigh: 1
IsCombinational: 0
IsDatapathOnly: 0
HasWiredReturn: 1
HasMFsm: 0
HasVarLatency: 1
IsPipeline: 0
IsRtlPipelined: 0
IsInstanceOverlapped: 0
IsDontTouch: 0
HasImplIP: 0
IsGatedGlobalClock: 0


============================================================
+ Verbose Summary: Schedule
============================================================
* Number of FSM states : 2
* Pipeline : 0
* Dataflow Pipeline: 0

* FSM state transitions: 
1 --> 2 
2 --> 

* FSM state operations: 

State 1 <SV = 0> <Delay = 1.00>
ST_1 : Operation 3 [1/1] (1.00ns)   --->   "%blocks_read = read i32 @_ssdm_op_Read.ap_none.i32, i32 %blocks" [/home/centos/workspace/lab_optimization/src/krnl_idct.cpp:345]   --->   Operation 3 'read' 'blocks_read' <Predicate = true> <Delay = 1.00> <CoreInst = "s_axilite">   --->   Core 56 's_axilite' <Latency = 0> <II = 1> <Delay = 1.00> <Adapter> <Opcode : 'read' 'write'>
ST_1 : Operation 4 [1/1] (1.00ns)   --->   "%ignore_dc_read = read i32 @_ssdm_op_Read.ap_none.i32, i32 %ignore_dc" [/home/centos/workspace/lab_optimization/src/krnl_idct.cpp:345]   --->   Operation 4 'read' 'ignore_dc_read' <Predicate = true> <Delay = 1.00> <CoreInst = "s_axilite">   --->   Core 56 's_axilite' <Latency = 0> <II = 1> <Delay = 1.00> <Adapter> <Opcode : 'read' 'write'>
ST_1 : Operation 5 [1/1] (1.00ns)   --->   "%voutp_read = read i64 @_ssdm_op_Read.s_axilite.i64, i64 %voutp" [/home/centos/workspace/lab_optimization/src/krnl_idct.cpp:345]   --->   Operation 5 'read' 'voutp_read' <Predicate = true> <Delay = 1.00> <CoreInst = "s_axilite">   --->   Core 56 's_axilite' <Latency = 0> <II = 1> <Delay = 1.00> <Adapter> <Opcode : 'read' 'write'>
ST_1 : Operation 6 [1/1] (1.00ns)   --->   "%q_read = read i64 @_ssdm_op_Read.s_axilite.i64, i64 %q" [/home/centos/workspace/lab_optimization/src/krnl_idct.cpp:345]   --->   Operation 6 'read' 'q_read' <Predicate = true> <Delay = 1.00> <CoreInst = "s_axilite">   --->   Core 56 's_axilite' <Latency = 0> <II = 1> <Delay = 1.00> <Adapter> <Opcode : 'read' 'write'>
ST_1 : Operation 7 [1/1] (1.00ns)   --->   "%block_read = read i64 @_ssdm_op_Read.s_axilite.i64, i64 %block_r" [/home/centos/workspace/lab_optimization/src/krnl_idct.cpp:345]   --->   Operation 7 'read' 'block_read' <Predicate = true> <Delay = 1.00> <CoreInst = "s_axilite">   --->   Core 56 's_axilite' <Latency = 0> <II = 1> <Delay = 1.00> <Adapter> <Opcode : 'read' 'write'>
ST_1 : Operation 8 [2/2] (0.00ns)   --->   "%call_ln360 = call void @krnl_idct_dataflow, i512 %gmem0, i512 %gmem1, i512 %gmem2, i64 %block_read, i64 %q_read, i64 %voutp_read, i32 %ignore_dc_read, i32 %blocks_read" [/home/centos/workspace/lab_optimization/src/krnl_idct.cpp:360]   --->   Operation 8 'call' 'call_ln360' <Predicate = true> <Delay = 0.00> <CoreType = "Generic">   --->   Core 0 '' <Latency = 0> <II = 1> <Delay = 1.00> <Generic> <Opcode : >

State 2 <SV = 1> <Delay = 0.00>
ST_2 : Operation 9 [1/1] (0.00ns)   --->   "%spectopmodule_ln0 = spectopmodule void @_ssdm_op_SpecTopModule, void @empty_8"   --->   Operation 9 'spectopmodule' 'spectopmodule_ln0' <Predicate = true> <Delay = 0.00>
ST_2 : Operation 10 [1/1] (0.00ns)   --->   "%specinterface_ln0 = specinterface void @_ssdm_op_SpecInterface, i32, void @empty_9, i32, i32, void @empty_12, i32, i32, void @empty_12, void @empty_12, void @empty_12, i32, i32, i32, i32, void @empty_12, void @empty_12"   --->   Operation 10 'specinterface' 'specinterface_ln0' <Predicate = true> <Delay = 0.00>
ST_2 : Operation 11 [1/1] (0.00ns)   --->   "%specinterface_ln0 = specinterface void @_ssdm_op_SpecInterface, i512 %gmem0, void @empty_14, i32, i32, void @empty_12, i32, i32, void @empty_12, void @empty_12, void @empty_12, i32, i32, i32, i32, void @empty_12, void @empty_12"   --->   Operation 11 'specinterface' 'specinterface_ln0' <Predicate = true> <Delay = 0.00>
ST_2 : Operation 12 [1/1] (0.00ns)   --->   "%specbitsmap_ln0 = specbitsmap void @_ssdm_op_SpecBitsMap, i512 %gmem0"   --->   Operation 12 'specbitsmap' 'specbitsmap_ln0' <Predicate = true> <Delay = 0.00>
ST_2 : Operation 13 [1/1] (0.00ns)   --->   "%specinterface_ln0 = specinterface void @_ssdm_op_SpecInterface, i512 %gmem1, void @empty_14, i32, i32, void @empty_12, i32, i32, void @empty_12, void @empty_12, void @empty_12, i32, i32, i32, i32, void @empty_12, void @empty_12"   --->   Operation 13 'specinterface' 'specinterface_ln0' <Predicate = true> <Delay = 0.00>
ST_2 : Operation 14 [1/1] (0.00ns)   --->   "%specbitsmap_ln0 = specbitsmap void @_ssdm_op_SpecBitsMap, i512 %gmem1"   --->   Operation 14 'specbitsmap' 'specbitsmap_ln0' <Predicate = true> <Delay = 0.00>
ST_2 : Operation 15 [1/1] (0.00ns)   --->   "%specinterface_ln0 = specinterface void @_ssdm_op_SpecInterface, i512 %gmem2, void @empty_14, i32, i32, void @empty_12, i32, i32, void @empty_12, void @empty_12, void @empty_12, i32, i32, i32, i32, void @empty_12, void @empty_12"   --->   Operation 15 'specinterface' 'specinterface_ln0' <Predicate = true> <Delay = 0.00>
ST_2 : Operation 16 [1/1] (0.00ns)   --->   "%specbitsmap_ln0 = specbitsmap void @_ssdm_op_SpecBitsMap, i512 %gmem2"   --->   Operation 16 'specbitsmap' 'specbitsmap_ln0' <Predicate = true> <Delay = 0.00>
ST_2 : Operation 17 [1/1] (0.00ns)   --->   "%specinterface_ln0 = specinterface void @_ssdm_op_SpecInterface, i64 %block_r, void @empty_11, i32, i32, void @empty_12, i32, i32, void @empty_10, void @empty_13, void @empty_12, i32, i32, i32, i32, void @empty_12, void @empty_5"   --->   Operation 17 'specinterface' 'specinterface_ln0' <Predicate = true> <Delay = 0.00>
ST_2 : Operation 18 [1/1] (0.00ns)   --->   "%specinterface_ln0 = specinterface void @_ssdm_op_SpecInterface, i64 %block_r, void @empty_3, i32, i32, void @empty_12, i32, i32, void @empty_12, void @empty_12, void @empty_12, i32, i32, i32, i32, void @empty_12, void @empty_5"   --->   Operation 18 'specinterface' 'specinterface_ln0' <Predicate = true> <Delay = 0.00>
ST_2 : Operation 19 [1/1] (0.00ns)   --->   "%specinterface_ln0 = specinterface void @_ssdm_op_SpecInterface, i64 %q, void @empty_11, i32, i32, void @empty_12, i32, i32, void @empty_10, void @empty_2, void @empty_12, i32, i32, i32, i32, void @empty_12, void @empty_5"   --->   Operation 19 'specinterface' 'specinterface_ln0' <Predicate = true> <Delay = 0.00>
ST_2 : Operation 20 [1/1] (0.00ns)   --->   "%specinterface_ln0 = specinterface void @_ssdm_op_SpecInterface, i64 %q, void @empty_3, i32, i32, void @empty_12, i32, i32, void @empty_12, void @empty_12, void @empty_12, i32, i32, i32, i32, void @empty_12, void @empty_5"   --->   Operation 20 'specinterface' 'specinterface_ln0' <Predicate = true> <Delay = 0.00>
ST_2 : Operation 21 [1/1] (0.00ns)   --->   "%specinterface_ln0 = specinterface void @_ssdm_op_SpecInterface, i64 %voutp, void @empty_11, i32, i32, void @empty_12, i32, i32, void @empty_10, void @empty_1, void @empty_12, i32, i32, i32, i32, void @empty_12, void @empty_5"   --->   Operation 21 'specinterface' 'specinterface_ln0' <Predicate = true> <Delay = 0.00>
ST_2 : Operation 22 [1/1] (0.00ns)   --->   "%specinterface_ln0 = specinterface void @_ssdm_op_SpecInterface, i64 %voutp, void @empty_3, i32, i32, void @empty_12, i32, i32, void @empty_12, void @empty_12, void @empty_12, i32, i32, i32, i32, void @empty_12, void @empty_5"   --->   Operation 22 'specinterface' 'specinterface_ln0' <Predicate = true> <Delay = 0.00>
ST_2 : Operation 23 [1/1] (0.00ns)   --->   "%specbitsmap_ln0 = specbitsmap void @_ssdm_op_SpecBitsMap, i32 %ignore_dc"   --->   Operation 23 'specbitsmap' 'specbitsmap_ln0' <Predicate = true> <Delay = 0.00>
ST_2 : Operation 24 [1/1] (0.00ns)   --->   "%specinterface_ln0 = specinterface void @_ssdm_op_SpecInterface, i32 %ignore_dc, void @empty_11, i32, i32, void @empty_12, i32, i32, void @empty_10, void @empty_16, void @empty_12, i32, i32, i32, i32, void @empty_12, void @empty_12"   --->   Operation 24 'specinterface' 'specinterface_ln0' <Predicate = true> <Delay = 0.00>
ST_2 : Operation 25 [1/1] (0.00ns)   --->   "%specinterface_ln0 = specinterface void @_ssdm_op_SpecInterface, i32 %ignore_dc, void @empty_15, i32, i32, void @empty_12, i32, i32, void @empty_12, void @empty_12, void @empty_12, i32, i32, i32, i32, void @empty_12, void @empty_12"   --->   Operation 25 'specinterface' 'specinterface_ln0' <Predicate = true> <Delay = 0.00>
ST_2 : Operation 26 [1/1] (0.00ns)   --->   "%specbitsmap_ln0 = specbitsmap void @_ssdm_op_SpecBitsMap, i32 %blocks"   --->   Operation 26 'specbitsmap' 'specbitsmap_ln0' <Predicate = true> <Delay = 0.00>
ST_2 : Operation 27 [1/1] (0.00ns)   --->   "%specinterface_ln0 = specinterface void @_ssdm_op_SpecInterface, i32 %blocks, void @empty_11, i32, i32, void @empty_12, i32, i32, void @empty_10, void @empty, void @empty_12, i32, i32, i32, i32, void @empty_12, void @empty_12"   --->   Operation 27 'specinterface' 'specinterface_ln0' <Predicate = true> <Delay = 0.00>
ST_2 : Operation 28 [1/1] (0.00ns)   --->   "%specinterface_ln0 = specinterface void @_ssdm_op_SpecInterface, i32 %blocks, void @empty_15, i32, i32, void @empty_12, i32, i32, void @empty_12, void @empty_12, void @empty_12, i32, i32, i32, i32, void @empty_12, void @empty_12"   --->   Operation 28 'specinterface' 'specinterface_ln0' <Predicate = true> <Delay = 0.00>
ST_2 : Operation 29 [1/1] (0.00ns)   --->   "%specinterface_ln0 = specinterface void @_ssdm_op_SpecInterface, i32, void @empty_11, i32, i32, void @empty_12, i32, i32, void @empty_10, void @empty_12, void @empty_12, i32, i32, i32, i32, void @empty_12, void @empty_12"   --->   Operation 29 'specinterface' 'specinterface_ln0' <Predicate = true> <Delay = 0.00>
ST_2 : Operation 30 [1/2] (0.00ns)   --->   "%call_ln360 = call void @krnl_idct_dataflow, i512 %gmem0, i512 %gmem1, i512 %gmem2, i64 %block_read, i64 %q_read, i64 %voutp_read, i32 %ignore_dc_read, i32 %blocks_read" [/home/centos/workspace/lab_optimization/src/krnl_idct.cpp:360]   --->   Operation 30 'call' 'call_ln360' <Predicate = true> <Delay = 0.00> <CoreType = "Generic">   --->   Core 0 '' <Latency = 0> <II = 1> <Delay = 1.00> <Generic> <Opcode : >
ST_2 : Operation 31 [1/1] (0.00ns)   --->   "%ret_ln361 = ret" [/home/centos/workspace/lab_optimization/src/krnl_idct.cpp:361]   --->   Operation 31 'ret' 'ret_ln361' <Predicate = true> <Delay = 0.00>


============================================================
+ Verbose Summary: Binding
============================================================
STG Binding: 
---------------- STG Properties BEGIN ----------------
- Is combinational: 0
- Is one-state seq: 0
- Is datapath-only: 0
- Is pipelined: 0
- Is top level: 1
Port [ Return ] is wired: 1; IO mode=ap_ctrl_chain:ce=0
Port [ gmem0]:  wired=1; compound=1; hidden=0; nouse=0; global=0; static=0; extern=0; dir=0; type=4; pingpong=0; private_global=0; IO mode=m_axi:ce=0
Port [ gmem1]:  wired=1; compound=1; hidden=0; nouse=0; global=0; static=0; extern=0; dir=0; type=4; pingpong=0; private_global=0; IO mode=m_axi:ce=0
Port [ gmem2]:  wired=1; compound=1; hidden=0; nouse=0; global=0; static=0; extern=0; dir=1; type=4; pingpong=0; private_global=0; IO mode=m_axi:ce=0
Port [ block_r]:  wired=1; compound=0; hidden=0; nouse=0; global=0; static=0; extern=0; dir=0; type=0; pingpong=0; private_global=0; IO mode=ap_none:ce=0
Port [ q]:  wired=1; compound=0; hidden=0; nouse=0; global=0; static=0; extern=0; dir=0; type=0; pingpong=0; private_global=0; IO mode=ap_none:ce=0
Port [ voutp]:  wired=1; compound=0; hidden=0; nouse=0; global=0; static=0; extern=0; dir=0; type=0; pingpong=0; private_global=0; IO mode=ap_none:ce=0
Port [ ignore_dc]:  wired=1; compound=0; hidden=0; nouse=0; global=0; static=0; extern=0; dir=0; type=0; pingpong=0; private_global=0; IO mode=ap_none:ce=0
Port [ blocks]:  wired=1; compound=0; hidden=0; nouse=0; global=0; static=0; extern=0; dir=0; type=0; pingpong=0; private_global=0; IO mode=ap_none:ce=0
---------------- STG Properties END ------------------

---------------- Datapath Model BEGIN ----------------

<LifeTime>
<method=bitvector/>
blocks_read       (read         ) [ 001]
ignore_dc_read    (read         ) [ 001]
voutp_read        (read         ) [ 001]
q_read            (read         ) [ 001]
block_read        (read         ) [ 001]
spectopmodule_ln0 (spectopmodule) [ 000]
specinterface_ln0 (specinterface) [ 000]
specinterface_ln0 (specinterface) [ 000]
specbitsmap_ln0   (specbitsmap  ) [ 000]
specinterface_ln0 (specinterface) [ 000]
specbitsmap_ln0   (specbitsmap  ) [ 000]
specinterface_ln0 (specinterface) [ 000]
specbitsmap_ln0   (specbitsmap  ) [ 000]
specinterface_ln0 (specinterface) [ 000]
specinterface_ln0 (specinterface) [ 000]
specinterface_ln0 (specinterface) [ 000]
specinterface_ln0 (specinterface) [ 000]
specinterface_ln0 (specinterface) [ 000]
specinterface_ln0 (specinterface) [ 000]
specbitsmap_ln0   (specbitsmap  ) [ 000]
specinterface_ln0 (specinterface) [ 000]
specinterface_ln0 (specinterface) [ 000]
specbitsmap_ln0   (specbitsmap  ) [ 000]
specinterface_ln0 (specinterface) [ 000]
specinterface_ln0 (specinterface) [ 000]
specinterface_ln0 (specinterface) [ 000]
call_ln360        (call         ) [ 000]
ret_ln361         (ret          ) [ 000]
</LifeTime>

<model>

<comp_list>
<comp id="0" class="1000" name="gmem0">
<pin_list>
<pin id="1" dir="1" index="0" bw="1" slack="0"/>
</pin_list>
<bind>
<StgValue><ssdm name="gmem0"/></StgValue>
</bind>
</comp>

<comp id="2" class="1000" name="gmem1">
<pin_list>
<pin id="3" dir="1" index="0" bw="1" slack="0"/>
</pin_list>
<bind>
<StgValue><ssdm name="gmem1"/></StgValue>
</bind>
</comp>

<comp id="4" class="1000" name="gmem2">
<pin_list>
<pin id="5" dir="1" index="0" bw="1" slack="0"/>
</pin_list>
<bind>
<StgValue><ssdm name="gmem2"/></StgValue>
</bind>
</comp>

<comp id="6" class="1000" name="block_r">
<pin_list>
<pin id="7" dir="1" index="0" bw="1" slack="0"/>
</pin_list>
<bind>
<StgValue><ssdm name="block_r"/></StgValue>
</bind>
</comp>

<comp id="8" class="1000" name="q">
<pin_list>
<pin id="9" dir="1" index="0" bw="1" slack="0"/>
</pin_list>
<bind>
<StgValue><ssdm name="q"/></StgValue>
</bind>
</comp>

<comp id="10" class="1000" name="voutp">
<pin_list>
<pin id="11" dir="1" index="0" bw="1" slack="0"/>
</pin_list>
<bind>
<StgValue><ssdm name="voutp"/></StgValue>
</bind>
</comp>

<comp id="12" class="1000" name="ignore_dc">
<pin_list>
<pin id="13" dir="1" index="0" bw="1" slack="0"/>
</pin_list>
<bind>
<StgValue><ssdm name="ignore_dc"/></StgValue>
</bind>
</comp>

<comp id="14" class="1000" name="blocks">
<pin_list>
<pin id="15" dir="1" index="0" bw="1" slack="0"/>
</pin_list>
<bind>
<StgValue><ssdm name="blocks"/></StgValue>
</bind>
</comp>

<comp id="16" class="1001" name="const_16">
<pin_list>
<pin id="17" dir="1" index="0" bw="1" slack="0"/>
</pin_list>
<bind>
<StgValue><ssdm name="_ssdm_op_Read.ap_none.i32"/></StgValue>
</bind>
</comp>

<comp id="18" class="1001" name="const_18">
<pin_list>
<pin id="19" dir="1" index="0" bw="1" slack="0"/>
</pin_list>
<bind>
<StgValue><ssdm name="_ssdm_op_Read.s_axilite.i64"/></StgValue>
</bind>
</comp>

<comp id="20" class="1001" name="const_20">
<pin_list>
<pin id="21" dir="1" index="0" bw="1" slack="0"/>
</pin_list>
<bind>
<StgValue><ssdm name="krnl_idct_dataflow"/></StgValue>
</bind>
</comp>

<comp id="22" class="1001" name="const_22">
<pin_list>
<pin id="23" dir="1" index="0" bw="1" slack="2147483647"/>
</pin_list>
<bind>
<StgValue><ssdm name="_ssdm_op_SpecTopModule"/></StgValue>
</bind>
</comp>

<comp id="24" class="1001" name="const_24">
<pin_list>
<pin id="25" dir="1" index="0" bw="1" slack="2147483647"/>
</pin_list>
<bind>
<StgValue><ssdm name="empty_8"/></StgValue>
</bind>
</comp>

<comp id="26" class="1001" name="const_26">
<pin_list>
<pin id="27" dir="1" index="0" bw="1" slack="2147483647"/>
</pin_list>
<bind>
<StgValue><ssdm name="_ssdm_op_SpecInterface"/></StgValue>
</bind>
</comp>

<comp id="28" class="1001" name="const_28">
<pin_list>
<pin id="29" dir="1" index="0" bw="1" slack="2147483647"/>
</pin_list>
<bind>
<StgValue><ssdm name=""/></StgValue>
</bind>
</comp>

<comp id="30" class="1001" name="const_30">
<pin_list>
<pin id="31" dir="1" index="0" bw="1" slack="2147483647"/>
</pin_list>
<bind>
<StgValue><ssdm name="empty_9"/></StgValue>
</bind>
</comp>

<comp id="32" class="1001" name="const_32">
<pin_list>
<pin id="33" dir="1" index="0" bw="1" slack="2147483647"/>
</pin_list>
<bind>
<StgValue><ssdm name="empty_12"/></StgValue>
</bind>
</comp>

<comp id="34" class="1001" name="const_34">
<pin_list>
<pin id="35" dir="1" index="0" bw="1" slack="2147483647"/>
</pin_list>
<bind>
<StgValue><ssdm name="empty_14"/></StgValue>
</bind>
</comp>

<comp id="36" class="1001" name="const_36">
<pin_list>
<pin id="37" dir="1" index="0" bw="1" slack="2147483647"/>
</pin_list>
<bind>
<StgValue><ssdm name=""/></StgValue>
</bind>
</comp>

<comp id="38" class="1001" name="const_38">
<pin_list>
<pin id="39" dir="1" index="0" bw="1" slack="2147483647"/>
</pin_list>
<bind>
<StgValue><ssdm name=""/></StgValue>
</bind>
</comp>

<comp id="40" class="1001" name="const_40">
<pin_list>
<pin id="41" dir="1" index="0" bw="1" slack="2147483647"/>
</pin_list>
<bind>
<StgValue><ssdm name="_ssdm_op_SpecBitsMap"/></StgValue>
</bind>
</comp>

<comp id="42" class="1001" name="const_42">
<pin_list>
<pin id="43" dir="1" index="0" bw="1" slack="2147483647"/>
</pin_list>
<bind>
<StgValue><ssdm name="empty_11"/></StgValue>
</bind>
</comp>

<comp id="44" class="1001" name="const_44">
<pin_list>
<pin id="45" dir="1" index="0" bw="1" slack="2147483647"/>
</pin_list>
<bind>
<StgValue><ssdm name="empty_10"/></StgValue>
</bind>
</comp>

<comp id="46" class="1001" name="const_46">
<pin_list>
<pin id="47" dir="1" index="0" bw="1" slack="2147483647"/>
</pin_list>
<bind>
<StgValue><ssdm name="empty_13"/></StgValue>
</bind>
</comp>

<comp id="48" class="1001" name="const_48">
<pin_list>
<pin id="49" dir="1" index="0" bw="1" slack="2147483647"/>
</pin_list>
<bind>
<StgValue><ssdm name="empty_5"/></StgValue>
</bind>
</comp>

<comp id="50" class="1001" name="const_50">
<pin_list>
<pin id="51" dir="1" index="0" bw="1" slack="2147483647"/>
</pin_list>
<bind>
<StgValue><ssdm name="empty_3"/></StgValue>
</bind>
</comp>

<comp id="52" class="1001" name="const_52">
<pin_list>
<pin id="53" dir="1" index="0" bw="1" slack="2147483647"/>
</pin_list>
<bind>
<StgValue><ssdm name="empty_2"/></StgValue>
</bind>
</comp>

<comp id="54" class="1001" name="const_54">
<pin_list>
<pin id="55" dir="1" index="0" bw="1" slack="2147483647"/>
</pin_list>
<bind>
<StgValue><ssdm name="empty_1"/></StgValue>
</bind>
</comp>

<comp id="56" class="1001" name="const_56">
<pin_list>
<pin id="57" dir="1" index="0" bw="1" slack="2147483647"/>
</pin_list>
<bind>
<StgValue><ssdm name="empty_16"/></StgValue>
</bind>
</comp>

<comp id="58" class="1001" name="const_58">
<pin_list>
<pin id="59" dir="1" index="0" bw="1" slack="2147483647"/>
</pin_list>
<bind>
<StgValue><ssdm name="empty_15"/></StgValue>
</bind>
</comp>

<comp id="60" class="1001" name="const_60">
<pin_list>
<pin id="61" dir="1" index="0" bw="1" slack="2147483647"/>
</pin_list>
<bind>
<StgValue><ssdm name="empty"/></StgValue>
</bind>
</comp>

<comp id="62" class="1004" name="blocks_read_read_fu_62">
<pin_list>
<pin id="63" dir="0" index="0" bw="32" slack="0"/>
<pin id="64" dir="0" index="1" bw="32" slack="0"/>
<pin id="65" dir="1" index="2" bw="32" slack="0"/>
</pin_list>
<bind>
<opcode="read(1150) " fcode="read"/>
<opset="blocks_read/1 "/>
</bind>
</comp>

<comp id="68" class="1004" name="ignore_dc_read_read_fu_68">
<pin_list>
<pin id="69" dir="0" index="0" bw="32" slack="0"/>
<pin id="70" dir="0" index="1" bw="32" slack="0"/>
<pin id="71" dir="1" index="2" bw="32" slack="0"/>
</pin_list>
<bind>
<opcode="read(1150) " fcode="read"/>
<opset="ignore_dc_read/1 "/>
</bind>
</comp>

<comp id="74" class="1004" name="voutp_read_read_fu_74">
<pin_list>
<pin id="75" dir="0" index="0" bw="64" slack="0"/>
<pin id="76" dir="0" index="1" bw="64" slack="0"/>
<pin id="77" dir="1" index="2" bw="64" slack="0"/>
</pin_list>
<bind>
<opcode="read(1150) " fcode="read"/>
<opset="voutp_read/1 "/>
</bind>
</comp>

<comp id="80" class="1004" name="q_read_read_fu_80">
<pin_list>
<pin id="81" dir="0" index="0" bw="64" slack="0"/>
<pin id="82" dir="0" index="1" bw="64" slack="0"/>
<pin id="83" dir="1" index="2" bw="64" slack="0"/>
</pin_list>
<bind>
<opcode="read(1150) " fcode="read"/>
<opset="q_read/1 "/>
</bind>
</comp>

<comp id="86" class="1004" name="block_read_read_fu_86">
<pin_list>
<pin id="87" dir="0" index="0" bw="64" slack="0"/>
<pin id="88" dir="0" index="1" bw="64" slack="0"/>
<pin id="89" dir="1" index="2" bw="64" slack="0"/>
</pin_list>
<bind>
<opcode="read(1150) " fcode="read"/>
<opset="block_read/1 "/>
</bind>
</comp>

<comp id="92" class="1004" name="grp_krnl_idct_dataflow_fu_92">
<pin_list>
<pin id="93" dir="0" index="0" bw="0" slack="0"/>
<pin id="94" dir="0" index="1" bw="512" slack="0"/>
<pin id="95" dir="0" index="2" bw="512" slack="0"/>
<pin id="96" dir="0" index="3" bw="512" slack="0"/>
<pin id="97" dir="0" index="4" bw="64" slack="0"/>
<pin id="98" dir="0" index="5" bw="64" slack="0"/>
<pin id="99" dir="0" index="6" bw="64" slack="0"/>
<pin id="100" dir="0" index="7" bw="32" slack="0"/>
<pin id="101" dir="0" index="8" bw="32" slack="0"/>
<pin id="102" dir="1" index="9" bw="0" slack="2147483647"/>
</pin_list>
<bind>
<opcode="call(48) " fcode="call"/>
<opset="call_ln360/1 "/>
</bind>
</comp>

<comp id="112" class="1005" name="blocks_read_reg_112">
<pin_list>
<pin id="113" dir="0" index="0" bw="32" slack="1"/>
<pin id="114" dir="1" index="1" bw="32" slack="1"/>
</pin_list>
<bind>
<opset="blocks_read "/>
</bind>
</comp>

<comp id="117" class="1005" name="ignore_dc_read_reg_117">
<pin_list>
<pin id="118" dir="0" index="0" bw="32" slack="1"/>
<pin id="119" dir="1" index="1" bw="32" slack="1"/>
</pin_list>
<bind>
<opset="ignore_dc_read "/>
</bind>
</comp>

<comp id="122" class="1005" name="voutp_read_reg_122">
<pin_list>
<pin id="123" dir="0" index="0" bw="64" slack="1"/>
<pin id="124" dir="1" index="1" bw="64" slack="1"/>
</pin_list>
<bind>
<opset="voutp_read "/>
</bind>
</comp>

<comp id="127" class="1005" name="q_read_reg_127">
<pin_list>
<pin id="128" dir="0" index="0" bw="64" slack="1"/>
<pin id="129" dir="1" index="1" bw="64" slack="1"/>
</pin_list>
<bind>
<opset="q_read "/>
</bind>
</comp>

<comp id="132" class="1005" name="block_read_reg_132">
<pin_list>
<pin id="133" dir="0" index="0" bw="64" slack="1"/>
<pin id="134" dir="1" index="1" bw="64" slack="1"/>
</pin_list>
<bind>
<opset="block_read "/>
</bind>
</comp>

</comp_list>

<net_list>
<net id="66"><net_src comp="16" pin="0"/><net_sink comp="62" pin=0"/></net>

<net id="67"><net_src comp="14" pin="0"/><net_sink comp="62" pin=1"/></net>

<net id="72"><net_src comp="16" pin="0"/><net_sink comp="68" pin=0"/></net>

<net id="73"><net_src comp="12" pin="0"/><net_sink comp="68" pin=1"/></net>

<net id="78"><net_src comp="18" pin="0"/><net_sink comp="74" pin=0"/></net>

<net id="79"><net_src comp="10" pin="0"/><net_sink comp="74" pin=1"/></net>

<net id="84"><net_src comp="18" pin="0"/><net_sink comp="80" pin=0"/></net>

<net id="85"><net_src comp="8" pin="0"/><net_sink comp="80" pin=1"/></net>

<net id="90"><net_src comp="18" pin="0"/><net_sink comp="86" pin=0"/></net>

<net id="91"><net_src comp="6" pin="0"/><net_sink comp="86" pin=1"/></net>

<net id="103"><net_src comp="20" pin="0"/><net_sink comp="92" pin=0"/></net>

<net id="104"><net_src comp="0" pin="0"/><net_sink comp="92" pin=1"/></net>

<net id="105"><net_src comp="2" pin="0"/><net_sink comp="92" pin=2"/></net>

<net id="106"><net_src comp="4" pin="0"/><net_sink comp="92" pin=3"/></net>

<net id="107"><net_src comp="86" pin="2"/><net_sink comp="92" pin=4"/></net>

<net id="108"><net_src comp="80" pin="2"/><net_sink comp="92" pin=5"/></net>

<net id="109"><net_src comp="74" pin="2"/><net_sink comp="92" pin=6"/></net>

<net id="110"><net_src comp="68" pin="2"/><net_sink comp="92" pin=7"/></net>

<net id="111"><net_src comp="62" pin="2"/><net_sink comp="92" pin=8"/></net>

<net id="115"><net_src comp="62" pin="2"/><net_sink comp="112" pin=0"/></net>

<net id="116"><net_src comp="112" pin="1"/><net_sink comp="92" pin=8"/></net>

<net id="120"><net_src comp="68" pin="2"/><net_sink comp="117" pin=0"/></net>

<net id="121"><net_src comp="117" pin="1"/><net_sink comp="92" pin=7"/></net>

<net id="125"><net_src comp="74" pin="2"/><net_sink comp="122" pin=0"/></net>

<net id="126"><net_src comp="122" pin="1"/><net_sink comp="92" pin=6"/></net>

<net id="130"><net_src comp="80" pin="2"/><net_sink comp="127" pin=0"/></net>

<net id="131"><net_src comp="127" pin="1"/><net_sink comp="92" pin=5"/></net>

<net id="135"><net_src comp="86" pin="2"/><net_sink comp="132" pin=0"/></net>

<net id="136"><net_src comp="132" pin="1"/><net_sink comp="92" pin=4"/></net>

</net_list>

</model> 
---------------- Datapath Model END ------------------

* FSMD analyzer results:
  - Output states:
	Port: gmem2 | {1 2 }
 - Input state : 
	Port: krnl_idct : gmem0 | {1 2 }
	Port: krnl_idct : gmem1 | {1 2 }
	Port: krnl_idct : block_r | {1 }
	Port: krnl_idct : q | {1 }
	Port: krnl_idct : voutp | {1 }
	Port: krnl_idct : ignore_dc | {1 }
	Port: krnl_idct : blocks | {1 }
  - Chain level:
	State 1
	State 2


============================================================
+ Verbose Summary: Datapath Resource usage 
============================================================

* Functional unit list:
|----------|------------------------------|---------|---------|---------|---------|
| Operation|        Functional Unit       |   DSP   |  Delay  |    FF   |   LUT   |
|----------|------------------------------|---------|---------|---------|---------|
|   call   | grp_krnl_idct_dataflow_fu_92 |   338   |  122.49 |  41466  |  26014  |
|----------|------------------------------|---------|---------|---------|---------|
|          |    blocks_read_read_fu_62    |    0    |    0    |    0    |    0    |
|          |   ignore_dc_read_read_fu_68  |    0    |    0    |    0    |    0    |
|   read   |     voutp_read_read_fu_74    |    0    |    0    |    0    |    0    |
|          |       q_read_read_fu_80      |    0    |    0    |    0    |    0    |
|          |     block_read_read_fu_86    |    0    |    0    |    0    |    0    |
|----------|------------------------------|---------|---------|---------|---------|
|   Total  |                              |   338   |  122.49 |  41466  |  26014  |
|----------|------------------------------|---------|---------|---------|---------|

Memories:
N/A

* Register list:
+----------------------+--------+
|                      |   FF   |
+----------------------+--------+
|  block_read_reg_132  |   64   |
|  blocks_read_reg_112 |   32   |
|ignore_dc_read_reg_117|   32   |
|    q_read_reg_127    |   64   |
|  voutp_read_reg_122  |   64   |
+----------------------+--------+
|         Total        |   256  |
+----------------------+--------+

* Multiplexer (MUX) list: 
|------------------------------|------|------|------|--------||---------||---------|
|             Comp             |  Pin | Size |  BW  | S x BW ||  Delay  ||   LUT   |
|------------------------------|------|------|------|--------||---------||---------|
| grp_krnl_idct_dataflow_fu_92 |  p4  |   2  |  64  |   128  ||    9    |
| grp_krnl_idct_dataflow_fu_92 |  p5  |   2  |  64  |   128  ||    9    |
| grp_krnl_idct_dataflow_fu_92 |  p6  |   2  |  64  |   128  ||    9    |
| grp_krnl_idct_dataflow_fu_92 |  p7  |   2  |  32  |   64   ||    9    |
| grp_krnl_idct_dataflow_fu_92 |  p8  |   2  |  32  |   64   ||    9    |
|------------------------------|------|------|------|--------||---------||---------|
|             Total            |      |      |      |   512  ||  3.015  ||    45   |
|------------------------------|------|------|------|--------||---------||---------|



* Summary:
+-----------+--------+--------+--------+--------+
|           |   DSP  |  Delay |   FF   |   LUT  |
+-----------+--------+--------+--------+--------+
|  Function |   338  |   122  |  41466 |  26014 |
|   Memory  |    -   |    -   |    -   |    -   |
|Multiplexer|    -   |    3   |    -   |   45   |
|  Register |    -   |    -   |   256  |    -   |
+-----------+--------+--------+--------+--------+
|   Total   |   338  |   125  |  41722 |  26059 |
+-----------+--------+--------+--------+--------+
