

================================================================
== Vitis HLS Report for 'read_blocks_ap_uint_512_s'
================================================================
* Date:           Thu Jan 14 21:10:46 2021

* Version:        2020.1 (Build 2902540 on Wed May 27 20:16:15 MDT 2020)
* Project:        krnl_idct
* Solution:       solution (Vitis Kernel Flow Target)
* Product family: virtexuplus
* Target device:  xcvu9p-flgb2104-2-i


================================================================
== Performance Estimates
================================================================
+ Timing: 
    * Summary: 
    +--------+---------+----------+------------+
    |  Clock |  Target | Estimated| Uncertainty|
    +--------+---------+----------+------------+
    |ap_clk  | 4.00 ns | 2.920 ns |   1.08 ns  |
    +--------+---------+----------+------------+

+ Latency: 
    * Summary: 
    +---------+---------+----------+----------+-----+-----+---------+
    |  Latency (cycles) |  Latency (absolute) |  Interval | Pipeline|
    |   min   |   max   |    min   |    max   | min | max |   Type  |
    +---------+---------+----------+----------+-----+-----+---------+
    |       75|       75| 0.300 us | 0.300 us |   75|   75|   none  |
    +---------+---------+----------+----------+-----+-----+---------+

    + Detail: 
        * Instance: 
        N/A

        * Loop: 
        +------------------+---------+---------+----------+-----------+-----------+------+----------+
        |                  |  Latency (cycles) | Iteration|  Initiation Interval  | Trip |          |
        |     Loop Name    |   min   |   max   |  Latency |  achieved |   target  | Count| Pipelined|
        +------------------+---------+---------+----------+-----------+-----------+------+----------+
        |- loop_rd_blocks  |        3|        3|         3|          1|          1|     2|    yes   |
        +------------------+---------+---------+----------+-----------+-----------+------+----------+



================================================================
== Utilization Estimates
================================================================
* Summary: 
+---------------------+---------+------+---------+---------+-----+
|         Name        | BRAM_18K|  DSP |    FF   |   LUT   | URAM|
+---------------------+---------+------+---------+---------+-----+
|DSP                  |        -|     -|        -|        -|    -|
|Expression           |        -|     -|        0|       40|    -|
|FIFO                 |        -|     -|        -|        -|    -|
|Instance             |        -|     -|        -|        -|    -|
|Memory               |        -|     -|        -|        -|    -|
|Multiplexer          |        -|     -|        -|      401|    -|
|Register             |        -|     -|      651|        -|    -|
+---------------------+---------+------+---------+---------+-----+
|Total                |        0|     0|      651|      441|    0|
+---------------------+---------+------+---------+---------+-----+
|Available SLR        |     1440|  2280|   788160|   394080|  320|
+---------------------+---------+------+---------+---------+-----+
|Utilization SLR (%)  |        0|     0|    ~0   |    ~0   |    0|
+---------------------+---------+------+---------+---------+-----+
|Available            |     4320|  6840|  2364480|  1182240|  960|
+---------------------+---------+------+---------+---------+-----+
|Utilization (%)      |        0|     0|    ~0   |    ~0   |    0|
+---------------------+---------+------+---------+---------+-----+

+ Detail: 
    * Instance: 
    N/A

    * DSP: 
    N/A

    * Memory: 
    N/A

    * FIFO: 
    N/A

    * Expression: 
    +-----------------------------------+----------+----+---+----+------------+------------+
    |           Variable Name           | Operation| DSP| FF| LUT| Bitwidth P0| Bitwidth P1|
    +-----------------------------------+----------+----+---+----+------------+------------+
    |add_ln223_fu_122_p2                |     +    |   0|  0|   9|           2|           1|
    |ap_block_state73_pp0_stage0_iter1  |    and   |   0|  0|   2|           1|           1|
    |ap_block_state74_pp0_stage0_iter2  |    and   |   0|  0|   2|           1|           1|
    |ap_ext_blocking_cur_n              |    and   |   0|  0|   2|           1|           1|
    |ap_ext_blocking_n                  |    and   |   0|  0|   2|           1|           2|
    |ap_int_blocking_cur_n              |    and   |   0|  0|   2|           1|           1|
    |ap_int_blocking_n                  |    and   |   0|  0|   2|           1|           2|
    |ap_str_blocking_n                  |    and   |   0|  0|   2|           2|           2|
    |icmp_ln223_fu_116_p2               |   icmp   |   0|  0|   9|           2|           3|
    |ap_block_pp0_stage0_01001          |    or    |   0|  0|   2|           1|           1|
    |ap_block_state1                    |    or    |   0|  0|   2|           1|           1|
    |ap_enable_pp0                      |    xor   |   0|  0|   2|           1|           2|
    |ap_enable_reg_pp0_iter1            |    xor   |   0|  0|   2|           2|           1|
    +-----------------------------------+----------+----+---+----+------------+------------+
    |Total                              |          |   0|  0|  40|          17|          19|
    +-----------------------------------+----------+----+---+----+------------+------------+

    * Multiplexer: 
    +-------------------------+-----+-----------+-----+-----------+
    |           Name          | LUT | Input Size| Bits| Total Bits|
    +-------------------------+-----+-----------+-----+-----------+
    |ap_NS_fsm                |  329|         74|    1|         74|
    |ap_done                  |    9|          2|    1|          2|
    |ap_enable_reg_pp0_iter1  |    9|          2|    1|          2|
    |ap_enable_reg_pp0_iter2  |    9|          2|    1|          2|
    |gmem1_blk_n_AR           |    9|          2|    1|          2|
    |gmem1_blk_n_R            |    9|          2|    1|          2|
    |i_reg_85                 |    9|          2|    2|          4|
    |in_r_blk_n               |    9|          2|    1|          2|
    |iq4_blk_n                |    9|          2|    1|          2|
    +-------------------------+-----+-----------+-----+-----------+
    |Total                    |  401|         90|   10|         92|
    +-------------------------+-----+-----------+-----+-----------+

    * Register: 
    +----------------------------------+-----+----+-----+-----------+
    |               Name               |  FF | LUT| Bits| Const Bits|
    +----------------------------------+-----+----+-----+-----------+
    |ap_CS_fsm                         |   73|   0|   73|          0|
    |ap_done_reg                       |    1|   0|    1|          0|
    |ap_enable_reg_pp0_iter0           |    1|   0|    1|          0|
    |ap_enable_reg_pp0_iter1           |    1|   0|    1|          0|
    |ap_enable_reg_pp0_iter2           |    1|   0|    1|          0|
    |gmem1_addr_read_reg_148           |  512|   0|  512|          0|
    |i_reg_85                          |    2|   0|    2|          0|
    |icmp_ln223_reg_139                |    1|   0|    1|          0|
    |icmp_ln223_reg_139_pp0_iter1_reg  |    1|   0|    1|          0|
    |trunc_ln167_1_reg_128             |   58|   0|   58|          0|
    +----------------------------------+-----+----+-----+-----------+
    |Total                             |  651|   0|  651|          0|
    +----------------------------------+-----+----+-----+-----------+



================================================================
== Interface
================================================================
* Summary: 
+----------------------+-----+-----+------------+----------------------------+--------------+
|       RTL Ports      | Dir | Bits|  Protocol  |        Source Object       |    C Type    |
+----------------------+-----+-----+------------+----------------------------+--------------+
|ap_clk                |  in |    1| ap_ctrl_hs | read_blocks<ap_uint<512> > | return value |
|ap_rst                |  in |    1| ap_ctrl_hs | read_blocks<ap_uint<512> > | return value |
|ap_start              |  in |    1| ap_ctrl_hs | read_blocks<ap_uint<512> > | return value |
|ap_done               | out |    1| ap_ctrl_hs | read_blocks<ap_uint<512> > | return value |
|ap_continue           |  in |    1| ap_ctrl_hs | read_blocks<ap_uint<512> > | return value |
|ap_idle               | out |    1| ap_ctrl_hs | read_blocks<ap_uint<512> > | return value |
|ap_ready              | out |    1| ap_ctrl_hs | read_blocks<ap_uint<512> > | return value |
|ap_ext_blocking_n     | out |    1| ap_ctrl_hs | read_blocks<ap_uint<512> > | return value |
|ap_str_blocking_n     | out |    1| ap_ctrl_hs | read_blocks<ap_uint<512> > | return value |
|ap_int_blocking_n     | out |    1| ap_ctrl_hs | read_blocks<ap_uint<512> > | return value |
|m_axi_gmem1_AWVALID   | out |    1|    m_axi   |            gmem1           |    pointer   |
|m_axi_gmem1_AWREADY   |  in |    1|    m_axi   |            gmem1           |    pointer   |
|m_axi_gmem1_AWADDR    | out |   64|    m_axi   |            gmem1           |    pointer   |
|m_axi_gmem1_AWID      | out |    1|    m_axi   |            gmem1           |    pointer   |
|m_axi_gmem1_AWLEN     | out |   32|    m_axi   |            gmem1           |    pointer   |
|m_axi_gmem1_AWSIZE    | out |    3|    m_axi   |            gmem1           |    pointer   |
|m_axi_gmem1_AWBURST   | out |    2|    m_axi   |            gmem1           |    pointer   |
|m_axi_gmem1_AWLOCK    | out |    2|    m_axi   |            gmem1           |    pointer   |
|m_axi_gmem1_AWCACHE   | out |    4|    m_axi   |            gmem1           |    pointer   |
|m_axi_gmem1_AWPROT    | out |    3|    m_axi   |            gmem1           |    pointer   |
|m_axi_gmem1_AWQOS     | out |    4|    m_axi   |            gmem1           |    pointer   |
|m_axi_gmem1_AWREGION  | out |    4|    m_axi   |            gmem1           |    pointer   |
|m_axi_gmem1_AWUSER    | out |    1|    m_axi   |            gmem1           |    pointer   |
|m_axi_gmem1_WVALID    | out |    1|    m_axi   |            gmem1           |    pointer   |
|m_axi_gmem1_WREADY    |  in |    1|    m_axi   |            gmem1           |    pointer   |
|m_axi_gmem1_WDATA     | out |  512|    m_axi   |            gmem1           |    pointer   |
|m_axi_gmem1_WSTRB     | out |   64|    m_axi   |            gmem1           |    pointer   |
|m_axi_gmem1_WLAST     | out |    1|    m_axi   |            gmem1           |    pointer   |
|m_axi_gmem1_WID       | out |    1|    m_axi   |            gmem1           |    pointer   |
|m_axi_gmem1_WUSER     | out |    1|    m_axi   |            gmem1           |    pointer   |
|m_axi_gmem1_ARVALID   | out |    1|    m_axi   |            gmem1           |    pointer   |
|m_axi_gmem1_ARREADY   |  in |    1|    m_axi   |            gmem1           |    pointer   |
|m_axi_gmem1_ARADDR    | out |   64|    m_axi   |            gmem1           |    pointer   |
|m_axi_gmem1_ARID      | out |    1|    m_axi   |            gmem1           |    pointer   |
|m_axi_gmem1_ARLEN     | out |   32|    m_axi   |            gmem1           |    pointer   |
|m_axi_gmem1_ARSIZE    | out |    3|    m_axi   |            gmem1           |    pointer   |
|m_axi_gmem1_ARBURST   | out |    2|    m_axi   |            gmem1           |    pointer   |
|m_axi_gmem1_ARLOCK    | out |    2|    m_axi   |            gmem1           |    pointer   |
|m_axi_gmem1_ARCACHE   | out |    4|    m_axi   |            gmem1           |    pointer   |
|m_axi_gmem1_ARPROT    | out |    3|    m_axi   |            gmem1           |    pointer   |
|m_axi_gmem1_ARQOS     | out |    4|    m_axi   |            gmem1           |    pointer   |
|m_axi_gmem1_ARREGION  | out |    4|    m_axi   |            gmem1           |    pointer   |
|m_axi_gmem1_ARUSER    | out |    1|    m_axi   |            gmem1           |    pointer   |
|m_axi_gmem1_RVALID    |  in |    1|    m_axi   |            gmem1           |    pointer   |
|m_axi_gmem1_RREADY    | out |    1|    m_axi   |            gmem1           |    pointer   |
|m_axi_gmem1_RDATA     |  in |  512|    m_axi   |            gmem1           |    pointer   |
|m_axi_gmem1_RLAST     |  in |    1|    m_axi   |            gmem1           |    pointer   |
|m_axi_gmem1_RID       |  in |    1|    m_axi   |            gmem1           |    pointer   |
|m_axi_gmem1_RUSER     |  in |    1|    m_axi   |            gmem1           |    pointer   |
|m_axi_gmem1_RRESP     |  in |    2|    m_axi   |            gmem1           |    pointer   |
|m_axi_gmem1_BVALID    |  in |    1|    m_axi   |            gmem1           |    pointer   |
|m_axi_gmem1_BREADY    | out |    1|    m_axi   |            gmem1           |    pointer   |
|m_axi_gmem1_BRESP     |  in |    2|    m_axi   |            gmem1           |    pointer   |
|m_axi_gmem1_BID       |  in |    1|    m_axi   |            gmem1           |    pointer   |
|m_axi_gmem1_BUSER     |  in |    1|    m_axi   |            gmem1           |    pointer   |
|iq4_din               | out |  512|   ap_fifo  |             iq4            |    pointer   |
|iq4_full_n            |  in |    1|   ap_fifo  |             iq4            |    pointer   |
|iq4_write             | out |    1|   ap_fifo  |             iq4            |    pointer   |
|in_r_dout             |  in |   64|   ap_fifo  |            in_r            |    pointer   |
|in_r_empty_n          |  in |    1|   ap_fifo  |            in_r            |    pointer   |
|in_r_read             | out |    1|   ap_fifo  |            in_r            |    pointer   |
+----------------------+-----+-----+------------+----------------------------+--------------+

============================================================
+ Verbose Summary: Synthesis Manager
============================================================
InlineROM: 1
ExposeGlobal: 0
============================================================
+ Verbose Summary: CDFG Model
============================================================
IsTopModel: 0
ResetActiveHigh: 1
IsCombinational: 2
IsDatapathOnly: 0
HasWiredReturn: 1
HasMFsm: 0
HasVarLatency: 1
IsPipeline: 0
IsRtlPipelined: 0
IsInstanceOverlapped: 0
IsDontTouch: 0
HasImplIP: 0
IsGatedGlobalClock: 0

+ Individual pipeline summary: 
  * Pipeline-0: initiation interval (II) = 1, depth = 3


============================================================
+ Verbose Summary: Schedule
============================================================
* Number of FSM states : 75
* Pipeline : 1
  Pipeline-0 : II = 1, D = 3, States = { 72 73 74 }
* Dataflow Pipeline: 0

* FSM state transitions: 
1 --> 2 
2 --> 3 
3 --> 4 
4 --> 5 
5 --> 6 
6 --> 7 
7 --> 8 
8 --> 9 
9 --> 10 
10 --> 11 
11 --> 12 
12 --> 13 
13 --> 14 
14 --> 15 
15 --> 16 
16 --> 17 
17 --> 18 
18 --> 19 
19 --> 20 
20 --> 21 
21 --> 22 
22 --> 23 
23 --> 24 
24 --> 25 
25 --> 26 
26 --> 27 
27 --> 28 
28 --> 29 
29 --> 30 
30 --> 31 
31 --> 32 
32 --> 33 
33 --> 34 
34 --> 35 
35 --> 36 
36 --> 37 
37 --> 38 
38 --> 39 
39 --> 40 
40 --> 41 
41 --> 42 
42 --> 43 
43 --> 44 
44 --> 45 
45 --> 46 
46 --> 47 
47 --> 48 
48 --> 49 
49 --> 50 
50 --> 51 
51 --> 52 
52 --> 53 
53 --> 54 
54 --> 55 
55 --> 56 
56 --> 57 
57 --> 58 
58 --> 59 
59 --> 60 
60 --> 61 
61 --> 62 
62 --> 63 
63 --> 64 
64 --> 65 
65 --> 66 
66 --> 67 
67 --> 68 
68 --> 69 
69 --> 70 
70 --> 71 
71 --> 72 
72 --> 75 73 
73 --> 74 
74 --> 72 
75 --> 

* FSM state operations: 

State 1 <SV = 0> <Delay = 1.45>
ST_1 : Operation 76 [1/1] (1.45ns)   --->   "%in_read = read i64 @_ssdm_op_Read.ap_fifo.i64P, i64 %in_r" [/home/centos/workspace/lab_optimization/src/krnl_idct.cpp:226]   --->   Operation 76 'read' 'in_read' <Predicate = true> <Delay = 1.45> <CoreInst = "FIFO_SRL">   --->   Core 21 'FIFO_SRL' <Latency = 0> <II = 1> <Delay = 1.45> <Storage> <Opcode : 'read' 'write' 'nbread' 'nbwrite'> <Ports = 0> <Width = 64> <Depth = 2> <FIFO>
ST_1 : Operation 77 [1/1] (0.00ns)   --->   "%trunc_ln167_1 = partselect i58 @_ssdm_op_PartSelect.i58.i64.i32.i32, i64 %in_read, i32, i32" [/opt/Xilinx/Vitis/2020.1/common/technology/autopilot/hls_stream_39.h:167]   --->   Operation 77 'partselect' 'trunc_ln167_1' <Predicate = true> <Delay = 0.00>

State 2 <SV = 1> <Delay = 2.92>
ST_2 : Operation 78 [1/1] (0.00ns)   --->   "%sext_ln167 = sext i58 %trunc_ln167_1" [/opt/Xilinx/Vitis/2020.1/common/technology/autopilot/hls_stream_39.h:167]   --->   Operation 78 'sext' 'sext_ln167' <Predicate = true> <Delay = 0.00>
ST_2 : Operation 79 [1/1] (0.00ns)   --->   "%gmem1_addr = getelementptr i512 %gmem1, i64 %sext_ln167" [/opt/Xilinx/Vitis/2020.1/common/technology/autopilot/hls_stream_39.h:167]   --->   Operation 79 'getelementptr' 'gmem1_addr' <Predicate = true> <Delay = 0.00>
ST_2 : Operation 80 [70/70] (2.92ns)   --->   "%gmem1_addr_1_rd_req = readreq i1 @_ssdm_op_ReadReq.m_axi.i512P, i64 %gmem1_addr, i32" [/opt/Xilinx/Vitis/2020.1/common/technology/autopilot/hls_stream_39.h:167]   --->   Operation 80 'readreq' 'gmem1_addr_1_rd_req' <Predicate = true> <Delay = 2.92> <CoreInst = "m_axi">   --->   Core 55 'm_axi' <Latency = 6> <II = 1> <Delay = 1.00> <Adapter> <Opcode : 'read' 'write' 'readreq' 'writereq' 'writeresp'>

State 3 <SV = 2> <Delay = 2.92>
ST_3 : Operation 81 [69/70] (2.92ns)   --->   "%gmem1_addr_1_rd_req = readreq i1 @_ssdm_op_ReadReq.m_axi.i512P, i64 %gmem1_addr, i32" [/opt/Xilinx/Vitis/2020.1/common/technology/autopilot/hls_stream_39.h:167]   --->   Operation 81 'readreq' 'gmem1_addr_1_rd_req' <Predicate = true> <Delay = 2.92> <CoreInst = "m_axi">   --->   Core 55 'm_axi' <Latency = 6> <II = 1> <Delay = 1.00> <Adapter> <Opcode : 'read' 'write' 'readreq' 'writereq' 'writeresp'>

State 4 <SV = 3> <Delay = 2.92>
ST_4 : Operation 82 [68/70] (2.92ns)   --->   "%gmem1_addr_1_rd_req = readreq i1 @_ssdm_op_ReadReq.m_axi.i512P, i64 %gmem1_addr, i32" [/opt/Xilinx/Vitis/2020.1/common/technology/autopilot/hls_stream_39.h:167]   --->   Operation 82 'readreq' 'gmem1_addr_1_rd_req' <Predicate = true> <Delay = 2.92> <CoreInst = "m_axi">   --->   Core 55 'm_axi' <Latency = 6> <II = 1> <Delay = 1.00> <Adapter> <Opcode : 'read' 'write' 'readreq' 'writereq' 'writeresp'>

State 5 <SV = 4> <Delay = 2.92>
ST_5 : Operation 83 [67/70] (2.92ns)   --->   "%gmem1_addr_1_rd_req = readreq i1 @_ssdm_op_ReadReq.m_axi.i512P, i64 %gmem1_addr, i32" [/opt/Xilinx/Vitis/2020.1/common/technology/autopilot/hls_stream_39.h:167]   --->   Operation 83 'readreq' 'gmem1_addr_1_rd_req' <Predicate = true> <Delay = 2.92> <CoreInst = "m_axi">   --->   Core 55 'm_axi' <Latency = 6> <II = 1> <Delay = 1.00> <Adapter> <Opcode : 'read' 'write' 'readreq' 'writereq' 'writeresp'>

State 6 <SV = 5> <Delay = 2.92>
ST_6 : Operation 84 [66/70] (2.92ns)   --->   "%gmem1_addr_1_rd_req = readreq i1 @_ssdm_op_ReadReq.m_axi.i512P, i64 %gmem1_addr, i32" [/opt/Xilinx/Vitis/2020.1/common/technology/autopilot/hls_stream_39.h:167]   --->   Operation 84 'readreq' 'gmem1_addr_1_rd_req' <Predicate = true> <Delay = 2.92> <CoreInst = "m_axi">   --->   Core 55 'm_axi' <Latency = 6> <II = 1> <Delay = 1.00> <Adapter> <Opcode : 'read' 'write' 'readreq' 'writereq' 'writeresp'>

State 7 <SV = 6> <Delay = 2.92>
ST_7 : Operation 85 [65/70] (2.92ns)   --->   "%gmem1_addr_1_rd_req = readreq i1 @_ssdm_op_ReadReq.m_axi.i512P, i64 %gmem1_addr, i32" [/opt/Xilinx/Vitis/2020.1/common/technology/autopilot/hls_stream_39.h:167]   --->   Operation 85 'readreq' 'gmem1_addr_1_rd_req' <Predicate = true> <Delay = 2.92> <CoreInst = "m_axi">   --->   Core 55 'm_axi' <Latency = 6> <II = 1> <Delay = 1.00> <Adapter> <Opcode : 'read' 'write' 'readreq' 'writereq' 'writeresp'>

State 8 <SV = 7> <Delay = 2.92>
ST_8 : Operation 86 [64/70] (2.92ns)   --->   "%gmem1_addr_1_rd_req = readreq i1 @_ssdm_op_ReadReq.m_axi.i512P, i64 %gmem1_addr, i32" [/opt/Xilinx/Vitis/2020.1/common/technology/autopilot/hls_stream_39.h:167]   --->   Operation 86 'readreq' 'gmem1_addr_1_rd_req' <Predicate = true> <Delay = 2.92> <CoreInst = "m_axi">   --->   Core 55 'm_axi' <Latency = 6> <II = 1> <Delay = 1.00> <Adapter> <Opcode : 'read' 'write' 'readreq' 'writereq' 'writeresp'>

State 9 <SV = 8> <Delay = 2.92>
ST_9 : Operation 87 [63/70] (2.92ns)   --->   "%gmem1_addr_1_rd_req = readreq i1 @_ssdm_op_ReadReq.m_axi.i512P, i64 %gmem1_addr, i32" [/opt/Xilinx/Vitis/2020.1/common/technology/autopilot/hls_stream_39.h:167]   --->   Operation 87 'readreq' 'gmem1_addr_1_rd_req' <Predicate = true> <Delay = 2.92> <CoreInst = "m_axi">   --->   Core 55 'm_axi' <Latency = 6> <II = 1> <Delay = 1.00> <Adapter> <Opcode : 'read' 'write' 'readreq' 'writereq' 'writeresp'>

State 10 <SV = 9> <Delay = 2.92>
ST_10 : Operation 88 [62/70] (2.92ns)   --->   "%gmem1_addr_1_rd_req = readreq i1 @_ssdm_op_ReadReq.m_axi.i512P, i64 %gmem1_addr, i32" [/opt/Xilinx/Vitis/2020.1/common/technology/autopilot/hls_stream_39.h:167]   --->   Operation 88 'readreq' 'gmem1_addr_1_rd_req' <Predicate = true> <Delay = 2.92> <CoreInst = "m_axi">   --->   Core 55 'm_axi' <Latency = 6> <II = 1> <Delay = 1.00> <Adapter> <Opcode : 'read' 'write' 'readreq' 'writereq' 'writeresp'>

State 11 <SV = 10> <Delay = 2.92>
ST_11 : Operation 89 [61/70] (2.92ns)   --->   "%gmem1_addr_1_rd_req = readreq i1 @_ssdm_op_ReadReq.m_axi.i512P, i64 %gmem1_addr, i32" [/opt/Xilinx/Vitis/2020.1/common/technology/autopilot/hls_stream_39.h:167]   --->   Operation 89 'readreq' 'gmem1_addr_1_rd_req' <Predicate = true> <Delay = 2.92> <CoreInst = "m_axi">   --->   Core 55 'm_axi' <Latency = 6> <II = 1> <Delay = 1.00> <Adapter> <Opcode : 'read' 'write' 'readreq' 'writereq' 'writeresp'>

State 12 <SV = 11> <Delay = 2.92>
ST_12 : Operation 90 [60/70] (2.92ns)   --->   "%gmem1_addr_1_rd_req = readreq i1 @_ssdm_op_ReadReq.m_axi.i512P, i64 %gmem1_addr, i32" [/opt/Xilinx/Vitis/2020.1/common/technology/autopilot/hls_stream_39.h:167]   --->   Operation 90 'readreq' 'gmem1_addr_1_rd_req' <Predicate = true> <Delay = 2.92> <CoreInst = "m_axi">   --->   Core 55 'm_axi' <Latency = 6> <II = 1> <Delay = 1.00> <Adapter> <Opcode : 'read' 'write' 'readreq' 'writereq' 'writeresp'>

State 13 <SV = 12> <Delay = 2.92>
ST_13 : Operation 91 [59/70] (2.92ns)   --->   "%gmem1_addr_1_rd_req = readreq i1 @_ssdm_op_ReadReq.m_axi.i512P, i64 %gmem1_addr, i32" [/opt/Xilinx/Vitis/2020.1/common/technology/autopilot/hls_stream_39.h:167]   --->   Operation 91 'readreq' 'gmem1_addr_1_rd_req' <Predicate = true> <Delay = 2.92> <CoreInst = "m_axi">   --->   Core 55 'm_axi' <Latency = 6> <II = 1> <Delay = 1.00> <Adapter> <Opcode : 'read' 'write' 'readreq' 'writereq' 'writeresp'>

State 14 <SV = 13> <Delay = 2.92>
ST_14 : Operation 92 [58/70] (2.92ns)   --->   "%gmem1_addr_1_rd_req = readreq i1 @_ssdm_op_ReadReq.m_axi.i512P, i64 %gmem1_addr, i32" [/opt/Xilinx/Vitis/2020.1/common/technology/autopilot/hls_stream_39.h:167]   --->   Operation 92 'readreq' 'gmem1_addr_1_rd_req' <Predicate = true> <Delay = 2.92> <CoreInst = "m_axi">   --->   Core 55 'm_axi' <Latency = 6> <II = 1> <Delay = 1.00> <Adapter> <Opcode : 'read' 'write' 'readreq' 'writereq' 'writeresp'>

State 15 <SV = 14> <Delay = 2.92>
ST_15 : Operation 93 [57/70] (2.92ns)   --->   "%gmem1_addr_1_rd_req = readreq i1 @_ssdm_op_ReadReq.m_axi.i512P, i64 %gmem1_addr, i32" [/opt/Xilinx/Vitis/2020.1/common/technology/autopilot/hls_stream_39.h:167]   --->   Operation 93 'readreq' 'gmem1_addr_1_rd_req' <Predicate = true> <Delay = 2.92> <CoreInst = "m_axi">   --->   Core 55 'm_axi' <Latency = 6> <II = 1> <Delay = 1.00> <Adapter> <Opcode : 'read' 'write' 'readreq' 'writereq' 'writeresp'>

State 16 <SV = 15> <Delay = 2.92>
ST_16 : Operation 94 [56/70] (2.92ns)   --->   "%gmem1_addr_1_rd_req = readreq i1 @_ssdm_op_ReadReq.m_axi.i512P, i64 %gmem1_addr, i32" [/opt/Xilinx/Vitis/2020.1/common/technology/autopilot/hls_stream_39.h:167]   --->   Operation 94 'readreq' 'gmem1_addr_1_rd_req' <Predicate = true> <Delay = 2.92> <CoreInst = "m_axi">   --->   Core 55 'm_axi' <Latency = 6> <II = 1> <Delay = 1.00> <Adapter> <Opcode : 'read' 'write' 'readreq' 'writereq' 'writeresp'>

State 17 <SV = 16> <Delay = 2.92>
ST_17 : Operation 95 [55/70] (2.92ns)   --->   "%gmem1_addr_1_rd_req = readreq i1 @_ssdm_op_ReadReq.m_axi.i512P, i64 %gmem1_addr, i32" [/opt/Xilinx/Vitis/2020.1/common/technology/autopilot/hls_stream_39.h:167]   --->   Operation 95 'readreq' 'gmem1_addr_1_rd_req' <Predicate = true> <Delay = 2.92> <CoreInst = "m_axi">   --->   Core 55 'm_axi' <Latency = 6> <II = 1> <Delay = 1.00> <Adapter> <Opcode : 'read' 'write' 'readreq' 'writereq' 'writeresp'>

State 18 <SV = 17> <Delay = 2.92>
ST_18 : Operation 96 [54/70] (2.92ns)   --->   "%gmem1_addr_1_rd_req = readreq i1 @_ssdm_op_ReadReq.m_axi.i512P, i64 %gmem1_addr, i32" [/opt/Xilinx/Vitis/2020.1/common/technology/autopilot/hls_stream_39.h:167]   --->   Operation 96 'readreq' 'gmem1_addr_1_rd_req' <Predicate = true> <Delay = 2.92> <CoreInst = "m_axi">   --->   Core 55 'm_axi' <Latency = 6> <II = 1> <Delay = 1.00> <Adapter> <Opcode : 'read' 'write' 'readreq' 'writereq' 'writeresp'>

State 19 <SV = 18> <Delay = 2.92>
ST_19 : Operation 97 [53/70] (2.92ns)   --->   "%gmem1_addr_1_rd_req = readreq i1 @_ssdm_op_ReadReq.m_axi.i512P, i64 %gmem1_addr, i32" [/opt/Xilinx/Vitis/2020.1/common/technology/autopilot/hls_stream_39.h:167]   --->   Operation 97 'readreq' 'gmem1_addr_1_rd_req' <Predicate = true> <Delay = 2.92> <CoreInst = "m_axi">   --->   Core 55 'm_axi' <Latency = 6> <II = 1> <Delay = 1.00> <Adapter> <Opcode : 'read' 'write' 'readreq' 'writereq' 'writeresp'>

State 20 <SV = 19> <Delay = 2.92>
ST_20 : Operation 98 [52/70] (2.92ns)   --->   "%gmem1_addr_1_rd_req = readreq i1 @_ssdm_op_ReadReq.m_axi.i512P, i64 %gmem1_addr, i32" [/opt/Xilinx/Vitis/2020.1/common/technology/autopilot/hls_stream_39.h:167]   --->   Operation 98 'readreq' 'gmem1_addr_1_rd_req' <Predicate = true> <Delay = 2.92> <CoreInst = "m_axi">   --->   Core 55 'm_axi' <Latency = 6> <II = 1> <Delay = 1.00> <Adapter> <Opcode : 'read' 'write' 'readreq' 'writereq' 'writeresp'>

State 21 <SV = 20> <Delay = 2.92>
ST_21 : Operation 99 [51/70] (2.92ns)   --->   "%gmem1_addr_1_rd_req = readreq i1 @_ssdm_op_ReadReq.m_axi.i512P, i64 %gmem1_addr, i32" [/opt/Xilinx/Vitis/2020.1/common/technology/autopilot/hls_stream_39.h:167]   --->   Operation 99 'readreq' 'gmem1_addr_1_rd_req' <Predicate = true> <Delay = 2.92> <CoreInst = "m_axi">   --->   Core 55 'm_axi' <Latency = 6> <II = 1> <Delay = 1.00> <Adapter> <Opcode : 'read' 'write' 'readreq' 'writereq' 'writeresp'>

State 22 <SV = 21> <Delay = 2.92>
ST_22 : Operation 100 [50/70] (2.92ns)   --->   "%gmem1_addr_1_rd_req = readreq i1 @_ssdm_op_ReadReq.m_axi.i512P, i64 %gmem1_addr, i32" [/opt/Xilinx/Vitis/2020.1/common/technology/autopilot/hls_stream_39.h:167]   --->   Operation 100 'readreq' 'gmem1_addr_1_rd_req' <Predicate = true> <Delay = 2.92> <CoreInst = "m_axi">   --->   Core 55 'm_axi' <Latency = 6> <II = 1> <Delay = 1.00> <Adapter> <Opcode : 'read' 'write' 'readreq' 'writereq' 'writeresp'>

State 23 <SV = 22> <Delay = 2.92>
ST_23 : Operation 101 [49/70] (2.92ns)   --->   "%gmem1_addr_1_rd_req = readreq i1 @_ssdm_op_ReadReq.m_axi.i512P, i64 %gmem1_addr, i32" [/opt/Xilinx/Vitis/2020.1/common/technology/autopilot/hls_stream_39.h:167]   --->   Operation 101 'readreq' 'gmem1_addr_1_rd_req' <Predicate = true> <Delay = 2.92> <CoreInst = "m_axi">   --->   Core 55 'm_axi' <Latency = 6> <II = 1> <Delay = 1.00> <Adapter> <Opcode : 'read' 'write' 'readreq' 'writereq' 'writeresp'>

State 24 <SV = 23> <Delay = 2.92>
ST_24 : Operation 102 [48/70] (2.92ns)   --->   "%gmem1_addr_1_rd_req = readreq i1 @_ssdm_op_ReadReq.m_axi.i512P, i64 %gmem1_addr, i32" [/opt/Xilinx/Vitis/2020.1/common/technology/autopilot/hls_stream_39.h:167]   --->   Operation 102 'readreq' 'gmem1_addr_1_rd_req' <Predicate = true> <Delay = 2.92> <CoreInst = "m_axi">   --->   Core 55 'm_axi' <Latency = 6> <II = 1> <Delay = 1.00> <Adapter> <Opcode : 'read' 'write' 'readreq' 'writereq' 'writeresp'>

State 25 <SV = 24> <Delay = 2.92>
ST_25 : Operation 103 [47/70] (2.92ns)   --->   "%gmem1_addr_1_rd_req = readreq i1 @_ssdm_op_ReadReq.m_axi.i512P, i64 %gmem1_addr, i32" [/opt/Xilinx/Vitis/2020.1/common/technology/autopilot/hls_stream_39.h:167]   --->   Operation 103 'readreq' 'gmem1_addr_1_rd_req' <Predicate = true> <Delay = 2.92> <CoreInst = "m_axi">   --->   Core 55 'm_axi' <Latency = 6> <II = 1> <Delay = 1.00> <Adapter> <Opcode : 'read' 'write' 'readreq' 'writereq' 'writeresp'>

State 26 <SV = 25> <Delay = 2.92>
ST_26 : Operation 104 [46/70] (2.92ns)   --->   "%gmem1_addr_1_rd_req = readreq i1 @_ssdm_op_ReadReq.m_axi.i512P, i64 %gmem1_addr, i32" [/opt/Xilinx/Vitis/2020.1/common/technology/autopilot/hls_stream_39.h:167]   --->   Operation 104 'readreq' 'gmem1_addr_1_rd_req' <Predicate = true> <Delay = 2.92> <CoreInst = "m_axi">   --->   Core 55 'm_axi' <Latency = 6> <II = 1> <Delay = 1.00> <Adapter> <Opcode : 'read' 'write' 'readreq' 'writereq' 'writeresp'>

State 27 <SV = 26> <Delay = 2.92>
ST_27 : Operation 105 [45/70] (2.92ns)   --->   "%gmem1_addr_1_rd_req = readreq i1 @_ssdm_op_ReadReq.m_axi.i512P, i64 %gmem1_addr, i32" [/opt/Xilinx/Vitis/2020.1/common/technology/autopilot/hls_stream_39.h:167]   --->   Operation 105 'readreq' 'gmem1_addr_1_rd_req' <Predicate = true> <Delay = 2.92> <CoreInst = "m_axi">   --->   Core 55 'm_axi' <Latency = 6> <II = 1> <Delay = 1.00> <Adapter> <Opcode : 'read' 'write' 'readreq' 'writereq' 'writeresp'>

State 28 <SV = 27> <Delay = 2.92>
ST_28 : Operation 106 [44/70] (2.92ns)   --->   "%gmem1_addr_1_rd_req = readreq i1 @_ssdm_op_ReadReq.m_axi.i512P, i64 %gmem1_addr, i32" [/opt/Xilinx/Vitis/2020.1/common/technology/autopilot/hls_stream_39.h:167]   --->   Operation 106 'readreq' 'gmem1_addr_1_rd_req' <Predicate = true> <Delay = 2.92> <CoreInst = "m_axi">   --->   Core 55 'm_axi' <Latency = 6> <II = 1> <Delay = 1.00> <Adapter> <Opcode : 'read' 'write' 'readreq' 'writereq' 'writeresp'>

State 29 <SV = 28> <Delay = 2.92>
ST_29 : Operation 107 [43/70] (2.92ns)   --->   "%gmem1_addr_1_rd_req = readreq i1 @_ssdm_op_ReadReq.m_axi.i512P, i64 %gmem1_addr, i32" [/opt/Xilinx/Vitis/2020.1/common/technology/autopilot/hls_stream_39.h:167]   --->   Operation 107 'readreq' 'gmem1_addr_1_rd_req' <Predicate = true> <Delay = 2.92> <CoreInst = "m_axi">   --->   Core 55 'm_axi' <Latency = 6> <II = 1> <Delay = 1.00> <Adapter> <Opcode : 'read' 'write' 'readreq' 'writereq' 'writeresp'>

State 30 <SV = 29> <Delay = 2.92>
ST_30 : Operation 108 [42/70] (2.92ns)   --->   "%gmem1_addr_1_rd_req = readreq i1 @_ssdm_op_ReadReq.m_axi.i512P, i64 %gmem1_addr, i32" [/opt/Xilinx/Vitis/2020.1/common/technology/autopilot/hls_stream_39.h:167]   --->   Operation 108 'readreq' 'gmem1_addr_1_rd_req' <Predicate = true> <Delay = 2.92> <CoreInst = "m_axi">   --->   Core 55 'm_axi' <Latency = 6> <II = 1> <Delay = 1.00> <Adapter> <Opcode : 'read' 'write' 'readreq' 'writereq' 'writeresp'>

State 31 <SV = 30> <Delay = 2.92>
ST_31 : Operation 109 [41/70] (2.92ns)   --->   "%gmem1_addr_1_rd_req = readreq i1 @_ssdm_op_ReadReq.m_axi.i512P, i64 %gmem1_addr, i32" [/opt/Xilinx/Vitis/2020.1/common/technology/autopilot/hls_stream_39.h:167]   --->   Operation 109 'readreq' 'gmem1_addr_1_rd_req' <Predicate = true> <Delay = 2.92> <CoreInst = "m_axi">   --->   Core 55 'm_axi' <Latency = 6> <II = 1> <Delay = 1.00> <Adapter> <Opcode : 'read' 'write' 'readreq' 'writereq' 'writeresp'>

State 32 <SV = 31> <Delay = 2.92>
ST_32 : Operation 110 [40/70] (2.92ns)   --->   "%gmem1_addr_1_rd_req = readreq i1 @_ssdm_op_ReadReq.m_axi.i512P, i64 %gmem1_addr, i32" [/opt/Xilinx/Vitis/2020.1/common/technology/autopilot/hls_stream_39.h:167]   --->   Operation 110 'readreq' 'gmem1_addr_1_rd_req' <Predicate = true> <Delay = 2.92> <CoreInst = "m_axi">   --->   Core 55 'm_axi' <Latency = 6> <II = 1> <Delay = 1.00> <Adapter> <Opcode : 'read' 'write' 'readreq' 'writereq' 'writeresp'>

State 33 <SV = 32> <Delay = 2.92>
ST_33 : Operation 111 [39/70] (2.92ns)   --->   "%gmem1_addr_1_rd_req = readreq i1 @_ssdm_op_ReadReq.m_axi.i512P, i64 %gmem1_addr, i32" [/opt/Xilinx/Vitis/2020.1/common/technology/autopilot/hls_stream_39.h:167]   --->   Operation 111 'readreq' 'gmem1_addr_1_rd_req' <Predicate = true> <Delay = 2.92> <CoreInst = "m_axi">   --->   Core 55 'm_axi' <Latency = 6> <II = 1> <Delay = 1.00> <Adapter> <Opcode : 'read' 'write' 'readreq' 'writereq' 'writeresp'>

State 34 <SV = 33> <Delay = 2.92>
ST_34 : Operation 112 [38/70] (2.92ns)   --->   "%gmem1_addr_1_rd_req = readreq i1 @_ssdm_op_ReadReq.m_axi.i512P, i64 %gmem1_addr, i32" [/opt/Xilinx/Vitis/2020.1/common/technology/autopilot/hls_stream_39.h:167]   --->   Operation 112 'readreq' 'gmem1_addr_1_rd_req' <Predicate = true> <Delay = 2.92> <CoreInst = "m_axi">   --->   Core 55 'm_axi' <Latency = 6> <II = 1> <Delay = 1.00> <Adapter> <Opcode : 'read' 'write' 'readreq' 'writereq' 'writeresp'>

State 35 <SV = 34> <Delay = 2.92>
ST_35 : Operation 113 [37/70] (2.92ns)   --->   "%gmem1_addr_1_rd_req = readreq i1 @_ssdm_op_ReadReq.m_axi.i512P, i64 %gmem1_addr, i32" [/opt/Xilinx/Vitis/2020.1/common/technology/autopilot/hls_stream_39.h:167]   --->   Operation 113 'readreq' 'gmem1_addr_1_rd_req' <Predicate = true> <Delay = 2.92> <CoreInst = "m_axi">   --->   Core 55 'm_axi' <Latency = 6> <II = 1> <Delay = 1.00> <Adapter> <Opcode : 'read' 'write' 'readreq' 'writereq' 'writeresp'>

State 36 <SV = 35> <Delay = 2.92>
ST_36 : Operation 114 [36/70] (2.92ns)   --->   "%gmem1_addr_1_rd_req = readreq i1 @_ssdm_op_ReadReq.m_axi.i512P, i64 %gmem1_addr, i32" [/opt/Xilinx/Vitis/2020.1/common/technology/autopilot/hls_stream_39.h:167]   --->   Operation 114 'readreq' 'gmem1_addr_1_rd_req' <Predicate = true> <Delay = 2.92> <CoreInst = "m_axi">   --->   Core 55 'm_axi' <Latency = 6> <II = 1> <Delay = 1.00> <Adapter> <Opcode : 'read' 'write' 'readreq' 'writereq' 'writeresp'>

State 37 <SV = 36> <Delay = 2.92>
ST_37 : Operation 115 [35/70] (2.92ns)   --->   "%gmem1_addr_1_rd_req = readreq i1 @_ssdm_op_ReadReq.m_axi.i512P, i64 %gmem1_addr, i32" [/opt/Xilinx/Vitis/2020.1/common/technology/autopilot/hls_stream_39.h:167]   --->   Operation 115 'readreq' 'gmem1_addr_1_rd_req' <Predicate = true> <Delay = 2.92> <CoreInst = "m_axi">   --->   Core 55 'm_axi' <Latency = 6> <II = 1> <Delay = 1.00> <Adapter> <Opcode : 'read' 'write' 'readreq' 'writereq' 'writeresp'>

State 38 <SV = 37> <Delay = 2.92>
ST_38 : Operation 116 [34/70] (2.92ns)   --->   "%gmem1_addr_1_rd_req = readreq i1 @_ssdm_op_ReadReq.m_axi.i512P, i64 %gmem1_addr, i32" [/opt/Xilinx/Vitis/2020.1/common/technology/autopilot/hls_stream_39.h:167]   --->   Operation 116 'readreq' 'gmem1_addr_1_rd_req' <Predicate = true> <Delay = 2.92> <CoreInst = "m_axi">   --->   Core 55 'm_axi' <Latency = 6> <II = 1> <Delay = 1.00> <Adapter> <Opcode : 'read' 'write' 'readreq' 'writereq' 'writeresp'>

State 39 <SV = 38> <Delay = 2.92>
ST_39 : Operation 117 [33/70] (2.92ns)   --->   "%gmem1_addr_1_rd_req = readreq i1 @_ssdm_op_ReadReq.m_axi.i512P, i64 %gmem1_addr, i32" [/opt/Xilinx/Vitis/2020.1/common/technology/autopilot/hls_stream_39.h:167]   --->   Operation 117 'readreq' 'gmem1_addr_1_rd_req' <Predicate = true> <Delay = 2.92> <CoreInst = "m_axi">   --->   Core 55 'm_axi' <Latency = 6> <II = 1> <Delay = 1.00> <Adapter> <Opcode : 'read' 'write' 'readreq' 'writereq' 'writeresp'>

State 40 <SV = 39> <Delay = 2.92>
ST_40 : Operation 118 [32/70] (2.92ns)   --->   "%gmem1_addr_1_rd_req = readreq i1 @_ssdm_op_ReadReq.m_axi.i512P, i64 %gmem1_addr, i32" [/opt/Xilinx/Vitis/2020.1/common/technology/autopilot/hls_stream_39.h:167]   --->   Operation 118 'readreq' 'gmem1_addr_1_rd_req' <Predicate = true> <Delay = 2.92> <CoreInst = "m_axi">   --->   Core 55 'm_axi' <Latency = 6> <II = 1> <Delay = 1.00> <Adapter> <Opcode : 'read' 'write' 'readreq' 'writereq' 'writeresp'>

State 41 <SV = 40> <Delay = 2.92>
ST_41 : Operation 119 [31/70] (2.92ns)   --->   "%gmem1_addr_1_rd_req = readreq i1 @_ssdm_op_ReadReq.m_axi.i512P, i64 %gmem1_addr, i32" [/opt/Xilinx/Vitis/2020.1/common/technology/autopilot/hls_stream_39.h:167]   --->   Operation 119 'readreq' 'gmem1_addr_1_rd_req' <Predicate = true> <Delay = 2.92> <CoreInst = "m_axi">   --->   Core 55 'm_axi' <Latency = 6> <II = 1> <Delay = 1.00> <Adapter> <Opcode : 'read' 'write' 'readreq' 'writereq' 'writeresp'>

State 42 <SV = 41> <Delay = 2.92>
ST_42 : Operation 120 [30/70] (2.92ns)   --->   "%gmem1_addr_1_rd_req = readreq i1 @_ssdm_op_ReadReq.m_axi.i512P, i64 %gmem1_addr, i32" [/opt/Xilinx/Vitis/2020.1/common/technology/autopilot/hls_stream_39.h:167]   --->   Operation 120 'readreq' 'gmem1_addr_1_rd_req' <Predicate = true> <Delay = 2.92> <CoreInst = "m_axi">   --->   Core 55 'm_axi' <Latency = 6> <II = 1> <Delay = 1.00> <Adapter> <Opcode : 'read' 'write' 'readreq' 'writereq' 'writeresp'>

State 43 <SV = 42> <Delay = 2.92>
ST_43 : Operation 121 [29/70] (2.92ns)   --->   "%gmem1_addr_1_rd_req = readreq i1 @_ssdm_op_ReadReq.m_axi.i512P, i64 %gmem1_addr, i32" [/opt/Xilinx/Vitis/2020.1/common/technology/autopilot/hls_stream_39.h:167]   --->   Operation 121 'readreq' 'gmem1_addr_1_rd_req' <Predicate = true> <Delay = 2.92> <CoreInst = "m_axi">   --->   Core 55 'm_axi' <Latency = 6> <II = 1> <Delay = 1.00> <Adapter> <Opcode : 'read' 'write' 'readreq' 'writereq' 'writeresp'>

State 44 <SV = 43> <Delay = 2.92>
ST_44 : Operation 122 [28/70] (2.92ns)   --->   "%gmem1_addr_1_rd_req = readreq i1 @_ssdm_op_ReadReq.m_axi.i512P, i64 %gmem1_addr, i32" [/opt/Xilinx/Vitis/2020.1/common/technology/autopilot/hls_stream_39.h:167]   --->   Operation 122 'readreq' 'gmem1_addr_1_rd_req' <Predicate = true> <Delay = 2.92> <CoreInst = "m_axi">   --->   Core 55 'm_axi' <Latency = 6> <II = 1> <Delay = 1.00> <Adapter> <Opcode : 'read' 'write' 'readreq' 'writereq' 'writeresp'>

State 45 <SV = 44> <Delay = 2.92>
ST_45 : Operation 123 [27/70] (2.92ns)   --->   "%gmem1_addr_1_rd_req = readreq i1 @_ssdm_op_ReadReq.m_axi.i512P, i64 %gmem1_addr, i32" [/opt/Xilinx/Vitis/2020.1/common/technology/autopilot/hls_stream_39.h:167]   --->   Operation 123 'readreq' 'gmem1_addr_1_rd_req' <Predicate = true> <Delay = 2.92> <CoreInst = "m_axi">   --->   Core 55 'm_axi' <Latency = 6> <II = 1> <Delay = 1.00> <Adapter> <Opcode : 'read' 'write' 'readreq' 'writereq' 'writeresp'>

State 46 <SV = 45> <Delay = 2.92>
ST_46 : Operation 124 [26/70] (2.92ns)   --->   "%gmem1_addr_1_rd_req = readreq i1 @_ssdm_op_ReadReq.m_axi.i512P, i64 %gmem1_addr, i32" [/opt/Xilinx/Vitis/2020.1/common/technology/autopilot/hls_stream_39.h:167]   --->   Operation 124 'readreq' 'gmem1_addr_1_rd_req' <Predicate = true> <Delay = 2.92> <CoreInst = "m_axi">   --->   Core 55 'm_axi' <Latency = 6> <II = 1> <Delay = 1.00> <Adapter> <Opcode : 'read' 'write' 'readreq' 'writereq' 'writeresp'>

State 47 <SV = 46> <Delay = 2.92>
ST_47 : Operation 125 [25/70] (2.92ns)   --->   "%gmem1_addr_1_rd_req = readreq i1 @_ssdm_op_ReadReq.m_axi.i512P, i64 %gmem1_addr, i32" [/opt/Xilinx/Vitis/2020.1/common/technology/autopilot/hls_stream_39.h:167]   --->   Operation 125 'readreq' 'gmem1_addr_1_rd_req' <Predicate = true> <Delay = 2.92> <CoreInst = "m_axi">   --->   Core 55 'm_axi' <Latency = 6> <II = 1> <Delay = 1.00> <Adapter> <Opcode : 'read' 'write' 'readreq' 'writereq' 'writeresp'>

State 48 <SV = 47> <Delay = 2.92>
ST_48 : Operation 126 [24/70] (2.92ns)   --->   "%gmem1_addr_1_rd_req = readreq i1 @_ssdm_op_ReadReq.m_axi.i512P, i64 %gmem1_addr, i32" [/opt/Xilinx/Vitis/2020.1/common/technology/autopilot/hls_stream_39.h:167]   --->   Operation 126 'readreq' 'gmem1_addr_1_rd_req' <Predicate = true> <Delay = 2.92> <CoreInst = "m_axi">   --->   Core 55 'm_axi' <Latency = 6> <II = 1> <Delay = 1.00> <Adapter> <Opcode : 'read' 'write' 'readreq' 'writereq' 'writeresp'>

State 49 <SV = 48> <Delay = 2.92>
ST_49 : Operation 127 [23/70] (2.92ns)   --->   "%gmem1_addr_1_rd_req = readreq i1 @_ssdm_op_ReadReq.m_axi.i512P, i64 %gmem1_addr, i32" [/opt/Xilinx/Vitis/2020.1/common/technology/autopilot/hls_stream_39.h:167]   --->   Operation 127 'readreq' 'gmem1_addr_1_rd_req' <Predicate = true> <Delay = 2.92> <CoreInst = "m_axi">   --->   Core 55 'm_axi' <Latency = 6> <II = 1> <Delay = 1.00> <Adapter> <Opcode : 'read' 'write' 'readreq' 'writereq' 'writeresp'>

State 50 <SV = 49> <Delay = 2.92>
ST_50 : Operation 128 [22/70] (2.92ns)   --->   "%gmem1_addr_1_rd_req = readreq i1 @_ssdm_op_ReadReq.m_axi.i512P, i64 %gmem1_addr, i32" [/opt/Xilinx/Vitis/2020.1/common/technology/autopilot/hls_stream_39.h:167]   --->   Operation 128 'readreq' 'gmem1_addr_1_rd_req' <Predicate = true> <Delay = 2.92> <CoreInst = "m_axi">   --->   Core 55 'm_axi' <Latency = 6> <II = 1> <Delay = 1.00> <Adapter> <Opcode : 'read' 'write' 'readreq' 'writereq' 'writeresp'>

State 51 <SV = 50> <Delay = 2.92>
ST_51 : Operation 129 [21/70] (2.92ns)   --->   "%gmem1_addr_1_rd_req = readreq i1 @_ssdm_op_ReadReq.m_axi.i512P, i64 %gmem1_addr, i32" [/opt/Xilinx/Vitis/2020.1/common/technology/autopilot/hls_stream_39.h:167]   --->   Operation 129 'readreq' 'gmem1_addr_1_rd_req' <Predicate = true> <Delay = 2.92> <CoreInst = "m_axi">   --->   Core 55 'm_axi' <Latency = 6> <II = 1> <Delay = 1.00> <Adapter> <Opcode : 'read' 'write' 'readreq' 'writereq' 'writeresp'>

State 52 <SV = 51> <Delay = 2.92>
ST_52 : Operation 130 [20/70] (2.92ns)   --->   "%gmem1_addr_1_rd_req = readreq i1 @_ssdm_op_ReadReq.m_axi.i512P, i64 %gmem1_addr, i32" [/opt/Xilinx/Vitis/2020.1/common/technology/autopilot/hls_stream_39.h:167]   --->   Operation 130 'readreq' 'gmem1_addr_1_rd_req' <Predicate = true> <Delay = 2.92> <CoreInst = "m_axi">   --->   Core 55 'm_axi' <Latency = 6> <II = 1> <Delay = 1.00> <Adapter> <Opcode : 'read' 'write' 'readreq' 'writereq' 'writeresp'>

State 53 <SV = 52> <Delay = 2.92>
ST_53 : Operation 131 [19/70] (2.92ns)   --->   "%gmem1_addr_1_rd_req = readreq i1 @_ssdm_op_ReadReq.m_axi.i512P, i64 %gmem1_addr, i32" [/opt/Xilinx/Vitis/2020.1/common/technology/autopilot/hls_stream_39.h:167]   --->   Operation 131 'readreq' 'gmem1_addr_1_rd_req' <Predicate = true> <Delay = 2.92> <CoreInst = "m_axi">   --->   Core 55 'm_axi' <Latency = 6> <II = 1> <Delay = 1.00> <Adapter> <Opcode : 'read' 'write' 'readreq' 'writereq' 'writeresp'>

State 54 <SV = 53> <Delay = 2.92>
ST_54 : Operation 132 [18/70] (2.92ns)   --->   "%gmem1_addr_1_rd_req = readreq i1 @_ssdm_op_ReadReq.m_axi.i512P, i64 %gmem1_addr, i32" [/opt/Xilinx/Vitis/2020.1/common/technology/autopilot/hls_stream_39.h:167]   --->   Operation 132 'readreq' 'gmem1_addr_1_rd_req' <Predicate = true> <Delay = 2.92> <CoreInst = "m_axi">   --->   Core 55 'm_axi' <Latency = 6> <II = 1> <Delay = 1.00> <Adapter> <Opcode : 'read' 'write' 'readreq' 'writereq' 'writeresp'>

State 55 <SV = 54> <Delay = 2.92>
ST_55 : Operation 133 [17/70] (2.92ns)   --->   "%gmem1_addr_1_rd_req = readreq i1 @_ssdm_op_ReadReq.m_axi.i512P, i64 %gmem1_addr, i32" [/opt/Xilinx/Vitis/2020.1/common/technology/autopilot/hls_stream_39.h:167]   --->   Operation 133 'readreq' 'gmem1_addr_1_rd_req' <Predicate = true> <Delay = 2.92> <CoreInst = "m_axi">   --->   Core 55 'm_axi' <Latency = 6> <II = 1> <Delay = 1.00> <Adapter> <Opcode : 'read' 'write' 'readreq' 'writereq' 'writeresp'>

State 56 <SV = 55> <Delay = 2.92>
ST_56 : Operation 134 [16/70] (2.92ns)   --->   "%gmem1_addr_1_rd_req = readreq i1 @_ssdm_op_ReadReq.m_axi.i512P, i64 %gmem1_addr, i32" [/opt/Xilinx/Vitis/2020.1/common/technology/autopilot/hls_stream_39.h:167]   --->   Operation 134 'readreq' 'gmem1_addr_1_rd_req' <Predicate = true> <Delay = 2.92> <CoreInst = "m_axi">   --->   Core 55 'm_axi' <Latency = 6> <II = 1> <Delay = 1.00> <Adapter> <Opcode : 'read' 'write' 'readreq' 'writereq' 'writeresp'>

State 57 <SV = 56> <Delay = 2.92>
ST_57 : Operation 135 [15/70] (2.92ns)   --->   "%gmem1_addr_1_rd_req = readreq i1 @_ssdm_op_ReadReq.m_axi.i512P, i64 %gmem1_addr, i32" [/opt/Xilinx/Vitis/2020.1/common/technology/autopilot/hls_stream_39.h:167]   --->   Operation 135 'readreq' 'gmem1_addr_1_rd_req' <Predicate = true> <Delay = 2.92> <CoreInst = "m_axi">   --->   Core 55 'm_axi' <Latency = 6> <II = 1> <Delay = 1.00> <Adapter> <Opcode : 'read' 'write' 'readreq' 'writereq' 'writeresp'>

State 58 <SV = 57> <Delay = 2.92>
ST_58 : Operation 136 [14/70] (2.92ns)   --->   "%gmem1_addr_1_rd_req = readreq i1 @_ssdm_op_ReadReq.m_axi.i512P, i64 %gmem1_addr, i32" [/opt/Xilinx/Vitis/2020.1/common/technology/autopilot/hls_stream_39.h:167]   --->   Operation 136 'readreq' 'gmem1_addr_1_rd_req' <Predicate = true> <Delay = 2.92> <CoreInst = "m_axi">   --->   Core 55 'm_axi' <Latency = 6> <II = 1> <Delay = 1.00> <Adapter> <Opcode : 'read' 'write' 'readreq' 'writereq' 'writeresp'>

State 59 <SV = 58> <Delay = 2.92>
ST_59 : Operation 137 [13/70] (2.92ns)   --->   "%gmem1_addr_1_rd_req = readreq i1 @_ssdm_op_ReadReq.m_axi.i512P, i64 %gmem1_addr, i32" [/opt/Xilinx/Vitis/2020.1/common/technology/autopilot/hls_stream_39.h:167]   --->   Operation 137 'readreq' 'gmem1_addr_1_rd_req' <Predicate = true> <Delay = 2.92> <CoreInst = "m_axi">   --->   Core 55 'm_axi' <Latency = 6> <II = 1> <Delay = 1.00> <Adapter> <Opcode : 'read' 'write' 'readreq' 'writereq' 'writeresp'>

State 60 <SV = 59> <Delay = 2.92>
ST_60 : Operation 138 [12/70] (2.92ns)   --->   "%gmem1_addr_1_rd_req = readreq i1 @_ssdm_op_ReadReq.m_axi.i512P, i64 %gmem1_addr, i32" [/opt/Xilinx/Vitis/2020.1/common/technology/autopilot/hls_stream_39.h:167]   --->   Operation 138 'readreq' 'gmem1_addr_1_rd_req' <Predicate = true> <Delay = 2.92> <CoreInst = "m_axi">   --->   Core 55 'm_axi' <Latency = 6> <II = 1> <Delay = 1.00> <Adapter> <Opcode : 'read' 'write' 'readreq' 'writereq' 'writeresp'>

State 61 <SV = 60> <Delay = 2.92>
ST_61 : Operation 139 [11/70] (2.92ns)   --->   "%gmem1_addr_1_rd_req = readreq i1 @_ssdm_op_ReadReq.m_axi.i512P, i64 %gmem1_addr, i32" [/opt/Xilinx/Vitis/2020.1/common/technology/autopilot/hls_stream_39.h:167]   --->   Operation 139 'readreq' 'gmem1_addr_1_rd_req' <Predicate = true> <Delay = 2.92> <CoreInst = "m_axi">   --->   Core 55 'm_axi' <Latency = 6> <II = 1> <Delay = 1.00> <Adapter> <Opcode : 'read' 'write' 'readreq' 'writereq' 'writeresp'>

State 62 <SV = 61> <Delay = 2.92>
ST_62 : Operation 140 [10/70] (2.92ns)   --->   "%gmem1_addr_1_rd_req = readreq i1 @_ssdm_op_ReadReq.m_axi.i512P, i64 %gmem1_addr, i32" [/opt/Xilinx/Vitis/2020.1/common/technology/autopilot/hls_stream_39.h:167]   --->   Operation 140 'readreq' 'gmem1_addr_1_rd_req' <Predicate = true> <Delay = 2.92> <CoreInst = "m_axi">   --->   Core 55 'm_axi' <Latency = 6> <II = 1> <Delay = 1.00> <Adapter> <Opcode : 'read' 'write' 'readreq' 'writereq' 'writeresp'>

State 63 <SV = 62> <Delay = 2.92>
ST_63 : Operation 141 [9/70] (2.92ns)   --->   "%gmem1_addr_1_rd_req = readreq i1 @_ssdm_op_ReadReq.m_axi.i512P, i64 %gmem1_addr, i32" [/opt/Xilinx/Vitis/2020.1/common/technology/autopilot/hls_stream_39.h:167]   --->   Operation 141 'readreq' 'gmem1_addr_1_rd_req' <Predicate = true> <Delay = 2.92> <CoreInst = "m_axi">   --->   Core 55 'm_axi' <Latency = 6> <II = 1> <Delay = 1.00> <Adapter> <Opcode : 'read' 'write' 'readreq' 'writereq' 'writeresp'>

State 64 <SV = 63> <Delay = 2.92>
ST_64 : Operation 142 [8/70] (2.92ns)   --->   "%gmem1_addr_1_rd_req = readreq i1 @_ssdm_op_ReadReq.m_axi.i512P, i64 %gmem1_addr, i32" [/opt/Xilinx/Vitis/2020.1/common/technology/autopilot/hls_stream_39.h:167]   --->   Operation 142 'readreq' 'gmem1_addr_1_rd_req' <Predicate = true> <Delay = 2.92> <CoreInst = "m_axi">   --->   Core 55 'm_axi' <Latency = 6> <II = 1> <Delay = 1.00> <Adapter> <Opcode : 'read' 'write' 'readreq' 'writereq' 'writeresp'>

State 65 <SV = 64> <Delay = 2.92>
ST_65 : Operation 143 [7/70] (2.92ns)   --->   "%gmem1_addr_1_rd_req = readreq i1 @_ssdm_op_ReadReq.m_axi.i512P, i64 %gmem1_addr, i32" [/opt/Xilinx/Vitis/2020.1/common/technology/autopilot/hls_stream_39.h:167]   --->   Operation 143 'readreq' 'gmem1_addr_1_rd_req' <Predicate = true> <Delay = 2.92> <CoreInst = "m_axi">   --->   Core 55 'm_axi' <Latency = 6> <II = 1> <Delay = 1.00> <Adapter> <Opcode : 'read' 'write' 'readreq' 'writereq' 'writeresp'>

State 66 <SV = 65> <Delay = 2.92>
ST_66 : Operation 144 [6/70] (2.92ns)   --->   "%gmem1_addr_1_rd_req = readreq i1 @_ssdm_op_ReadReq.m_axi.i512P, i64 %gmem1_addr, i32" [/opt/Xilinx/Vitis/2020.1/common/technology/autopilot/hls_stream_39.h:167]   --->   Operation 144 'readreq' 'gmem1_addr_1_rd_req' <Predicate = true> <Delay = 2.92> <CoreInst = "m_axi">   --->   Core 55 'm_axi' <Latency = 6> <II = 1> <Delay = 1.00> <Adapter> <Opcode : 'read' 'write' 'readreq' 'writereq' 'writeresp'>

State 67 <SV = 66> <Delay = 2.92>
ST_67 : Operation 145 [5/70] (2.92ns)   --->   "%gmem1_addr_1_rd_req = readreq i1 @_ssdm_op_ReadReq.m_axi.i512P, i64 %gmem1_addr, i32" [/opt/Xilinx/Vitis/2020.1/common/technology/autopilot/hls_stream_39.h:167]   --->   Operation 145 'readreq' 'gmem1_addr_1_rd_req' <Predicate = true> <Delay = 2.92> <CoreInst = "m_axi">   --->   Core 55 'm_axi' <Latency = 6> <II = 1> <Delay = 1.00> <Adapter> <Opcode : 'read' 'write' 'readreq' 'writereq' 'writeresp'>

State 68 <SV = 67> <Delay = 2.92>
ST_68 : Operation 146 [4/70] (2.92ns)   --->   "%gmem1_addr_1_rd_req = readreq i1 @_ssdm_op_ReadReq.m_axi.i512P, i64 %gmem1_addr, i32" [/opt/Xilinx/Vitis/2020.1/common/technology/autopilot/hls_stream_39.h:167]   --->   Operation 146 'readreq' 'gmem1_addr_1_rd_req' <Predicate = true> <Delay = 2.92> <CoreInst = "m_axi">   --->   Core 55 'm_axi' <Latency = 6> <II = 1> <Delay = 1.00> <Adapter> <Opcode : 'read' 'write' 'readreq' 'writereq' 'writeresp'>

State 69 <SV = 68> <Delay = 2.92>
ST_69 : Operation 147 [3/70] (2.92ns)   --->   "%gmem1_addr_1_rd_req = readreq i1 @_ssdm_op_ReadReq.m_axi.i512P, i64 %gmem1_addr, i32" [/opt/Xilinx/Vitis/2020.1/common/technology/autopilot/hls_stream_39.h:167]   --->   Operation 147 'readreq' 'gmem1_addr_1_rd_req' <Predicate = true> <Delay = 2.92> <CoreInst = "m_axi">   --->   Core 55 'm_axi' <Latency = 6> <II = 1> <Delay = 1.00> <Adapter> <Opcode : 'read' 'write' 'readreq' 'writereq' 'writeresp'>

State 70 <SV = 69> <Delay = 2.92>
ST_70 : Operation 148 [2/70] (2.92ns)   --->   "%gmem1_addr_1_rd_req = readreq i1 @_ssdm_op_ReadReq.m_axi.i512P, i64 %gmem1_addr, i32" [/opt/Xilinx/Vitis/2020.1/common/technology/autopilot/hls_stream_39.h:167]   --->   Operation 148 'readreq' 'gmem1_addr_1_rd_req' <Predicate = true> <Delay = 2.92> <CoreInst = "m_axi">   --->   Core 55 'm_axi' <Latency = 6> <II = 1> <Delay = 1.00> <Adapter> <Opcode : 'read' 'write' 'readreq' 'writereq' 'writeresp'>

State 71 <SV = 70> <Delay = 2.92>
ST_71 : Operation 149 [1/1] (0.00ns)   --->   "%specinterface_ln0 = specinterface void @_ssdm_op_SpecInterface, i512 %gmem1, void @empty_14, i32, i32, void @empty_12, i32, i32, void @empty_12, void @empty_12, void @empty_12, i32, i32, i32, i32, void @empty_12, void @empty_12"   --->   Operation 149 'specinterface' 'specinterface_ln0' <Predicate = true> <Delay = 0.00>
ST_71 : Operation 150 [1/1] (0.00ns)   --->   "%specinterface_ln0 = specinterface void @_ssdm_op_SpecInterface, i512 %iq4, void @empty_7, i32, i32, void @empty_12, i32, i32, void @empty_12, void @empty_12, void @empty_12, i32, i32, i32, i32, void @empty_12, void @empty_12"   --->   Operation 150 'specinterface' 'specinterface_ln0' <Predicate = true> <Delay = 0.00>
ST_71 : Operation 151 [1/1] (0.00ns)   --->   "%specinterface_ln0 = specinterface void @_ssdm_op_SpecInterface, i64 %in_r, void @ap_fifo_str, i32, i32, void @p_str, i32, i32, void @p_str, void @p_str, void @p_str, i32, i32, i32, i32, void @p_str, void @ScalarProp_str"   --->   Operation 151 'specinterface' 'specinterface_ln0' <Predicate = true> <Delay = 0.00>
ST_71 : Operation 152 [1/1] (0.00ns)   --->   "%specinterface_ln0 = specinterface void @_ssdm_op_SpecInterface, i512 %iq4, void @empty_7, i32, i32, void @empty_12, i32, i32, void @empty_12, void @empty_12, void @empty_12, i32, i32, i32, i32, void @empty_12, void @empty_12"   --->   Operation 152 'specinterface' 'specinterface_ln0' <Predicate = true> <Delay = 0.00>
ST_71 : Operation 153 [1/1] (0.00ns)   --->   "%specinterface_ln0 = specinterface void @_ssdm_op_SpecInterface, i512 %gmem1, void @empty_14, i32, i32, void @empty_12, i32, i32, void @empty_12, void @empty_12, void @empty_12, i32, i32, i32, i32, void @empty_12, void @empty_12"   --->   Operation 153 'specinterface' 'specinterface_ln0' <Predicate = true> <Delay = 0.00>
ST_71 : Operation 154 [1/70] (2.92ns)   --->   "%gmem1_addr_1_rd_req = readreq i1 @_ssdm_op_ReadReq.m_axi.i512P, i64 %gmem1_addr, i32" [/opt/Xilinx/Vitis/2020.1/common/technology/autopilot/hls_stream_39.h:167]   --->   Operation 154 'readreq' 'gmem1_addr_1_rd_req' <Predicate = true> <Delay = 2.92> <CoreInst = "m_axi">   --->   Core 55 'm_axi' <Latency = 6> <II = 1> <Delay = 1.00> <Adapter> <Opcode : 'read' 'write' 'readreq' 'writereq' 'writeresp'>
ST_71 : Operation 155 [1/1] (0.60ns)   --->   "%br_ln223 = br void %bb.i" [/home/centos/workspace/lab_optimization/src/krnl_idct.cpp:223->/home/centos/workspace/lab_optimization/src/krnl_idct.cpp:318]   --->   Operation 155 'br' 'br_ln223' <Predicate = true> <Delay = 0.60>

State 72 <SV = 71> <Delay = 0.43>
ST_72 : Operation 156 [1/1] (0.00ns)   --->   "%i = phi i2 %add_ln223, void %bb.split.i, i2, void %entry" [/home/centos/workspace/lab_optimization/src/krnl_idct.cpp:223->/home/centos/workspace/lab_optimization/src/krnl_idct.cpp:318]   --->   Operation 156 'phi' 'i' <Predicate = true> <Delay = 0.00>
ST_72 : Operation 157 [1/1] (0.34ns)   --->   "%icmp_ln223 = icmp_eq  i2 %i, i2" [/home/centos/workspace/lab_optimization/src/krnl_idct.cpp:223->/home/centos/workspace/lab_optimization/src/krnl_idct.cpp:318]   --->   Operation 157 'icmp' 'icmp_ln223' <Predicate = true> <Delay = 0.34> <CoreInst = "Cmp">   --->   Core 10 'Cmp' <Latency = 0> <II = 1> <Delay = 0.49> <FuncUnit> <Opcode : 'icmp'> <InPorts = 2> <OutPorts = 1>
ST_72 : Operation 158 [1/1] (0.00ns)   --->   "%speclooptripcount_ln0 = speclooptripcount void @_ssdm_op_SpecLoopTripCount, i64, i64, i64"   --->   Operation 158 'speclooptripcount' 'speclooptripcount_ln0' <Predicate = true> <Delay = 0.00>
ST_72 : Operation 159 [1/1] (0.43ns)   --->   "%add_ln223 = add i2 %i, i2" [/home/centos/workspace/lab_optimization/src/krnl_idct.cpp:223->/home/centos/workspace/lab_optimization/src/krnl_idct.cpp:318]   --->   Operation 159 'add' 'add_ln223' <Predicate = true> <Delay = 0.43> <CoreInst = "Adder">   --->   Core 1 'Adder' <Latency = 0> <II = 1> <Delay = 0.43> <FuncUnit> <Opcode : 'add' 'sub'> <InPorts = 2> <OutPorts = 1>
ST_72 : Operation 160 [1/1] (0.00ns)   --->   "%br_ln223 = br i1 %icmp_ln223, void %bb.split.i, void %.exit" [/home/centos/workspace/lab_optimization/src/krnl_idct.cpp:223->/home/centos/workspace/lab_optimization/src/krnl_idct.cpp:318]   --->   Operation 160 'br' 'br_ln223' <Predicate = true> <Delay = 0.00>

State 73 <SV = 72> <Delay = 2.92>
ST_73 : Operation 161 [1/1] (2.92ns)   --->   "%gmem1_addr_read = read i512 @_ssdm_op_Read.m_axi.i512P, i64 %gmem1_addr, i1 %gmem1_addr_1_rd_req" [/opt/Xilinx/Vitis/2020.1/common/technology/autopilot/hls_stream_39.h:167]   --->   Operation 161 'read' 'gmem1_addr_read' <Predicate = (!icmp_ln223)> <Delay = 2.92> <CoreInst = "m_axi">   --->   Core 55 'm_axi' <Latency = 6> <II = 1> <Delay = 1.00> <Adapter> <Opcode : 'read' 'write' 'readreq' 'writereq' 'writeresp'>

State 74 <SV = 73> <Delay = 1.45>
ST_74 : Operation 162 [1/1] (0.00ns)   --->   "%specpipeline_ln223 = specpipeline void @_ssdm_op_SpecPipeline, i32, i32, i32, i32, void @empty_12" [/home/centos/workspace/lab_optimization/src/krnl_idct.cpp:223->/home/centos/workspace/lab_optimization/src/krnl_idct.cpp:318]   --->   Operation 162 'specpipeline' 'specpipeline_ln223' <Predicate = (!icmp_ln223)> <Delay = 0.00>
ST_74 : Operation 163 [1/1] (0.00ns)   --->   "%specloopname_ln223 = specloopname void @_ssdm_op_SpecLoopName, void @empty_4" [/home/centos/workspace/lab_optimization/src/krnl_idct.cpp:223->/home/centos/workspace/lab_optimization/src/krnl_idct.cpp:318]   --->   Operation 163 'specloopname' 'specloopname_ln223' <Predicate = (!icmp_ln223)> <Delay = 0.00>
ST_74 : Operation 164 [1/1] (1.45ns)   --->   "%write_ln167 = write void @_ssdm_op_Write.ap_fifo.volatile.i512P, i512 %iq4, i512 %gmem1_addr_read" [/opt/Xilinx/Vitis/2020.1/common/technology/autopilot/hls_stream_39.h:167]   --->   Operation 164 'write' 'write_ln167' <Predicate = (!icmp_ln223)> <Delay = 1.45> <CoreInst = "FIFO_SRL">   --->   Core 21 'FIFO_SRL' <Latency = 0> <II = 1> <Delay = 1.45> <Storage> <Opcode : 'read' 'write' 'nbread' 'nbwrite'> <Ports = 0> <Width = 512> <Depth = 2> <FIFO>
ST_74 : Operation 165 [1/1] (0.00ns)   --->   "%br_ln0 = br void %bb.i"   --->   Operation 165 'br' 'br_ln0' <Predicate = (!icmp_ln223)> <Delay = 0.00>

State 75 <SV = 72> <Delay = 0.00>
ST_75 : Operation 166 [1/1] (0.00ns)   --->   "%ret_ln318 = ret" [/home/centos/workspace/lab_optimization/src/krnl_idct.cpp:318]   --->   Operation 166 'ret' 'ret_ln318' <Predicate = true> <Delay = 0.00>


============================================================
+ Verbose Summary: Binding
============================================================
STG Binding: 
---------------- STG Properties BEGIN ----------------
- Is combinational: 0
- Is one-state seq: 0
- Is datapath-only: 0
- Is pipelined: 0
- Is top level: 0
Port [ Return ] is wired: 1; IO mode=ap_ctrl_hs:ce=0
Port [ gmem1]:  wired=1; compound=1; hidden=0; nouse=0; global=0; static=0; extern=0; dir=0; type=4; pingpong=0; private_global=0; IO mode=m_axi:ce=0
Port [ iq4]:  wired=1; compound=1; hidden=0; nouse=0; global=0; static=0; extern=0; dir=1; type=3; pingpong=0; private_global=0; IO mode=ap_fifo:ce=0
Port [ in_r]:  wired=1; compound=1; hidden=0; nouse=0; global=0; static=0; extern=0; dir=0; type=3; pingpong=0; private_global=0; IO mode=ap_fifo:ce=0
---------------- STG Properties END ------------------

---------------- Datapath Model BEGIN ----------------

<LifeTime>
<method=bitvector/>
in_read               (read             ) [ 0000000000000000000000000000000000000000000000000000000000000000000000000000]
trunc_ln167_1         (partselect       ) [ 0010000000000000000000000000000000000000000000000000000000000000000000000000]
sext_ln167            (sext             ) [ 0000000000000000000000000000000000000000000000000000000000000000000000000000]
gmem1_addr            (getelementptr    ) [ 0001111111111111111111111111111111111111111111111111111111111111111111111110]
specinterface_ln0     (specinterface    ) [ 0000000000000000000000000000000000000000000000000000000000000000000000000000]
specinterface_ln0     (specinterface    ) [ 0000000000000000000000000000000000000000000000000000000000000000000000000000]
specinterface_ln0     (specinterface    ) [ 0000000000000000000000000000000000000000000000000000000000000000000000000000]
specinterface_ln0     (specinterface    ) [ 0000000000000000000000000000000000000000000000000000000000000000000000000000]
specinterface_ln0     (specinterface    ) [ 0000000000000000000000000000000000000000000000000000000000000000000000000000]
gmem1_addr_1_rd_req   (readreq          ) [ 0000000000000000000000000000000000000000000000000000000000000000000000000000]
br_ln223              (br               ) [ 0000000000000000000000000000000000000000000000000000000000000000000000011110]
i                     (phi              ) [ 0000000000000000000000000000000000000000000000000000000000000000000000001000]
icmp_ln223            (icmp             ) [ 0000000000000000000000000000000000000000000000000000000000000000000000001110]
speclooptripcount_ln0 (speclooptripcount) [ 0000000000000000000000000000000000000000000000000000000000000000000000000000]
add_ln223             (add              ) [ 0000000000000000000000000000000000000000000000000000000000000000000000011110]
br_ln223              (br               ) [ 0000000000000000000000000000000000000000000000000000000000000000000000000000]
gmem1_addr_read       (read             ) [ 0000000000000000000000000000000000000000000000000000000000000000000000001010]
specpipeline_ln223    (specpipeline     ) [ 0000000000000000000000000000000000000000000000000000000000000000000000000000]
specloopname_ln223    (specloopname     ) [ 0000000000000000000000000000000000000000000000000000000000000000000000000000]
write_ln167           (write            ) [ 0000000000000000000000000000000000000000000000000000000000000000000000000000]
br_ln0                (br               ) [ 0000000000000000000000000000000000000000000000000000000000000000000000011110]
ret_ln318             (ret              ) [ 0000000000000000000000000000000000000000000000000000000000000000000000000000]
</LifeTime>

<model>

<comp_list>
<comp id="0" class="1000" name="gmem1">
<pin_list>
<pin id="1" dir="1" index="0" bw="1" slack="0"/>
</pin_list>
<bind>
<StgValue><ssdm name="gmem1"/></StgValue>
</bind>
</comp>

<comp id="2" class="1000" name="iq4">
<pin_list>
<pin id="3" dir="1" index="0" bw="1" slack="0"/>
</pin_list>
<bind>
<StgValue><ssdm name="iq4"/></StgValue>
</bind>
</comp>

<comp id="4" class="1000" name="in_r">
<pin_list>
<pin id="5" dir="1" index="0" bw="1" slack="0"/>
</pin_list>
<bind>
<StgValue><ssdm name="in_r"/></StgValue>
</bind>
</comp>

<comp id="6" class="1001" name="const_6">
<pin_list>
<pin id="7" dir="1" index="0" bw="1" slack="0"/>
</pin_list>
<bind>
<StgValue><ssdm name="_ssdm_op_Read.ap_fifo.i64P"/></StgValue>
</bind>
</comp>

<comp id="8" class="1001" name="const_8">
<pin_list>
<pin id="9" dir="1" index="0" bw="1" slack="0"/>
</pin_list>
<bind>
<StgValue><ssdm name="_ssdm_op_PartSelect.i58.i64.i32.i32"/></StgValue>
</bind>
</comp>

<comp id="10" class="1001" name="const_10">
<pin_list>
<pin id="11" dir="1" index="0" bw="1" slack="0"/>
</pin_list>
<bind>
<StgValue><ssdm name=""/></StgValue>
</bind>
</comp>

<comp id="12" class="1001" name="const_12">
<pin_list>
<pin id="13" dir="1" index="0" bw="1" slack="0"/>
</pin_list>
<bind>
<StgValue><ssdm name=""/></StgValue>
</bind>
</comp>

<comp id="14" class="1001" name="const_14">
<pin_list>
<pin id="15" dir="1" index="0" bw="1" slack="0"/>
</pin_list>
<bind>
<StgValue><ssdm name="_ssdm_op_ReadReq.m_axi.i512P"/></StgValue>
</bind>
</comp>

<comp id="16" class="1001" name="const_16">
<pin_list>
<pin id="17" dir="1" index="0" bw="1" slack="0"/>
</pin_list>
<bind>
<StgValue><ssdm name=""/></StgValue>
</bind>
</comp>

<comp id="18" class="1001" name="const_18">
<pin_list>
<pin id="19" dir="1" index="0" bw="1" slack="2147483647"/>
</pin_list>
<bind>
<StgValue><ssdm name="_ssdm_op_SpecInterface"/></StgValue>
</bind>
</comp>

<comp id="20" class="1001" name="const_20">
<pin_list>
<pin id="21" dir="1" index="0" bw="1" slack="2147483647"/>
</pin_list>
<bind>
<StgValue><ssdm name="empty_14"/></StgValue>
</bind>
</comp>

<comp id="22" class="1001" name="const_22">
<pin_list>
<pin id="23" dir="1" index="0" bw="1" slack="2147483647"/>
</pin_list>
<bind>
<StgValue><ssdm name=""/></StgValue>
</bind>
</comp>

<comp id="24" class="1001" name="const_24">
<pin_list>
<pin id="25" dir="1" index="0" bw="1" slack="2147483647"/>
</pin_list>
<bind>
<StgValue><ssdm name="empty_12"/></StgValue>
</bind>
</comp>

<comp id="26" class="1001" name="const_26">
<pin_list>
<pin id="27" dir="1" index="0" bw="1" slack="2147483647"/>
</pin_list>
<bind>
<StgValue><ssdm name=""/></StgValue>
</bind>
</comp>

<comp id="28" class="1001" name="const_28">
<pin_list>
<pin id="29" dir="1" index="0" bw="1" slack="2147483647"/>
</pin_list>
<bind>
<StgValue><ssdm name=""/></StgValue>
</bind>
</comp>

<comp id="30" class="1001" name="const_30">
<pin_list>
<pin id="31" dir="1" index="0" bw="1" slack="2147483647"/>
</pin_list>
<bind>
<StgValue><ssdm name="empty_7"/></StgValue>
</bind>
</comp>

<comp id="32" class="1001" name="const_32">
<pin_list>
<pin id="33" dir="1" index="0" bw="1" slack="2147483647"/>
</pin_list>
<bind>
<StgValue><ssdm name="ap_fifo_str"/></StgValue>
</bind>
</comp>

<comp id="34" class="1001" name="const_34">
<pin_list>
<pin id="35" dir="1" index="0" bw="1" slack="2147483647"/>
</pin_list>
<bind>
<StgValue><ssdm name="p_str"/></StgValue>
</bind>
</comp>

<comp id="36" class="1001" name="const_36">
<pin_list>
<pin id="37" dir="1" index="0" bw="1" slack="2147483647"/>
</pin_list>
<bind>
<StgValue><ssdm name="ScalarProp_str"/></StgValue>
</bind>
</comp>

<comp id="38" class="1001" name="const_38">
<pin_list>
<pin id="39" dir="1" index="0" bw="1" slack="1"/>
</pin_list>
<bind>
<StgValue><ssdm name=""/></StgValue>
</bind>
</comp>

<comp id="40" class="1001" name="const_40">
<pin_list>
<pin id="41" dir="1" index="0" bw="1" slack="0"/>
</pin_list>
<bind>
<StgValue><ssdm name=""/></StgValue>
</bind>
</comp>

<comp id="42" class="1001" name="const_42">
<pin_list>
<pin id="43" dir="1" index="0" bw="1" slack="2147483647"/>
</pin_list>
<bind>
<StgValue><ssdm name="_ssdm_op_SpecLoopTripCount"/></StgValue>
</bind>
</comp>

<comp id="44" class="1001" name="const_44">
<pin_list>
<pin id="45" dir="1" index="0" bw="1" slack="2147483647"/>
</pin_list>
<bind>
<StgValue><ssdm name=""/></StgValue>
</bind>
</comp>

<comp id="46" class="1001" name="const_46">
<pin_list>
<pin id="47" dir="1" index="0" bw="1" slack="0"/>
</pin_list>
<bind>
<StgValue><ssdm name=""/></StgValue>
</bind>
</comp>

<comp id="48" class="1001" name="const_48">
<pin_list>
<pin id="49" dir="1" index="0" bw="1" slack="0"/>
</pin_list>
<bind>
<StgValue><ssdm name="_ssdm_op_Read.m_axi.i512P"/></StgValue>
</bind>
</comp>

<comp id="50" class="1001" name="const_50">
<pin_list>
<pin id="51" dir="1" index="0" bw="1" slack="2147483647"/>
</pin_list>
<bind>
<StgValue><ssdm name="_ssdm_op_SpecPipeline"/></StgValue>
</bind>
</comp>

<comp id="52" class="1001" name="const_52">
<pin_list>
<pin id="53" dir="1" index="0" bw="1" slack="2147483647"/>
</pin_list>
<bind>
<StgValue><ssdm name=""/></StgValue>
</bind>
</comp>

<comp id="54" class="1001" name="const_54">
<pin_list>
<pin id="55" dir="1" index="0" bw="1" slack="2147483647"/>
</pin_list>
<bind>
<StgValue><ssdm name="_ssdm_op_SpecLoopName"/></StgValue>
</bind>
</comp>

<comp id="56" class="1001" name="const_56">
<pin_list>
<pin id="57" dir="1" index="0" bw="1" slack="2147483647"/>
</pin_list>
<bind>
<StgValue><ssdm name="empty_4"/></StgValue>
</bind>
</comp>

<comp id="58" class="1001" name="const_58">
<pin_list>
<pin id="59" dir="1" index="0" bw="1" slack="0"/>
</pin_list>
<bind>
<StgValue><ssdm name="_ssdm_op_Write.ap_fifo.volatile.i512P"/></StgValue>
</bind>
</comp>

<comp id="60" class="1004" name="in_read_read_fu_60">
<pin_list>
<pin id="61" dir="0" index="0" bw="64" slack="0"/>
<pin id="62" dir="0" index="1" bw="64" slack="0"/>
<pin id="63" dir="1" index="2" bw="64" slack="0"/>
</pin_list>
<bind>
<opcode="read(1150) " fcode="read"/>
<opset="in_read/1 "/>
</bind>
</comp>

<comp id="66" class="1004" name="grp_readreq_fu_66">
<pin_list>
<pin id="67" dir="0" index="0" bw="1" slack="0"/>
<pin id="68" dir="0" index="1" bw="512" slack="0"/>
<pin id="69" dir="0" index="2" bw="3" slack="0"/>
<pin id="70" dir="1" index="3" bw="1" slack="2147483647"/>
</pin_list>
<bind>
<opcode="readreq(1154) " fcode="readreq"/>
<opset="gmem1_addr_1_rd_req/2 "/>
</bind>
</comp>

<comp id="73" class="1004" name="gmem1_addr_read_read_fu_73">
<pin_list>
<pin id="74" dir="0" index="0" bw="512" slack="0"/>
<pin id="75" dir="0" index="1" bw="512" slack="71"/>
<pin id="76" dir="1" index="2" bw="512" slack="1"/>
</pin_list>
<bind>
<opcode="read(1150) " fcode="read"/>
<opset="gmem1_addr_read/73 "/>
</bind>
</comp>

<comp id="78" class="1004" name="write_ln167_write_fu_78">
<pin_list>
<pin id="79" dir="0" index="0" bw="0" slack="0"/>
<pin id="80" dir="0" index="1" bw="512" slack="0"/>
<pin id="81" dir="0" index="2" bw="512" slack="1"/>
<pin id="82" dir="1" index="3" bw="0" slack="2147483647"/>
</pin_list>
<bind>
<opcode="write(1151) " fcode="write"/>
<opset="write_ln167/74 "/>
</bind>
</comp>

<comp id="85" class="1005" name="i_reg_85">
<pin_list>
<pin id="86" dir="0" index="0" bw="2" slack="1"/>
<pin id="87" dir="1" index="1" bw="2" slack="1"/>
</pin_list>
<bind>
<opset="i (phireg) "/>
</bind>
</comp>

<comp id="89" class="1004" name="i_phi_fu_89">
<pin_list>
<pin id="90" dir="0" index="0" bw="2" slack="0"/>
<pin id="91" dir="0" index="1" bw="0" slack="2147483647"/>
<pin id="92" dir="0" index="2" bw="1" slack="1"/>
<pin id="93" dir="0" index="3" bw="0" slack="2147483647"/>
<pin id="94" dir="1" index="4" bw="2" slack="0"/>
</pin_list>
<bind>
<opcode="phi(47) " fcode="phi"/>
<opset="i/72 "/>
</bind>
</comp>

<comp id="96" class="1004" name="trunc_ln167_1_fu_96">
<pin_list>
<pin id="97" dir="0" index="0" bw="58" slack="0"/>
<pin id="98" dir="0" index="1" bw="64" slack="0"/>
<pin id="99" dir="0" index="2" bw="4" slack="0"/>
<pin id="100" dir="0" index="3" bw="7" slack="0"/>
<pin id="101" dir="1" index="4" bw="58" slack="1"/>
</pin_list>
<bind>
<opcode="partselect(1002) " fcode="partselect"/>
<opset="trunc_ln167_1/1 "/>
</bind>
</comp>

<comp id="106" class="1004" name="sext_ln167_fu_106">
<pin_list>
<pin id="107" dir="0" index="0" bw="58" slack="1"/>
<pin id="108" dir="1" index="1" bw="64" slack="0"/>
</pin_list>
<bind>
<opcode="sext(35) " fcode="sext"/>
<opset="sext_ln167/2 "/>
</bind>
</comp>

<comp id="109" class="1004" name="gmem1_addr_fu_109">
<pin_list>
<pin id="110" dir="0" index="0" bw="64" slack="0"/>
<pin id="111" dir="0" index="1" bw="64" slack="0"/>
<pin id="112" dir="1" index="2" bw="64" slack="0"/>
</pin_list>
<bind>
<opcode="getelementptr(29) " fcode="getelementptr"/>
<opset="gmem1_addr/2 "/>
</bind>
</comp>

<comp id="116" class="1004" name="icmp_ln223_fu_116">
<pin_list>
<pin id="117" dir="0" index="0" bw="2" slack="0"/>
<pin id="118" dir="0" index="1" bw="2" slack="0"/>
<pin id="119" dir="1" index="2" bw="1" slack="1"/>
</pin_list>
<bind>
<opcode="icmp(45) " fcode="icmp"/>
<opset="icmp_ln223/72 "/>
</bind>
</comp>

<comp id="122" class="1004" name="add_ln223_fu_122">
<pin_list>
<pin id="123" dir="0" index="0" bw="2" slack="0"/>
<pin id="124" dir="0" index="1" bw="1" slack="0"/>
<pin id="125" dir="1" index="2" bw="2" slack="0"/>
</pin_list>
<bind>
<opcode="add(8) " fcode="add"/>
<opset="add_ln223/72 "/>
</bind>
</comp>

<comp id="128" class="1005" name="trunc_ln167_1_reg_128">
<pin_list>
<pin id="129" dir="0" index="0" bw="58" slack="1"/>
<pin id="130" dir="1" index="1" bw="58" slack="1"/>
</pin_list>
<bind>
<opset="trunc_ln167_1 "/>
</bind>
</comp>

<comp id="133" class="1005" name="gmem1_addr_reg_133">
<pin_list>
<pin id="134" dir="0" index="0" bw="512" slack="1"/>
<pin id="135" dir="1" index="1" bw="512" slack="1"/>
</pin_list>
<bind>
<opset="gmem1_addr "/>
</bind>
</comp>

<comp id="139" class="1005" name="icmp_ln223_reg_139">
<pin_list>
<pin id="140" dir="0" index="0" bw="1" slack="1"/>
<pin id="141" dir="1" index="1" bw="1" slack="2147483647"/>
</pin_list>
<bind>
<opset="icmp_ln223 "/>
</bind>
</comp>

<comp id="143" class="1005" name="add_ln223_reg_143">
<pin_list>
<pin id="144" dir="0" index="0" bw="2" slack="0"/>
<pin id="145" dir="1" index="1" bw="2" slack="0"/>
</pin_list>
<bind>
<opset="add_ln223 "/>
</bind>
</comp>

<comp id="148" class="1005" name="gmem1_addr_read_reg_148">
<pin_list>
<pin id="149" dir="0" index="0" bw="512" slack="1"/>
<pin id="150" dir="1" index="1" bw="512" slack="1"/>
</pin_list>
<bind>
<opset="gmem1_addr_read "/>
</bind>
</comp>

</comp_list>

<net_list>
<net id="64"><net_src comp="6" pin="0"/><net_sink comp="60" pin=0"/></net>

<net id="65"><net_src comp="4" pin="0"/><net_sink comp="60" pin=1"/></net>

<net id="71"><net_src comp="14" pin="0"/><net_sink comp="66" pin=0"/></net>

<net id="72"><net_src comp="16" pin="0"/><net_sink comp="66" pin=2"/></net>

<net id="77"><net_src comp="48" pin="0"/><net_sink comp="73" pin=0"/></net>

<net id="83"><net_src comp="58" pin="0"/><net_sink comp="78" pin=0"/></net>

<net id="84"><net_src comp="2" pin="0"/><net_sink comp="78" pin=1"/></net>

<net id="88"><net_src comp="38" pin="0"/><net_sink comp="85" pin=0"/></net>

<net id="95"><net_src comp="85" pin="1"/><net_sink comp="89" pin=2"/></net>

<net id="102"><net_src comp="8" pin="0"/><net_sink comp="96" pin=0"/></net>

<net id="103"><net_src comp="60" pin="2"/><net_sink comp="96" pin=1"/></net>

<net id="104"><net_src comp="10" pin="0"/><net_sink comp="96" pin=2"/></net>

<net id="105"><net_src comp="12" pin="0"/><net_sink comp="96" pin=3"/></net>

<net id="113"><net_src comp="0" pin="0"/><net_sink comp="109" pin=0"/></net>

<net id="114"><net_src comp="106" pin="1"/><net_sink comp="109" pin=1"/></net>

<net id="115"><net_src comp="109" pin="2"/><net_sink comp="66" pin=1"/></net>

<net id="120"><net_src comp="89" pin="4"/><net_sink comp="116" pin=0"/></net>

<net id="121"><net_src comp="40" pin="0"/><net_sink comp="116" pin=1"/></net>

<net id="126"><net_src comp="89" pin="4"/><net_sink comp="122" pin=0"/></net>

<net id="127"><net_src comp="46" pin="0"/><net_sink comp="122" pin=1"/></net>

<net id="131"><net_src comp="96" pin="4"/><net_sink comp="128" pin=0"/></net>

<net id="132"><net_src comp="128" pin="1"/><net_sink comp="106" pin=0"/></net>

<net id="136"><net_src comp="109" pin="2"/><net_sink comp="133" pin=0"/></net>

<net id="137"><net_src comp="133" pin="1"/><net_sink comp="66" pin=1"/></net>

<net id="138"><net_src comp="133" pin="1"/><net_sink comp="73" pin=1"/></net>

<net id="142"><net_src comp="116" pin="2"/><net_sink comp="139" pin=0"/></net>

<net id="146"><net_src comp="122" pin="2"/><net_sink comp="143" pin=0"/></net>

<net id="147"><net_src comp="143" pin="1"/><net_sink comp="89" pin=0"/></net>

<net id="151"><net_src comp="73" pin="2"/><net_sink comp="148" pin=0"/></net>

<net id="152"><net_src comp="148" pin="1"/><net_sink comp="78" pin=2"/></net>

</net_list>

</model> 
---------------- Datapath Model END ------------------

* FSMD analyzer results:
  - Output states:
	Port: gmem1 | {}
	Port: iq4 | {74 }
 - Input state : 
	Port: read_blocks<ap_uint<512> > : gmem1 | {2 3 4 5 6 7 8 9 10 11 12 13 14 15 16 17 18 19 20 21 22 23 24 25 26 27 28 29 30 31 32 33 34 35 36 37 38 39 40 41 42 43 44 45 46 47 48 49 50 51 52 53 54 55 56 57 58 59 60 61 62 63 64 65 66 67 68 69 70 71 73 }
	Port: read_blocks<ap_uint<512> > : in_r | {1 }
  - Chain level:
	State 1
	State 2
		gmem1_addr : 1
		gmem1_addr_1_rd_req : 2
	State 3
	State 4
	State 5
	State 6
	State 7
	State 8
	State 9
	State 10
	State 11
	State 12
	State 13
	State 14
	State 15
	State 16
	State 17
	State 18
	State 19
	State 20
	State 21
	State 22
	State 23
	State 24
	State 25
	State 26
	State 27
	State 28
	State 29
	State 30
	State 31
	State 32
	State 33
	State 34
	State 35
	State 36
	State 37
	State 38
	State 39
	State 40
	State 41
	State 42
	State 43
	State 44
	State 45
	State 46
	State 47
	State 48
	State 49
	State 50
	State 51
	State 52
	State 53
	State 54
	State 55
	State 56
	State 57
	State 58
	State 59
	State 60
	State 61
	State 62
	State 63
	State 64
	State 65
	State 66
	State 67
	State 68
	State 69
	State 70
	State 71
	State 72
		icmp_ln223 : 1
		add_ln223 : 1
		br_ln223 : 2
	State 73
	State 74
	State 75


============================================================
+ Verbose Summary: Datapath Resource usage 
============================================================

* Functional unit list:
|----------|----------------------------|---------|---------|
| Operation|       Functional Unit      |    FF   |   LUT   |
|----------|----------------------------|---------|---------|
|    add   |      add_ln223_fu_122      |    0    |    9    |
|----------|----------------------------|---------|---------|
|   icmp   |      icmp_ln223_fu_116     |    0    |    8    |
|----------|----------------------------|---------|---------|
|   read   |     in_read_read_fu_60     |    0    |    0    |
|          | gmem1_addr_read_read_fu_73 |    0    |    0    |
|----------|----------------------------|---------|---------|
|  readreq |      grp_readreq_fu_66     |    0    |    0    |
|----------|----------------------------|---------|---------|
|   write  |   write_ln167_write_fu_78  |    0    |    0    |
|----------|----------------------------|---------|---------|
|partselect|     trunc_ln167_1_fu_96    |    0    |    0    |
|----------|----------------------------|---------|---------|
|   sext   |      sext_ln167_fu_106     |    0    |    0    |
|----------|----------------------------|---------|---------|
|   Total  |                            |    0    |    17   |
|----------|----------------------------|---------|---------|

Memories:
N/A

* Register list:
+-----------------------+--------+
|                       |   FF   |
+-----------------------+--------+
|   add_ln223_reg_143   |    2   |
|gmem1_addr_read_reg_148|   512  |
|   gmem1_addr_reg_133  |   512  |
|        i_reg_85       |    2   |
|   icmp_ln223_reg_139  |    1   |
| trunc_ln167_1_reg_128 |   58   |
+-----------------------+--------+
|         Total         |  1087  |
+-----------------------+--------+

* Multiplexer (MUX) list: 
|-------------------|------|------|------|--------||---------||---------|
|        Comp       |  Pin | Size |  BW  | S x BW ||  Delay  ||   LUT   |
|-------------------|------|------|------|--------||---------||---------|
| grp_readreq_fu_66 |  p1  |   2  |  512 |  1024  ||    9    |
|-------------------|------|------|------|--------||---------||---------|
|       Total       |      |      |      |  1024  ||  0.603  ||    9    |
|-------------------|------|------|------|--------||---------||---------|



* Summary:
+-----------+--------+--------+--------+
|           |  Delay |   FF   |   LUT  |
+-----------+--------+--------+--------+
|  Function |    -   |    0   |   17   |
|   Memory  |    -   |    -   |    -   |
|Multiplexer|    0   |    -   |    9   |
|  Register |    -   |  1087  |    -   |
+-----------+--------+--------+--------+
|   Total   |    0   |  1087  |   26   |
+-----------+--------+--------+--------+
