INFO: [VRFC 10-163] Analyzing VHDL file "/home/centos/workspace/lab_optimization/Emulation-HW/binary_container_1.build/link/vivado/vpl/prj/prj.ip_user_files/bd/pfm_dynamic/ip/pfm_dynamic_psr_kernel_clk_0_0/sim/pfm_dynamic_psr_kernel_clk_0_0.vhd" into library xil_defaultlib
INFO: [VRFC 10-3107] analyzing entity 'pfm_dynamic_psr_kernel_clk_0_0'
INFO: [VRFC 10-163] Analyzing VHDL file "/home/centos/workspace/lab_optimization/Emulation-HW/binary_container_1.build/link/vivado/vpl/prj/prj.ip_user_files/bd/pfm_dynamic/ip/pfm_dynamic_psr_kernel2_clk_0_0/sim/pfm_dynamic_psr_kernel2_clk_0_0.vhd" into library xil_defaultlib
INFO: [VRFC 10-3107] analyzing entity 'pfm_dynamic_psr_kernel2_clk_0_0'
INFO: [VRFC 10-163] Analyzing VHDL file "/home/centos/workspace/lab_optimization/Emulation-HW/binary_container_1.build/link/vivado/vpl/prj/prj.ip_user_files/bd/pfm_dynamic/ip/pfm_dynamic_psr_kernel_clk_1_0/sim/pfm_dynamic_psr_kernel_clk_1_0.vhd" into library xil_defaultlib
INFO: [VRFC 10-3107] analyzing entity 'pfm_dynamic_psr_kernel_clk_1_0'
INFO: [VRFC 10-163] Analyzing VHDL file "/home/centos/workspace/lab_optimization/Emulation-HW/binary_container_1.build/link/vivado/vpl/prj/prj.ip_user_files/bd/pfm_dynamic/ip/pfm_dynamic_psr_kernel2_clk_1_0/sim/pfm_dynamic_psr_kernel2_clk_1_0.vhd" into library xil_defaultlib
INFO: [VRFC 10-3107] analyzing entity 'pfm_dynamic_psr_kernel2_clk_1_0'
INFO: [VRFC 10-163] Analyzing VHDL file "/home/centos/workspace/lab_optimization/Emulation-HW/binary_container_1.build/link/vivado/vpl/prj/prj.ip_user_files/bd/pfm_dynamic/ip/pfm_dynamic_to_delete_kernel_ctrl_1_0/sim/pfm_dynamic_to_delete_kernel_ctrl_1_0.vhd" into library xil_defaultlib
INFO: [VRFC 10-3107] analyzing entity 'pfm_dynamic_to_delete_kernel_ctrl_1_0'
INFO: [VRFC 10-163] Analyzing VHDL file "/home/centos/workspace/lab_optimization/Emulation-HW/binary_container_1.build/link/vivado/vpl/prj/prj.ip_user_files/bd/pfm_dynamic/ip/pfm_dynamic_psr_kernel_clk_2_0/sim/pfm_dynamic_psr_kernel_clk_2_0.vhd" into library xil_defaultlib
INFO: [VRFC 10-3107] analyzing entity 'pfm_dynamic_psr_kernel_clk_2_0'
INFO: [VRFC 10-163] Analyzing VHDL file "/home/centos/workspace/lab_optimization/Emulation-HW/binary_container_1.build/link/vivado/vpl/prj/prj.ip_user_files/bd/pfm_dynamic/ip/pfm_dynamic_psr_kernel2_clk_2_0/sim/pfm_dynamic_psr_kernel2_clk_2_0.vhd" into library xil_defaultlib
INFO: [VRFC 10-3107] analyzing entity 'pfm_dynamic_psr_kernel2_clk_2_0'
INFO: [VRFC 10-163] Analyzing VHDL file "/home/centos/workspace/lab_optimization/Emulation-HW/binary_container_1.build/link/vivado/vpl/prj/prj.ip_user_files/bd/pfm_dynamic/ip/pfm_dynamic_to_delete_kernel_ctrl_2_0/sim/pfm_dynamic_to_delete_kernel_ctrl_2_0.vhd" into library xil_defaultlib
INFO: [VRFC 10-3107] analyzing entity 'pfm_dynamic_to_delete_kernel_ctrl_2_0'
INFO: [VRFC 10-163] Analyzing VHDL file "/home/centos/workspace/lab_optimization/Emulation-HW/binary_container_1.build/link/vivado/vpl/prj/prj.ip_user_files/bd/emu/ip/emu_axi_intc_0_0/sim/emu_axi_intc_0_0.vhd" into library xil_defaultlib
INFO: [VRFC 10-3107] analyzing entity 'emu_axi_intc_0_0'
INFO: [VRFC 10-163] Analyzing VHDL file "/home/centos/workspace/lab_optimization/Emulation-HW/binary_container_1.build/link/vivado/vpl/prj/prj.ip_user_files/bd/emu/ip/emu_psr_dma_pcie_aclk_0/sim/emu_psr_dma_pcie_aclk_0.vhd" into library xil_defaultlib
INFO: [VRFC 10-3107] analyzing entity 'emu_psr_dma_pcie_aclk_0'
