

================================================================
== Vitis HLS Report for 'krnl_idct_dataflow'
================================================================
* Date:           Thu Jan 14 21:10:55 2021

* Version:        2020.1 (Build 2902540 on Wed May 27 20:16:15 MDT 2020)
* Project:        krnl_idct
* Solution:       solution (Vitis Kernel Flow Target)
* Product family: virtexuplus
* Target device:  xcvu9p-flgb2104-2-i


================================================================
== Performance Estimates
================================================================
+ Timing: 
    * Summary: 
    +--------+---------+----------+------------+
    |  Clock |  Target | Estimated| Uncertainty|
    +--------+---------+----------+------------+
    |ap_clk  | 4.00 ns | 3.392 ns |   1.08 ns  |
    +--------+---------+----------+------------+

+ Latency: 
    * Summary: 
    +---------+---------+----------+----------+------+------+----------+
    |  Latency (cycles) |  Latency (absolute) |   Interval  | Pipeline |
    |   min   |   max   |    min   |    max   |  min |  max |   Type   |
    +---------+---------+----------+----------+------+------+----------+
    |     2144|     2214| 8.576 us | 8.856 us |  2072|  2122| dataflow |
    +---------+---------+----------+----------+------+------+----------+

    + Detail: 
        * Instance: 
        +------------------------------------------+---------------------------------------+---------+---------+----------+----------+------+------+---------+
        |                                          |                                       |  Latency (cycles) |  Latency (absolute) |   Interval  | Pipeline|
        |                 Instance                 |                 Module                |   min   |   max   |    min   |    max   |  min |  max |   Type  |
        +------------------------------------------+---------------------------------------+---------+---------+----------+----------+------+------+---------+
        |execute_U0                                |execute                                |     2071|     2071| 8.284 us | 8.284 us |  2071|  2071|   none  |
        |write_blocks_U0                           |write_blocks                           |        1|     2119| 4.000 ns | 8.476 us |     1|  2119|   none  |
        |read_blocks_ap_int_512_U0                 |read_blocks_ap_int_512_s               |        1|     2121| 4.000 ns | 8.484 us |     1|  2121|   none  |
        |read_blocks_ap_uint_512_U0                |read_blocks_ap_uint_512_s              |       75|       75| 0.300 us | 0.300 us |    75|    75|   none  |
        |krnl_idct_dataflow_Block_split25_proc_U0  |krnl_idct_dataflow_Block_split25_proc  |        0|        0|   0 ns   |   0 ns   |     0|     0|   none  |
        |krnl_idct_dataflow_entry6_U0              |krnl_idct_dataflow_entry6              |        0|        0|   0 ns   |   0 ns   |     0|     0|   none  |
        +------------------------------------------+---------------------------------------+---------+---------+----------+----------+------+------+---------+

        * Loop: 
        N/A



================================================================
== Utilization Estimates
================================================================
* Summary: 
+---------------------+---------+------+---------+---------+-----+
|         Name        | BRAM_18K|  DSP |    FF   |   LUT   | URAM|
+---------------------+---------+------+---------+---------+-----+
|DSP                  |        -|     -|        -|        -|    -|
|Expression           |        -|     -|        0|       57|    -|
|FIFO                 |       30|     -|     1213|      715|    -|
|Instance             |        -|   338|    36500|    27618|    -|
|Memory               |        -|     -|        -|        -|    -|
|Multiplexer          |        -|     -|        -|       54|    -|
|Register             |        -|     -|        9|        -|    -|
+---------------------+---------+------+---------+---------+-----+
|Total                |       30|   338|    37722|    28444|    0|
+---------------------+---------+------+---------+---------+-----+
|Available SLR        |     1440|  2280|   788160|   394080|  320|
+---------------------+---------+------+---------+---------+-----+
|Utilization SLR (%)  |        2|    14|        4|        7|    0|
+---------------------+---------+------+---------+---------+-----+
|Available            |     4320|  6840|  2364480|  1182240|  960|
+---------------------+---------+------+---------+---------+-----+
|Utilization (%)      |    ~0   |     4|        1|        2|    0|
+---------------------+---------+------+---------+---------+-----+

+ Detail: 
    * Instance: 
    +------------------------------------------+---------------------------------------+---------+-----+-------+-------+-----+
    |                 Instance                 |                 Module                | BRAM_18K| DSP |   FF  |  LUT  | URAM|
    +------------------------------------------+---------------------------------------+---------+-----+-------+-------+-----+
    |execute_U0                                |execute                                |        0|  338|  34420|  26011|    0|
    |krnl_idct_dataflow_Block_split25_proc_U0  |krnl_idct_dataflow_Block_split25_proc  |        0|    0|      3|     57|    0|
    |krnl_idct_dataflow_entry6_U0              |krnl_idct_dataflow_entry6              |        0|    0|      3|     82|    0|
    |read_blocks_ap_int_512_U0                 |read_blocks_ap_int_512_s               |        0|    0|    712|    511|    0|
    |read_blocks_ap_uint_512_U0                |read_blocks_ap_uint_512_s              |        0|    0|    651|    441|    0|
    |write_blocks_U0                           |write_blocks                           |        0|    0|    711|    516|    0|
    +------------------------------------------+---------------------------------------+---------+-----+-------+-------+-----+
    |Total                                     |                                       |        0|  338|  36500|  27618|    0|
    +------------------------------------------+---------------------------------------+---------+-----+-------+-------+-----+

    * DSP: 
    N/A

    * Memory: 
    N/A

    * FIFO: 
    +--------------------------+---------+-----+----+-----+------+-----+---------+
    |           Name           | BRAM_18K|  FF | LUT| URAM| Depth| Bits| Size:D*B|
    +--------------------------+---------+-----+----+-----+------+-----+---------+
    |block_c_U                 |        0|   99|   0|    -|     2|   64|      128|
    |blocks_c13_U              |        0|   99|   0|    -|     3|   32|       96|
    |blocks_c14_U              |        0|   99|   0|    -|     2|   31|       62|
    |blocks_c_U                |        0|   99|   0|    -|     2|   31|       62|
    |iblock_U                  |       15|  161|   0|    -|   512|  512|   262144|
    |icmp_ln331_loc_channel_U  |        0|   99|   0|    -|     2|    1|        2|
    |ignore_dc_c_U             |        0|   99|   0|    -|     2|   32|       64|
    |iq_U                      |        0|   99|   0|    -|     2|  512|     1024|
    |ivoutp_U                  |       15|  161|   0|    -|   512|  512|   262144|
    |q_c_U                     |        0|   99|   0|    -|     2|   64|      128|
    |voutp_c_U                 |        0|   99|   0|    -|     4|   64|      256|
    +--------------------------+---------+-----+----+-----+------+-----+---------+
    |Total                     |       30| 1213|   0|    0|  1045| 1855|   526110|
    +--------------------------+---------+-----+----+-----+------+-----+---------+

    * Expression: 
    +-----------------------------------------------+----------+----+---+----+------------+------------+
    |                 Variable Name                 | Operation| DSP| FF| LUT| Bitwidth P0| Bitwidth P1|
    +-----------------------------------------------+----------+----+---+----+------------+------------+
    |krnl_idct_dataflow_entry6_U0_ap_ready_count    |     +    |   0|  0|   9|           2|           1|
    |read_blocks_ap_int_512_U0_ap_ready_count       |     +    |   0|  0|   9|           2|           1|
    |read_blocks_ap_uint_512_U0_ap_ready_count      |     +    |   0|  0|   9|           2|           1|
    |ap_ext_blocking_n                              |    and   |   0|  0|   2|           1|           1|
    |ap_ext_blocking_sub_n                          |    and   |   0|  0|   2|           1|           1|
    |ap_idle                                        |    and   |   0|  0|   2|           1|           1|
    |ap_int_blocking_n                              |    and   |   0|  0|   2|           1|           1|
    |ap_int_blocking_sub_n                          |    and   |   0|  0|   2|           1|           1|
    |ap_str_blocking_n                              |    and   |   0|  0|   2|           1|           1|
    |ap_str_blocking_sub_n                          |    and   |   0|  0|   2|           1|           1|
    |ap_sync_ready                                  |    and   |   0|  0|   2|           1|           1|
    |krnl_idct_dataflow_entry6_U0_ap_start          |    and   |   0|  0|   2|           1|           1|
    |krnl_idct_dataflow_entry6_U0_start_full_n      |    and   |   0|  0|   2|           1|           1|
    |read_blocks_ap_int_512_U0_ap_start             |    and   |   0|  0|   2|           1|           1|
    |read_blocks_ap_uint_512_U0_ap_start            |    and   |   0|  0|   2|           1|           1|
    |ap_sync_krnl_idct_dataflow_entry6_U0_ap_ready  |    or    |   0|  0|   2|           1|           1|
    |ap_sync_read_blocks_ap_int_512_U0_ap_ready     |    or    |   0|  0|   2|           1|           1|
    |ap_sync_read_blocks_ap_uint_512_U0_ap_ready    |    or    |   0|  0|   2|           1|           1|
    +-----------------------------------------------+----------+----+---+----+------------+------------+
    |Total                                          |          |   0|  0|  57|          21|          18|
    +-----------------------------------------------+----------+----+---+----+------------+------------+

    * Multiplexer: 
    +---------------------------------------------------+----+-----------+-----+-----------+
    |                        Name                       | LUT| Input Size| Bits| Total Bits|
    +---------------------------------------------------+----+-----------+-----+-----------+
    |ap_sync_reg_krnl_idct_dataflow_entry6_U0_ap_ready  |   9|          2|    1|          2|
    |ap_sync_reg_read_blocks_ap_int_512_U0_ap_ready     |   9|          2|    1|          2|
    |ap_sync_reg_read_blocks_ap_uint_512_U0_ap_ready    |   9|          2|    1|          2|
    |krnl_idct_dataflow_entry6_U0_ap_ready_count        |   9|          2|    2|          4|
    |read_blocks_ap_int_512_U0_ap_ready_count           |   9|          2|    2|          4|
    |read_blocks_ap_uint_512_U0_ap_ready_count          |   9|          2|    2|          4|
    +---------------------------------------------------+----+-----------+-----+-----------+
    |Total                                              |  54|         12|    9|         18|
    +---------------------------------------------------+----+-----------+-----+-----------+

    * Register: 
    +---------------------------------------------------+---+----+-----+-----------+
    |                        Name                       | FF| LUT| Bits| Const Bits|
    +---------------------------------------------------+---+----+-----+-----------+
    |ap_sync_reg_krnl_idct_dataflow_entry6_U0_ap_ready  |  1|   0|    1|          0|
    |ap_sync_reg_read_blocks_ap_int_512_U0_ap_ready     |  1|   0|    1|          0|
    |ap_sync_reg_read_blocks_ap_uint_512_U0_ap_ready    |  1|   0|    1|          0|
    |krnl_idct_dataflow_entry6_U0_ap_ready_count        |  2|   0|    2|          0|
    |read_blocks_ap_int_512_U0_ap_ready_count           |  2|   0|    2|          0|
    |read_blocks_ap_uint_512_U0_ap_ready_count          |  2|   0|    2|          0|
    +---------------------------------------------------+---+----+-----+-----------+
    |Total                                              |  9|   0|    9|          0|
    +---------------------------------------------------+---+----+-----+-----------+



================================================================
== Interface
================================================================
* Summary: 
+----------------------+-----+-----+------------+--------------------+--------------+
|       RTL Ports      | Dir | Bits|  Protocol  |    Source Object   |    C Type    |
+----------------------+-----+-----+------------+--------------------+--------------+
|m_axi_gmem0_AWVALID   | out |    1|    m_axi   |        gmem0       |    pointer   |
|m_axi_gmem0_AWREADY   |  in |    1|    m_axi   |        gmem0       |    pointer   |
|m_axi_gmem0_AWADDR    | out |   64|    m_axi   |        gmem0       |    pointer   |
|m_axi_gmem0_AWID      | out |    1|    m_axi   |        gmem0       |    pointer   |
|m_axi_gmem0_AWLEN     | out |   32|    m_axi   |        gmem0       |    pointer   |
|m_axi_gmem0_AWSIZE    | out |    3|    m_axi   |        gmem0       |    pointer   |
|m_axi_gmem0_AWBURST   | out |    2|    m_axi   |        gmem0       |    pointer   |
|m_axi_gmem0_AWLOCK    | out |    2|    m_axi   |        gmem0       |    pointer   |
|m_axi_gmem0_AWCACHE   | out |    4|    m_axi   |        gmem0       |    pointer   |
|m_axi_gmem0_AWPROT    | out |    3|    m_axi   |        gmem0       |    pointer   |
|m_axi_gmem0_AWQOS     | out |    4|    m_axi   |        gmem0       |    pointer   |
|m_axi_gmem0_AWREGION  | out |    4|    m_axi   |        gmem0       |    pointer   |
|m_axi_gmem0_AWUSER    | out |    1|    m_axi   |        gmem0       |    pointer   |
|m_axi_gmem0_WVALID    | out |    1|    m_axi   |        gmem0       |    pointer   |
|m_axi_gmem0_WREADY    |  in |    1|    m_axi   |        gmem0       |    pointer   |
|m_axi_gmem0_WDATA     | out |  512|    m_axi   |        gmem0       |    pointer   |
|m_axi_gmem0_WSTRB     | out |   64|    m_axi   |        gmem0       |    pointer   |
|m_axi_gmem0_WLAST     | out |    1|    m_axi   |        gmem0       |    pointer   |
|m_axi_gmem0_WID       | out |    1|    m_axi   |        gmem0       |    pointer   |
|m_axi_gmem0_WUSER     | out |    1|    m_axi   |        gmem0       |    pointer   |
|m_axi_gmem0_ARVALID   | out |    1|    m_axi   |        gmem0       |    pointer   |
|m_axi_gmem0_ARREADY   |  in |    1|    m_axi   |        gmem0       |    pointer   |
|m_axi_gmem0_ARADDR    | out |   64|    m_axi   |        gmem0       |    pointer   |
|m_axi_gmem0_ARID      | out |    1|    m_axi   |        gmem0       |    pointer   |
|m_axi_gmem0_ARLEN     | out |   32|    m_axi   |        gmem0       |    pointer   |
|m_axi_gmem0_ARSIZE    | out |    3|    m_axi   |        gmem0       |    pointer   |
|m_axi_gmem0_ARBURST   | out |    2|    m_axi   |        gmem0       |    pointer   |
|m_axi_gmem0_ARLOCK    | out |    2|    m_axi   |        gmem0       |    pointer   |
|m_axi_gmem0_ARCACHE   | out |    4|    m_axi   |        gmem0       |    pointer   |
|m_axi_gmem0_ARPROT    | out |    3|    m_axi   |        gmem0       |    pointer   |
|m_axi_gmem0_ARQOS     | out |    4|    m_axi   |        gmem0       |    pointer   |
|m_axi_gmem0_ARREGION  | out |    4|    m_axi   |        gmem0       |    pointer   |
|m_axi_gmem0_ARUSER    | out |    1|    m_axi   |        gmem0       |    pointer   |
|m_axi_gmem0_RVALID    |  in |    1|    m_axi   |        gmem0       |    pointer   |
|m_axi_gmem0_RREADY    | out |    1|    m_axi   |        gmem0       |    pointer   |
|m_axi_gmem0_RDATA     |  in |  512|    m_axi   |        gmem0       |    pointer   |
|m_axi_gmem0_RLAST     |  in |    1|    m_axi   |        gmem0       |    pointer   |
|m_axi_gmem0_RID       |  in |    1|    m_axi   |        gmem0       |    pointer   |
|m_axi_gmem0_RUSER     |  in |    1|    m_axi   |        gmem0       |    pointer   |
|m_axi_gmem0_RRESP     |  in |    2|    m_axi   |        gmem0       |    pointer   |
|m_axi_gmem0_BVALID    |  in |    1|    m_axi   |        gmem0       |    pointer   |
|m_axi_gmem0_BREADY    | out |    1|    m_axi   |        gmem0       |    pointer   |
|m_axi_gmem0_BRESP     |  in |    2|    m_axi   |        gmem0       |    pointer   |
|m_axi_gmem0_BID       |  in |    1|    m_axi   |        gmem0       |    pointer   |
|m_axi_gmem0_BUSER     |  in |    1|    m_axi   |        gmem0       |    pointer   |
|m_axi_gmem1_AWVALID   | out |    1|    m_axi   |        gmem1       |    pointer   |
|m_axi_gmem1_AWREADY   |  in |    1|    m_axi   |        gmem1       |    pointer   |
|m_axi_gmem1_AWADDR    | out |   64|    m_axi   |        gmem1       |    pointer   |
|m_axi_gmem1_AWID      | out |    1|    m_axi   |        gmem1       |    pointer   |
|m_axi_gmem1_AWLEN     | out |   32|    m_axi   |        gmem1       |    pointer   |
|m_axi_gmem1_AWSIZE    | out |    3|    m_axi   |        gmem1       |    pointer   |
|m_axi_gmem1_AWBURST   | out |    2|    m_axi   |        gmem1       |    pointer   |
|m_axi_gmem1_AWLOCK    | out |    2|    m_axi   |        gmem1       |    pointer   |
|m_axi_gmem1_AWCACHE   | out |    4|    m_axi   |        gmem1       |    pointer   |
|m_axi_gmem1_AWPROT    | out |    3|    m_axi   |        gmem1       |    pointer   |
|m_axi_gmem1_AWQOS     | out |    4|    m_axi   |        gmem1       |    pointer   |
|m_axi_gmem1_AWREGION  | out |    4|    m_axi   |        gmem1       |    pointer   |
|m_axi_gmem1_AWUSER    | out |    1|    m_axi   |        gmem1       |    pointer   |
|m_axi_gmem1_WVALID    | out |    1|    m_axi   |        gmem1       |    pointer   |
|m_axi_gmem1_WREADY    |  in |    1|    m_axi   |        gmem1       |    pointer   |
|m_axi_gmem1_WDATA     | out |  512|    m_axi   |        gmem1       |    pointer   |
|m_axi_gmem1_WSTRB     | out |   64|    m_axi   |        gmem1       |    pointer   |
|m_axi_gmem1_WLAST     | out |    1|    m_axi   |        gmem1       |    pointer   |
|m_axi_gmem1_WID       | out |    1|    m_axi   |        gmem1       |    pointer   |
|m_axi_gmem1_WUSER     | out |    1|    m_axi   |        gmem1       |    pointer   |
|m_axi_gmem1_ARVALID   | out |    1|    m_axi   |        gmem1       |    pointer   |
|m_axi_gmem1_ARREADY   |  in |    1|    m_axi   |        gmem1       |    pointer   |
|m_axi_gmem1_ARADDR    | out |   64|    m_axi   |        gmem1       |    pointer   |
|m_axi_gmem1_ARID      | out |    1|    m_axi   |        gmem1       |    pointer   |
|m_axi_gmem1_ARLEN     | out |   32|    m_axi   |        gmem1       |    pointer   |
|m_axi_gmem1_ARSIZE    | out |    3|    m_axi   |        gmem1       |    pointer   |
|m_axi_gmem1_ARBURST   | out |    2|    m_axi   |        gmem1       |    pointer   |
|m_axi_gmem1_ARLOCK    | out |    2|    m_axi   |        gmem1       |    pointer   |
|m_axi_gmem1_ARCACHE   | out |    4|    m_axi   |        gmem1       |    pointer   |
|m_axi_gmem1_ARPROT    | out |    3|    m_axi   |        gmem1       |    pointer   |
|m_axi_gmem1_ARQOS     | out |    4|    m_axi   |        gmem1       |    pointer   |
|m_axi_gmem1_ARREGION  | out |    4|    m_axi   |        gmem1       |    pointer   |
|m_axi_gmem1_ARUSER    | out |    1|    m_axi   |        gmem1       |    pointer   |
|m_axi_gmem1_RVALID    |  in |    1|    m_axi   |        gmem1       |    pointer   |
|m_axi_gmem1_RREADY    | out |    1|    m_axi   |        gmem1       |    pointer   |
|m_axi_gmem1_RDATA     |  in |  512|    m_axi   |        gmem1       |    pointer   |
|m_axi_gmem1_RLAST     |  in |    1|    m_axi   |        gmem1       |    pointer   |
|m_axi_gmem1_RID       |  in |    1|    m_axi   |        gmem1       |    pointer   |
|m_axi_gmem1_RUSER     |  in |    1|    m_axi   |        gmem1       |    pointer   |
|m_axi_gmem1_RRESP     |  in |    2|    m_axi   |        gmem1       |    pointer   |
|m_axi_gmem1_BVALID    |  in |    1|    m_axi   |        gmem1       |    pointer   |
|m_axi_gmem1_BREADY    | out |    1|    m_axi   |        gmem1       |    pointer   |
|m_axi_gmem1_BRESP     |  in |    2|    m_axi   |        gmem1       |    pointer   |
|m_axi_gmem1_BID       |  in |    1|    m_axi   |        gmem1       |    pointer   |
|m_axi_gmem1_BUSER     |  in |    1|    m_axi   |        gmem1       |    pointer   |
|m_axi_gmem2_AWVALID   | out |    1|    m_axi   |        gmem2       |    pointer   |
|m_axi_gmem2_AWREADY   |  in |    1|    m_axi   |        gmem2       |    pointer   |
|m_axi_gmem2_AWADDR    | out |   64|    m_axi   |        gmem2       |    pointer   |
|m_axi_gmem2_AWID      | out |    1|    m_axi   |        gmem2       |    pointer   |
|m_axi_gmem2_AWLEN     | out |   32|    m_axi   |        gmem2       |    pointer   |
|m_axi_gmem2_AWSIZE    | out |    3|    m_axi   |        gmem2       |    pointer   |
|m_axi_gmem2_AWBURST   | out |    2|    m_axi   |        gmem2       |    pointer   |
|m_axi_gmem2_AWLOCK    | out |    2|    m_axi   |        gmem2       |    pointer   |
|m_axi_gmem2_AWCACHE   | out |    4|    m_axi   |        gmem2       |    pointer   |
|m_axi_gmem2_AWPROT    | out |    3|    m_axi   |        gmem2       |    pointer   |
|m_axi_gmem2_AWQOS     | out |    4|    m_axi   |        gmem2       |    pointer   |
|m_axi_gmem2_AWREGION  | out |    4|    m_axi   |        gmem2       |    pointer   |
|m_axi_gmem2_AWUSER    | out |    1|    m_axi   |        gmem2       |    pointer   |
|m_axi_gmem2_WVALID    | out |    1|    m_axi   |        gmem2       |    pointer   |
|m_axi_gmem2_WREADY    |  in |    1|    m_axi   |        gmem2       |    pointer   |
|m_axi_gmem2_WDATA     | out |  512|    m_axi   |        gmem2       |    pointer   |
|m_axi_gmem2_WSTRB     | out |   64|    m_axi   |        gmem2       |    pointer   |
|m_axi_gmem2_WLAST     | out |    1|    m_axi   |        gmem2       |    pointer   |
|m_axi_gmem2_WID       | out |    1|    m_axi   |        gmem2       |    pointer   |
|m_axi_gmem2_WUSER     | out |    1|    m_axi   |        gmem2       |    pointer   |
|m_axi_gmem2_ARVALID   | out |    1|    m_axi   |        gmem2       |    pointer   |
|m_axi_gmem2_ARREADY   |  in |    1|    m_axi   |        gmem2       |    pointer   |
|m_axi_gmem2_ARADDR    | out |   64|    m_axi   |        gmem2       |    pointer   |
|m_axi_gmem2_ARID      | out |    1|    m_axi   |        gmem2       |    pointer   |
|m_axi_gmem2_ARLEN     | out |   32|    m_axi   |        gmem2       |    pointer   |
|m_axi_gmem2_ARSIZE    | out |    3|    m_axi   |        gmem2       |    pointer   |
|m_axi_gmem2_ARBURST   | out |    2|    m_axi   |        gmem2       |    pointer   |
|m_axi_gmem2_ARLOCK    | out |    2|    m_axi   |        gmem2       |    pointer   |
|m_axi_gmem2_ARCACHE   | out |    4|    m_axi   |        gmem2       |    pointer   |
|m_axi_gmem2_ARPROT    | out |    3|    m_axi   |        gmem2       |    pointer   |
|m_axi_gmem2_ARQOS     | out |    4|    m_axi   |        gmem2       |    pointer   |
|m_axi_gmem2_ARREGION  | out |    4|    m_axi   |        gmem2       |    pointer   |
|m_axi_gmem2_ARUSER    | out |    1|    m_axi   |        gmem2       |    pointer   |
|m_axi_gmem2_RVALID    |  in |    1|    m_axi   |        gmem2       |    pointer   |
|m_axi_gmem2_RREADY    | out |    1|    m_axi   |        gmem2       |    pointer   |
|m_axi_gmem2_RDATA     |  in |  512|    m_axi   |        gmem2       |    pointer   |
|m_axi_gmem2_RLAST     |  in |    1|    m_axi   |        gmem2       |    pointer   |
|m_axi_gmem2_RID       |  in |    1|    m_axi   |        gmem2       |    pointer   |
|m_axi_gmem2_RUSER     |  in |    1|    m_axi   |        gmem2       |    pointer   |
|m_axi_gmem2_RRESP     |  in |    2|    m_axi   |        gmem2       |    pointer   |
|m_axi_gmem2_BVALID    |  in |    1|    m_axi   |        gmem2       |    pointer   |
|m_axi_gmem2_BREADY    | out |    1|    m_axi   |        gmem2       |    pointer   |
|m_axi_gmem2_BRESP     |  in |    2|    m_axi   |        gmem2       |    pointer   |
|m_axi_gmem2_BID       |  in |    1|    m_axi   |        gmem2       |    pointer   |
|m_axi_gmem2_BUSER     |  in |    1|    m_axi   |        gmem2       |    pointer   |
|block_r               |  in |   64|   ap_none  |       block_r      |    scalar    |
|block_r_ap_vld        |  in |    1|   ap_none  |       block_r      |    scalar    |
|q                     |  in |   64|   ap_none  |          q         |    scalar    |
|q_ap_vld              |  in |    1|   ap_none  |          q         |    scalar    |
|voutp                 |  in |   64|   ap_none  |        voutp       |    scalar    |
|voutp_ap_vld          |  in |    1|   ap_none  |        voutp       |    scalar    |
|ignore_dc             |  in |   32|   ap_none  |      ignore_dc     |    scalar    |
|ignore_dc_ap_vld      |  in |    1|   ap_none  |      ignore_dc     |    scalar    |
|blocks                |  in |   32|   ap_none  |       blocks       |    scalar    |
|blocks_ap_vld         |  in |    1|   ap_none  |       blocks       |    scalar    |
|ap_clk                |  in |    1| ap_ctrl_hs | krnl_idct_dataflow | return value |
|ap_rst                |  in |    1| ap_ctrl_hs | krnl_idct_dataflow | return value |
|ap_start              |  in |    1| ap_ctrl_hs | krnl_idct_dataflow | return value |
|ap_done               | out |    1| ap_ctrl_hs | krnl_idct_dataflow | return value |
|ap_ready              | out |    1| ap_ctrl_hs | krnl_idct_dataflow | return value |
|ap_idle               | out |    1| ap_ctrl_hs | krnl_idct_dataflow | return value |
|ap_continue           |  in |    1| ap_ctrl_hs | krnl_idct_dataflow | return value |
|ap_ext_blocking_n     | out |    1| ap_ctrl_hs | krnl_idct_dataflow | return value |
|ap_str_blocking_n     | out |    1| ap_ctrl_hs | krnl_idct_dataflow | return value |
|ap_int_blocking_n     | out |    1| ap_ctrl_hs | krnl_idct_dataflow | return value |
+----------------------+-----+-----+------------+--------------------+--------------+

