

================================================================
== Vitis HLS Report for 'read_blocks_ap_uint_512_s'
================================================================
* Date:           Thu Jan 14 21:10:46 2021

* Version:        2020.1 (Build 2902540 on Wed May 27 20:16:15 MDT 2020)
* Project:        krnl_idct
* Solution:       solution (Vitis Kernel Flow Target)
* Product family: virtexuplus
* Target device:  xcvu9p-flgb2104-2-i


================================================================
== Performance Estimates
================================================================
+ Timing: 
    * Summary: 
    +--------+---------+----------+------------+
    |  Clock |  Target | Estimated| Uncertainty|
    +--------+---------+----------+------------+
    |ap_clk  | 4.00 ns | 2.920 ns |   1.08 ns  |
    +--------+---------+----------+------------+

+ Latency: 
    * Summary: 
    +---------+---------+----------+----------+-----+-----+---------+
    |  Latency (cycles) |  Latency (absolute) |  Interval | Pipeline|
    |   min   |   max   |    min   |    max   | min | max |   Type  |
    +---------+---------+----------+----------+-----+-----+---------+
    |       75|       75| 0.300 us | 0.300 us |   75|   75|   none  |
    +---------+---------+----------+----------+-----+-----+---------+

    + Detail: 
        * Instance: 
        N/A

        * Loop: 
        +------------------+---------+---------+----------+-----------+-----------+------+----------+
        |                  |  Latency (cycles) | Iteration|  Initiation Interval  | Trip |          |
        |     Loop Name    |   min   |   max   |  Latency |  achieved |   target  | Count| Pipelined|
        +------------------+---------+---------+----------+-----------+-----------+------+----------+
        |- loop_rd_blocks  |        3|        3|         3|          1|          1|     2|    yes   |
        +------------------+---------+---------+----------+-----------+-----------+------+----------+



================================================================
== Utilization Estimates
================================================================
* Summary: 
+---------------------+---------+------+---------+---------+-----+
|         Name        | BRAM_18K|  DSP |    FF   |   LUT   | URAM|
+---------------------+---------+------+---------+---------+-----+
|DSP                  |        -|     -|        -|        -|    -|
|Expression           |        -|     -|        0|       40|    -|
|FIFO                 |        -|     -|        -|        -|    -|
|Instance             |        -|     -|        -|        -|    -|
|Memory               |        -|     -|        -|        -|    -|
|Multiplexer          |        -|     -|        -|      401|    -|
|Register             |        -|     -|      651|        -|    -|
+---------------------+---------+------+---------+---------+-----+
|Total                |        0|     0|      651|      441|    0|
+---------------------+---------+------+---------+---------+-----+
|Available SLR        |     1440|  2280|   788160|   394080|  320|
+---------------------+---------+------+---------+---------+-----+
|Utilization SLR (%)  |        0|     0|    ~0   |    ~0   |    0|
+---------------------+---------+------+---------+---------+-----+
|Available            |     4320|  6840|  2364480|  1182240|  960|
+---------------------+---------+------+---------+---------+-----+
|Utilization (%)      |        0|     0|    ~0   |    ~0   |    0|
+---------------------+---------+------+---------+---------+-----+

+ Detail: 
    * Instance: 
    N/A

    * DSP: 
    N/A

    * Memory: 
    N/A

    * FIFO: 
    N/A

    * Expression: 
    +-----------------------------------+----------+----+---+----+------------+------------+
    |           Variable Name           | Operation| DSP| FF| LUT| Bitwidth P0| Bitwidth P1|
    +-----------------------------------+----------+----+---+----+------------+------------+
    |add_ln223_fu_122_p2                |     +    |   0|  0|   9|           2|           1|
    |ap_block_state73_pp0_stage0_iter1  |    and   |   0|  0|   2|           1|           1|
    |ap_block_state74_pp0_stage0_iter2  |    and   |   0|  0|   2|           1|           1|
    |ap_ext_blocking_cur_n              |    and   |   0|  0|   2|           1|           1|
    |ap_ext_blocking_n                  |    and   |   0|  0|   2|           1|           2|
    |ap_int_blocking_cur_n              |    and   |   0|  0|   2|           1|           1|
    |ap_int_blocking_n                  |    and   |   0|  0|   2|           1|           2|
    |ap_str_blocking_n                  |    and   |   0|  0|   2|           2|           2|
    |icmp_ln223_fu_116_p2               |   icmp   |   0|  0|   9|           2|           3|
    |ap_block_pp0_stage0_01001          |    or    |   0|  0|   2|           1|           1|
    |ap_block_state1                    |    or    |   0|  0|   2|           1|           1|
    |ap_enable_pp0                      |    xor   |   0|  0|   2|           1|           2|
    |ap_enable_reg_pp0_iter1            |    xor   |   0|  0|   2|           2|           1|
    +-----------------------------------+----------+----+---+----+------------+------------+
    |Total                              |          |   0|  0|  40|          17|          19|
    +-----------------------------------+----------+----+---+----+------------+------------+

    * Multiplexer: 
    +-------------------------+-----+-----------+-----+-----------+
    |           Name          | LUT | Input Size| Bits| Total Bits|
    +-------------------------+-----+-----------+-----+-----------+
    |ap_NS_fsm                |  329|         74|    1|         74|
    |ap_done                  |    9|          2|    1|          2|
    |ap_enable_reg_pp0_iter1  |    9|          2|    1|          2|
    |ap_enable_reg_pp0_iter2  |    9|          2|    1|          2|
    |gmem1_blk_n_AR           |    9|          2|    1|          2|
    |gmem1_blk_n_R            |    9|          2|    1|          2|
    |i_reg_85                 |    9|          2|    2|          4|
    |in_r_blk_n               |    9|          2|    1|          2|
    |iq4_blk_n                |    9|          2|    1|          2|
    +-------------------------+-----+-----------+-----+-----------+
    |Total                    |  401|         90|   10|         92|
    +-------------------------+-----+-----------+-----+-----------+

    * Register: 
    +----------------------------------+-----+----+-----+-----------+
    |               Name               |  FF | LUT| Bits| Const Bits|
    +----------------------------------+-----+----+-----+-----------+
    |ap_CS_fsm                         |   73|   0|   73|          0|
    |ap_done_reg                       |    1|   0|    1|          0|
    |ap_enable_reg_pp0_iter0           |    1|   0|    1|          0|
    |ap_enable_reg_pp0_iter1           |    1|   0|    1|          0|
    |ap_enable_reg_pp0_iter2           |    1|   0|    1|          0|
    |gmem1_addr_read_reg_148           |  512|   0|  512|          0|
    |i_reg_85                          |    2|   0|    2|          0|
    |icmp_ln223_reg_139                |    1|   0|    1|          0|
    |icmp_ln223_reg_139_pp0_iter1_reg  |    1|   0|    1|          0|
    |trunc_ln167_1_reg_128             |   58|   0|   58|          0|
    +----------------------------------+-----+----+-----+-----------+
    |Total                             |  651|   0|  651|          0|
    +----------------------------------+-----+----+-----+-----------+



================================================================
== Interface
================================================================
* Summary: 
+----------------------+-----+-----+------------+----------------------------+--------------+
|       RTL Ports      | Dir | Bits|  Protocol  |        Source Object       |    C Type    |
+----------------------+-----+-----+------------+----------------------------+--------------+
|ap_clk                |  in |    1| ap_ctrl_hs | read_blocks<ap_uint<512> > | return value |
|ap_rst                |  in |    1| ap_ctrl_hs | read_blocks<ap_uint<512> > | return value |
|ap_start              |  in |    1| ap_ctrl_hs | read_blocks<ap_uint<512> > | return value |
|ap_done               | out |    1| ap_ctrl_hs | read_blocks<ap_uint<512> > | return value |
|ap_continue           |  in |    1| ap_ctrl_hs | read_blocks<ap_uint<512> > | return value |
|ap_idle               | out |    1| ap_ctrl_hs | read_blocks<ap_uint<512> > | return value |
|ap_ready              | out |    1| ap_ctrl_hs | read_blocks<ap_uint<512> > | return value |
|ap_ext_blocking_n     | out |    1| ap_ctrl_hs | read_blocks<ap_uint<512> > | return value |
|ap_str_blocking_n     | out |    1| ap_ctrl_hs | read_blocks<ap_uint<512> > | return value |
|ap_int_blocking_n     | out |    1| ap_ctrl_hs | read_blocks<ap_uint<512> > | return value |
|m_axi_gmem1_AWVALID   | out |    1|    m_axi   |            gmem1           |    pointer   |
|m_axi_gmem1_AWREADY   |  in |    1|    m_axi   |            gmem1           |    pointer   |
|m_axi_gmem1_AWADDR    | out |   64|    m_axi   |            gmem1           |    pointer   |
|m_axi_gmem1_AWID      | out |    1|    m_axi   |            gmem1           |    pointer   |
|m_axi_gmem1_AWLEN     | out |   32|    m_axi   |            gmem1           |    pointer   |
|m_axi_gmem1_AWSIZE    | out |    3|    m_axi   |            gmem1           |    pointer   |
|m_axi_gmem1_AWBURST   | out |    2|    m_axi   |            gmem1           |    pointer   |
|m_axi_gmem1_AWLOCK    | out |    2|    m_axi   |            gmem1           |    pointer   |
|m_axi_gmem1_AWCACHE   | out |    4|    m_axi   |            gmem1           |    pointer   |
|m_axi_gmem1_AWPROT    | out |    3|    m_axi   |            gmem1           |    pointer   |
|m_axi_gmem1_AWQOS     | out |    4|    m_axi   |            gmem1           |    pointer   |
|m_axi_gmem1_AWREGION  | out |    4|    m_axi   |            gmem1           |    pointer   |
|m_axi_gmem1_AWUSER    | out |    1|    m_axi   |            gmem1           |    pointer   |
|m_axi_gmem1_WVALID    | out |    1|    m_axi   |            gmem1           |    pointer   |
|m_axi_gmem1_WREADY    |  in |    1|    m_axi   |            gmem1           |    pointer   |
|m_axi_gmem1_WDATA     | out |  512|    m_axi   |            gmem1           |    pointer   |
|m_axi_gmem1_WSTRB     | out |   64|    m_axi   |            gmem1           |    pointer   |
|m_axi_gmem1_WLAST     | out |    1|    m_axi   |            gmem1           |    pointer   |
|m_axi_gmem1_WID       | out |    1|    m_axi   |            gmem1           |    pointer   |
|m_axi_gmem1_WUSER     | out |    1|    m_axi   |            gmem1           |    pointer   |
|m_axi_gmem1_ARVALID   | out |    1|    m_axi   |            gmem1           |    pointer   |
|m_axi_gmem1_ARREADY   |  in |    1|    m_axi   |            gmem1           |    pointer   |
|m_axi_gmem1_ARADDR    | out |   64|    m_axi   |            gmem1           |    pointer   |
|m_axi_gmem1_ARID      | out |    1|    m_axi   |            gmem1           |    pointer   |
|m_axi_gmem1_ARLEN     | out |   32|    m_axi   |            gmem1           |    pointer   |
|m_axi_gmem1_ARSIZE    | out |    3|    m_axi   |            gmem1           |    pointer   |
|m_axi_gmem1_ARBURST   | out |    2|    m_axi   |            gmem1           |    pointer   |
|m_axi_gmem1_ARLOCK    | out |    2|    m_axi   |            gmem1           |    pointer   |
|m_axi_gmem1_ARCACHE   | out |    4|    m_axi   |            gmem1           |    pointer   |
|m_axi_gmem1_ARPROT    | out |    3|    m_axi   |            gmem1           |    pointer   |
|m_axi_gmem1_ARQOS     | out |    4|    m_axi   |            gmem1           |    pointer   |
|m_axi_gmem1_ARREGION  | out |    4|    m_axi   |            gmem1           |    pointer   |
|m_axi_gmem1_ARUSER    | out |    1|    m_axi   |            gmem1           |    pointer   |
|m_axi_gmem1_RVALID    |  in |    1|    m_axi   |            gmem1           |    pointer   |
|m_axi_gmem1_RREADY    | out |    1|    m_axi   |            gmem1           |    pointer   |
|m_axi_gmem1_RDATA     |  in |  512|    m_axi   |            gmem1           |    pointer   |
|m_axi_gmem1_RLAST     |  in |    1|    m_axi   |            gmem1           |    pointer   |
|m_axi_gmem1_RID       |  in |    1|    m_axi   |            gmem1           |    pointer   |
|m_axi_gmem1_RUSER     |  in |    1|    m_axi   |            gmem1           |    pointer   |
|m_axi_gmem1_RRESP     |  in |    2|    m_axi   |            gmem1           |    pointer   |
|m_axi_gmem1_BVALID    |  in |    1|    m_axi   |            gmem1           |    pointer   |
|m_axi_gmem1_BREADY    | out |    1|    m_axi   |            gmem1           |    pointer   |
|m_axi_gmem1_BRESP     |  in |    2|    m_axi   |            gmem1           |    pointer   |
|m_axi_gmem1_BID       |  in |    1|    m_axi   |            gmem1           |    pointer   |
|m_axi_gmem1_BUSER     |  in |    1|    m_axi   |            gmem1           |    pointer   |
|iq4_din               | out |  512|   ap_fifo  |             iq4            |    pointer   |
|iq4_full_n            |  in |    1|   ap_fifo  |             iq4            |    pointer   |
|iq4_write             | out |    1|   ap_fifo  |             iq4            |    pointer   |
|in_r_dout             |  in |   64|   ap_fifo  |            in_r            |    pointer   |
|in_r_empty_n          |  in |    1|   ap_fifo  |            in_r            |    pointer   |
|in_r_read             | out |    1|   ap_fifo  |            in_r            |    pointer   |
+----------------------+-----+-----+------------+----------------------------+--------------+

