

================================================================
== Vitis HLS Report for 'read_blocks_ap_int_512_s'
================================================================
* Date:           Thu Jan 14 21:10:46 2021

* Version:        2020.1 (Build 2902540 on Wed May 27 20:16:15 MDT 2020)
* Project:        krnl_idct
* Solution:       solution (Vitis Kernel Flow Target)
* Product family: virtexuplus
* Target device:  xcvu9p-flgb2104-2-i


================================================================
== Performance Estimates
================================================================
+ Timing: 
    * Summary: 
    +--------+---------+----------+------------+
    |  Clock |  Target | Estimated| Uncertainty|
    +--------+---------+----------+------------+
    |ap_clk  | 4.00 ns | 2.920 ns |   1.08 ns  |
    +--------+---------+----------+------------+

+ Latency: 
    * Summary: 
    +---------+---------+----------+----------+-----+------+---------+
    |  Latency (cycles) |  Latency (absolute) |  Interval  | Pipeline|
    |   min   |   max   |    min   |    max   | min |  max |   Type  |
    +---------+---------+----------+----------+-----+------+---------+
    |        1|     2121| 4.000 ns | 8.484 us |    1|  2121|   none  |
    +---------+---------+----------+----------+-----+------+---------+

    + Detail: 
        * Instance: 
        N/A

        * Loop: 
        +------------------+---------+---------+----------+-----------+-----------+------+----------+
        |                  |  Latency (cycles) | Iteration|  Initiation Interval  | Trip |          |
        |     Loop Name    |   min   |   max   |  Latency |  achieved |   target  | Count| Pipelined|
        +------------------+---------+---------+----------+-----------+-----------+------+----------+
        |- loop_rd_blocks  |     2049|     2049|         3|          1|          1|  2048|    yes   |
        +------------------+---------+---------+----------+-----------+-----------+------+----------+



================================================================
== Utilization Estimates
================================================================
* Summary: 
+---------------------+---------+------+---------+---------+-----+
|         Name        | BRAM_18K|  DSP |    FF   |   LUT   | URAM|
+---------------------+---------+------+---------+---------+-----+
|DSP                  |        -|     -|        -|        -|    -|
|Expression           |        -|     -|        0|      101|    -|
|FIFO                 |        -|     -|        -|        -|    -|
|Instance             |        -|     -|        -|        -|    -|
|Memory               |        -|     -|        -|        -|    -|
|Multiplexer          |        -|     -|        -|      410|    -|
|Register             |        -|     -|      712|        -|    -|
+---------------------+---------+------+---------+---------+-----+
|Total                |        0|     0|      712|      511|    0|
+---------------------+---------+------+---------+---------+-----+
|Available SLR        |     1440|  2280|   788160|   394080|  320|
+---------------------+---------+------+---------+---------+-----+
|Utilization SLR (%)  |        0|     0|    ~0   |    ~0   |    0|
+---------------------+---------+------+---------+---------+-----+
|Available            |     4320|  6840|  2364480|  1182240|  960|
+---------------------+---------+------+---------+---------+-----+
|Utilization (%)      |        0|     0|    ~0   |    ~0   |    0|
+---------------------+---------+------+---------+---------+-----+

+ Detail: 
    * Instance: 
    N/A

    * DSP: 
    N/A

    * Memory: 
    N/A

    * FIFO: 
    N/A

    * Expression: 
    +-----------------------------------+----------+----+---+----+------------+------------+
    |           Variable Name           | Operation| DSP| FF| LUT| Bitwidth P0| Bitwidth P1|
    +-----------------------------------+----------+----+---+----+------------+------------+
    |add_ln223_fu_144_p2                |     +    |   0|  0|  39|          32|           1|
    |ap_block_state73_pp0_stage0_iter1  |    and   |   0|  0|   2|           1|           1|
    |ap_block_state74_pp0_stage0_iter2  |    and   |   0|  0|   2|           1|           1|
    |ap_ext_blocking_cur_n              |    and   |   0|  0|   2|           1|           1|
    |ap_ext_blocking_n                  |    and   |   0|  0|   2|           1|           2|
    |ap_int_blocking_cur_n              |    and   |   0|  0|   2|           1|           1|
    |ap_int_blocking_n                  |    and   |   0|  0|   2|           1|           2|
    |ap_str_blocking_n                  |    and   |   0|  0|   2|           2|           2|
    |icmp_ln223_1_fu_139_p2             |   icmp   |   0|  0|  20|          32|          32|
    |icmp_ln223_fu_113_p2               |   icmp   |   0|  0|  20|          31|           1|
    |ap_block_pp0_stage0_01001          |    or    |   0|  0|   2|           1|           1|
    |ap_block_state1                    |    or    |   0|  0|   2|           1|           1|
    |ap_enable_pp0                      |    xor   |   0|  0|   2|           1|           2|
    |ap_enable_reg_pp0_iter1            |    xor   |   0|  0|   2|           2|           1|
    +-----------------------------------+----------+----+---+----+------------+------------+
    |Total                              |          |   0|  0| 101|         108|          49|
    +-----------------------------------+----------+----+---+----+------------+------------+

    * Multiplexer: 
    +-------------------------+-----+-----------+-----+-----------+
    |           Name          | LUT | Input Size| Bits| Total Bits|
    +-------------------------+-----+-----------+-----+-----------+
    |ap_NS_fsm                |  329|         74|    1|         74|
    |ap_done                  |    9|          2|    1|          2|
    |ap_enable_reg_pp0_iter1  |    9|          2|    1|          2|
    |ap_enable_reg_pp0_iter2  |    9|          2|    1|          2|
    |block_r_blk_n            |    9|          2|    1|          2|
    |blocks_blk_n             |    9|          2|    1|          2|
    |gmem0_blk_n_AR           |    9|          2|    1|          2|
    |gmem0_blk_n_R            |    9|          2|    1|          2|
    |i_reg_94                 |    9|          2|   32|         64|
    |out_r_blk_n              |    9|          2|    1|          2|
    +-------------------------+-----+-----------+-----+-----------+
    |Total                    |  410|         92|   41|        154|
    +-------------------------+-----+-----------+-----+-----------+

    * Register: 
    +------------------------------------+-----+----+-----+-----------+
    |                Name                |  FF | LUT| Bits| Const Bits|
    +------------------------------------+-----+----+-----+-----------+
    |ap_CS_fsm                           |   73|   0|   73|          0|
    |ap_done_reg                         |    1|   0|    1|          0|
    |ap_enable_reg_pp0_iter0             |    1|   0|    1|          0|
    |ap_enable_reg_pp0_iter1             |    1|   0|    1|          0|
    |ap_enable_reg_pp0_iter2             |    1|   0|    1|          0|
    |gmem0_addr_read_reg_180             |  512|   0|  512|          0|
    |i_reg_94                            |   32|   0|   32|          0|
    |icmp_ln223_1_reg_171                |    1|   0|    1|          0|
    |icmp_ln223_1_reg_171_pp0_iter1_reg  |    1|   0|    1|          0|
    |mul_i_i_reg_150                     |   31|   0|   32|          1|
    |trunc_ln_reg_160                    |   58|   0|   58|          0|
    +------------------------------------+-----+----+-----+-----------+
    |Total                               |  712|   0|  713|          1|
    +------------------------------------+-----+----+-----+-----------+



================================================================
== Interface
================================================================
* Summary: 
+----------------------+-----+-----+------------+---------------------------+--------------+
|       RTL Ports      | Dir | Bits|  Protocol  |       Source Object       |    C Type    |
+----------------------+-----+-----+------------+---------------------------+--------------+
|ap_clk                |  in |    1| ap_ctrl_hs | read_blocks<ap_int<512> > | return value |
|ap_rst                |  in |    1| ap_ctrl_hs | read_blocks<ap_int<512> > | return value |
|ap_start              |  in |    1| ap_ctrl_hs | read_blocks<ap_int<512> > | return value |
|ap_done               | out |    1| ap_ctrl_hs | read_blocks<ap_int<512> > | return value |
|ap_continue           |  in |    1| ap_ctrl_hs | read_blocks<ap_int<512> > | return value |
|ap_idle               | out |    1| ap_ctrl_hs | read_blocks<ap_int<512> > | return value |
|ap_ready              | out |    1| ap_ctrl_hs | read_blocks<ap_int<512> > | return value |
|ap_ext_blocking_n     | out |    1| ap_ctrl_hs | read_blocks<ap_int<512> > | return value |
|ap_str_blocking_n     | out |    1| ap_ctrl_hs | read_blocks<ap_int<512> > | return value |
|ap_int_blocking_n     | out |    1| ap_ctrl_hs | read_blocks<ap_int<512> > | return value |
|m_axi_gmem0_AWVALID   | out |    1|    m_axi   |           gmem0           |    pointer   |
|m_axi_gmem0_AWREADY   |  in |    1|    m_axi   |           gmem0           |    pointer   |
|m_axi_gmem0_AWADDR    | out |   64|    m_axi   |           gmem0           |    pointer   |
|m_axi_gmem0_AWID      | out |    1|    m_axi   |           gmem0           |    pointer   |
|m_axi_gmem0_AWLEN     | out |   32|    m_axi   |           gmem0           |    pointer   |
|m_axi_gmem0_AWSIZE    | out |    3|    m_axi   |           gmem0           |    pointer   |
|m_axi_gmem0_AWBURST   | out |    2|    m_axi   |           gmem0           |    pointer   |
|m_axi_gmem0_AWLOCK    | out |    2|    m_axi   |           gmem0           |    pointer   |
|m_axi_gmem0_AWCACHE   | out |    4|    m_axi   |           gmem0           |    pointer   |
|m_axi_gmem0_AWPROT    | out |    3|    m_axi   |           gmem0           |    pointer   |
|m_axi_gmem0_AWQOS     | out |    4|    m_axi   |           gmem0           |    pointer   |
|m_axi_gmem0_AWREGION  | out |    4|    m_axi   |           gmem0           |    pointer   |
|m_axi_gmem0_AWUSER    | out |    1|    m_axi   |           gmem0           |    pointer   |
|m_axi_gmem0_WVALID    | out |    1|    m_axi   |           gmem0           |    pointer   |
|m_axi_gmem0_WREADY    |  in |    1|    m_axi   |           gmem0           |    pointer   |
|m_axi_gmem0_WDATA     | out |  512|    m_axi   |           gmem0           |    pointer   |
|m_axi_gmem0_WSTRB     | out |   64|    m_axi   |           gmem0           |    pointer   |
|m_axi_gmem0_WLAST     | out |    1|    m_axi   |           gmem0           |    pointer   |
|m_axi_gmem0_WID       | out |    1|    m_axi   |           gmem0           |    pointer   |
|m_axi_gmem0_WUSER     | out |    1|    m_axi   |           gmem0           |    pointer   |
|m_axi_gmem0_ARVALID   | out |    1|    m_axi   |           gmem0           |    pointer   |
|m_axi_gmem0_ARREADY   |  in |    1|    m_axi   |           gmem0           |    pointer   |
|m_axi_gmem0_ARADDR    | out |   64|    m_axi   |           gmem0           |    pointer   |
|m_axi_gmem0_ARID      | out |    1|    m_axi   |           gmem0           |    pointer   |
|m_axi_gmem0_ARLEN     | out |   32|    m_axi   |           gmem0           |    pointer   |
|m_axi_gmem0_ARSIZE    | out |    3|    m_axi   |           gmem0           |    pointer   |
|m_axi_gmem0_ARBURST   | out |    2|    m_axi   |           gmem0           |    pointer   |
|m_axi_gmem0_ARLOCK    | out |    2|    m_axi   |           gmem0           |    pointer   |
|m_axi_gmem0_ARCACHE   | out |    4|    m_axi   |           gmem0           |    pointer   |
|m_axi_gmem0_ARPROT    | out |    3|    m_axi   |           gmem0           |    pointer   |
|m_axi_gmem0_ARQOS     | out |    4|    m_axi   |           gmem0           |    pointer   |
|m_axi_gmem0_ARREGION  | out |    4|    m_axi   |           gmem0           |    pointer   |
|m_axi_gmem0_ARUSER    | out |    1|    m_axi   |           gmem0           |    pointer   |
|m_axi_gmem0_RVALID    |  in |    1|    m_axi   |           gmem0           |    pointer   |
|m_axi_gmem0_RREADY    | out |    1|    m_axi   |           gmem0           |    pointer   |
|m_axi_gmem0_RDATA     |  in |  512|    m_axi   |           gmem0           |    pointer   |
|m_axi_gmem0_RLAST     |  in |    1|    m_axi   |           gmem0           |    pointer   |
|m_axi_gmem0_RID       |  in |    1|    m_axi   |           gmem0           |    pointer   |
|m_axi_gmem0_RUSER     |  in |    1|    m_axi   |           gmem0           |    pointer   |
|m_axi_gmem0_RRESP     |  in |    2|    m_axi   |           gmem0           |    pointer   |
|m_axi_gmem0_BVALID    |  in |    1|    m_axi   |           gmem0           |    pointer   |
|m_axi_gmem0_BREADY    | out |    1|    m_axi   |           gmem0           |    pointer   |
|m_axi_gmem0_BRESP     |  in |    2|    m_axi   |           gmem0           |    pointer   |
|m_axi_gmem0_BID       |  in |    1|    m_axi   |           gmem0           |    pointer   |
|m_axi_gmem0_BUSER     |  in |    1|    m_axi   |           gmem0           |    pointer   |
|out_r_din             | out |  512|   ap_fifo  |           out_r           |    pointer   |
|out_r_full_n          |  in |    1|   ap_fifo  |           out_r           |    pointer   |
|out_r_write           | out |    1|   ap_fifo  |           out_r           |    pointer   |
|block_r_dout          |  in |   64|   ap_fifo  |          block_r          |    pointer   |
|block_r_empty_n       |  in |    1|   ap_fifo  |          block_r          |    pointer   |
|block_r_read          | out |    1|   ap_fifo  |          block_r          |    pointer   |
|blocks_dout           |  in |   31|   ap_fifo  |           blocks          |    pointer   |
|blocks_empty_n        |  in |    1|   ap_fifo  |           blocks          |    pointer   |
|blocks_read           | out |    1|   ap_fifo  |           blocks          |    pointer   |
+----------------------+-----+-----+------------+---------------------------+--------------+

