

================================================================
== Vitis HLS Report for 'v1_rd_proc5'
================================================================
* Date:           Thu Jan 14 20:07:06 2021

* Version:        2020.1 (Build 2902540 on Wed May 27 20:16:15 MDT 2020)
* Project:        wide_vadd
* Solution:       solution (Vitis Kernel Flow Target)
* Product family: virtexuplus
* Target device:  xcvu9p-flgb2104-2-i


================================================================
== Performance Estimates
================================================================
+ Timing: 
    * Summary: 
    +--------+---------+----------+------------+
    |  Clock |  Target | Estimated| Uncertainty|
    +--------+---------+----------+------------+
    |ap_clk  | 4.00 ns | 2.920 ns |   1.08 ns  |
    +--------+---------+----------+------------+

+ Latency: 
    * Summary: 
    +---------+---------+----------+----------+-----+-----+---------+
    |  Latency (cycles) |  Latency (absolute) |  Interval | Pipeline|
    |   min   |   max   |    min   |    max   | min | max |   Type  |
    +---------+---------+----------+----------+-----+-----+---------+
    |       75|      138| 0.300 us | 0.552 us |   75|  138|   none  |
    +---------+---------+----------+----------+-----+-----+---------+

    + Detail: 
        * Instance: 
        N/A

        * Loop: 
        +----------+---------+---------+----------+-----------+-----------+--------+----------+
        |          |  Latency (cycles) | Iteration|  Initiation Interval  |  Trip  |          |
        | Loop Name|   min   |   max   |  Latency |  achieved |   target  |  Count | Pipelined|
        +----------+---------+---------+----------+-----------+-----------+--------+----------+
        |- v1_rd   |        2|       65|         3|          1|          1| 1 ~ 64 |    yes   |
        +----------+---------+---------+----------+-----------+-----------+--------+----------+



================================================================
== Utilization Estimates
================================================================
* Summary: 
+---------------------+---------+------+---------+---------+-----+
|         Name        | BRAM_18K|  DSP |    FF   |   LUT   | URAM|
+---------------------+---------+------+---------+---------+-----+
|DSP                  |        -|     -|        -|        -|    -|
|Expression           |        -|     -|        0|      575|    -|
|FIFO                 |        -|     -|        -|        -|    -|
|Instance             |        -|     -|        -|        -|    -|
|Memory               |        -|     -|        -|        -|    -|
|Multiplexer          |        -|     -|        -|      459|    -|
|Register             |        -|     -|     1346|        -|    -|
+---------------------+---------+------+---------+---------+-----+
|Total                |        0|     0|     1346|     1034|    0|
+---------------------+---------+------+---------+---------+-----+
|Available SLR        |     1440|  2280|   788160|   394080|  320|
+---------------------+---------+------+---------+---------+-----+
|Utilization SLR (%)  |        0|     0|    ~0   |    ~0   |    0|
+---------------------+---------+------+---------+---------+-----+
|Available            |     4320|  6840|  2364480|  1182240|  960|
+---------------------+---------+------+---------+---------+-----+
|Utilization (%)      |        0|     0|    ~0   |    ~0   |    0|
+---------------------+---------+------+---------+---------+-----+

+ Detail: 
    * Instance: 
    N/A

    * DSP: 
    N/A

    * Memory: 
    N/A

    * FIFO: 
    N/A

    * Expression: 
    +-----------------------------------+----------+----+---+----+------------+------------+
    |           Variable Name           | Operation| DSP| FF| LUT| Bitwidth P0| Bitwidth P1|
    +-----------------------------------+----------+----+---+----+------------+------------+
    |add_ln102_fu_377_p2                |     +    |   0|  0|  38|          31|           1|
    |add_ln324_1_fu_332_p2              |     +    |   0|  0|  71|          64|          64|
    |add_ln324_fu_316_p2                |     +    |   0|  0|  71|          64|          64|
    |add_ln85_3_fu_271_p2               |     +    |   0|  0|  37|           1|          30|
    |add_ln85_fu_205_p2                 |     +    |   0|  0|  39|           2|          32|
    |add_ln97_fu_281_p2                 |     +    |   0|  0|  71|           7|          64|
    |sub_ln85_3_fu_239_p2               |     -    |   0|  0|  36|           1|          29|
    |sub_ln85_fu_219_p2                 |     -    |   0|  0|  39|           1|          32|
    |sub_ln97_fu_298_p2                 |     -    |   0|  0|  39|          32|          32|
    |ap_ext_blocking_cur_n              |    and   |   0|  0|   2|           1|           1|
    |ap_ext_blocking_n                  |    and   |   0|  0|   2|           1|           2|
    |ap_int_blocking_cur_n              |    and   |   0|  0|   2|           1|           1|
    |ap_int_blocking_n                  |    and   |   0|  0|   2|           1|           2|
    |ap_str_blocking_n                  |    and   |   0|  0|   2|           2|           2|
    |icmp_ln102_fu_372_p2               |   icmp   |   0|  0|  20|          32|          32|
    |icmp_ln97_fu_289_p2                |   icmp   |   0|  0|  29|          64|          64|
    |ap_block_pp0_stage0_01001          |    or    |   0|  0|   2|           1|           1|
    |ap_block_state1                    |    or    |   0|  0|   2|           1|           1|
    |ap_block_state3_io                 |    or    |   0|  0|   2|           1|           1|
    |ap_block_state74_pp0_stage0_iter1  |    or    |   0|  0|   2|           1|           1|
    |ap_block_state75_pp0_stage0_iter2  |    or    |   0|  0|   2|           1|           1|
    |select_ln85_fu_259_p3              |  select  |   0|  0|  29|           1|          29|
    |select_ln97_fu_303_p3              |  select  |   0|  0|  32|           1|          32|
    |ap_enable_pp0                      |    xor   |   0|  0|   2|           1|           2|
    |ap_enable_reg_pp0_iter1            |    xor   |   0|  0|   2|           2|           1|
    +-----------------------------------+----------+----+---+----+------------+------------+
    |Total                              |          |   0|  0| 575|         315|         521|
    +-----------------------------------+----------+----+---+----+------------+------------+

    * Multiplexer: 
    +-------------------------+-----+-----------+-----+-----------+
    |           Name          | LUT | Input Size| Bits| Total Bits|
    +-------------------------+-----+-----------+-----+-----------+
    |ap_NS_fsm                |  333|         75|    1|         75|
    |ap_done                  |    9|          2|    1|          2|
    |ap_enable_reg_pp0_iter1  |    9|          2|    1|          2|
    |ap_enable_reg_pp0_iter2  |    9|          2|    1|          2|
    |gmem1_blk_n_AR           |    9|          2|    1|          2|
    |gmem1_blk_n_R            |    9|          2|    1|          2|
    |gmem_blk_n_AR            |    9|          2|    1|          2|
    |gmem_blk_n_R             |    9|          2|    1|          2|
    |i_out_blk_n              |    9|          2|    1|          2|
    |j_reg_194                |    9|          2|   31|         62|
    |out_out_blk_n            |    9|          2|    1|          2|
    |real_start               |    9|          2|    1|          2|
    |size_out_blk_n           |    9|          2|    1|          2|
    |v1_local_V1_blk_n        |    9|          2|    1|          2|
    |v2_local_V2_blk_n        |    9|          2|    1|          2|
    +-------------------------+-----+-----------+-----+-----------+
    |Total                    |  459|        103|   45|        163|
    +-------------------------+-----+-----------+-----+-----------+

    * Register: 
    +----------------------------------+-----+----+-----+-----------+
    |               Name               |  FF | LUT| Bits| Const Bits|
    +----------------------------------+-----+----+-----+-----------+
    |add_ln85_3_reg_389                |   30|   0|   30|          0|
    |ap_CS_fsm                         |   74|   0|   74|          0|
    |ap_done_reg                       |    1|   0|    1|          0|
    |ap_enable_reg_pp0_iter0           |    1|   0|    1|          0|
    |ap_enable_reg_pp0_iter1           |    1|   0|    1|          0|
    |ap_enable_reg_pp0_iter2           |    1|   0|    1|          0|
    |gmem1_addr_read_reg_443           |  512|   0|  512|          0|
    |gmem_addr_read_reg_438            |  512|   0|  512|          0|
    |icmp_ln102_reg_429                |    1|   0|    1|          0|
    |icmp_ln102_reg_429_pp0_iter1_reg  |    1|   0|    1|          0|
    |j_reg_194                         |   31|   0|   31|          0|
    |select_ln97_reg_400               |   32|   0|   32|          0|
    |start_once_reg                    |    1|   0|    1|          0|
    |trunc_ln324_2_reg_407             |   58|   0|   58|          0|
    |trunc_ln324_3_reg_412             |   58|   0|   58|          0|
    |trunc_ln98_reg_395                |   32|   0|   32|          0|
    +----------------------------------+-----+----+-----+-----------+
    |Total                             | 1346|   0| 1346|          0|
    +----------------------------------+-----+----+-----+-----------+



================================================================
== Interface
================================================================
* Summary: 
+----------------------+-----+-----+------------+--------------+--------------+
|       RTL Ports      | Dir | Bits|  Protocol  | Source Object|    C Type    |
+----------------------+-----+-----+------------+--------------+--------------+
|ap_clk                |  in |    1| ap_ctrl_hs |  v1_rd_proc5 | return value |
|ap_rst                |  in |    1| ap_ctrl_hs |  v1_rd_proc5 | return value |
|ap_start              |  in |    1| ap_ctrl_hs |  v1_rd_proc5 | return value |
|start_full_n          |  in |    1| ap_ctrl_hs |  v1_rd_proc5 | return value |
|ap_done               | out |    1| ap_ctrl_hs |  v1_rd_proc5 | return value |
|ap_continue           |  in |    1| ap_ctrl_hs |  v1_rd_proc5 | return value |
|ap_idle               | out |    1| ap_ctrl_hs |  v1_rd_proc5 | return value |
|ap_ready              | out |    1| ap_ctrl_hs |  v1_rd_proc5 | return value |
|start_out             | out |    1| ap_ctrl_hs |  v1_rd_proc5 | return value |
|start_write           | out |    1| ap_ctrl_hs |  v1_rd_proc5 | return value |
|ap_ext_blocking_n     | out |    1| ap_ctrl_hs |  v1_rd_proc5 | return value |
|ap_str_blocking_n     | out |    1| ap_ctrl_hs |  v1_rd_proc5 | return value |
|ap_int_blocking_n     | out |    1| ap_ctrl_hs |  v1_rd_proc5 | return value |
|i                     |  in |   64|   ap_none  |       i      |    scalar    |
|size                  |  in |   32|   ap_none  |     size     |    scalar    |
|in1                   |  in |   64|   ap_none  |      in1     |    scalar    |
|m_axi_gmem_AWVALID    | out |    1|    m_axi   |     gmem     |    pointer   |
|m_axi_gmem_AWREADY    |  in |    1|    m_axi   |     gmem     |    pointer   |
|m_axi_gmem_AWADDR     | out |   64|    m_axi   |     gmem     |    pointer   |
|m_axi_gmem_AWID       | out |    1|    m_axi   |     gmem     |    pointer   |
|m_axi_gmem_AWLEN      | out |   32|    m_axi   |     gmem     |    pointer   |
|m_axi_gmem_AWSIZE     | out |    3|    m_axi   |     gmem     |    pointer   |
|m_axi_gmem_AWBURST    | out |    2|    m_axi   |     gmem     |    pointer   |
|m_axi_gmem_AWLOCK     | out |    2|    m_axi   |     gmem     |    pointer   |
|m_axi_gmem_AWCACHE    | out |    4|    m_axi   |     gmem     |    pointer   |
|m_axi_gmem_AWPROT     | out |    3|    m_axi   |     gmem     |    pointer   |
|m_axi_gmem_AWQOS      | out |    4|    m_axi   |     gmem     |    pointer   |
|m_axi_gmem_AWREGION   | out |    4|    m_axi   |     gmem     |    pointer   |
|m_axi_gmem_AWUSER     | out |    1|    m_axi   |     gmem     |    pointer   |
|m_axi_gmem_WVALID     | out |    1|    m_axi   |     gmem     |    pointer   |
|m_axi_gmem_WREADY     |  in |    1|    m_axi   |     gmem     |    pointer   |
|m_axi_gmem_WDATA      | out |  512|    m_axi   |     gmem     |    pointer   |
|m_axi_gmem_WSTRB      | out |   64|    m_axi   |     gmem     |    pointer   |
|m_axi_gmem_WLAST      | out |    1|    m_axi   |     gmem     |    pointer   |
|m_axi_gmem_WID        | out |    1|    m_axi   |     gmem     |    pointer   |
|m_axi_gmem_WUSER      | out |    1|    m_axi   |     gmem     |    pointer   |
|m_axi_gmem_ARVALID    | out |    1|    m_axi   |     gmem     |    pointer   |
|m_axi_gmem_ARREADY    |  in |    1|    m_axi   |     gmem     |    pointer   |
|m_axi_gmem_ARADDR     | out |   64|    m_axi   |     gmem     |    pointer   |
|m_axi_gmem_ARID       | out |    1|    m_axi   |     gmem     |    pointer   |
|m_axi_gmem_ARLEN      | out |   32|    m_axi   |     gmem     |    pointer   |
|m_axi_gmem_ARSIZE     | out |    3|    m_axi   |     gmem     |    pointer   |
|m_axi_gmem_ARBURST    | out |    2|    m_axi   |     gmem     |    pointer   |
|m_axi_gmem_ARLOCK     | out |    2|    m_axi   |     gmem     |    pointer   |
|m_axi_gmem_ARCACHE    | out |    4|    m_axi   |     gmem     |    pointer   |
|m_axi_gmem_ARPROT     | out |    3|    m_axi   |     gmem     |    pointer   |
|m_axi_gmem_ARQOS      | out |    4|    m_axi   |     gmem     |    pointer   |
|m_axi_gmem_ARREGION   | out |    4|    m_axi   |     gmem     |    pointer   |
|m_axi_gmem_ARUSER     | out |    1|    m_axi   |     gmem     |    pointer   |
|m_axi_gmem_RVALID     |  in |    1|    m_axi   |     gmem     |    pointer   |
|m_axi_gmem_RREADY     | out |    1|    m_axi   |     gmem     |    pointer   |
|m_axi_gmem_RDATA      |  in |  512|    m_axi   |     gmem     |    pointer   |
|m_axi_gmem_RLAST      |  in |    1|    m_axi   |     gmem     |    pointer   |
|m_axi_gmem_RID        |  in |    1|    m_axi   |     gmem     |    pointer   |
|m_axi_gmem_RUSER      |  in |    1|    m_axi   |     gmem     |    pointer   |
|m_axi_gmem_RRESP      |  in |    2|    m_axi   |     gmem     |    pointer   |
|m_axi_gmem_BVALID     |  in |    1|    m_axi   |     gmem     |    pointer   |
|m_axi_gmem_BREADY     | out |    1|    m_axi   |     gmem     |    pointer   |
|m_axi_gmem_BRESP      |  in |    2|    m_axi   |     gmem     |    pointer   |
|m_axi_gmem_BID        |  in |    1|    m_axi   |     gmem     |    pointer   |
|m_axi_gmem_BUSER      |  in |    1|    m_axi   |     gmem     |    pointer   |
|v1_local_V1_din       | out |  512|   ap_fifo  |  v1_local_V1 |    pointer   |
|v1_local_V1_full_n    |  in |    1|   ap_fifo  |  v1_local_V1 |    pointer   |
|v1_local_V1_write     | out |    1|   ap_fifo  |  v1_local_V1 |    pointer   |
|in2                   |  in |   64|   ap_none  |      in2     |    scalar    |
|m_axi_gmem1_AWVALID   | out |    1|    m_axi   |     gmem1    |    pointer   |
|m_axi_gmem1_AWREADY   |  in |    1|    m_axi   |     gmem1    |    pointer   |
|m_axi_gmem1_AWADDR    | out |   64|    m_axi   |     gmem1    |    pointer   |
|m_axi_gmem1_AWID      | out |    1|    m_axi   |     gmem1    |    pointer   |
|m_axi_gmem1_AWLEN     | out |   32|    m_axi   |     gmem1    |    pointer   |
|m_axi_gmem1_AWSIZE    | out |    3|    m_axi   |     gmem1    |    pointer   |
|m_axi_gmem1_AWBURST   | out |    2|    m_axi   |     gmem1    |    pointer   |
|m_axi_gmem1_AWLOCK    | out |    2|    m_axi   |     gmem1    |    pointer   |
|m_axi_gmem1_AWCACHE   | out |    4|    m_axi   |     gmem1    |    pointer   |
|m_axi_gmem1_AWPROT    | out |    3|    m_axi   |     gmem1    |    pointer   |
|m_axi_gmem1_AWQOS     | out |    4|    m_axi   |     gmem1    |    pointer   |
|m_axi_gmem1_AWREGION  | out |    4|    m_axi   |     gmem1    |    pointer   |
|m_axi_gmem1_AWUSER    | out |    1|    m_axi   |     gmem1    |    pointer   |
|m_axi_gmem1_WVALID    | out |    1|    m_axi   |     gmem1    |    pointer   |
|m_axi_gmem1_WREADY    |  in |    1|    m_axi   |     gmem1    |    pointer   |
|m_axi_gmem1_WDATA     | out |  512|    m_axi   |     gmem1    |    pointer   |
|m_axi_gmem1_WSTRB     | out |   64|    m_axi   |     gmem1    |    pointer   |
|m_axi_gmem1_WLAST     | out |    1|    m_axi   |     gmem1    |    pointer   |
|m_axi_gmem1_WID       | out |    1|    m_axi   |     gmem1    |    pointer   |
|m_axi_gmem1_WUSER     | out |    1|    m_axi   |     gmem1    |    pointer   |
|m_axi_gmem1_ARVALID   | out |    1|    m_axi   |     gmem1    |    pointer   |
|m_axi_gmem1_ARREADY   |  in |    1|    m_axi   |     gmem1    |    pointer   |
|m_axi_gmem1_ARADDR    | out |   64|    m_axi   |     gmem1    |    pointer   |
|m_axi_gmem1_ARID      | out |    1|    m_axi   |     gmem1    |    pointer   |
|m_axi_gmem1_ARLEN     | out |   32|    m_axi   |     gmem1    |    pointer   |
|m_axi_gmem1_ARSIZE    | out |    3|    m_axi   |     gmem1    |    pointer   |
|m_axi_gmem1_ARBURST   | out |    2|    m_axi   |     gmem1    |    pointer   |
|m_axi_gmem1_ARLOCK    | out |    2|    m_axi   |     gmem1    |    pointer   |
|m_axi_gmem1_ARCACHE   | out |    4|    m_axi   |     gmem1    |    pointer   |
|m_axi_gmem1_ARPROT    | out |    3|    m_axi   |     gmem1    |    pointer   |
|m_axi_gmem1_ARQOS     | out |    4|    m_axi   |     gmem1    |    pointer   |
|m_axi_gmem1_ARREGION  | out |    4|    m_axi   |     gmem1    |    pointer   |
|m_axi_gmem1_ARUSER    | out |    1|    m_axi   |     gmem1    |    pointer   |
|m_axi_gmem1_RVALID    |  in |    1|    m_axi   |     gmem1    |    pointer   |
|m_axi_gmem1_RREADY    | out |    1|    m_axi   |     gmem1    |    pointer   |
|m_axi_gmem1_RDATA     |  in |  512|    m_axi   |     gmem1    |    pointer   |
|m_axi_gmem1_RLAST     |  in |    1|    m_axi   |     gmem1    |    pointer   |
|m_axi_gmem1_RID       |  in |    1|    m_axi   |     gmem1    |    pointer   |
|m_axi_gmem1_RUSER     |  in |    1|    m_axi   |     gmem1    |    pointer   |
|m_axi_gmem1_RRESP     |  in |    2|    m_axi   |     gmem1    |    pointer   |
|m_axi_gmem1_BVALID    |  in |    1|    m_axi   |     gmem1    |    pointer   |
|m_axi_gmem1_BREADY    | out |    1|    m_axi   |     gmem1    |    pointer   |
|m_axi_gmem1_BRESP     |  in |    2|    m_axi   |     gmem1    |    pointer   |
|m_axi_gmem1_BID       |  in |    1|    m_axi   |     gmem1    |    pointer   |
|m_axi_gmem1_BUSER     |  in |    1|    m_axi   |     gmem1    |    pointer   |
|v2_local_V2_din       | out |  512|   ap_fifo  |  v2_local_V2 |    pointer   |
|v2_local_V2_full_n    |  in |    1|   ap_fifo  |  v2_local_V2 |    pointer   |
|v2_local_V2_write     | out |    1|   ap_fifo  |  v2_local_V2 |    pointer   |
|out_r                 |  in |   64|   ap_none  |     out_r    |    scalar    |
|i_out_din             | out |   64|   ap_fifo  |     i_out    |    pointer   |
|i_out_full_n          |  in |    1|   ap_fifo  |     i_out    |    pointer   |
|i_out_write           | out |    1|   ap_fifo  |     i_out    |    pointer   |
|size_out_din          | out |   32|   ap_fifo  |   size_out   |    pointer   |
|size_out_full_n       |  in |    1|   ap_fifo  |   size_out   |    pointer   |
|size_out_write        | out |    1|   ap_fifo  |   size_out   |    pointer   |
|out_out_din           | out |   64|   ap_fifo  |    out_out   |    pointer   |
|out_out_full_n        |  in |    1|   ap_fifo  |    out_out   |    pointer   |
|out_out_write         | out |    1|   ap_fifo  |    out_out   |    pointer   |
+----------------------+-----+-----+------------+--------------+--------------+

