

================================================================
== Vitis HLS Report for 'v2_rd_add_proc'
================================================================
* Date:           Thu Jan 14 20:07:06 2021

* Version:        2020.1 (Build 2902540 on Wed May 27 20:16:15 MDT 2020)
* Project:        wide_vadd
* Solution:       solution (Vitis Kernel Flow Target)
* Product family: virtexuplus
* Target device:  xcvu9p-flgb2104-2-i


================================================================
== Performance Estimates
================================================================
+ Timing: 
    * Summary: 
    +--------+---------+----------+------------+
    |  Clock |  Target | Estimated| Uncertainty|
    +--------+---------+----------+------------+
    |ap_clk  | 4.00 ns | 2.920 ns |   1.08 ns  |
    +--------+---------+----------+------------+

+ Latency: 
    * Summary: 
    +---------+---------+----------+----------+-----+-----+---------+
    |  Latency (cycles) |  Latency (absolute) |  Interval | Pipeline|
    |   min   |   max   |    min   |    max   | min | max |   Type  |
    +---------+---------+----------+----------+-----+-----+---------+
    |       74|      137| 0.296 us | 0.548 us |   74|  137|   none  |
    +---------+---------+----------+----------+-----+-----+---------+

    + Detail: 
        * Instance: 
        N/A

        * Loop: 
        +-------------+---------+---------+----------+-----------+-----------+--------+----------+
        |             |  Latency (cycles) | Iteration|  Initiation Interval  |  Trip  |          |
        |  Loop Name  |   min   |   max   |  Latency |  achieved |   target  |  Count | Pipelined|
        +-------------+---------+---------+----------+-----------+-----------+--------+----------+
        |- v2_rd_add  |        2|       65|         3|          1|          1| 1 ~ 64 |    yes   |
        +-------------+---------+---------+----------+-----------+-----------+--------+----------+



================================================================
== Utilization Estimates
================================================================
* Summary: 
+---------------------+---------+------+---------+---------+-----+
|         Name        | BRAM_18K|  DSP |    FF   |   LUT   | URAM|
+---------------------+---------+------+---------+---------+-----+
|DSP                  |        -|     -|        -|        -|    -|
|Expression           |        -|     -|        0|     1128|    -|
|FIFO                 |        -|     -|        -|        -|    -|
|Instance             |        -|     -|        -|        -|    -|
|Memory               |        -|     -|        -|        -|    -|
|Multiplexer          |        -|     -|        -|      437|    -|
|Register             |        -|     -|      901|        -|    -|
+---------------------+---------+------+---------+---------+-----+
|Total                |        0|     0|      901|     1565|    0|
+---------------------+---------+------+---------+---------+-----+
|Available SLR        |     1440|  2280|   788160|   394080|  320|
+---------------------+---------+------+---------+---------+-----+
|Utilization SLR (%)  |        0|     0|    ~0   |    ~0   |    0|
+---------------------+---------+------+---------+---------+-----+
|Available            |     4320|  6840|  2364480|  1182240|  960|
+---------------------+---------+------+---------+---------+-----+
|Utilization (%)      |        0|     0|    ~0   |    ~0   |    0|
+---------------------+---------+------+---------+---------+-----+

+ Detail: 
    * Instance: 
    N/A

    * DSP: 
    N/A

    * Memory: 
    N/A

    * FIFO: 
    N/A

    * Expression: 
    +----------------------------------+----------+----+---+----+------------+------------+
    |           Variable Name          | Operation| DSP| FF| LUT| Bitwidth P0| Bitwidth P1|
    +----------------------------------+----------+----+---+----+------------+------------+
    |add_ln111_fu_351_p2               |     +    |   0|  0|  38|          31|           1|
    |add_ln215_10_fu_625_p2            |     +    |   0|  0|  39|          32|          32|
    |add_ln215_11_fu_651_p2            |     +    |   0|  0|  39|          32|          32|
    |add_ln215_12_fu_677_p2            |     +    |   0|  0|  39|          32|          32|
    |add_ln215_13_fu_703_p2            |     +    |   0|  0|  39|          32|          32|
    |add_ln215_14_fu_729_p2            |     +    |   0|  0|  39|          32|          32|
    |add_ln215_15_fu_755_p2            |     +    |   0|  0|  39|          32|          32|
    |add_ln215_1_fu_391_p2             |     +    |   0|  0|  39|          32|          32|
    |add_ln215_2_fu_417_p2             |     +    |   0|  0|  39|          32|          32|
    |add_ln215_3_fu_443_p2             |     +    |   0|  0|  39|          32|          32|
    |add_ln215_4_fu_469_p2             |     +    |   0|  0|  39|          32|          32|
    |add_ln215_5_fu_495_p2             |     +    |   0|  0|  39|          32|          32|
    |add_ln215_6_fu_521_p2             |     +    |   0|  0|  39|          32|          32|
    |add_ln215_7_fu_547_p2             |     +    |   0|  0|  39|          32|          32|
    |add_ln215_8_fu_573_p2             |     +    |   0|  0|  39|          32|          32|
    |add_ln215_9_fu_599_p2             |     +    |   0|  0|  39|          32|          32|
    |add_ln215_fu_365_p2               |     +    |   0|  0|  39|          32|          32|
    |add_ln324_fu_232_p2               |     +    |   0|  0|  71|          64|          64|
    |add_ln85_2_fu_301_p2              |     +    |   0|  0|  37|           1|          30|
    |add_ln85_fu_253_p2                |     +    |   0|  0|  39|           2|          32|
    |add_ln97_fu_248_p2                |     +    |   0|  0|  71|           7|          64|
    |sub_ln85_2_fu_269_p2              |     -    |   0|  0|  36|           1|          29|
    |sub_ln85_fu_206_p2                |     -    |   0|  0|  39|           1|          32|
    |sub_ln97_fu_321_p2                |     -    |   0|  0|  39|          32|          32|
    |ap_block_pp0_stage0_01001         |    and   |   0|  0|   2|           1|           1|
    |ap_block_state7_io                |    and   |   0|  0|   2|           1|           1|
    |ap_ext_blocking_cur_n             |    and   |   0|  0|   2|           1|           1|
    |ap_ext_blocking_n                 |    and   |   0|  0|   2|           1|           2|
    |ap_int_blocking_cur_n             |    and   |   0|  0|   2|           1|           1|
    |ap_int_blocking_n                 |    and   |   0|  0|   2|           1|           2|
    |ap_str_blocking_n                 |    and   |   0|  0|   2|           2|           2|
    |icmp_ln111_fu_346_p2              |   icmp   |   0|  0|  20|          32|          32|
    |icmp_ln97_fu_311_p2               |   icmp   |   0|  0|  29|          64|          64|
    |ap_block_pp0_stage0_11001         |    or    |   0|  0|   2|           1|           1|
    |ap_block_state1                   |    or    |   0|  0|   2|           1|           1|
    |ap_block_state6_pp0_stage0_iter1  |    or    |   0|  0|   2|           1|           1|
    |select_ln85_fu_289_p3             |  select  |   0|  0|  29|           1|          29|
    |select_ln97_fu_326_p3             |  select  |   0|  0|  32|           1|          32|
    |ap_enable_pp0                     |    xor   |   0|  0|   2|           1|           2|
    |ap_enable_reg_pp0_iter1           |    xor   |   0|  0|   2|           2|           1|
    +----------------------------------+----------+----+---+----+------------+------------+
    |Total                             |          |   0|  0|1128|         763|         969|
    +----------------------------------+----------+----+---+----+------------+------------+

    * Multiplexer: 
    +-------------------------+-----+-----------+-----+-----------+
    |           Name          | LUT | Input Size| Bits| Total Bits|
    +-------------------------+-----+-----------+-----+-----------+
    |ap_NS_fsm                |  329|         74|    1|         74|
    |ap_done                  |    9|          2|    1|          2|
    |ap_enable_reg_pp0_iter1  |    9|          2|    1|          2|
    |ap_enable_reg_pp0_iter2  |    9|          2|    1|          2|
    |gmem2_blk_n_AW           |    9|          2|    1|          2|
    |gmem2_blk_n_B            |    9|          2|    1|          2|
    |gmem2_blk_n_W            |    9|          2|    1|          2|
    |i_blk_n                  |    9|          2|    1|          2|
    |j_reg_195                |    9|          2|   31|         62|
    |out_r_blk_n              |    9|          2|    1|          2|
    |size_blk_n               |    9|          2|    1|          2|
    |v1_local_V1_blk_n        |    9|          2|    1|          2|
    |v2_local_V2_blk_n        |    9|          2|    1|          2|
    +-------------------------+-----+-----------+-----+-----------+
    |Total                    |  437|         98|   43|        158|
    +-------------------------+-----+-----------+-----+-----------+

    * Register: 
    +----------------------------------+----+----+-----+-----------+
    |               Name               | FF | LUT| Bits| Const Bits|
    +----------------------------------+----+----+-----+-----------+
    |add_ln215_10_reg_888              |  32|   0|   32|          0|
    |add_ln215_11_reg_893              |  32|   0|   32|          0|
    |add_ln215_12_reg_898              |  32|   0|   32|          0|
    |add_ln215_13_reg_903              |  32|   0|   32|          0|
    |add_ln215_14_reg_908              |  32|   0|   32|          0|
    |add_ln215_15_reg_913              |  32|   0|   32|          0|
    |add_ln215_1_reg_843               |  32|   0|   32|          0|
    |add_ln215_2_reg_848               |  32|   0|   32|          0|
    |add_ln215_3_reg_853               |  32|   0|   32|          0|
    |add_ln215_4_reg_858               |  32|   0|   32|          0|
    |add_ln215_5_reg_863               |  32|   0|   32|          0|
    |add_ln215_6_reg_868               |  32|   0|   32|          0|
    |add_ln215_7_reg_873               |  32|   0|   32|          0|
    |add_ln215_8_reg_878               |  32|   0|   32|          0|
    |add_ln215_9_reg_883               |  32|   0|   32|          0|
    |add_ln215_reg_838                 |  32|   0|   32|          0|
    |ap_CS_fsm                         |  73|   0|   73|          0|
    |ap_done_reg                       |   1|   0|    1|          0|
    |ap_enable_reg_pp0_iter0           |   1|   0|    1|          0|
    |ap_enable_reg_pp0_iter1           |   1|   0|    1|          0|
    |ap_enable_reg_pp0_iter2           |   1|   0|    1|          0|
    |i_read_reg_782                    |  64|   0|   64|          0|
    |icmp_ln111_reg_829                |   1|   0|    1|          0|
    |icmp_ln111_reg_829_pp0_iter1_reg  |   1|   0|    1|          0|
    |icmp_ln97_reg_807                 |   1|   0|    1|          0|
    |j_reg_195                         |  31|   0|   31|          0|
    |select_ln97_reg_817               |  32|   0|   32|          0|
    |size_read_reg_787                 |  32|   0|   32|          0|
    |sub_ln97_reg_812                  |  32|   0|   32|          0|
    |trunc_ln324_1_reg_802             |  58|   0|   58|          0|
    |trunc_ln85_3_reg_792              |  28|   0|   28|          0|
    |trunc_ln98_reg_797                |  32|   0|   32|          0|
    +----------------------------------+----+----+-----+-----------+
    |Total                             | 901|   0|  901|          0|
    +----------------------------------+----+----+-----+-----------+



================================================================
== Interface
================================================================
* Summary: 
+----------------------+-----+-----+------------+----------------+--------------+
|       RTL Ports      | Dir | Bits|  Protocol  |  Source Object |    C Type    |
+----------------------+-----+-----+------------+----------------+--------------+
|ap_clk                |  in |    1| ap_ctrl_hs | v2_rd_add_proc | return value |
|ap_rst                |  in |    1| ap_ctrl_hs | v2_rd_add_proc | return value |
|ap_start              |  in |    1| ap_ctrl_hs | v2_rd_add_proc | return value |
|ap_done               | out |    1| ap_ctrl_hs | v2_rd_add_proc | return value |
|ap_continue           |  in |    1| ap_ctrl_hs | v2_rd_add_proc | return value |
|ap_idle               | out |    1| ap_ctrl_hs | v2_rd_add_proc | return value |
|ap_ready              | out |    1| ap_ctrl_hs | v2_rd_add_proc | return value |
|ap_ext_blocking_n     | out |    1| ap_ctrl_hs | v2_rd_add_proc | return value |
|ap_str_blocking_n     | out |    1| ap_ctrl_hs | v2_rd_add_proc | return value |
|ap_int_blocking_n     | out |    1| ap_ctrl_hs | v2_rd_add_proc | return value |
|i_dout                |  in |   64|   ap_fifo  |        i       |    pointer   |
|i_empty_n             |  in |    1|   ap_fifo  |        i       |    pointer   |
|i_read                | out |    1|   ap_fifo  |        i       |    pointer   |
|size_dout             |  in |   32|   ap_fifo  |      size      |    pointer   |
|size_empty_n          |  in |    1|   ap_fifo  |      size      |    pointer   |
|size_read             | out |    1|   ap_fifo  |      size      |    pointer   |
|v1_local_V1_dout      |  in |  512|   ap_fifo  |   v1_local_V1  |    pointer   |
|v1_local_V1_empty_n   |  in |    1|   ap_fifo  |   v1_local_V1  |    pointer   |
|v1_local_V1_read      | out |    1|   ap_fifo  |   v1_local_V1  |    pointer   |
|v2_local_V2_dout      |  in |  512|   ap_fifo  |   v2_local_V2  |    pointer   |
|v2_local_V2_empty_n   |  in |    1|   ap_fifo  |   v2_local_V2  |    pointer   |
|v2_local_V2_read      | out |    1|   ap_fifo  |   v2_local_V2  |    pointer   |
|out_r_dout            |  in |   64|   ap_fifo  |      out_r     |    pointer   |
|out_r_empty_n         |  in |    1|   ap_fifo  |      out_r     |    pointer   |
|out_r_read            | out |    1|   ap_fifo  |      out_r     |    pointer   |
|m_axi_gmem2_AWVALID   | out |    1|    m_axi   |      gmem2     |    pointer   |
|m_axi_gmem2_AWREADY   |  in |    1|    m_axi   |      gmem2     |    pointer   |
|m_axi_gmem2_AWADDR    | out |   64|    m_axi   |      gmem2     |    pointer   |
|m_axi_gmem2_AWID      | out |    1|    m_axi   |      gmem2     |    pointer   |
|m_axi_gmem2_AWLEN     | out |   32|    m_axi   |      gmem2     |    pointer   |
|m_axi_gmem2_AWSIZE    | out |    3|    m_axi   |      gmem2     |    pointer   |
|m_axi_gmem2_AWBURST   | out |    2|    m_axi   |      gmem2     |    pointer   |
|m_axi_gmem2_AWLOCK    | out |    2|    m_axi   |      gmem2     |    pointer   |
|m_axi_gmem2_AWCACHE   | out |    4|    m_axi   |      gmem2     |    pointer   |
|m_axi_gmem2_AWPROT    | out |    3|    m_axi   |      gmem2     |    pointer   |
|m_axi_gmem2_AWQOS     | out |    4|    m_axi   |      gmem2     |    pointer   |
|m_axi_gmem2_AWREGION  | out |    4|    m_axi   |      gmem2     |    pointer   |
|m_axi_gmem2_AWUSER    | out |    1|    m_axi   |      gmem2     |    pointer   |
|m_axi_gmem2_WVALID    | out |    1|    m_axi   |      gmem2     |    pointer   |
|m_axi_gmem2_WREADY    |  in |    1|    m_axi   |      gmem2     |    pointer   |
|m_axi_gmem2_WDATA     | out |  512|    m_axi   |      gmem2     |    pointer   |
|m_axi_gmem2_WSTRB     | out |   64|    m_axi   |      gmem2     |    pointer   |
|m_axi_gmem2_WLAST     | out |    1|    m_axi   |      gmem2     |    pointer   |
|m_axi_gmem2_WID       | out |    1|    m_axi   |      gmem2     |    pointer   |
|m_axi_gmem2_WUSER     | out |    1|    m_axi   |      gmem2     |    pointer   |
|m_axi_gmem2_ARVALID   | out |    1|    m_axi   |      gmem2     |    pointer   |
|m_axi_gmem2_ARREADY   |  in |    1|    m_axi   |      gmem2     |    pointer   |
|m_axi_gmem2_ARADDR    | out |   64|    m_axi   |      gmem2     |    pointer   |
|m_axi_gmem2_ARID      | out |    1|    m_axi   |      gmem2     |    pointer   |
|m_axi_gmem2_ARLEN     | out |   32|    m_axi   |      gmem2     |    pointer   |
|m_axi_gmem2_ARSIZE    | out |    3|    m_axi   |      gmem2     |    pointer   |
|m_axi_gmem2_ARBURST   | out |    2|    m_axi   |      gmem2     |    pointer   |
|m_axi_gmem2_ARLOCK    | out |    2|    m_axi   |      gmem2     |    pointer   |
|m_axi_gmem2_ARCACHE   | out |    4|    m_axi   |      gmem2     |    pointer   |
|m_axi_gmem2_ARPROT    | out |    3|    m_axi   |      gmem2     |    pointer   |
|m_axi_gmem2_ARQOS     | out |    4|    m_axi   |      gmem2     |    pointer   |
|m_axi_gmem2_ARREGION  | out |    4|    m_axi   |      gmem2     |    pointer   |
|m_axi_gmem2_ARUSER    | out |    1|    m_axi   |      gmem2     |    pointer   |
|m_axi_gmem2_RVALID    |  in |    1|    m_axi   |      gmem2     |    pointer   |
|m_axi_gmem2_RREADY    | out |    1|    m_axi   |      gmem2     |    pointer   |
|m_axi_gmem2_RDATA     |  in |  512|    m_axi   |      gmem2     |    pointer   |
|m_axi_gmem2_RLAST     |  in |    1|    m_axi   |      gmem2     |    pointer   |
|m_axi_gmem2_RID       |  in |    1|    m_axi   |      gmem2     |    pointer   |
|m_axi_gmem2_RUSER     |  in |    1|    m_axi   |      gmem2     |    pointer   |
|m_axi_gmem2_RRESP     |  in |    2|    m_axi   |      gmem2     |    pointer   |
|m_axi_gmem2_BVALID    |  in |    1|    m_axi   |      gmem2     |    pointer   |
|m_axi_gmem2_BREADY    | out |    1|    m_axi   |      gmem2     |    pointer   |
|m_axi_gmem2_BRESP     |  in |    2|    m_axi   |      gmem2     |    pointer   |
|m_axi_gmem2_BID       |  in |    1|    m_axi   |      gmem2     |    pointer   |
|m_axi_gmem2_BUSER     |  in |    1|    m_axi   |      gmem2     |    pointer   |
+----------------------+-----+-----+------------+----------------+--------------+

