INFO: [v++ 60-897] Reading --xp value from platform: param:compiler.lockFlowCritSlackThreshold=0
INFO: [v++ 60-897] Reading --xp value from platform: vivado_param:hd.routingContainmentAreaExpansion=true
INFO: [v++ 60-897] Reading --xp value from platform: vivado_param:hd.supportClockNetCrossDiffReconfigurablePartitions=1
INFO: [v++ 60-897] Reading --xp value from platform: vivado_param:bitstream.enablePR=4123
INFO: [v++ 60-897] Reading --xp value from platform: vivado_param:physynth.ultraRAMOptOutput=false
INFO: [v++ 60-897] Reading --xp value from platform: vivado_prop:run.__KERNEL__.{STEPS.SYNTH_DESIGN.ARGS.MAX_URAM_CASCADE_HEIGHT}={1}
INFO: [v++ 60-897] Reading --xp value from platform: vivado_param:synth.elaboration.rodinMoreOptions={rt::set_parameter disableOregPackingUram true}
WARNING: [v++ 60-642] Invalid or deprecated parameter name: compiler.lockFlowCritSlackThreshold
INFO: [v++ 60-1306] Additional information associated with this v++ link can be found at:
	Reports: /home/centos/workspace/lab_optimization/Emulation-HW/binary_container_1.build/reports/link
	Log files: /home/centos/workspace/lab_optimization/Emulation-HW/binary_container_1.build/logs/link
INFO: [v++ 60-1657] Initializing dispatch client.
INFO: [v++ 60-1548] Creating build summary session with primary output /home/centos/workspace/lab_optimization/Emulation-HW/binary_container_1.xclbin.link_summary, at Thu Jan 14 21:11:35 2021
INFO: [v++ 60-1316] Initiating connection to rulecheck server, at Thu Jan 14 21:11:35 2021
INFO: [v++ 60-895]   Target platform: /home/centos/src/project_data/aws-fpga/Vitis/aws_platform/xilinx_aws-vu9p-f1_shell-v04261818_201920_2/xilinx_aws-vu9p-f1_shell-v04261818_201920_2.xpfm
INFO: [v++ 60-1578]   This platform contains Xilinx Shell Archive '/home/centos/src/project_data/aws-fpga/Vitis/aws_platform/xilinx_aws-vu9p-f1_shell-v04261818_201920_2/hw/xilinx_aws-vu9p-f1_shell-v04261818_201920_2.xsa'
INFO: [v++ 60-629] Linking for hardware emulation target
INFO: [v++ 60-423]   Target device: xilinx_aws-vu9p-f1_shell-v04261818_201920_2
INFO: [v++ 60-1332] Run 'run_link' status: Not started
INFO: [v++ 60-1443] [21:11:40] Run run_link: Step system_link: Started
INFO: [v++ 60-1453] Command Line: system_link --xo /home/centos/workspace/lab_optimization/Emulation-HW/binary_container_1.build/krnl_idct.xo -keep --config /home/centos/workspace/lab_optimization/Emulation-HW/binary_container_1.build/link/int/syslinkConfig.ini --xpfm /home/centos/src/project_data/aws-fpga/Vitis/aws_platform/xilinx_aws-vu9p-f1_shell-v04261818_201920_2/xilinx_aws-vu9p-f1_shell-v04261818_201920_2.xpfm --target emu --output_dir /home/centos/workspace/lab_optimization/Emulation-HW/binary_container_1.build/link/int --temp_dir /home/centos/workspace/lab_optimization/Emulation-HW/binary_container_1.build/link/sys_link
INFO: [v++ 60-1454] Run Directory: /home/centos/workspace/lab_optimization/Emulation-HW/binary_container_1.build/link/run_link
INFO: [SYSTEM_LINK 60-1316] Initiating connection to rulecheck server, at Thu Jan 14 21:11:42 2021
INFO: [SYSTEM_LINK 82-70] Extracting xo v3 file /home/centos/workspace/lab_optimization/Emulation-HW/binary_container_1.build/krnl_idct.xo
INFO: [SYSTEM_LINK 82-53] Creating IP database /home/centos/workspace/lab_optimization/Emulation-HW/binary_container_1.build/link/sys_link/_sysl/.cdb/xd_ip_db.xml
INFO: [SYSTEM_LINK 82-38] [21:11:43] build_xd_ip_db started: /opt/Xilinx/Vitis/2020.1/bin/build_xd_ip_db -ip_search 0  -sds-pf /home/centos/workspace/lab_optimization/Emulation-HW/binary_container_1.build/link/sys_link/emu/xilinx_aws-vu9p-f1_shell-v04261818_201920_1_emu.hpfm -clkid 0 -ip /home/centos/workspace/lab_optimization/Emulation-HW/binary_container_1.build/link/sys_link/iprepo/xilinx_com_hls_krnl_idct_1_0,krnl_idct -o /home/centos/workspace/lab_optimization/Emulation-HW/binary_container_1.build/link/sys_link/_sysl/.cdb/xd_ip_db.xml
INFO: [SYSTEM_LINK 82-37] [21:11:46] build_xd_ip_db finished successfully
Time (s): cpu = 00:00:05 ; elapsed = 00:00:04 . Memory (MB): peak = 1303.055 ; gain = 0.000 ; free physical = 99341 ; free virtual = 136632
INFO: [SYSTEM_LINK 82-51] Create system connectivity graph
INFO: [SYSTEM_LINK 82-102] Applying explicit connections to the system connectivity graph: /home/centos/workspace/lab_optimization/Emulation-HW/binary_container_1.build/link/sys_link/cfgraph/cfgen_cfgraph.xml
INFO: [SYSTEM_LINK 82-38] [21:11:47] cfgen started: /opt/Xilinx/Vitis/2020.1/bin/cfgen  -nk krnl_idct:1:krnl_idct_1 -sp krnl_idct_1.block:DDR[0] -sp krnl_idct_1.q:DDR[0] -sp krnl_idct_1.voutp:DDR[1] -dmclkid 0 -r /home/centos/workspace/lab_optimization/Emulation-HW/binary_container_1.build/link/sys_link/_sysl/.cdb/xd_ip_db.xml -o /home/centos/workspace/lab_optimization/Emulation-HW/binary_container_1.build/link/sys_link/cfgraph/cfgen_cfgraph.xml
INFO: [CFGEN 83-0] Kernel Specs: 
INFO: [CFGEN 83-0]   kernel: krnl_idct, num: 1  {krnl_idct_1}
INFO: [CFGEN 83-0] Port Specs: 
INFO: [CFGEN 83-0]   kernel: krnl_idct_1, k_port: block, sptag: DDR[0]
INFO: [CFGEN 83-0]   kernel: krnl_idct_1, k_port: q, sptag: DDR[0]
INFO: [CFGEN 83-0]   kernel: krnl_idct_1, k_port: voutp, sptag: DDR[1]
INFO: [CFGEN 83-2228] Creating mapping for argument krnl_idct_1.block to DDR[0] for directive krnl_idct_1.block:DDR[0]
INFO: [CFGEN 83-2228] Creating mapping for argument krnl_idct_1.q to DDR[0] for directive krnl_idct_1.q:DDR[0]
INFO: [CFGEN 83-2228] Creating mapping for argument krnl_idct_1.voutp to DDR[1] for directive krnl_idct_1.voutp:DDR[1]
INFO: [SYSTEM_LINK 82-37] [21:11:51] cfgen finished successfully
Time (s): cpu = 00:00:05 ; elapsed = 00:00:05 . Memory (MB): peak = 1303.055 ; gain = 0.000 ; free physical = 99337 ; free virtual = 136628
INFO: [SYSTEM_LINK 82-52] Create top-level block diagram
INFO: [SYSTEM_LINK 82-38] [21:11:51] cf2bd started: /opt/Xilinx/Vitis/2020.1/bin/cf2bd  --linux --trace_buffer 1024 --input_file /home/centos/workspace/lab_optimization/Emulation-HW/binary_container_1.build/link/sys_link/cfgraph/cfgen_cfgraph.xml --ip_db /home/centos/workspace/lab_optimization/Emulation-HW/binary_container_1.build/link/sys_link/_sysl/.cdb/xd_ip_db.xml --cf_name dr --working_dir /home/centos/workspace/lab_optimization/Emulation-HW/binary_container_1.build/link/sys_link/_sysl/.xsd --temp_dir /home/centos/workspace/lab_optimization/Emulation-HW/binary_container_1.build/link/sys_link --output_dir /home/centos/workspace/lab_optimization/Emulation-HW/binary_container_1.build/link/int --target_bd emu/pfm_dynamic/pfm_dynamic.bd
INFO: [CF2BD 82-31] Launching cf2xd: cf2xd -linux -trace-buffer 1024 -i /home/centos/workspace/lab_optimization/Emulation-HW/binary_container_1.build/link/sys_link/cfgraph/cfgen_cfgraph.xml -r /home/centos/workspace/lab_optimization/Emulation-HW/binary_container_1.build/link/sys_link/_sysl/.cdb/xd_ip_db.xml -o dr.xml
INFO: [CF2BD 82-28] cf2xd finished successfully
INFO: [CF2BD 82-31] Launching cf_xsd: cf_xsd -disable-address-gen -bd emu/pfm_dynamic/pfm_dynamic.bd -dn dr -dp /home/centos/workspace/lab_optimization/Emulation-HW/binary_container_1.build/link/sys_link/_sysl/.xsd
INFO: [CF2BD 82-28] cf_xsd finished successfully
INFO: [SYSTEM_LINK 82-37] [21:11:54] cf2bd finished successfully
Time (s): cpu = 00:00:03 ; elapsed = 00:00:03 . Memory (MB): peak = 1303.055 ; gain = 0.000 ; free physical = 99252 ; free virtual = 136591
INFO: [v++ 60-1441] [21:11:54] Run run_link: Step system_link: Completed
Time (s): cpu = 00:00:15 ; elapsed = 00:00:14 . Memory (MB): peak = 1335.516 ; gain = 0.000 ; free physical = 99278 ; free virtual = 136617
INFO: [v++ 60-1443] [21:11:54] Run run_link: Step cf2sw: Started
INFO: [v++ 60-1453] Command Line: cf2sw -sdsl /home/centos/workspace/lab_optimization/Emulation-HW/binary_container_1.build/link/int/sdsl.dat -rtd /home/centos/workspace/lab_optimization/Emulation-HW/binary_container_1.build/link/int/cf2sw.rtd -xclbin /home/centos/workspace/lab_optimization/Emulation-HW/binary_container_1.build/link/int/xclbin_orig.xml -o /home/centos/workspace/lab_optimization/Emulation-HW/binary_container_1.build/link/int/xclbin_orig.1.xml
INFO: [v++ 60-1454] Run Directory: /home/centos/workspace/lab_optimization/Emulation-HW/binary_container_1.build/link/run_link
INFO: [v++ 60-1441] [21:11:56] Run run_link: Step cf2sw: Completed
Time (s): cpu = 00:00:02 ; elapsed = 00:00:02 . Memory (MB): peak = 1335.516 ; gain = 0.000 ; free physical = 99279 ; free virtual = 136618
INFO: [v++ 60-1443] [21:11:56] Run run_link: Step rtd2_system_diagram: Started
INFO: [v++ 60-1453] Command Line: rtd2SystemDiagram
INFO: [v++ 60-1454] Run Directory: /home/centos/workspace/lab_optimization/Emulation-HW/binary_container_1.build/link/run_link
INFO: [v++ 60-1441] [21:11:59] Run run_link: Step rtd2_system_diagram: Completed
Time (s): cpu = 00:00:00 ; elapsed = 00:00:02 . Memory (MB): peak = 1335.516 ; gain = 0.000 ; free physical = 98635 ; free virtual = 135974
INFO: [v++ 60-1443] [21:11:59] Run run_link: Step vpl: Started
INFO: [v++ 60-1453] Command Line: vpl -t hw_emu -f /home/centos/src/project_data/aws-fpga/Vitis/aws_platform/xilinx_aws-vu9p-f1_shell-v04261818_201920_2/xilinx_aws-vu9p-f1_shell-v04261818_201920_2.xpfm -g --profile_kernel exec:krnl_idct:krnl_idct_1:all --profile_kernel data:krnl_idct:krnl_idct_1:block:all --profile_kernel data:krnl_idct:krnl_idct_1:q:all --profile_kernel data:krnl_idct:krnl_idct_1:voutp:all --remote_ip_cache /home/centos/workspace/ip_cache -s --output_dir /home/centos/workspace/lab_optimization/Emulation-HW/binary_container_1.build/link/int --log_dir /home/centos/workspace/lab_optimization/Emulation-HW/binary_container_1.build/logs/link --report_dir /home/centos/workspace/lab_optimization/Emulation-HW/binary_container_1.build/reports/link --config /home/centos/workspace/lab_optimization/Emulation-HW/binary_container_1.build/link/int/vplConfig.ini -k /home/centos/workspace/lab_optimization/Emulation-HW/binary_container_1.build/link/int/kernel_info.dat --webtalk_flag Vitis --temp_dir /home/centos/workspace/lab_optimization/Emulation-HW/binary_container_1.build/link --emulation_mode debug_waveform --no-info --iprepo /home/centos/workspace/lab_optimization/Emulation-HW/binary_container_1.build/link/int/xo/ip_repo/xilinx_com_hls_krnl_idct_1_0 --messageDb /home/centos/workspace/lab_optimization/Emulation-HW/binary_container_1.build/link/run_link/vpl.pb /home/centos/workspace/lab_optimization/Emulation-HW/binary_container_1.build/link/int/dr.bd.tcl
INFO: [v++ 60-1454] Run Directory: /home/centos/workspace/lab_optimization/Emulation-HW/binary_container_1.build/link/run_link

****** vpl v2020.1 (64-bit)
  **** SW Build 2902540 on Wed May 27 19:54:35 MDT 2020
    ** Copyright 1986-2020 Xilinx, Inc. All Rights Reserved.

INFO: [VPL 60-839] Read in kernel information from file '/home/centos/workspace/lab_optimization/Emulation-HW/binary_container_1.build/link/int/kernel_info.dat'.
WARNING: [VPL 60-642] Invalid or deprecated parameter name: compiler.lockFlowCritSlackThreshold
INFO: [VPL 60-423]   Target device: xilinx_aws-vu9p-f1_shell-v04261818_201920_2
INFO: [VPL 60-1032] Extracting hardware platform to /home/centos/workspace/lab_optimization/Emulation-HW/binary_container_1.build/link/vivado/vpl/.local/hw_platform
[21:12:22] Run vpl: Step create_project: Started
Creating Vivado project.
[21:12:24] Run vpl: Step create_project: Completed
[21:12:24] Run vpl: Step create_bd: Started
[21:12:58] Run vpl: Step create_bd: Completed
[21:12:58] Run vpl: Step update_bd: Started
[21:13:06] Run vpl: Step update_bd: Completed
[21:13:06] Run vpl: Step generate_target: Started
[21:13:41] Run vpl: Step generate_target: Completed
[21:13:41] Run vpl: Step config_hw_emulation: Started
[21:14:57] Run vpl: Step config_hw_emulation: RUNNING...
[21:16:12] Run vpl: Step config_hw_emulation: RUNNING...
[21:17:28] Run vpl: Step config_hw_emulation: RUNNING...
[21:18:43] Run vpl: Step config_hw_emulation: RUNNING...
[21:19:09] Run vpl: Step config_hw_emulation: Completed
[21:19:09] Run vpl: FINISHED. Run Status: config_hw_emulation Complete!
INFO: [v++ 60-1441] [21:19:09] Run run_link: Step vpl: Completed
Time (s): cpu = 00:00:13 ; elapsed = 00:07:11 . Memory (MB): peak = 1335.516 ; gain = 0.000 ; free physical = 97943 ; free virtual = 136066
INFO: [v++ 60-1443] [21:19:09] Run run_link: Step rtdgen: Started
INFO: [v++ 60-1453] Command Line: rtdgen
INFO: [v++ 60-1454] Run Directory: /home/centos/workspace/lab_optimization/Emulation-HW/binary_container_1.build/link/run_link
INFO: [v++ 60-991] clock name 'clk_main_a0' (clock ID '') is being mapped to clock name 'clk_main_a0' in the xclbin
INFO: [v++ 60-1453] Command Line: cf2sw -a /home/centos/workspace/lab_optimization/Emulation-HW/binary_container_1.build/link/int/address_map.xml -sdsl /home/centos/workspace/lab_optimization/Emulation-HW/binary_container_1.build/link/int/sdsl.dat -xclbin /home/centos/workspace/lab_optimization/Emulation-HW/binary_container_1.build/link/int/xclbin_orig.xml -rtd /home/centos/workspace/lab_optimization/Emulation-HW/binary_container_1.build/link/int/binary_container_1.rtd -o /home/centos/workspace/lab_optimization/Emulation-HW/binary_container_1.build/link/int/binary_container_1.xml
INFO: [v++ 60-1652] Cf2sw returned exit code: 0
INFO: [v++ 60-2311] HPISystemDiagram::writeSystemDiagramAfterRunningVivado, rtdInputFilePath: /home/centos/workspace/lab_optimization/Emulation-HW/binary_container_1.build/link/int/binary_container_1.rtd
INFO: [v++ 60-2312] HPISystemDiagram::writeSystemDiagramAfterRunningVivado, systemDiagramOutputFilePath: /home/centos/workspace/lab_optimization/Emulation-HW/binary_container_1.build/link/int/systemDiagramModelSlrBaseAddress.json
INFO: [v++ 60-1618] Launching 
INFO: [v++ 60-1441] [21:19:16] Run run_link: Step rtdgen: Completed
Time (s): cpu = 00:00:07 ; elapsed = 00:00:07 . Memory (MB): peak = 1335.516 ; gain = 0.000 ; free physical = 98438 ; free virtual = 136593
INFO: [v++ 60-1443] [21:19:16] Run run_link: Step xclbinutil: Started
INFO: [v++ 60-1453] Command Line: xclbinutil --add-section DEBUG_DATA:RAW:/home/centos/workspace/lab_optimization/Emulation-HW/binary_container_1.build/link/int/consolidated.cf --add-section DEBUG_IP_LAYOUT:JSON:/home/centos/workspace/lab_optimization/Emulation-HW/binary_container_1.build/link/int/debug_ip_layout.rtd --add-section BITSTREAM:RAW:/home/centos/workspace/lab_optimization/Emulation-HW/binary_container_1.build/link/int/behav.xse --force --target hw_emu --key-value SYS:dfx_enable:false --add-section :JSON:/home/centos/workspace/lab_optimization/Emulation-HW/binary_container_1.build/link/int/binary_container_1.rtd --append-section :JSON:/home/centos/workspace/lab_optimization/Emulation-HW/binary_container_1.build/link/int/appendSection.rtd --add-section CLOCK_FREQ_TOPOLOGY:JSON:/home/centos/workspace/lab_optimization/Emulation-HW/binary_container_1.build/link/int/binary_container_1_xml.rtd --add-section BUILD_METADATA:JSON:/home/centos/workspace/lab_optimization/Emulation-HW/binary_container_1.build/link/int/binary_container_1_build.rtd --add-section EMBEDDED_METADATA:RAW:/home/centos/workspace/lab_optimization/Emulation-HW/binary_container_1.build/link/int/binary_container_1.xml --add-section SYSTEM_METADATA:RAW:/home/centos/workspace/lab_optimization/Emulation-HW/binary_container_1.build/link/int/systemDiagramModelSlrBaseAddress.json --key-value SYS:PlatformVBNV:xilinx_aws-vu9p-f1_shell-v04261818_201920_2 --output /home/centos/workspace/lab_optimization/Emulation-HW/binary_container_1.xclbin
INFO: [v++ 60-1454] Run Directory: /home/centos/workspace/lab_optimization/Emulation-HW/binary_container_1.build/link/run_link
XRT Build Version: 2.6.0 (2020.1)
       Build Date: 2020-07-09 15:20:59
          Hash ID: 12115fd4054cb46a5ade62fafa74c523f59116e6
Creating a default 'in-memory' xclbin image.

Section: 'DEBUG_DATA'(4) was successfully added.
Size   : 589520 bytes
Format : RAW
File   : '/home/centos/workspace/lab_optimization/Emulation-HW/binary_container_1.build/link/int/consolidated.cf'

Section: 'DEBUG_IP_LAYOUT'(9) was successfully added.
Size   : 1016 bytes
Format : JSON
File   : '/home/centos/workspace/lab_optimization/Emulation-HW/binary_container_1.build/link/int/debug_ip_layout.rtd'

Section: 'BITSTREAM'(0) was successfully added.
Size   : 30701980 bytes
Format : RAW
File   : '/home/centos/workspace/lab_optimization/Emulation-HW/binary_container_1.build/link/int/behav.xse'

Section: 'MEM_TOPOLOGY'(6) was successfully added.
Format : JSON
File   : 'mem_topology'

Section: 'IP_LAYOUT'(8) was successfully added.
Format : JSON
File   : 'ip_layout'

Section: 'CONNECTIVITY'(7) was successfully added.
Format : JSON
File   : 'connectivity'
WARNING: Skipping CLOCK_FREQ_TOPOLOGY section for count size is zero.
WARNING: Section 'CLOCK_FREQ_TOPOLOGY' content is empty.  No data in the given JSON file.

Section: 'CLOCK_FREQ_TOPOLOGY'(11) was empty.  No action taken.
Format : JSON
File   : '/home/centos/workspace/lab_optimization/Emulation-HW/binary_container_1.build/link/int/binary_container_1_xml.rtd'

Section: 'BUILD_METADATA'(14) was successfully added.
Size   : 2505 bytes
Format : JSON
File   : '/home/centos/workspace/lab_optimization/Emulation-HW/binary_container_1.build/link/int/binary_container_1_build.rtd'

Section: 'EMBEDDED_METADATA'(2) was successfully added.
Size   : 5918 bytes
Format : RAW
File   : '/home/centos/workspace/lab_optimization/Emulation-HW/binary_container_1.build/link/int/binary_container_1.xml'

Section: 'SYSTEM_METADATA'(22) was successfully added.
Size   : 6178 bytes
Format : RAW
File   : '/home/centos/workspace/lab_optimization/Emulation-HW/binary_container_1.build/link/int/systemDiagramModelSlrBaseAddress.json'

Section: 'PARTITION_METADATA'(20) was successfully appended to.
Format : JSON
File   : 'partition_metadata'
Successfully wrote (31315744 bytes) to the output file: /home/centos/workspace/lab_optimization/Emulation-HW/binary_container_1.xclbin
Leaving xclbinutil.
INFO: [v++ 60-1441] [21:19:16] Run run_link: Step xclbinutil: Completed
Time (s): cpu = 00:00:00.04 ; elapsed = 00:00:00.15 . Memory (MB): peak = 1335.516 ; gain = 0.000 ; free physical = 98438 ; free virtual = 136593
INFO: [v++ 60-1443] [21:19:16] Run run_link: Step xclbinutilinfo: Started
INFO: [v++ 60-1453] Command Line: xclbinutil --quiet --force --info /home/centos/workspace/lab_optimization/Emulation-HW/binary_container_1.xclbin.info --input /home/centos/workspace/lab_optimization/Emulation-HW/binary_container_1.xclbin
INFO: [v++ 60-1454] Run Directory: /home/centos/workspace/lab_optimization/Emulation-HW/binary_container_1.build/link/run_link
INFO: [v++ 60-1441] [21:19:17] Run run_link: Step xclbinutilinfo: Completed
Time (s): cpu = 00:00:00.36 ; elapsed = 00:00:00.43 . Memory (MB): peak = 1335.516 ; gain = 0.000 ; free physical = 98438 ; free virtual = 136593
INFO: [v++ 60-1443] [21:19:17] Run run_link: Step generate_sc_driver: Started
INFO: [v++ 60-1453] Command Line: 
INFO: [v++ 60-1454] Run Directory: /home/centos/workspace/lab_optimization/Emulation-HW/binary_container_1.build/link/run_link
INFO: [v++ 60-1441] [21:19:17] Run run_link: Step generate_sc_driver: Completed
Time (s): cpu = 00:00:00 ; elapsed = 00:00:00 . Memory (MB): peak = 1335.516 ; gain = 0.000 ; free physical = 98438 ; free virtual = 136593
INFO: [v++ 60-244] Generating system estimate report...
INFO: [v++ 60-1092] Generated system estimate report: /home/centos/workspace/lab_optimization/Emulation-HW/binary_container_1.build/reports/link/system_estimate_binary_container_1.xtxt
INFO: [v++ 60-586] Created binary_container_1.xclbin
INFO: [v++ 60-1307] Run completed. Additional information can be found in:
	Steps Log File: /home/centos/workspace/lab_optimization/Emulation-HW/binary_container_1.build/logs/link/link.steps.log

INFO: [v++ 60-2343] Use the vitis_analyzer tool to visualize and navigate the relevant reports. Run the following command. 
    vitis_analyzer /home/centos/workspace/lab_optimization/Emulation-HW/binary_container_1.xclbin.link_summary 
INFO: [v++ 60-791] Total elapsed time: 0h 7m 52s
INFO: [v++ 60-1653] Closing dispatch client.
