Vivado Simulator 2020.1
Copyright 1986-1999, 2001-2020 Xilinx, Inc. All Rights Reserved.
Running: /opt/Xilinx/Vivado/2020.1/bin/unwrapped/lnx64.o/xelab -wto 1fe413a863e54999acc7887775e443f7 --incr --debug typical --relax --mt 8 -sv_root /opt/Xilinx/Vivado/2020.1/data/simmodels/xsim/2020.1/lnx64/6.2.0/ext/protobuf -sc_lib libprotobuf.so --include /opt/Xilinx/Vivado/2020.1/data/simmodels/xsim/2020.1/lnx64/6.2.0/ext/protobuf/include -sv_root /opt/Xilinx/Vivado/2020.1/data/xsim/ip/xtlm -sc_lib libxtlm.so --include /opt/Xilinx/Vivado/2020.1/data/xsim/ip/xtlm/include -sv_root /opt/Xilinx/Vivado/2020.1/data/xsim/ip/xtlm_simple_interconnect_v1_0 -sc_lib libxtlm_simple_interconnect_v1_0.so --include /opt/Xilinx/Vivado/2020.1/data/xsim/ip/xtlm_simple_interconnect_v1_0/include -sv_root /opt/Xilinx/Vivado/2020.1/data/xsim/ip/common_cpp_v1_0 -sc_lib libcommon_cpp_v1_0.so --include /opt/Xilinx/Vivado/2020.1/data/xsim/ip/common_cpp_v1_0/include -sv_root /opt/Xilinx/Vivado/2020.1/data/xsim/ip/emu_perf_common_v1_0 -sc_lib libemu_perf_common_v1_0.so --include /opt/Xilinx/Vivado/2020.1/data/xsim/ip/emu_perf_common_v1_0/include --include ../../../../prj.ip_user_files/bd/pfm_dynamic/ip/pfm_dynamic_xtlm_simple_intercon_0_0/src --include ../../../../prj.ip_user_files/bd/pfm_dynamic/ip/pfm_dynamic_xtlm_simple_intercon_0_0/sim --include ../../../../prj.ip_user_files/bd/pfm_dynamic/ip/pfm_dynamic_memory_subsystem_0/bd_0/sim --include ../../../../prj.ip_user_files/bd/pfm_dynamic/ip/pfm_dynamic_memory_subsystem_0/bd_0/ip/ip_0/src --include ../../../../prj.ip_user_files/bd/pfm_dynamic/ip/pfm_dynamic_memory_subsystem_0/bd_0/ip/ip_0/sim --include ../../../../prj.ip_user_files/bd/pfm_dynamic/ip/pfm_dynamic_memory_subsystem_0/bd_0/ip/ip_1/src --include ../../../../prj.ip_user_files/bd/pfm_dynamic/ip/pfm_dynamic_memory_subsystem_0/bd_0/ip/ip_1/sim --include ../../../../prj.ip_user_files/bd/pfm_dynamic/ip/pfm_dynamic_memory_subsystem_0/bd_0/ip/ip_2/src --include ../../../../prj.ip_user_files/bd/pfm_dynamic/ip/pfm_dynamic_memory_subsystem_0/bd_0/ip/ip_2/sim --include ../../../../prj.ip_user_files/bd/pfm_dynamic/ip/pfm_dynamic_memory_subsystem_0/bd_0/ip/ip_3/src --include ../../../../prj.ip_user_files/bd/pfm_dynamic/ip/pfm_dynamic_memory_subsystem_0/bd_0/ip/ip_3/sim --include ../../../../prj.ip_user_files/bd/pfm_dynamic/ip/pfm_dynamic_memory_subsystem_0/sim --include ../../../../prj.ip_user_files/bd/pfm_dynamic/ip/pfm_dynamic_sim_ddr_0_0/sim_tlm/common --include ../../../../prj.ip_user_files/bd/pfm_dynamic/ip/pfm_dynamic_sim_ddr_0_0/sim_tlm/axi_crossbar/systemc_srcs --include ../../../../prj.ip_user_files/bd/pfm_dynamic/ip/pfm_dynamic_sim_ddr_0_0/sim_tlm/top --include ../../../../prj.ip_user_files/bd/pfm_dynamic/ip/pfm_dynamic_sim_ddr_0_0/sim_tlm/ddr_model/cpp_srcs --include ../../../../prj.ip_user_files/bd/pfm_dynamic/ip/pfm_dynamic_sim_ddr_0_0/sim_tlm/ddr_model/systemc_srcs --include ../../../../prj.ip_user_files/bd/pfm_dynamic/ip/pfm_dynamic_sim_ddr_0_0/sim --include ../../../../prj.ip_user_files/bd/pfm_dynamic/ip/pfm_dynamic_sim_ddr_2_0/sim_tlm/common --include ../../../../prj.ip_user_files/bd/pfm_dynamic/ip/pfm_dynamic_sim_ddr_2_0/sim_tlm/axi_crossbar/systemc_srcs --include ../../../../prj.ip_user_files/bd/pfm_dynamic/ip/pfm_dynamic_sim_ddr_2_0/sim_tlm/top --include ../../../../prj.ip_user_files/bd/pfm_dynamic/ip/pfm_dynamic_sim_ddr_2_0/sim_tlm/ddr_model/cpp_srcs --include ../../../../prj.ip_user_files/bd/pfm_dynamic/ip/pfm_dynamic_sim_ddr_2_0/sim_tlm/ddr_model/systemc_srcs --include ../../../../prj.ip_user_files/bd/pfm_dynamic/ip/pfm_dynamic_sim_ddr_2_0/sim --include ../../../../prj.ip_user_files/bd/pfm_dynamic/ip/pfm_dynamic_sim_ddr_3_0/sim_tlm/common --include ../../../../prj.ip_user_files/bd/pfm_dynamic/ip/pfm_dynamic_sim_ddr_3_0/sim_tlm/axi_crossbar/systemc_srcs --include ../../../../prj.ip_user_files/bd/pfm_dynamic/ip/pfm_dynamic_sim_ddr_3_0/sim_tlm/top --include ../../../../prj.ip_user_files/bd/pfm_dynamic/ip/pfm_dynamic_sim_ddr_3_0/sim_tlm/ddr_model/cpp_srcs --include ../../../../prj.ip_user_files/bd/pfm_dynamic/ip/pfm_dynamic_sim_ddr_3_0/sim_tlm/ddr_model/systemc_srcs --include ../../../../prj.ip_user_files/bd/pfm_dynamic/ip/pfm_dynamic_sim_ddr_3_0/sim --include ../../../../prj.ip_user_files/bd/pfm_dynamic/ip/pfm_dynamic_icn_pass_0_0/src --include ../../../../prj.ip_user_files/bd/pfm_dynamic/ip/pfm_dynamic_icn_pass_0_0/sim --include ../../../../prj.ip_user_files/bd/pfm_dynamic/ip/pfm_dynamic_icn_pass_1_0/src --include ../../../../prj.ip_user_files/bd/pfm_dynamic/ip/pfm_dynamic_icn_pass_1_0/sim --include ../../../../prj.ip_user_files/bd/pfm_dynamic/ip/pfm_dynamic_icn_pass_2_0/src --include ../../../../prj.ip_user_files/bd/pfm_dynamic/ip/pfm_dynamic_icn_pass_2_0/sim --include ../../../../prj.ip_user_files/bd/pfm_dynamic/ip/pfm_dynamic_icn_pass_3_0/src --include ../../../../prj.ip_user_files/bd/pfm_dynamic/ip/pfm_dynamic_icn_pass_3_0/sim --include ../../../../prj.ip_user_files/bd/pfm_dynamic/ip/pfm_dynamic_dpa_hub_0/src --include ../../../../prj.ip_user_files/bd/pfm_dynamic/ip/pfm_dynamic_dpa_hub_0/sim --include ../../../../prj.ip_user_files/bd/pfm_dynamic/ip/pfm_dynamic_dpa_mon0_0/src --include ../../../../prj.ip_user_files/bd/pfm_dynamic/ip/pfm_dynamic_dpa_mon0_0/sim --include ../../../../prj.ip_user_files/bd/pfm_dynamic/ip/pfm_dynamic_dpa_mon1_0/src --include ../../../../prj.ip_user_files/bd/pfm_dynamic/ip/pfm_dynamic_dpa_mon1_0/sim --include ../../../../prj.ip_user_files/bd/pfm_dynamic/sim --include ../../../../prj.ip_user_files/bd/emu/ip/emu_sim_embedded_scheduler_sw_0_0/src --include ../../../../prj.ip_user_files/bd/emu/ip/emu_sim_embedded_scheduler_sw_0_0/sim --include ../../../../prj.ip_user_files/bd/emu/ip/emu_sim_ddr_1_0/sim_tlm/common --include ../../../../prj.ip_user_files/bd/emu/ip/emu_sim_ddr_1_0/sim_tlm/axi_crossbar/systemc_srcs --include ../../../../prj.ip_user_files/bd/emu/ip/emu_sim_ddr_1_0/sim_tlm/top --include ../../../../prj.ip_user_files/bd/emu/ip/emu_sim_ddr_1_0/sim_tlm/ddr_model/cpp_srcs --include ../../../../prj.ip_user_files/bd/emu/ip/emu_sim_ddr_1_0/sim_tlm/ddr_model/systemc_srcs --include ../../../../prj.ip_user_files/bd/emu/ip/emu_sim_ddr_1_0/sim --include ../../../../prj.ip_user_files/bd/emu/ip/emu_icn_pass_0_0/src --include ../../../../prj.ip_user_files/bd/emu/ip/emu_icn_pass_0_0/sim --include ../../../../prj.ip_user_files/bd/emu/ip/emu_sim_xdma_0_0/src/common --include ../../../../prj.ip_user_files/bd/emu/ip/emu_sim_xdma_0_0/src/cpp_src --include ../../../../prj.ip_user_files/bd/emu/ip/emu_sim_xdma_0_0/src/sysc_src --include ../../../../prj.ip_user_files/bd/emu/ip/emu_sim_xdma_0_0/sim --include ../../../../prj.ip_user_files/bd/emu/ip/emu_sim_copy_kernel_0_0/sysc --include ../../../../prj.ip_user_files/bd/emu/ip/emu_sim_copy_kernel_0_0/sim --include ../../../../prj.ip_user_files/bd/emu/ip/emu_sim_copy_kernel_1_0/sysc --include ../../../../prj.ip_user_files/bd/emu/ip/emu_sim_copy_kernel_1_0/sim --include ../../../../prj.ip_user_files/bd/emu/ip/emu_sim_copy_kernel_2_0/sysc --include ../../../../prj.ip_user_files/bd/emu/ip/emu_sim_copy_kernel_2_0/sim --include ../../../../prj.ip_user_files/bd/emu/ip/emu_sim_copy_kernel_3_0/sysc --include ../../../../prj.ip_user_files/bd/emu/ip/emu_sim_copy_kernel_3_0/sim --include ../../../../prj.ip_user_files/bd/emu/sim --include /opt/Xilinx/Vivado/2020.1/tps/boost_1_64_0 -L sim_clk_gen_v1_0_2 -L xil_defaultlib -L xlconcat_v2_1_3 -L xlconstant_v1_1_7 -L lib_cdc_v1_0_2 -L proc_sys_reset_v5_0_13 -L axi_lite_ipif_v3_0_4 -L interrupt_control_v3_1_4 -L axi_gpio_v2_0_23 -L generic_baseblocks_v2_1_0 -L axi_infrastructure_v1_1_0 -L axi_register_slice_v2_1_21 -L fifo_generator_v13_2_5 -L axi_data_fifo_v2_1_20 -L axi_crossbar_v2_1_22 -L axi_clock_converter_v2_1_20 -L shell_utils_cudma_controller_v1_0_0 -L axi_intc_v4_1_14 -L shell_utils_cuisr_v1_0_0 -L shell_utils_embedded_scheduler_hw_v1_0_0 -L axi_protocol_converter_v2_1_21 -L axi_mmu_v2_1_19 -L unisims_ver -L unimacro_ver -L secureip -L xpm -sv_root . -sc_lib libdpi.so --snapshot emu_wrapper_behav xil_defaultlib.emu_wrapper xil_defaultlib.glbl -log elaborate.log --include /opt/Xilinx/Vivado/2020.1/data/simmodels/xsim/2020.1/lnx64/6.2.0/ext/protobuf/include -ignore_assertions --debug sc 
Using 8 slave threads.
WARNING: [XSIM 43-3431] One or more environment variables have been detected which affect the operation of the C compiler. These are typically not set in standard installations and are not tested by Xilinx, however they may be appropriate for your system, so the flow will attempt to continue.  If errors occur, try running xelab with the "-mt off -v 1" switches to see more information from the C compiler. The following environment variables have been detected:
Starting static elaboration
Pass Through NonSizing Optimizer
WARNING: [VRFC 10-3091] actual bit length 6 differs from formal bit length 9 for port 'm_axi_arprot' [/home/centos/workspace/vector_add_lab_xilinx/Emulation-HW/binary_container_1.build/link/vivado/vpl/prj/prj.ip_user_files/bd/pfm_dynamic/sim/pfm_dynamic.v:8454]
WARNING: [VRFC 10-3091] actual bit length 6 differs from formal bit length 9 for port 'm_axi_awprot' [/home/centos/workspace/vector_add_lab_xilinx/Emulation-HW/binary_container_1.build/link/vivado/vpl/prj/prj.ip_user_files/bd/pfm_dynamic/sim/pfm_dynamic.v:8458]
WARNING: [VRFC 10-3091] actual bit length 6 differs from formal bit length 9 for port 'm_axi_arprot' [/home/centos/workspace/vector_add_lab_xilinx/Emulation-HW/binary_container_1.build/link/vivado/vpl/prj/prj.ip_user_files/bd/emu/sim/emu.v:2517]
WARNING: [VRFC 10-3091] actual bit length 6 differs from formal bit length 9 for port 'm_axi_awprot' [/home/centos/workspace/vector_add_lab_xilinx/Emulation-HW/binary_container_1.build/link/vivado/vpl/prj/prj.ip_user_files/bd/emu/sim/emu.v:2521]
WARNING: [VRFC 10-3091] actual bit length 6 differs from formal bit length 18 for port 'm_axi_arprot' [/home/centos/workspace/vector_add_lab_xilinx/Emulation-HW/binary_container_1.build/link/vivado/vpl/prj/prj.ip_user_files/bd/emu/sim/emu.v:4399]
WARNING: [VRFC 10-3091] actual bit length 6 differs from formal bit length 18 for port 'm_axi_awprot' [/home/centos/workspace/vector_add_lab_xilinx/Emulation-HW/binary_container_1.build/link/vivado/vpl/prj/prj.ip_user_files/bd/emu/sim/emu.v:4403]
WARNING: [VRFC 10-5021] port 'mb_reset' is not connected on this instance [/home/centos/workspace/vector_add_lab_xilinx/Emulation-HW/binary_container_1.build/link/vivado/vpl/prj/prj.ip_user_files/bd/pfm_dynamic/sim/pfm_dynamic.v:9847]
WARNING: [VRFC 10-5021] port 'mb_reset' is not connected on this instance [/home/centos/workspace/vector_add_lab_xilinx/Emulation-HW/binary_container_1.build/link/vivado/vpl/prj/prj.ip_user_files/bd/pfm_dynamic/sim/pfm_dynamic.v:9853]
WARNING: [VRFC 10-5021] port 'gpio_io_o' is not connected on this instance [/home/centos/workspace/vector_add_lab_xilinx/Emulation-HW/binary_container_1.build/link/vivado/vpl/prj/prj.ip_user_files/bd/pfm_dynamic/sim/pfm_dynamic.v:9859]
WARNING: [VRFC 10-5021] port 'mb_reset' is not connected on this instance [/home/centos/workspace/vector_add_lab_xilinx/Emulation-HW/binary_container_1.build/link/vivado/vpl/prj/prj.ip_user_files/bd/pfm_dynamic/sim/pfm_dynamic.v:11070]
WARNING: [VRFC 10-5021] port 'mb_reset' is not connected on this instance [/home/centos/workspace/vector_add_lab_xilinx/Emulation-HW/binary_container_1.build/link/vivado/vpl/prj/prj.ip_user_files/bd/pfm_dynamic/sim/pfm_dynamic.v:11076]
WARNING: [VRFC 10-5021] port 'mb_reset' is not connected on this instance [/home/centos/workspace/vector_add_lab_xilinx/Emulation-HW/binary_container_1.build/link/vivado/vpl/prj/prj.ip_user_files/bd/pfm_dynamic/sim/pfm_dynamic.v:11674]
WARNING: [VRFC 10-5021] port 'mb_reset' is not connected on this instance [/home/centos/workspace/vector_add_lab_xilinx/Emulation-HW/binary_container_1.build/link/vivado/vpl/prj/prj.ip_user_files/bd/pfm_dynamic/sim/pfm_dynamic.v:11680]
WARNING: [VRFC 10-5021] port 'gpio_io_o' is not connected on this instance [/home/centos/workspace/vector_add_lab_xilinx/Emulation-HW/binary_container_1.build/link/vivado/vpl/prj/prj.ip_user_files/bd/pfm_dynamic/sim/pfm_dynamic.v:11686]
WARNING: [VRFC 10-5021] port 'mb_reset' is not connected on this instance [/home/centos/workspace/vector_add_lab_xilinx/Emulation-HW/binary_container_1.build/link/vivado/vpl/prj/prj.ip_user_files/bd/emu/sim/emu.v:8857]
WARNING: [VRFC 10-5021] port 'aclk2x' is not connected on this instance [/wrk/2020.1/nightly/2020_05_27_2902540/packages/customer/vivado/data/ip/xilinx/axi_protocol_converter_v2_1/hdl/axi_protocol_converter_v2_1_vl_rfs.v:4376]
WARNING: [VRFC 10-5021] port 'aclk2x' is not connected on this instance [/wrk/2020.1/nightly/2020_05_27_2902540/packages/customer/vivado/data/ip/xilinx/axi_protocol_converter_v2_1/hdl/axi_protocol_converter_v2_1_vl_rfs.v:4631]
WARNING: [VRFC 10-5021] port 'aclk2x' is not connected on this instance [/wrk/2020.1/nightly/2020_05_27_2902540/packages/customer/vivado/data/ip/xilinx/axi_mmu_v2_1/hdl/axi_mmu_v2_1_vl_rfs.v:1155]
WARNING: [VRFC 10-5021] port 'm_axi_CQDma_RID' is not connected on this instance [/home/centos/workspace/vector_add_lab_xilinx/Emulation-HW/binary_container_1.build/link/vivado/vpl/prj/prj.ip_user_files/bd/emu/ip/emu_CuDmaController_0_0/sim/emu_CuDmaController_0_0.v:302]
WARNING: [VRFC 10-5021] port 'm_axi_a_RID' is not connected on this instance [/home/centos/workspace/vector_add_lab_xilinx/Emulation-HW/binary_container_1.build/link/vivado/vpl/prj/prj.ip_user_files/bd/emu/ip/emu_cuisr_0_0/sim/emu_cuisr_0_0.v:189]
WARNING: [VRFC 10-5021] port 'busy' is not connected on this instance [/home/centos/workspace/vector_add_lab_xilinx/Emulation-HW/binary_container_1.build/link/vivado/vpl/prj/prj.srcs/sources_1/bd/emu/ipshared/a5f1/hdl/shell_utils_embedded_scheduler_hw_v1_0_vl_rfs.v:1116]
Completed static elaboration
Starting simulation data flow analysis
WARNING: [XSIM 43-4100] "/home/centos/workspace/vector_add_lab_xilinx/Emulation-HW/binary_container_1.build/link/vivado/vpl/prj/prj.srcs/sources_1/bd/emu/hdl/emu_wrapper.v" Line 12. Module emu_wrapper has a timescale but at least one module in design doesn't have timescale.
WARNING: [XSIM 43-4100] "/home/centos/workspace/vector_add_lab_xilinx/Emulation-HW/binary_container_1.build/link/vivado/vpl/prj/prj.ip_user_files/bd/emu/sim/emu.v" Line 1009. Module emu has a timescale but at least one module in design doesn't have timescale.
WARNING: [XSIM 43-4100] "/home/centos/workspace/vector_add_lab_xilinx/Emulation-HW/binary_container_1.build/link/vivado/vpl/prj/prj.ip_user_files/bd/pfm_dynamic/sim/pfm_dynamic.v" Line 2904. Module pfm_dynamic has a timescale but at least one module in design doesn't have timescale.
WARNING: [XSIM 43-4100] "/home/centos/workspace/vector_add_lab_xilinx/Emulation-HW/binary_container_1.build/link/vivado/vpl/prj/prj.ip_user_files/bd/pfm_dynamic/sim/pfm_dynamic.v" Line 12. Module System_DPA_imp_NCWU00 has a timescale but at least one module in design doesn't have timescale.
WARNING: [XSIM 43-4100] "/home/centos/workspace/vector_add_lab_xilinx/Emulation-HW/binary_container_1.build/link/vivado/vpl/prj/prj.ip_user_files/bd/pfm_dynamic/sim/pfm_dynamic.v" Line 6251. Module pfm_dynamic_dpa_ctrl_interconnect_0 has a timescale but at least one module in design doesn't have timescale.
WARNING: [XSIM 43-4100] "/home/centos/workspace/vector_add_lab_xilinx/Emulation-HW/binary_container_1.build/link/vivado/vpl/prj/prj.ip_user_files/bd/pfm_dynamic/sim/pfm_dynamic.v" Line 1130. Module m00_couplers_imp_184K1VH has a timescale but at least one module in design doesn't have timescale.
WARNING: [XSIM 43-4100] "/home/centos/workspace/vector_add_lab_xilinx/Emulation-HW/binary_container_1.build/link/vivado/vpl/prj/prj.ip_user_files/bd/pfm_dynamic/ip/pfm_dynamic_auto_cc_1/sim/pfm_dynamic_auto_cc_1.v" Line 55. Module pfm_dynamic_auto_cc_1 has a timescale but at least one module in design doesn't have timescale.
WARNING: [XSIM 43-4100] "/wrk/2020.1/nightly/2020_05_27_2902540/packages/customer/vivado/data/ip/xilinx/axi_clock_converter_v2_1/hdl/axi_clock_converter_v2_1_vl_rfs.v" Line 653. Module axi_clock_converter_v2_1_20_axi_clock_converter(C_FAMILY="virtexuplus",C_AXI_ID_WIDTH=1,C_AXI_ADDR_WIDTH=8,C_M_AXI_ACLK_RATIO=2,C_AXI_PROTOCOL=2,C_AXI_SUPPORTS_USER_SIGNALS=0) has a timescale but at least one module in design doesn't have timescale.
WARNING: [XSIM 43-4100] "/wrk/2020.1/nightly/2020_05_27_2902540/packages/customer/vivado/data/ip/xilinx/axi_infrastructure_v1_1/hdl/axi_infrastructure_v1_1_vl_rfs.v" Line 59. Module axi_infrastructure_v1_1_0_axi2vector(C_AXI_PROTOCOL=2,C_AXI_ID_WIDTH=1,C_AXI_ADDR_WIDTH=8,C_AWPAYLOAD_WIDTH=11,C_WPAYLOAD_WIDTH=36,C_BPAYLOAD_WIDTH=2,C_ARPAYLOAD_WIDTH=11,C_RPAYLOAD_WIDTH=34) has a timescale but at least one module in design doesn't have timescale.
WARNING: [XSIM 43-4100] "/wrk/2020.1/nightly/2020_05_27_2902540/packages/customer/vivado/data/ip/xilinx/axi_clock_converter_v2_1/hdl/axi_clock_converter_v2_1_vl_rfs.v" Line 516. Module axi_clock_converter_v2_1_20_lite_async(C_WIDTH=11) has a timescale but at least one module in design doesn't have timescale.
WARNING: [XSIM 43-4100] "/wrk/2020.1/nightly/2020_05_27_2902540/packages/customer/vivado/data/ip/xpm/xpm_cdc/hdl/xpm_cdc.sv" Line 468. Module xpm_cdc_handshake(DEST_SYNC_FF=3,SRC_SYNC_FF=3,WIDTH=11) has a timescale but at least one module in design doesn't have timescale.
WARNING: [XSIM 43-4100] "/wrk/2020.1/nightly/2020_05_27_2902540/packages/customer/vivado/data/ip/xpm/xpm_cdc/hdl/xpm_cdc.sv" Line 152. Module xpm_cdc_single(DEST_SYNC_FF=3,SRC_INPUT_REG=0) has a timescale but at least one module in design doesn't have timescale.
WARNING: [XSIM 43-4100] "/wrk/2020.1/nightly/2020_05_27_2902540/packages/customer/vivado/data/ip/xpm/xpm_cdc/hdl/xpm_cdc.sv" Line 152. Module xpm_cdc_single(DEST_SYNC_FF=3,SRC_INPUT_REG=0) has a timescale but at least one module in design doesn't have timescale.
WARNING: [XSIM 43-4100] "/wrk/2020.1/nightly/2020_05_27_2902540/packages/customer/vivado/data/ip/xilinx/axi_clock_converter_v2_1/hdl/axi_clock_converter_v2_1_vl_rfs.v" Line 516. Module axi_clock_converter_v2_1_20_lite_async(C_WIDTH=11) has a timescale but at least one module in design doesn't have timescale.
WARNING: [XSIM 43-4100] "/wrk/2020.1/nightly/2020_05_27_2902540/packages/customer/vivado/data/ip/xpm/xpm_cdc/hdl/xpm_cdc.sv" Line 468. Module xpm_cdc_handshake(DEST_SYNC_FF=3,SRC_SYNC_FF=3,WIDTH=11) has a timescale but at least one module in design doesn't have timescale.
WARNING: [XSIM 43-4100] "/wrk/2020.1/nightly/2020_05_27_2902540/packages/customer/vivado/data/ip/xpm/xpm_cdc/hdl/xpm_cdc.sv" Line 152. Module xpm_cdc_single(DEST_SYNC_FF=3,SRC_INPUT_REG=0) has a timescale but at least one module in design doesn't have timescale.
WARNING: [XSIM 43-4100] "/wrk/2020.1/nightly/2020_05_27_2902540/packages/customer/vivado/data/ip/xpm/xpm_cdc/hdl/xpm_cdc.sv" Line 152. Module xpm_cdc_single(DEST_SYNC_FF=3,SRC_INPUT_REG=0) has a timescale but at least one module in design doesn't have timescale.
WARNING: [XSIM 43-4100] "/wrk/2020.1/nightly/2020_05_27_2902540/packages/customer/vivado/data/ip/xilinx/axi_clock_converter_v2_1/hdl/axi_clock_converter_v2_1_vl_rfs.v" Line 516. Module axi_clock_converter_v2_1_20_lite_async(C_WIDTH=36) has a timescale but at least one module in design doesn't have timescale.
WARNING: [XSIM 43-4100] "/wrk/2020.1/nightly/2020_05_27_2902540/packages/customer/vivado/data/ip/xpm/xpm_cdc/hdl/xpm_cdc.sv" Line 468. Module xpm_cdc_handshake(DEST_SYNC_FF=3,SRC_SYNC_FF=3,WIDTH=36) has a timescale but at least one module in design doesn't have timescale.
WARNING: [XSIM 43-4100] "/wrk/2020.1/nightly/2020_05_27_2902540/packages/customer/vivado/data/ip/xpm/xpm_cdc/hdl/xpm_cdc.sv" Line 152. Module xpm_cdc_single(DEST_SYNC_FF=3,SRC_INPUT_REG=0) has a timescale but at least one module in design doesn't have timescale.
WARNING: [XSIM 43-4100] "/wrk/2020.1/nightly/2020_05_27_2902540/packages/customer/vivado/data/ip/xpm/xpm_cdc/hdl/xpm_cdc.sv" Line 152. Module xpm_cdc_single(DEST_SYNC_FF=3,SRC_INPUT_REG=0) has a timescale but at least one module in design doesn't have timescale.
WARNING: [XSIM 43-4100] "/wrk/2020.1/nightly/2020_05_27_2902540/packages/customer/vivado/data/ip/xilinx/axi_clock_converter_v2_1/hdl/axi_clock_converter_v2_1_vl_rfs.v" Line 516. Module axi_clock_converter_v2_1_20_lite_async(C_WIDTH=2) has a timescale but at least one module in design doesn't have timescale.
WARNING: [XSIM 43-4100] "/wrk/2020.1/nightly/2020_05_27_2902540/packages/customer/vivado/data/ip/xpm/xpm_cdc/hdl/xpm_cdc.sv" Line 468. Module xpm_cdc_handshake(DEST_SYNC_FF=3,SRC_SYNC_FF=3,WIDTH=2) has a timescale but at least one module in design doesn't have timescale.
WARNING: [XSIM 43-4100] "/wrk/2020.1/nightly/2020_05_27_2902540/packages/customer/vivado/data/ip/xpm/xpm_cdc/hdl/xpm_cdc.sv" Line 152. Module xpm_cdc_single(DEST_SYNC_FF=3,SRC_INPUT_REG=0) has a timescale but at least one module in design doesn't have timescale.
WARNING: [XSIM 43-4100] "/wrk/2020.1/nightly/2020_05_27_2902540/packages/customer/vivado/data/ip/xpm/xpm_cdc/hdl/xpm_cdc.sv" Line 152. Module xpm_cdc_single(DEST_SYNC_FF=3,SRC_INPUT_REG=0) has a timescale but at least one module in design doesn't have timescale.
WARNING: [XSIM 43-4100] "/wrk/2020.1/nightly/2020_05_27_2902540/packages/customer/vivado/data/ip/xilinx/axi_clock_converter_v2_1/hdl/axi_clock_converter_v2_1_vl_rfs.v" Line 516. Module axi_clock_converter_v2_1_20_lite_async(C_WIDTH=34) has a timescale but at least one module in design doesn't have timescale.
WARNING: [XSIM 43-4100] "/wrk/2020.1/nightly/2020_05_27_2902540/packages/customer/vivado/data/ip/xpm/xpm_cdc/hdl/xpm_cdc.sv" Line 468. Module xpm_cdc_handshake(DEST_SYNC_FF=3,SRC_SYNC_FF=3,WIDTH=34) has a timescale but at least one module in design doesn't have timescale.
WARNING: [XSIM 43-4100] "/wrk/2020.1/nightly/2020_05_27_2902540/packages/customer/vivado/data/ip/xpm/xpm_cdc/hdl/xpm_cdc.sv" Line 152. Module xpm_cdc_single(DEST_SYNC_FF=3,SRC_INPUT_REG=0) has a timescale but at least one module in design doesn't have timescale.
WARNING: [XSIM 43-4100] "/wrk/2020.1/nightly/2020_05_27_2902540/packages/customer/vivado/data/ip/xpm/xpm_cdc/hdl/xpm_cdc.sv" Line 152. Module xpm_cdc_single(DEST_SYNC_FF=3,SRC_INPUT_REG=0) has a timescale but at least one module in design doesn't have timescale.
WARNING: [XSIM 43-4100] "/wrk/2020.1/nightly/2020_05_27_2902540/packages/customer/vivado/data/ip/xilinx/axi_infrastructure_v1_1/hdl/axi_infrastructure_v1_1_vl_rfs.v" Line 473. Module axi_infrastructure_v1_1_0_vector2axi(C_AXI_PROTOCOL=2,C_AXI_ID_WIDTH=1,C_AXI_ADDR_WIDTH=8,C_AWPAYLOAD_WIDTH=11,C_WPAYLOAD_WIDTH=36,C_BPAYLOAD_WIDTH=2,C_ARPAYLOAD_WIDTH=11,C_RPAYLOAD_WIDTH=34) has a timescale but at least one module in design doesn't have timescale.
WARNING: [XSIM 43-4100] "/home/centos/workspace/vector_add_lab_xilinx/Emulation-HW/binary_container_1.build/link/vivado/vpl/prj/prj.ip_user_files/bd/pfm_dynamic/ip/pfm_dynamic_m00_regslice_0/sim/pfm_dynamic_m00_regslice_0.v" Line 55. Module pfm_dynamic_m00_regslice_0 has a timescale but at least one module in design doesn't have timescale.
WARNING: [XSIM 43-4100] "/wrk/2020.1/nightly/2020_05_27_2902540/packages/customer/vivado/data/ip/xilinx/axi_register_slice_v2_1/hdl/axi_register_slice_v2_1_vl_rfs.v" Line 3725. Module axi_register_slice_v2_1_21_axi_register_slice(C_FAMILY="virtexuplus",C_AXI_PROTOCOL=2,C_AXI_ADDR_WIDTH=8,C_REG_CONFIG_W=7,C_REG_CONFIG_R=7) has a timescale but at least one module in design doesn't have timescale.
WARNING: [XSIM 43-4100] "/wrk/2020.1/nightly/2020_05_27_2902540/packages/customer/vivado/data/ip/xilinx/axi_infrastructure_v1_1/hdl/axi_infrastructure_v1_1_vl_rfs.v" Line 59. Module axi_infrastructure_v1_1_0_axi2vector(C_AXI_PROTOCOL=2,C_AXI_ID_WIDTH=1,C_AXI_ADDR_WIDTH=8,C_AWPAYLOAD_WIDTH=11,C_WPAYLOAD_WIDTH=36,C_BPAYLOAD_WIDTH=2,C_ARPAYLOAD_WIDTH=11,C_RPAYLOAD_WIDTH=34) has a timescale but at least one module in design doesn't have timescale.
WARNING: [XSIM 43-4100] "/wrk/2020.1/nightly/2020_05_27_2902540/packages/customer/vivado/data/ip/xilinx/axi_infrastructure_v1_1/hdl/axi_infrastructure_v1_1_vl_rfs.v" Line 473. Module axi_infrastructure_v1_1_0_vector2axi(C_AXI_PROTOCOL=2,C_AXI_ID_WIDTH=1,C_AXI_ADDR_WIDTH=8,C_AWPAYLOAD_WIDTH=11,C_WPAYLOAD_WIDTH=36,C_BPAYLOAD_WIDTH=2,C_ARPAYLOAD_WIDTH=11,C_RPAYLOAD_WIDTH=34) has a timescale but at least one module in design doesn't have timescale.
WARNING: [XSIM 43-4100] "/wrk/2020.1/nightly/2020_05_27_2902540/packages/customer/vivado/data/ip/xilinx/axi_register_slice_v2_1/hdl/axi_register_slice_v2_1_vl_rfs.v" Line 1497. Module axi_register_slice_v2_1_21_axic_register_slice(C_FAMILY="virtexuplus",C_DATA_WIDTH=11,C_REG_CONFIG=7) has a timescale but at least one module in design doesn't have timescale.
WARNING: [XSIM 43-4100] "/wrk/2020.1/nightly/2020_05_27_2902540/packages/customer/vivado/data/ip/xilinx/axi_register_slice_v2_1/hdl/axi_register_slice_v2_1_vl_rfs.v" Line 1497. Module axi_register_slice_v2_1_21_axic_register_slice(C_FAMILY="virtexuplus",C_DATA_WIDTH=36,C_REG_CONFIG=7) has a timescale but at least one module in design doesn't have timescale.
WARNING: [XSIM 43-4100] "/wrk/2020.1/nightly/2020_05_27_2902540/packages/customer/vivado/data/ip/xilinx/axi_register_slice_v2_1/hdl/axi_register_slice_v2_1_vl_rfs.v" Line 1497. Module axi_register_slice_v2_1_21_axic_register_slice(C_FAMILY="virtexuplus",C_DATA_WIDTH=2,C_REG_CONFIG=7) has a timescale but at least one module in design doesn't have timescale.
WARNING: [XSIM 43-4100] "/wrk/2020.1/nightly/2020_05_27_2902540/packages/customer/vivado/data/ip/xilinx/axi_register_slice_v2_1/hdl/axi_register_slice_v2_1_vl_rfs.v" Line 1497. Module axi_register_slice_v2_1_21_axic_register_slice(C_FAMILY="virtexuplus",C_DATA_WIDTH=11,C_REG_CONFIG=7) has a timescale but at least one module in design doesn't have timescale.
WARNING: [XSIM 43-4100] "/wrk/2020.1/nightly/2020_05_27_2902540/packages/customer/vivado/data/ip/xilinx/axi_register_slice_v2_1/hdl/axi_register_slice_v2_1_vl_rfs.v" Line 1497. Module axi_register_slice_v2_1_21_axic_register_slice(C_FAMILY="virtexuplus",C_DATA_WIDTH=34,C_REG_CONFIG=7) has a timescale but at least one module in design doesn't have timescale.
WARNING: [XSIM 43-4100] "/home/centos/workspace/vector_add_lab_xilinx/Emulation-HW/binary_container_1.build/link/vivado/vpl/prj/prj.ip_user_files/bd/pfm_dynamic/sim/pfm_dynamic.v" Line 1688. Module m01_couplers_imp_87NC3 has a timescale but at least one module in design doesn't have timescale.
WARNING: [XSIM 43-4100] "/home/centos/workspace/vector_add_lab_xilinx/Emulation-HW/binary_container_1.build/link/vivado/vpl/prj/prj.ip_user_files/bd/pfm_dynamic/ip/pfm_dynamic_auto_cc_2/sim/pfm_dynamic_auto_cc_2.v" Line 55. Module pfm_dynamic_auto_cc_2 has a timescale but at least one module in design doesn't have timescale.
WARNING: [XSIM 43-4100] "/wrk/2020.1/nightly/2020_05_27_2902540/packages/customer/vivado/data/ip/xilinx/axi_clock_converter_v2_1/hdl/axi_clock_converter_v2_1_vl_rfs.v" Line 653. Module axi_clock_converter_v2_1_20_axi_clock_converter(C_FAMILY="virtexuplus",C_AXI_ID_WIDTH=1,C_AXI_ADDR_WIDTH=8,C_M_AXI_ACLK_RATIO=2,C_AXI_PROTOCOL=2,C_AXI_SUPPORTS_USER_SIGNALS=0) has a timescale but at least one module in design doesn't have timescale.
WARNING: [XSIM 43-4100] "/wrk/2020.1/nightly/2020_05_27_2902540/packages/customer/vivado/data/ip/xilinx/axi_infrastructure_v1_1/hdl/axi_infrastructure_v1_1_vl_rfs.v" Line 59. Module axi_infrastructure_v1_1_0_axi2vector(C_AXI_PROTOCOL=2,C_AXI_ID_WIDTH=1,C_AXI_ADDR_WIDTH=8,C_AWPAYLOAD_WIDTH=11,C_WPAYLOAD_WIDTH=36,C_BPAYLOAD_WIDTH=2,C_ARPAYLOAD_WIDTH=11,C_RPAYLOAD_WIDTH=34) has a timescale but at least one module in design doesn't have timescale.
WARNING: [XSIM 43-4100] "/wrk/2020.1/nightly/2020_05_27_2902540/packages/customer/vivado/data/ip/xilinx/axi_clock_converter_v2_1/hdl/axi_clock_converter_v2_1_vl_rfs.v" Line 516. Module axi_clock_converter_v2_1_20_lite_async(C_WIDTH=11) has a timescale but at least one module in design doesn't have timescale.
WARNING: [XSIM 43-4100] "/wrk/2020.1/nightly/2020_05_27_2902540/packages/customer/vivado/data/ip/xpm/xpm_cdc/hdl/xpm_cdc.sv" Line 468. Module xpm_cdc_handshake(DEST_SYNC_FF=3,SRC_SYNC_FF=3,WIDTH=11) has a timescale but at least one module in design doesn't have timescale.
WARNING: [XSIM 43-4100] "/wrk/2020.1/nightly/2020_05_27_2902540/packages/customer/vivado/data/ip/xpm/xpm_cdc/hdl/xpm_cdc.sv" Line 152. Module xpm_cdc_single(DEST_SYNC_FF=3,SRC_INPUT_REG=0) has a timescale but at least one module in design doesn't have timescale.
WARNING: [XSIM 43-4100] "/wrk/2020.1/nightly/2020_05_27_2902540/packages/customer/vivado/data/ip/xpm/xpm_cdc/hdl/xpm_cdc.sv" Line 152. Module xpm_cdc_single(DEST_SYNC_FF=3,SRC_INPUT_REG=0) has a timescale but at least one module in design doesn't have timescale.
WARNING: [XSIM 43-4100] "/wrk/2020.1/nightly/2020_05_27_2902540/packages/customer/vivado/data/ip/xilinx/axi_clock_converter_v2_1/hdl/axi_clock_converter_v2_1_vl_rfs.v" Line 516. Module axi_clock_converter_v2_1_20_lite_async(C_WIDTH=11) has a timescale but at least one module in design doesn't have timescale.
WARNING: [XSIM 43-4100] "/wrk/2020.1/nightly/2020_05_27_2902540/packages/customer/vivado/data/ip/xpm/xpm_cdc/hdl/xpm_cdc.sv" Line 468. Module xpm_cdc_handshake(DEST_SYNC_FF=3,SRC_SYNC_FF=3,WIDTH=11) has a timescale but at least one module in design doesn't have timescale.
WARNING: [XSIM 43-4100] "/wrk/2020.1/nightly/2020_05_27_2902540/packages/customer/vivado/data/ip/xpm/xpm_cdc/hdl/xpm_cdc.sv" Line 152. Module xpm_cdc_single(DEST_SYNC_FF=3,SRC_INPUT_REG=0) has a timescale but at least one module in design doesn't have timescale.
INFO: [Common 17-14] Message 'XSIM 43-4100' appears 50 times and further instances of the messages will be disabled. Use the Tcl command set_msg_config to change the current settings.
Completed simulation data flow analysis
Time Resolution for simulation is 1ps
INFO: [XSIM 43-4431] System-C Modules instantiated in Design
Compiling package std.standard
Compiling package std.textio
Compiling package ieee.std_logic_1164
Compiling package ieee.numeric_std
Compiling package unisim.vcomponents
Compiling package ieee.vital_timing
Compiling package ieee.vital_primitives
Compiling package unisim.vpkg
Compiling package ieee.std_logic_arith
Compiling package synopsys.attributes
Compiling package ieee.std_logic_misc
Compiling package ieee.std_logic_unsigned
Compiling package axi_lite_ipif_v3_0_4.ipif_pkg
Compiling package ieee.math_real
Compiling package xil_defaultlib.$unit_pfm_dynamic_dpa_hub_0_stub...
Compiling package xil_defaultlib.$unit_bd_d216_xtlm_simple_interc...
Compiling package xil_defaultlib.$unit_pfm_dynamic_xtlm_simple_in...
Compiling package xil_defaultlib.$unit_emu_sim_embedded_scheduler...
Compiling package xil_defaultlib.$unit_emu_sim_ddr_1_0_stub_sv
Compiling module axi_infrastructure_v1_1_0.axi_infrastructure_v1_1_0_axi2ve...
Compiling module xpm.xpm_cdc_single(DEST_SYNC_FF=3,SR...
Compiling module xpm.xpm_cdc_handshake(DEST_SYNC_FF=3...
Compiling module axi_clock_converter_v2_1_20.axi_clock_converter_v2_1_20_lite...
Compiling module xpm.xpm_cdc_handshake(DEST_SYNC_FF=3...
Compiling module axi_clock_converter_v2_1_20.axi_clock_converter_v2_1_20_lite...
Compiling module xpm.xpm_cdc_handshake(DEST_SYNC_FF=3...
Compiling module axi_clock_converter_v2_1_20.axi_clock_converter_v2_1_20_lite...
Compiling module xpm.xpm_cdc_handshake(DEST_SYNC_FF=3...
Compiling module axi_clock_converter_v2_1_20.axi_clock_converter_v2_1_20_lite...
Compiling module axi_infrastructure_v1_1_0.axi_infrastructure_v1_1_0_vector...
Compiling module axi_clock_converter_v2_1_20.axi_clock_converter_v2_1_20_axi_...
Compiling module xil_defaultlib.pfm_dynamic_auto_cc_1
Compiling module axi_register_slice_v2_1_21.axi_register_slice_v2_1_21_axic_...
Compiling module axi_register_slice_v2_1_21.axi_register_slice_v2_1_21_axic_...
Compiling module axi_register_slice_v2_1_21.axi_register_slice_v2_1_21_axic_...
Compiling module axi_register_slice_v2_1_21.axi_register_slice_v2_1_21_axic_...
Compiling module axi_register_slice_v2_1_21.axi_register_slice_v2_1_21_axi_r...
Compiling module xil_defaultlib.pfm_dynamic_m00_regslice_0
Compiling module xil_defaultlib.m00_couplers_imp_184K1VH
Compiling module xil_defaultlib.pfm_dynamic_auto_cc_2
Compiling module xil_defaultlib.pfm_dynamic_m01_regslice_7
Compiling module xil_defaultlib.m01_couplers_imp_87NC3
Compiling module xil_defaultlib.pfm_dynamic_auto_cc_3
Compiling module xil_defaultlib.pfm_dynamic_m02_regslice_0
Compiling module xil_defaultlib.m02_couplers_imp_YCLZI8
Compiling module xil_defaultlib.pfm_dynamic_auto_cc_4
Compiling module xil_defaultlib.pfm_dynamic_m03_regslice_0
Compiling module xil_defaultlib.m03_couplers_imp_1RAAZKU
Compiling module axi_infrastructure_v1_1_0.axi_infrastructure_v1_1_0_axi2ve...
Compiling module axi_infrastructure_v1_1_0.axi_infrastructure_v1_1_0_vector...
Compiling module axi_register_slice_v2_1_21.axi_register_slice_v2_1_21_axic_...
Compiling module axi_register_slice_v2_1_21.axi_register_slice_v2_1_21_axi_r...
Compiling module xil_defaultlib.pfm_dynamic_s00_regslice_0
Compiling module xil_defaultlib.s00_couplers_imp_VX2DF1
Compiling module axi_crossbar_v2_1_22.axi_crossbar_v2_1_22_addr_arbite...
Compiling module generic_baseblocks_v2_1_0.generic_baseblocks_v2_1_0_carry_...
Compiling module generic_baseblocks_v2_1_0.generic_baseblocks_v2_1_0_compar...
Compiling module generic_baseblocks_v2_1_0.generic_baseblocks_v2_1_0_compar...
Compiling module generic_baseblocks_v2_1_0.generic_baseblocks_v2_1_0_compar...
Compiling module generic_baseblocks_v2_1_0.generic_baseblocks_v2_1_0_compar...
Compiling module axi_crossbar_v2_1_22.axi_crossbar_v2_1_22_addr_decode...
Compiling module axi_crossbar_v2_1_22.axi_crossbar_v2_1_22_splitter(C_...
Compiling module axi_crossbar_v2_1_22.axi_crossbar_v2_1_22_splitter
Compiling module generic_baseblocks_v2_1_0.generic_baseblocks_v2_1_0_mux_en...
Compiling module generic_baseblocks_v2_1_0.generic_baseblocks_v2_1_0_mux_en...
Compiling module generic_baseblocks_v2_1_0.generic_baseblocks_v2_1_0_mux_en...
Compiling module axi_register_slice_v2_1_21.axi_register_slice_v2_1_21_axic_...
Compiling module generic_baseblocks_v2_1_0.generic_baseblocks_v2_1_0_mux_en...
Compiling module axi_crossbar_v2_1_22.axi_crossbar_v2_1_22_decerr_slav...
Compiling module axi_crossbar_v2_1_22.axi_crossbar_v2_1_22_crossbar_sa...
Compiling module axi_crossbar_v2_1_22.axi_crossbar_v2_1_22_axi_crossba...
Compiling module xil_defaultlib.pfm_dynamic_xbar_6
Compiling module xil_defaultlib.pfm_dynamic_dpa_ctrl_interconnec...
Compiling module xil_defaultlib.pfm_dynamic_dpa_hub_0
Compiling module xil_defaultlib.pfm_dynamic_dpa_mon0_0
Compiling module xil_defaultlib.pfm_dynamic_dpa_mon1_0
Compiling module xil_defaultlib.System_DPA_imp_NCWU00
Compiling module xlconcat_v2_1_3.xlconcat_v2_1_3_xlconcat(IN0_WID...
Compiling module xil_defaultlib.pfm_dynamic_xlconcat_interrupt_0
Compiling module xlconcat_v2_1_3.xlconcat_v2_1_3_xlconcat(dout_wi...
Compiling module xil_defaultlib.pfm_dynamic_xlconcat_interrupt_0...
Compiling module xil_defaultlib.pfm_dynamic_xlconcat_interrupt_1...
Compiling module xil_defaultlib.pfm_dynamic_xlconcat_interrupt_2...
Compiling module xil_defaultlib.pfm_dynamic_xlconcat_interrupt_3...
Compiling module xlconstant_v1_1_7.xlconstant_v1_1_7_xlconstant
Compiling module xil_defaultlib.pfm_dynamic_xlconstant_gnd_0
Compiling module xil_defaultlib.interrupt_concat_imp_1SXQM3I
Compiling module sim_clk_gen_v1_0_2.sim_clk_gen(CLOCK_PERIOD=2.0,RES...
Compiling module xil_defaultlib.pfm_dynamic_kernel2_clk_0
Compiling module sim_clk_gen_v1_0_2.sim_clk_gen(CLOCK_PERIOD=3.33333...
Compiling module xil_defaultlib.pfm_dynamic_kernel_clk_0
Compiling module xil_defaultlib.krnl_vadd_control_s_axi
Compiling module xil_defaultlib.krnl_vadd_gmem_m_axi_reg_slice(N...
Compiling module xil_defaultlib.krnl_vadd_gmem_m_axi_fifo(DATA_B...
Compiling module xil_defaultlib.krnl_vadd_gmem_m_axi_fifo(DATA_B...
Compiling module xil_defaultlib.krnl_vadd_gmem_m_axi_throttl(ADD...
Compiling module xil_defaultlib.krnl_vadd_gmem_m_axi_reg_slice(N...
Compiling module xil_defaultlib.krnl_vadd_gmem_m_axi_fifo(DATA_B...
Compiling module xil_defaultlib.krnl_vadd_gmem_m_axi_buffer(DATA...
Compiling module xil_defaultlib.krnl_vadd_gmem_m_axi_fifo(DEPTH=...
Compiling module xil_defaultlib.krnl_vadd_gmem_m_axi_fifo(DATA_B...
Compiling module xil_defaultlib.krnl_vadd_gmem_m_axi_fifo(DATA_B...
Compiling module xil_defaultlib.krnl_vadd_gmem_m_axi_write(NUM_W...
Compiling module xil_defaultlib.krnl_vadd_gmem_m_axi_buffer(DATA...
Compiling module xil_defaultlib.krnl_vadd_gmem_m_axi_reg_slice(N...
Compiling module xil_defaultlib.krnl_vadd_gmem_m_axi_read(NUM_RE...
Compiling module xil_defaultlib.krnl_vadd_gmem_m_axi(CONSERVATIV...
Compiling module xil_defaultlib.krnl_vadd_v1_buffer_ram
Compiling module xil_defaultlib.krnl_vadd_v1_buffer(DataWidth=32...
Compiling module xil_defaultlib.krnl_vadd(C_M_AXI_GMEM_USER_VALU...
Compiling module xil_defaultlib.pfm_dynamic_krnl_vadd_1_0
Compiling module xil_defaultlib.pfm_dynamic_memory_subsystem_0
Compiling module xil_defaultlib.pfm_dynamic_sci
Compiling module xil_defaultlib.pfm_dynamic_sim_ddr_0_0
Compiling module xil_defaultlib.pfm_dynamic_sim_ddr_2_0
Compiling module xil_defaultlib.pfm_dynamic_sim_ddr_3_0
Compiling module xil_defaultlib.pfm_dynamic_icn_pass_0_0
Compiling module xil_defaultlib.s00_couplers_imp_1VD9R9B
Compiling module xil_defaultlib.pfm_dynamic_interconnect_axilite...
Compiling architecture fdre_v of entity unisim.FDRE [fdre_default]
Compiling architecture fdre_v of entity unisim.FDRE [\FDRE(init='1')\]
Compiling architecture fdr_v of entity unisim.FDR [fdr_default]
Compiling architecture implementation of entity lib_cdc_v1_0_2.cdc_sync [\cdc_sync(c_vector_width=2,c_mtb...]
Compiling architecture srl16e_v of entity unisim.SRL16E [\SRL16E(init="1111111111111111")...]
Compiling architecture srl16_v of entity unisim.SRL16 [\SRL16(init="1111111111111111")(...]
Compiling architecture imp of entity proc_sys_reset_v5_0_13.lpf [\lpf(c_ext_rst_width=4,c_aux_rst...]
Compiling architecture imp of entity proc_sys_reset_v5_0_13.upcnt_n [\upcnt_n(c_size=6)\]
Compiling architecture imp of entity proc_sys_reset_v5_0_13.sequence_psr [sequence_psr_default]
Compiling architecture imp of entity proc_sys_reset_v5_0_13.proc_sys_reset [\proc_sys_reset(c_family="virtex...]
Compiling architecture pfm_dynamic_psr_kernel2_clk_0_0_arch of entity xil_defaultlib.pfm_dynamic_psr_kernel2_clk_0_0 [pfm_dynamic_psr_kernel2_clk_0_0_...]
Compiling architecture pfm_dynamic_psr_kernel_clk_0_0_arch of entity xil_defaultlib.pfm_dynamic_psr_kernel_clk_0_0 [pfm_dynamic_psr_kernel_clk_0_0_d...]
Compiling architecture imp of entity axi_lite_ipif_v3_0_4.pselect_f [\pselect_f(c_ab=2,c_aw=2,c_bar="...]
Compiling architecture imp of entity axi_lite_ipif_v3_0_4.pselect_f [\pselect_f(c_ab=2,c_aw=2,c_bar="...]
Compiling architecture imp of entity axi_lite_ipif_v3_0_4.pselect_f [\pselect_f(c_ab=2,c_aw=2,c_bar="...]
Compiling architecture imp of entity axi_lite_ipif_v3_0_4.pselect_f [\pselect_f(c_ab=2,c_aw=2,c_bar="...]
Compiling architecture imp of entity axi_lite_ipif_v3_0_4.address_decoder [\address_decoder(c_bus_awidth=9,...]
Compiling architecture imp of entity axi_lite_ipif_v3_0_4.slave_attachment [\slave_attachment(c_ard_addr_ran...]
Compiling architecture imp of entity axi_lite_ipif_v3_0_4.axi_lite_ipif [\axi_lite_ipif(c_s_axi_addr_widt...]
Compiling architecture implementation of entity lib_cdc_v1_0_2.cdc_sync [\cdc_sync(c_single_bit=0,c_mtbf_...]
Compiling architecture imp of entity axi_gpio_v2_0_23.GPIO_Core [\GPIO_Core(c_aw=9,c_family="virt...]
Compiling architecture imp of entity axi_gpio_v2_0_23.axi_gpio [\axi_gpio(c_family="virtexuplus"...]
Compiling architecture pfm_dynamic_to_delete_kernel_ctrl_0_0_arch of entity xil_defaultlib.pfm_dynamic_to_delete_kernel_ctrl_0_0 [pfm_dynamic_to_delete_kernel_ctr...]
Compiling module xil_defaultlib.slr0_imp_1Q3M93Z
Compiling module xil_defaultlib.pfm_dynamic_icn_pass_1_0
Compiling module xil_defaultlib.pfm_dynamic_icn_pass_2_0
Compiling module xil_defaultlib.m00_couplers_imp_1IU07KW
Compiling module axi_infrastructure_v1_1_0.axi_infrastructure_v1_1_0_axi2ve...
Compiling module xpm.xpm_cdc_handshake(DEST_SYNC_FF=3...
Compiling module axi_clock_converter_v2_1_20.axi_clock_converter_v2_1_20_lite...
Compiling module axi_infrastructure_v1_1_0.axi_infrastructure_v1_1_0_vector...
Compiling module axi_clock_converter_v2_1_20.axi_clock_converter_v2_1_20_axi_...
Compiling module xil_defaultlib.pfm_dynamic_auto_cc_0
Compiling module axi_register_slice_v2_1_21.axi_register_slice_v2_1_21_axic_...
Compiling module axi_register_slice_v2_1_21.axi_register_slice_v2_1_21_axi_r...
Compiling module xil_defaultlib.pfm_dynamic_m01_regslice_6
Compiling module xil_defaultlib.m01_couplers_imp_P1OJY6
Compiling module xil_defaultlib.s00_couplers_imp_BJPJ00
Compiling module generic_baseblocks_v2_1_0.generic_baseblocks_v2_1_0_compar...
Compiling module axi_crossbar_v2_1_22.axi_crossbar_v2_1_22_addr_decode...
Compiling module generic_baseblocks_v2_1_0.generic_baseblocks_v2_1_0_mux_en...
Compiling module generic_baseblocks_v2_1_0.generic_baseblocks_v2_1_0_mux_en...
Compiling module generic_baseblocks_v2_1_0.generic_baseblocks_v2_1_0_mux_en...
Compiling module axi_crossbar_v2_1_22.axi_crossbar_v2_1_22_crossbar_sa...
Compiling module axi_crossbar_v2_1_22.axi_crossbar_v2_1_22_axi_crossba...
Compiling module xil_defaultlib.pfm_dynamic_xbar_4
Compiling module xil_defaultlib.pfm_dynamic_interconnect_axilite...
Compiling architecture pfm_dynamic_psr_kernel2_clk_1_0_arch of entity xil_defaultlib.pfm_dynamic_psr_kernel2_clk_1_0 [pfm_dynamic_psr_kernel2_clk_1_0_...]
Compiling architecture pfm_dynamic_psr_kernel_clk_1_0_arch of entity xil_defaultlib.pfm_dynamic_psr_kernel_clk_1_0 [pfm_dynamic_psr_kernel_clk_1_0_d...]
Compiling module xil_defaultlib.slr1_imp_IZT2WG
Compiling module xil_defaultlib.pfm_dynamic_icn_pass_3_0
Compiling module xil_defaultlib.s00_couplers_imp_1858E00
Compiling module xil_defaultlib.pfm_dynamic_interconnect_axilite...
Compiling architecture pfm_dynamic_psr_kernel2_clk_2_0_arch of entity xil_defaultlib.pfm_dynamic_psr_kernel2_clk_2_0 [pfm_dynamic_psr_kernel2_clk_2_0_...]
Compiling architecture pfm_dynamic_psr_kernel_clk_2_0_arch of entity xil_defaultlib.pfm_dynamic_psr_kernel_clk_2_0 [pfm_dynamic_psr_kernel_clk_2_0_d...]
Compiling architecture pfm_dynamic_to_delete_kernel_ctrl_2_0_arch of entity xil_defaultlib.pfm_dynamic_to_delete_kernel_ctrl_2_0 [pfm_dynamic_to_delete_kernel_ctr...]
Compiling module xil_defaultlib.slr2_imp_EEMOLC
Compiling module xil_defaultlib.m00_couplers_imp_120WOX2
Compiling module xil_defaultlib.m01_couplers_imp_6BWSZC
Compiling module xil_defaultlib.m02_couplers_imp_UGVDQZ
Compiling module xil_defaultlib.s00_couplers_imp_S199H2
Compiling module generic_baseblocks_v2_1_0.generic_baseblocks_v2_1_0_compar...
Compiling module generic_baseblocks_v2_1_0.generic_baseblocks_v2_1_0_compar...
Compiling module axi_crossbar_v2_1_22.axi_crossbar_v2_1_22_addr_decode...
Compiling module generic_baseblocks_v2_1_0.generic_baseblocks_v2_1_0_mux_en...
Compiling module generic_baseblocks_v2_1_0.generic_baseblocks_v2_1_0_mux_en...
Compiling module generic_baseblocks_v2_1_0.generic_baseblocks_v2_1_0_mux_en...
Compiling module axi_crossbar_v2_1_22.axi_crossbar_v2_1_22_crossbar_sa...
Compiling module axi_crossbar_v2_1_22.axi_crossbar_v2_1_22_axi_crossba...
Compiling module xil_defaultlib.pfm_dynamic_xbar_5
Compiling module xil_defaultlib.pfm_dynamic_user_slr_icn_0
Compiling module xil_defaultlib.pfm_dynamic_xtlm_simple_intercon...
Compiling module xil_defaultlib.pfm_dynamic
Compiling module xil_defaultlib.emu_sci
Compiling module sim_clk_gen_v1_0_2.sim_clk_gen(CLOCK_PERIOD=3.33200...
Compiling module xil_defaultlib.emu_ddr0_ui_clk_0
Compiling module xil_defaultlib.emu_kernel2_clk_0
Compiling module xil_defaultlib.emu_kernel_clk_0
Compiling module xil_defaultlib.clk_reset_wizard_imp_1N4AMRV
Compiling module xil_defaultlib.m00_couplers_imp_THO9J8
Compiling module xil_defaultlib.m01_couplers_imp_1F0NE0X
Compiling module xil_defaultlib.m02_couplers_imp_2SPS0F
Compiling module xil_defaultlib.s00_couplers_imp_1I78I2M
Compiling module axi_infrastructure_v1_1_0.axi_infrastructure_v1_1_0_axi2ve...
Compiling module axi_infrastructure_v1_1_0.axi_infrastructure_v1_1_0_vector...
Compiling module axi_register_slice_v2_1_21.axi_register_slice_v2_1_21_axic_...
Compiling module axi_register_slice_v2_1_21.axi_register_slice_v2_1_21_axic_...
Compiling module axi_register_slice_v2_1_21.axi_register_slice_v2_1_21_axic_...
Compiling module axi_register_slice_v2_1_21.axi_register_slice_v2_1_21_axic_...
Compiling module axi_register_slice_v2_1_21.axi_register_slice_v2_1_21_axi_r...
Compiling module axi_protocol_converter_v2_1_21.axi_protocol_converter_v2_1_21_b...
Compiling module axi_protocol_converter_v2_1_21.axi_protocol_converter_v2_1_21_b...
Compiling module axi_protocol_converter_v2_1_21.axi_protocol_converter_v2_1_21_b...
Compiling module axi_protocol_converter_v2_1_21.axi_protocol_converter_v2_1_21_b...
Compiling module axi_protocol_converter_v2_1_21.axi_protocol_converter_v2_1_21_b...
Compiling module axi_protocol_converter_v2_1_21.axi_protocol_converter_v2_1_21_b...
Compiling module axi_protocol_converter_v2_1_21.axi_protocol_converter_v2_1_21_b...
Compiling module axi_protocol_converter_v2_1_21.axi_protocol_converter_v2_1_21_b...
Compiling module axi_protocol_converter_v2_1_21.axi_protocol_converter_v2_1_21_b...
Compiling module axi_protocol_converter_v2_1_21.axi_protocol_converter_v2_1_21_b...
Compiling module axi_protocol_converter_v2_1_21.axi_protocol_converter_v2_1_21_b...
Compiling module axi_protocol_converter_v2_1_21.axi_protocol_converter_v2_1_21_b...
Compiling module axi_protocol_converter_v2_1_21.axi_protocol_converter_v2_1_21_b...
Compiling module axi_infrastructure_v1_1_0.axi_infrastructure_v1_1_0_axi2ve...
Compiling module axi_infrastructure_v1_1_0.axi_infrastructure_v1_1_0_vector...
Compiling module axi_register_slice_v2_1_21.axi_register_slice_v2_1_21_axic_...
Compiling module axi_register_slice_v2_1_21.axi_register_slice_v2_1_21_axic_...
Compiling module axi_register_slice_v2_1_21.axi_register_slice_v2_1_21_axic_...
Compiling module axi_register_slice_v2_1_21.axi_register_slice_v2_1_21_axic_...
Compiling module axi_register_slice_v2_1_21.axi_register_slice_v2_1_21_axi_r...
Compiling module axi_protocol_converter_v2_1_21.axi_protocol_converter_v2_1_21_b...
Compiling module axi_protocol_converter_v2_1_21.axi_protocol_converter_v2_1_21_a...
Compiling module xil_defaultlib.emu_auto_pc_0
Compiling module xil_defaultlib.s01_couplers_imp_8JQCQJ
Compiling module generic_baseblocks_v2_1_0.generic_baseblocks_v2_1_0_mux_en...
Compiling module axi_crossbar_v2_1_22.axi_crossbar_v2_1_22_addr_arbite...
Compiling module generic_baseblocks_v2_1_0.generic_baseblocks_v2_1_0_compar...
Compiling module generic_baseblocks_v2_1_0.generic_baseblocks_v2_1_0_compar...
Compiling module generic_baseblocks_v2_1_0.generic_baseblocks_v2_1_0_compar...
Compiling module axi_crossbar_v2_1_22.axi_crossbar_v2_1_22_addr_decode...
Compiling module generic_baseblocks_v2_1_0.generic_baseblocks_v2_1_0_mux_en...
Compiling module generic_baseblocks_v2_1_0.generic_baseblocks_v2_1_0_mux_en...
Compiling module axi_crossbar_v2_1_22.axi_crossbar_v2_1_22_crossbar_sa...
Compiling module axi_crossbar_v2_1_22.axi_crossbar_v2_1_22_axi_crossba...
Compiling module xil_defaultlib.emu_xbar_4
Compiling module xil_defaultlib.emu_connect_to_es_0
Compiling module xil_defaultlib.m00_couplers_imp_1J2QOWN
Compiling module xil_defaultlib.m01_couplers_imp_7QT8NM
Compiling module xil_defaultlib.m02_couplers_imp_1A3IVOC
Compiling module xil_defaultlib.m03_couplers_imp_YBOEHL
Compiling module xil_defaultlib.m04_couplers_imp_1VNSOX
Compiling module xil_defaultlib.m05_couplers_imp_1OUOKUC
Compiling module xil_defaultlib.s00_couplers_imp_UX2T9P
Compiling module axi_mmu_v2_1_19.axi_mmu_v2_1_19_addr_decoder(C_F...
Compiling module axi_mmu_v2_1_19.axi_mmu_v2_1_19_decerr_slave(C_A...
Compiling module axi_infrastructure_v1_1_0.axi_infrastructure_v1_1_0_axi2ve...
Compiling module axi_infrastructure_v1_1_0.axi_infrastructure_v1_1_0_vector...
Compiling module axi_register_slice_v2_1_21.axi_register_slice_v2_1_21_axic_...
Compiling module axi_register_slice_v2_1_21.axi_register_slice_v2_1_21_axic_...
Compiling module axi_register_slice_v2_1_21.axi_register_slice_v2_1_21_axic_...
Compiling module axi_register_slice_v2_1_21.axi_register_slice_v2_1_21_axic_...
Compiling module axi_register_slice_v2_1_21.axi_register_slice_v2_1_21_axi_r...
Compiling module axi_mmu_v2_1_19.axi_mmu_v2_1_19_top(C_FAMILY="vi...
Compiling module xil_defaultlib.emu_s00_mmu_0
Compiling module xil_defaultlib.emu_auto_pc_1
Compiling module xil_defaultlib.s01_couplers_imp_1DNO9BC
Compiling module axi_mmu_v2_1_19.axi_mmu_v2_1_19_addr_decoder(C_F...
Compiling module axi_mmu_v2_1_19.axi_mmu_v2_1_19_decerr_slave(C_R...
Compiling module axi_infrastructure_v1_1_0.axi_infrastructure_v1_1_0_axi2ve...
Compiling module axi_infrastructure_v1_1_0.axi_infrastructure_v1_1_0_vector...
Compiling module axi_register_slice_v2_1_21.axi_register_slice_v2_1_21_axic_...
Compiling module axi_register_slice_v2_1_21.axi_register_slice_v2_1_21_axic_...
Compiling module axi_register_slice_v2_1_21.axi_register_slice_v2_1_21_axic_...
Compiling module axi_register_slice_v2_1_21.axi_register_slice_v2_1_21_axi_r...
Compiling module axi_mmu_v2_1_19.axi_mmu_v2_1_19_top(C_FAMILY="vi...
Compiling module xil_defaultlib.emu_s01_mmu_0
Compiling module xil_defaultlib.emu_auto_pc_2
Compiling module xil_defaultlib.s02_couplers_imp_47SKBQ
Compiling module xil_defaultlib.emu_s02_mmu_0
Compiling module xil_defaultlib.s03_couplers_imp_1MG1X0J
Compiling module axi_mmu_v2_1_19.axi_mmu_v2_1_19_addr_decoder(C_F...
Compiling module axi_mmu_v2_1_19.axi_mmu_v2_1_19_top(C_FAMILY="vi...
Compiling module xil_defaultlib.emu_s03_mmu_0
Compiling module generic_baseblocks_v2_1_0.generic_baseblocks_v2_1_0_mux_en...
Compiling module axi_crossbar_v2_1_22.axi_crossbar_v2_1_22_addr_arbite...
Compiling module generic_baseblocks_v2_1_0.generic_baseblocks_v2_1_0_compar...
Compiling module axi_crossbar_v2_1_22.axi_crossbar_v2_1_22_addr_decode...
Compiling module generic_baseblocks_v2_1_0.generic_baseblocks_v2_1_0_mux_en...
Compiling module generic_baseblocks_v2_1_0.generic_baseblocks_v2_1_0_mux_en...
Compiling module generic_baseblocks_v2_1_0.generic_baseblocks_v2_1_0_mux_en...
Compiling module generic_baseblocks_v2_1_0.generic_baseblocks_v2_1_0_mux_en...
Compiling module axi_crossbar_v2_1_22.axi_crossbar_v2_1_22_crossbar_sa...
Compiling module axi_crossbar_v2_1_22.axi_crossbar_v2_1_22_axi_crossba...
Compiling module xil_defaultlib.emu_xbar_5
Compiling module xil_defaultlib.emu_connect_to_es_cu_0
Compiling module xil_defaultlib.emu_dma_pcie_clk_0
Compiling module xil_defaultlib.emu_CuDmaController_0_0_shell_ut...
Compiling module xil_defaultlib.emu_CuDmaController_0_0_shell_ut...
Compiling module xil_defaultlib.emu_CuDmaController_0_0_shell_ut...
Compiling module xil_defaultlib.emu_CuDmaController_0_0_shell_ut...
Compiling module xil_defaultlib.emu_CuDmaController_0_0_shell_ut...
Compiling module xil_defaultlib.emu_CuDmaController_0_0_shell_ut...
Compiling module xil_defaultlib.emu_CuDmaController_0_0_shell_ut...
Compiling module xil_defaultlib.emu_CuDmaController_0_0_shell_ut...
Compiling module xil_defaultlib.emu_CuDmaController_0_0_shell_ut...
Compiling module xil_defaultlib.emu_CuDmaController_0_0_shell_ut...
Compiling module xil_defaultlib.emu_CuDmaController_0_0_shell_ut...
Compiling module xil_defaultlib.emu_CuDmaController_0_0_shell_ut...
Compiling module xil_defaultlib.emu_CuDmaController_0_0_shell_ut...
Compiling module xil_defaultlib.emu_CuDmaController_0_0_shell_ut...
Compiling module xil_defaultlib.emu_CuDmaController_0_0_shell_ut...
Compiling module xil_defaultlib.emu_CuDmaController_0_0_shell_ut...
Compiling module xil_defaultlib.emu_CuDmaController_0_0_shell_ut...
Compiling module xil_defaultlib.emu_CuDmaController_0_0_shell_ut...
Compiling module xil_defaultlib.emu_CuDmaController_0_0_shell_ut...
Compiling module xil_defaultlib.emu_CuDmaController_0_0_shell_ut...
Compiling module xil_defaultlib.emu_CuDmaController_0_0_shell_ut...
Compiling module xil_defaultlib.emu_CuDmaController_0_0_shell_ut...
Compiling module xil_defaultlib.emu_CuDmaController_0_0_shell_ut...
Compiling module xil_defaultlib.emu_CuDmaController_0_0_shell_ut...
Compiling module xil_defaultlib.emu_CuDmaController_0_0
Compiling architecture imp of entity axi_intc_v4_1_14.intc_core [\intc_core(c_family="virtexuplus...]
Compiling architecture imp of entity axi_lite_ipif_v3_0_4.pselect_f [\pselect_f(c_ab=3,c_aw=9,c_bar="...]
Compiling architecture imp of entity axi_lite_ipif_v3_0_4.pselect_f [\pselect_f(c_ab=4,c_aw=4,c_bar="...]
Compiling architecture imp of entity axi_lite_ipif_v3_0_4.pselect_f [\pselect_f(c_ab=4,c_aw=4,c_bar="...]
Compiling architecture imp of entity axi_lite_ipif_v3_0_4.pselect_f [\pselect_f(c_ab=4,c_aw=4,c_bar="...]
Compiling architecture imp of entity axi_lite_ipif_v3_0_4.pselect_f [\pselect_f(c_ab=4,c_aw=4,c_bar="...]
Compiling architecture imp of entity axi_lite_ipif_v3_0_4.pselect_f [\pselect_f(c_ab=4,c_aw=4,c_bar="...]
Compiling architecture imp of entity axi_lite_ipif_v3_0_4.pselect_f [\pselect_f(c_ab=4,c_aw=4,c_bar="...]
Compiling architecture imp of entity axi_lite_ipif_v3_0_4.pselect_f [\pselect_f(c_ab=4,c_aw=4,c_bar="...]
Compiling architecture imp of entity axi_lite_ipif_v3_0_4.pselect_f [\pselect_f(c_ab=4,c_aw=4,c_bar="...]
Compiling architecture imp of entity axi_lite_ipif_v3_0_4.pselect_f [\pselect_f(c_ab=4,c_aw=4,c_bar="...]
Compiling architecture imp of entity axi_lite_ipif_v3_0_4.pselect_f [\pselect_f(c_ab=4,c_aw=4,c_bar="...]
Compiling architecture imp of entity axi_lite_ipif_v3_0_4.pselect_f [\pselect_f(c_ab=4,c_aw=4,c_bar="...]
Compiling architecture imp of entity axi_lite_ipif_v3_0_4.pselect_f [\pselect_f(c_ab=4,c_aw=4,c_bar="...]
Compiling architecture imp of entity axi_lite_ipif_v3_0_4.pselect_f [\pselect_f(c_ab=4,c_aw=4,c_bar="...]
Compiling architecture imp of entity axi_lite_ipif_v3_0_4.pselect_f [\pselect_f(c_ab=4,c_aw=4,c_bar="...]
Compiling architecture imp of entity axi_lite_ipif_v3_0_4.pselect_f [\pselect_f(c_ab=4,c_aw=4,c_bar="...]
Compiling architecture imp of entity axi_lite_ipif_v3_0_4.pselect_f [\pselect_f(c_ab=4,c_aw=4,c_bar="...]
Compiling architecture imp of entity axi_lite_ipif_v3_0_4.pselect_f [\pselect_f(c_ab=2,c_aw=9,c_bar="...]
Compiling architecture imp of entity axi_lite_ipif_v3_0_4.pselect_f [\pselect_f(c_ab=1,c_aw=9,c_bar="...]
Compiling architecture imp of entity axi_lite_ipif_v3_0_4.pselect_f [\pselect_f(c_ab=1,c_aw=1,c_bar="...]
Compiling architecture imp of entity axi_lite_ipif_v3_0_4.pselect_f [\pselect_f(c_ab=1,c_aw=1,c_bar="...]
Compiling architecture imp of entity axi_lite_ipif_v3_0_4.address_decoder [\address_decoder(c_bus_awidth=9,...]
Compiling architecture imp of entity axi_lite_ipif_v3_0_4.slave_attachment [\slave_attachment(c_ard_addr_ran...]
Compiling architecture imp of entity axi_lite_ipif_v3_0_4.axi_lite_ipif [\axi_lite_ipif(c_s_axi_addr_widt...]
Compiling architecture imp of entity axi_intc_v4_1_14.axi_intc [\axi_intc(c_family="virtexuplus"...]
Compiling architecture emu_axi_intc_0_0_arch of entity xil_defaultlib.emu_axi_intc_0_0 [emu_axi_intc_0_0_default]
Compiling module xil_defaultlib.emu_cuisr_0_0_shell_utils_cuisr_...
Compiling module xil_defaultlib.emu_cuisr_0_0_shell_utils_cuisr_...
Compiling module xil_defaultlib.emu_cuisr_0_0_shell_utils_cuisr_...
Compiling module xil_defaultlib.emu_cuisr_0_0_shell_utils_cuisr_...
Compiling module xil_defaultlib.emu_cuisr_0_0_shell_utils_cuisr_...
Compiling module xil_defaultlib.emu_cuisr_0_0_shell_utils_cuisr_...
Compiling module xil_defaultlib.emu_cuisr_0_0_shell_utils_cuisr_...
Compiling module xil_defaultlib.emu_cuisr_0_0_shell_utils_cuisr_...
Compiling module xil_defaultlib.emu_cuisr_0_0_shell_utils_cuisr_...
Compiling module xil_defaultlib.emu_cuisr_0_0_shell_utils_cuisr_...
Compiling module xil_defaultlib.emu_cuisr_0_0_shell_utils_cuisr_...
Compiling module xil_defaultlib.emu_cuisr_0_0_shell_utils_cuisr_...
Compiling module xil_defaultlib.emu_cuisr_0_0
Compiling module xpm.xpm_memory_base(MEMORY_SIZE=4096...
Compiling module xpm.xpm_memory_dpdistram(MEMORY_SIZE...
Compiling module xpm.xpm_cdc_array_single(DEST_SYNC_F...
Compiling module xil_defaultlib.emu_embedded_scheduler_hw_0_0
Compiling module xil_defaultlib.emu_sim_embedded_scheduler_sw_0_...
Compiling module xlconcat_v2_1_3.xlconcat_v2_1_3_xlconcat(dout_wi...
Compiling module xil_defaultlib.emu_xlconcat_0_0
Compiling module xlconstant_v1_1_7.xlconstant_v1_1_7_xlconstant(CON...
Compiling module xil_defaultlib.emu_xlconstant_0_0
Compiling module xil_defaultlib.embedded_schedular_imp_1KU1L3J
Compiling module xil_defaultlib.emu_icn_pass_0_0
Compiling architecture emu_psr_dma_pcie_aclk_0_arch of entity xil_defaultlib.emu_psr_dma_pcie_aclk_0 [emu_psr_dma_pcie_aclk_0_default]
Compiling module xil_defaultlib.emu_sim_copy_kernel_0_0
Compiling module xil_defaultlib.emu_sim_copy_kernel_1_0
Compiling module xil_defaultlib.emu_sim_copy_kernel_2_0
Compiling module xil_defaultlib.emu_sim_copy_kernel_3_0
Compiling module xil_defaultlib.emu_sim_ddr_1_0
Compiling module xil_defaultlib.emu_sim_xdma_0_0
Compiling module xil_defaultlib.static_region_imp_PT295H
Compiling module xil_defaultlib.emu
Compiling module xil_defaultlib.emu_wrapper
Compiling module xil_defaultlib.glbl
Built simulation snapshot emu_wrapper_behav
